interpretation( 4, [number = 1,seconds = 0], [
    function(^(_,_), [
        0,0,0,0,
        0,1,2,3,
        0,2,2,0,
        0,3,0,3]),
    function(v(_,_), [
        0,1,2,3,
        1,1,1,1,
        2,1,2,1,
        3,1,1,3]),
    function(i(_,_), [
        0,0,0,0,
        0,1,2,3,
        0,1,1,0,
        0,1,0,1])]).
interpretation( 4, [number = 2,seconds = 0], [
    function(^(_,_), [
        0,0,0,0,
        0,1,2,3,
        0,2,2,0,
        0,3,0,3]),
    function(v(_,_), [
        0,1,2,3,
        1,1,1,1,
        2,1,2,1,
        3,1,1,3]),
    function(i(_,_), [
        0,0,0,0,
        0,1,2,3,
        0,1,1,0,
        0,3,0,3])]).
interpretation( 4, [number = 3,seconds = 0], [
    function(^(_,_), [
        0,0,0,0,
        0,1,2,3,
        0,2,2,2,
        0,3,2,3]),
    function(v(_,_), [
        0,1,2,3,
        1,1,1,1,
        2,1,2,3,
        3,1,3,3]),
    function(i(_,_), [
        0,0,0,0,
        0,1,2,3,
        0,1,1,1,
        0,1,1,1])]).
interpretation( 4, [number = 4,seconds = 0], [
    function(^(_,_), [
        0,0,0,0,
        0,1,2,3,
        0,2,2,2,
        0,3,2,3]),
    function(v(_,_), [
        0,1,2,3,
        1,1,1,1,
        2,1,2,3,
        3,1,3,3]),
    function(i(_,_), [
        0,0,0,0,
        0,1,2,3,
        0,1,1,1,
        0,1,2,1])]).
interpretation( 4, [number = 5,seconds = 0], [
    function(^(_,_), [
        0,0,0,0,
        0,1,2,3,
        0,2,2,2,
        0,3,2,3]),
    function(v(_,_), [
        0,1,2,3,
        1,1,1,1,
        2,1,2,3,
        3,1,3,3]),
    function(i(_,_), [
        0,0,0,0,
        0,1,2,3,
        0,1,1,1,
        0,3,2,3])]).
interpretation( 4, [number = 6,seconds = 0], [
    function(^(_,_), [
        0,0,0,0,
        0,1,2,3,
        0,2,2,2,
        0,3,2,3]),
    function(v(_,_), [
        0,1,2,3,
        1,1,1,1,
        2,1,2,3,
        3,1,3,3]),
    function(i(_,_), [
        0,0,0,0,
        0,1,2,3,
        0,1,1,1,
        0,3,3,3])]).
interpretation( 4, [number = 9,seconds = 0], [
    function(^(_,_), [
        0,0,0,0,
        0,1,2,3,
        0,2,2,3,
        0,3,3,3]),
    function(v(_,_), [
        0,1,2,3,
        1,1,1,1,
        2,1,2,2,
        3,1,2,3]),
    function(i(_,_), [
        0,0,0,0,
        0,1,2,3,
        0,1,1,3,
        0,3,3,3])]).
interpretation( 4, [number = 11,seconds = 0], [
    function(^(_,_), [
        0,0,0,0,
        0,1,2,3,
        0,2,2,0,
        0,3,0,3]),
    function(v(_,_), [
        0,1,2,3,
        1,1,1,1,
        2,1,2,1,
        3,1,1,3]),
    function(i(_,_), [
        0,0,0,0,
        0,1,2,3,
        0,2,2,0,
        0,3,0,3])]).
interpretation( 4, [number = 13,seconds = 0], [
    function(^(_,_), [
        0,0,0,0,
        0,1,2,3,
        0,2,2,2,
        0,3,2,3]),
    function(v(_,_), [
        0,1,2,3,
        1,1,1,1,
        2,1,2,3,
        3,1,3,3]),
    function(i(_,_), [
        0,0,0,0,
        0,1,2,3,
        0,2,2,2,
        0,3,2,3])]).
interpretation( 4, [number = 16,seconds = 0], [
    function(^(_,_), [
        0,0,0,0,
        0,1,2,3,
        0,2,2,3,
        0,3,3,3]),
    function(v(_,_), [
        0,1,2,3,
        1,1,1,1,
        2,1,2,2,
        3,1,2,3]),
    function(i(_,_), [
        0,0,0,0,
        0,1,2,3,
        0,2,2,2,
        0,2,2,2])]).
interpretation( 4, [number = 17,seconds = 0], [
    function(^(_,_), [
        0,0,0,0,
        0,1,2,3,
        0,2,2,3,
        0,3,3,3]),
    function(v(_,_), [
        0,1,2,3,
        1,1,1,1,
        2,1,2,2,
        3,1,2,3]),
    function(i(_,_), [
        0,0,0,0,
        0,1,2,3,
        0,2,2,3,
        0,2,2,2])]).
interpretation( 4, [number = 21,seconds = 0], [
    function(^(_,_), [
        0,0,0,0,
        0,1,2,3,
        0,2,2,0,
        0,3,0,3]),
    function(v(_,_), [
        0,1,2,3,
        1,1,1,1,
        2,1,2,1,
        3,1,1,3]),
    function(i(_,_), [
        1,1,1,1,
        0,1,2,3,
        0,1,1,0,
        0,1,0,1])]).
interpretation( 4, [number = 22,seconds = 0], [
    function(^(_,_), [
        0,0,0,0,
        0,1,2,3,
        0,2,2,0,
        0,3,0,3]),
    function(v(_,_), [
        0,1,2,3,
        1,1,1,1,
        2,1,2,1,
        3,1,1,3]),
    function(i(_,_), [
        1,1,1,1,
        0,1,2,3,
        0,1,1,0,
        1,1,1,1])]).
interpretation( 4, [number = 23,seconds = 0], [
    function(^(_,_), [
        0,0,0,0,
        0,1,2,3,
        0,2,2,0,
        0,3,0,3]),
    function(v(_,_), [
        0,1,2,3,
        1,1,1,1,
        2,1,2,1,
        3,1,1,3]),
    function(i(_,_), [
        1,1,1,1,
        0,1,2,3,
        0,1,1,0,
        2,1,2,1])]).
interpretation( 4, [number = 24,seconds = 0], [
    function(^(_,_), [
        0,0,0,0,
        0,1,2,3,
        0,2,2,0,
        0,3,0,3]),
    function(v(_,_), [
        0,1,2,3,
        1,1,1,1,
        2,1,2,1,
        3,1,1,3]),
    function(i(_,_), [
        1,1,1,1,
        0,1,2,3,
        0,1,1,0,
        0,3,0,3])]).
interpretation( 4, [number = 25,seconds = 0], [
    function(^(_,_), [
        0,0,0,0,
        0,1,2,3,
        0,2,2,0,
        0,3,0,3]),
    function(v(_,_), [
        0,1,2,3,
        1,1,1,1,
        2,1,2,1,
        3,1,1,3]),
    function(i(_,_), [
        1,1,1,1,
        0,1,2,3,
        0,1,1,0,
        3,3,3,3])]).
interpretation( 4, [number = 26,seconds = 0], [
    function(^(_,_), [
        0,0,0,0,
        0,1,2,3,
        0,2,2,2,
        0,3,2,3]),
    function(v(_,_), [
        0,1,2,3,
        1,1,1,1,
        2,1,2,3,
        3,1,3,3]),
    function(i(_,_), [
        1,1,1,1,
        0,1,2,3,
        0,1,1,1,
        0,1,1,1])]).
interpretation( 4, [number = 27,seconds = 0], [
    function(^(_,_), [
        0,0,0,0,
        0,1,2,3,
        0,2,2,2,
        0,3,2,3]),
    function(v(_,_), [
        0,1,2,3,
        1,1,1,1,
        2,1,2,3,
        3,1,3,3]),
    function(i(_,_), [
        1,1,1,1,
        0,1,2,3,
        0,1,1,1,
        0,1,2,1])]).
interpretation( 4, [number = 28,seconds = 0], [
    function(^(_,_), [
        0,0,0,0,
        0,1,2,3,
        0,2,2,2,
        0,3,2,3]),
    function(v(_,_), [
        0,1,2,3,
        1,1,1,1,
        2,1,2,3,
        3,1,3,3]),
    function(i(_,_), [
        1,1,1,1,
        0,1,2,3,
        0,1,1,1,
        0,3,2,3])]).
interpretation( 4, [number = 29,seconds = 0], [
    function(^(_,_), [
        0,0,0,0,
        0,1,2,3,
        0,2,2,2,
        0,3,2,3]),
    function(v(_,_), [
        0,1,2,3,
        1,1,1,1,
        2,1,2,3,
        3,1,3,3]),
    function(i(_,_), [
        1,1,1,1,
        0,1,2,3,
        0,1,1,1,
        0,3,3,3])]).
interpretation( 4, [number = 31,seconds = 0], [
    function(^(_,_), [
        0,0,0,0,
        0,1,2,3,
        0,2,2,3,
        0,3,3,3]),
    function(v(_,_), [
        0,1,2,3,
        1,1,1,1,
        2,1,2,2,
        3,1,2,3]),
    function(i(_,_), [
        1,1,1,1,
        0,1,2,3,
        0,1,1,1,
        1,1,1,1])]).
interpretation( 4, [number = 33,seconds = 0], [
    function(^(_,_), [
        0,0,0,0,
        0,1,2,3,
        0,2,2,3,
        0,3,3,3]),
    function(v(_,_), [
        0,1,2,3,
        1,1,1,1,
        2,1,2,2,
        3,1,2,3]),
    function(i(_,_), [
        1,1,1,1,
        0,1,2,3,
        0,1,1,3,
        1,1,1,1])]).
interpretation( 4, [number = 34,seconds = 0], [
    function(^(_,_), [
        0,0,0,0,
        0,1,2,3,
        0,2,2,3,
        0,3,3,3]),
    function(v(_,_), [
        0,1,2,3,
        1,1,1,1,
        2,1,2,2,
        3,1,2,3]),
    function(i(_,_), [
        1,1,1,1,
        0,1,2,3,
        0,1,1,3,
        0,3,3,3])]).
interpretation( 4, [number = 35,seconds = 0], [
    function(^(_,_), [
        0,0,0,0,
        0,1,2,3,
        0,2,2,3,
        0,3,3,3]),
    function(v(_,_), [
        0,1,2,3,
        1,1,1,1,
        2,1,2,2,
        3,1,2,3]),
    function(i(_,_), [
        1,1,1,1,
        0,1,2,3,
        0,1,1,3,
        3,3,3,3])]).
interpretation( 4, [number = 37,seconds = 0], [
    function(^(_,_), [
        0,0,0,0,
        0,1,2,3,
        0,2,2,0,
        0,3,0,3]),
    function(v(_,_), [
        0,1,2,3,
        1,1,1,1,
        2,1,2,1,
        3,1,1,3]),
    function(i(_,_), [
        1,1,1,1,
        0,1,2,3,
        1,1,1,1,
        1,1,1,1])]).
interpretation( 4, [number = 38,seconds = 0], [
    function(^(_,_), [
        0,0,0,0,
        0,1,2,3,
        0,2,2,0,
        0,3,0,3]),
    function(v(_,_), [
        0,1,2,3,
        1,1,1,1,
        2,1,2,1,
        3,1,1,3]),
    function(i(_,_), [
        1,1,1,1,
        0,1,2,3,
        1,1,1,1,
        2,1,2,1])]).
interpretation( 4, [number = 39,seconds = 0], [
    function(^(_,_), [
        0,0,0,0,
        0,1,2,3,
        0,2,2,0,
        0,3,0,3]),
    function(v(_,_), [
        0,1,2,3,
        1,1,1,1,
        2,1,2,1,
        3,1,1,3]),
    function(i(_,_), [
        1,1,1,1,
        0,1,2,3,
        1,1,1,1,
        0,3,0,3])]).
interpretation( 4, [number = 40,seconds = 0], [
    function(^(_,_), [
        0,0,0,0,
        0,1,2,3,
        0,2,2,0,
        0,3,0,3]),
    function(v(_,_), [
        0,1,2,3,
        1,1,1,1,
        2,1,2,1,
        3,1,1,3]),
    function(i(_,_), [
        1,1,1,1,
        0,1,2,3,
        1,1,1,1,
        3,3,3,3])]).
interpretation( 4, [number = 42,seconds = 0], [
    function(^(_,_), [
        0,0,0,0,
        0,1,2,3,
        0,2,2,2,
        0,3,2,3]),
    function(v(_,_), [
        0,1,2,3,
        1,1,1,1,
        2,1,2,3,
        3,1,3,3]),
    function(i(_,_), [
        1,1,1,1,
        0,1,2,3,
        1,1,1,1,
        1,1,1,1])]).
interpretation( 4, [number = 44,seconds = 0], [
    function(^(_,_), [
        0,0,0,0,
        0,1,2,3,
        0,2,2,2,
        0,3,2,3]),
    function(v(_,_), [
        0,1,2,3,
        1,1,1,1,
        2,1,2,3,
        3,1,3,3]),
    function(i(_,_), [
        1,1,1,1,
        0,1,2,3,
        1,1,1,1,
        2,1,2,1])]).
interpretation( 4, [number = 45,seconds = 0], [
    function(^(_,_), [
        0,0,0,0,
        0,1,2,3,
        0,2,2,2,
        0,3,2,3]),
    function(v(_,_), [
        0,1,2,3,
        1,1,1,1,
        2,1,2,3,
        3,1,3,3]),
    function(i(_,_), [
        1,1,1,1,
        0,1,2,3,
        1,1,1,1,
        0,3,2,3])]).
interpretation( 4, [number = 46,seconds = 0], [
    function(^(_,_), [
        0,0,0,0,
        0,1,2,3,
        0,2,2,2,
        0,3,2,3]),
    function(v(_,_), [
        0,1,2,3,
        1,1,1,1,
        2,1,2,3,
        3,1,3,3]),
    function(i(_,_), [
        1,1,1,1,
        0,1,2,3,
        1,1,1,1,
        2,3,2,3])]).
interpretation( 4, [number = 47,seconds = 0], [
    function(^(_,_), [
        0,0,0,0,
        0,1,2,3,
        0,2,2,2,
        0,3,2,3]),
    function(v(_,_), [
        0,1,2,3,
        1,1,1,1,
        2,1,2,3,
        3,1,3,3]),
    function(i(_,_), [
        1,1,1,1,
        0,1,2,3,
        1,1,1,1,
        0,3,3,3])]).
interpretation( 4, [number = 48,seconds = 0], [
    function(^(_,_), [
        0,0,0,0,
        0,1,2,3,
        0,2,2,2,
        0,3,2,3]),
    function(v(_,_), [
        0,1,2,3,
        1,1,1,1,
        2,1,2,3,
        3,1,3,3]),
    function(i(_,_), [
        1,1,1,1,
        0,1,2,3,
        1,1,1,1,
        3,3,3,3])]).
interpretation( 4, [number = 52,seconds = 0], [
    function(^(_,_), [
        0,0,0,0,
        0,1,2,3,
        0,2,2,0,
        0,3,0,3]),
    function(v(_,_), [
        0,1,2,3,
        1,1,1,1,
        2,1,2,1,
        3,1,1,3]),
    function(i(_,_), [
        1,1,1,1,
        0,1,2,3,
        3,1,1,3,
        2,1,2,1])]).
interpretation( 4, [number = 53,seconds = 0], [
    function(^(_,_), [
        0,0,0,0,
        0,1,2,3,
        0,2,2,0,
        0,3,0,3]),
    function(v(_,_), [
        0,1,2,3,
        1,1,1,1,
        2,1,2,1,
        3,1,1,3]),
    function(i(_,_), [
        1,1,1,1,
        0,1,2,3,
        3,1,1,3,
        0,3,0,3])]).
interpretation( 4, [number = 54,seconds = 0], [
    function(^(_,_), [
        0,0,0,0,
        0,1,2,3,
        0,2,2,0,
        0,3,0,3]),
    function(v(_,_), [
        0,1,2,3,
        1,1,1,1,
        2,1,2,1,
        3,1,1,3]),
    function(i(_,_), [
        1,1,1,1,
        0,1,2,3,
        3,1,1,3,
        3,3,3,3])]).
interpretation( 4, [number = 56,seconds = 0], [
    function(^(_,_), [
        0,0,0,0,
        0,1,2,3,
        0,2,2,3,
        0,3,3,3]),
    function(v(_,_), [
        0,1,2,3,
        1,1,1,1,
        2,1,2,2,
        3,1,2,3]),
    function(i(_,_), [
        1,1,1,1,
        0,1,2,3,
        3,1,1,3,
        3,3,3,3])]).
interpretation( 4, [number = 60,seconds = 0], [
    function(^(_,_), [
        0,0,0,0,
        0,1,2,3,
        0,2,2,0,
        0,3,0,3]),
    function(v(_,_), [
        0,1,2,3,
        1,1,1,1,
        2,1,2,1,
        3,1,1,3]),
    function(i(_,_), [
        1,1,1,1,
        0,1,2,3,
        0,2,2,0,
        0,3,0,3])]).
interpretation( 4, [number = 61,seconds = 0], [
    function(^(_,_), [
        0,0,0,0,
        0,1,2,3,
        0,2,2,0,
        0,3,0,3]),
    function(v(_,_), [
        0,1,2,3,
        1,1,1,1,
        2,1,2,1,
        3,1,1,3]),
    function(i(_,_), [
        1,1,1,1,
        0,1,2,3,
        0,2,2,0,
        3,3,3,3])]).
interpretation( 4, [number = 63,seconds = 0], [
    function(^(_,_), [
        0,0,0,0,
        0,1,2,3,
        0,2,2,2,
        0,3,2,3]),
    function(v(_,_), [
        0,1,2,3,
        1,1,1,1,
        2,1,2,3,
        3,1,3,3]),
    function(i(_,_), [
        1,1,1,1,
        0,1,2,3,
        0,2,2,2,
        0,3,2,3])]).
interpretation( 4, [number = 68,seconds = 0], [
    function(^(_,_), [
        0,0,0,0,
        0,1,2,3,
        0,2,2,3,
        0,3,3,3]),
    function(v(_,_), [
        0,1,2,3,
        1,1,1,1,
        2,1,2,2,
        3,1,2,3]),
    function(i(_,_), [
        1,1,1,1,
        0,1,2,3,
        0,2,2,2,
        0,2,2,2])]).
interpretation( 4, [number = 69,seconds = 0], [
    function(^(_,_), [
        0,0,0,0,
        0,1,2,3,
        0,2,2,3,
        0,3,3,3]),
    function(v(_,_), [
        0,1,2,3,
        1,1,1,1,
        2,1,2,2,
        3,1,2,3]),
    function(i(_,_), [
        1,1,1,1,
        0,1,2,3,
        0,2,2,2,
        2,2,2,2])]).
interpretation( 4, [number = 70,seconds = 0], [
    function(^(_,_), [
        0,0,0,0,
        0,1,2,3,
        0,2,2,3,
        0,3,3,3]),
    function(v(_,_), [
        0,1,2,3,
        1,1,1,1,
        2,1,2,2,
        3,1,2,3]),
    function(i(_,_), [
        1,1,1,1,
        0,1,2,3,
        0,2,2,3,
        0,2,2,2])]).
interpretation( 4, [number = 71,seconds = 0], [
    function(^(_,_), [
        0,0,0,0,
        0,1,2,3,
        0,2,2,3,
        0,3,3,3]),
    function(v(_,_), [
        0,1,2,3,
        1,1,1,1,
        2,1,2,2,
        3,1,2,3]),
    function(i(_,_), [
        1,1,1,1,
        0,1,2,3,
        0,2,2,3,
        2,2,2,2])]).
interpretation( 4, [number = 73,seconds = 0], [
    function(^(_,_), [
        0,0,0,0,
        0,1,2,3,
        0,2,2,3,
        0,3,3,3]),
    function(v(_,_), [
        0,1,2,3,
        1,1,1,1,
        2,1,2,2,
        3,1,2,3]),
    function(i(_,_), [
        1,1,1,1,
        0,1,2,3,
        0,2,2,3,
        3,3,3,3])]).
interpretation( 4, [number = 78,seconds = 0], [
    function(^(_,_), [
        0,0,0,0,
        0,1,2,3,
        0,2,2,0,
        0,3,0,3]),
    function(v(_,_), [
        0,1,2,3,
        1,1,1,1,
        2,1,2,1,
        3,1,1,3]),
    function(i(_,_), [
        1,1,1,1,
        0,1,2,3,
        2,2,2,2,
        3,3,3,3])]).
interpretation( 4, [number = 82,seconds = 0], [
    function(^(_,_), [
        0,0,0,0,
        0,1,2,3,
        0,2,2,2,
        0,3,2,3]),
    function(v(_,_), [
        0,1,2,3,
        1,1,1,1,
        2,1,2,3,
        3,1,3,3]),
    function(i(_,_), [
        1,1,1,1,
        0,1,2,3,
        2,2,2,2,
        2,3,2,3])]).
interpretation( 4, [number = 84,seconds = 0], [
    function(^(_,_), [
        0,0,0,0,
        0,1,2,3,
        0,2,2,3,
        0,3,3,3]),
    function(v(_,_), [
        0,1,2,3,
        1,1,1,1,
        2,1,2,2,
        3,1,2,3]),
    function(i(_,_), [
        1,1,1,1,
        0,1,2,3,
        2,2,2,2,
        2,2,2,2])]).
interpretation( 4, [number = 86,seconds = 0], [
    function(^(_,_), [
        0,0,0,0,
        0,1,2,3,
        0,2,2,3,
        0,3,3,3]),
    function(v(_,_), [
        0,1,2,3,
        1,1,1,1,
        2,1,2,2,
        3,1,2,3]),
    function(i(_,_), [
        1,1,1,1,
        0,1,2,3,
        3,2,2,3,
        2,2,2,2])]).
interpretation( 4, [number = 94,seconds = 0], [
    function(^(_,_), [
        0,0,0,0,
        0,1,2,3,
        0,2,2,0,
        0,3,0,3]),
    function(v(_,_), [
        0,1,2,3,
        1,1,1,1,
        2,1,2,1,
        3,1,1,3]),
    function(i(_,_), [
        2,2,2,2,
        0,1,2,3,
        0,2,2,0,
        0,1,0,1])]).
interpretation( 4, [number = 95,seconds = 0], [
    function(^(_,_), [
        0,0,0,0,
        0,1,2,3,
        0,2,2,0,
        0,3,0,3]),
    function(v(_,_), [
        0,1,2,3,
        1,1,1,1,
        2,1,2,1,
        3,1,1,3]),
    function(i(_,_), [
        2,2,2,2,
        0,1,2,3,
        0,2,2,0,
        2,1,2,1])]).
interpretation( 4, [number = 96,seconds = 0], [
    function(^(_,_), [
        0,0,0,0,
        0,1,2,3,
        0,2,2,0,
        0,3,0,3]),
    function(v(_,_), [
        0,1,2,3,
        1,1,1,1,
        2,1,2,1,
        3,1,1,3]),
    function(i(_,_), [
        2,2,2,2,
        0,1,2,3,
        0,2,2,0,
        0,3,0,3])]).
interpretation( 4, [number = 97,seconds = 0], [
    function(^(_,_), [
        0,0,0,0,
        0,1,2,3,
        0,2,2,2,
        0,3,2,3]),
    function(v(_,_), [
        0,1,2,3,
        1,1,1,1,
        2,1,2,3,
        3,1,3,3]),
    function(i(_,_), [
        2,2,2,2,
        0,1,2,3,
        0,2,2,2,
        0,1,2,1])]).
interpretation( 4, [number = 98,seconds = 0], [
    function(^(_,_), [
        0,0,0,0,
        0,1,2,3,
        0,2,2,2,
        0,3,2,3]),
    function(v(_,_), [
        0,1,2,3,
        1,1,1,1,
        2,1,2,3,
        3,1,3,3]),
    function(i(_,_), [
        2,2,2,2,
        0,1,2,3,
        0,2,2,2,
        0,3,2,3])]).
interpretation( 4, [number = 99,seconds = 0], [
    function(^(_,_), [
        0,0,0,0,
        0,1,2,3,
        0,2,2,3,
        0,3,3,3]),
    function(v(_,_), [
        0,1,2,3,
        1,1,1,1,
        2,1,2,2,
        3,1,2,3]),
    function(i(_,_), [
        2,2,2,2,
        0,1,2,3,
        0,2,2,2,
        0,2,2,2])]).
interpretation( 4, [number = 100,seconds = 0], [
    function(^(_,_), [
        0,0,0,0,
        0,1,2,3,
        0,2,2,3,
        0,3,3,3]),
    function(v(_,_), [
        0,1,2,3,
        1,1,1,1,
        2,1,2,2,
        3,1,2,3]),
    function(i(_,_), [
        2,2,2,2,
        0,1,2,3,
        0,2,2,2,
        2,2,2,2])]).
interpretation( 4, [number = 101,seconds = 0], [
    function(^(_,_), [
        0,0,0,0,
        0,1,2,3,
        0,2,2,3,
        0,3,3,3]),
    function(v(_,_), [
        0,1,2,3,
        1,1,1,1,
        2,1,2,2,
        3,1,2,3]),
    function(i(_,_), [
        2,2,2,2,
        0,1,2,3,
        0,2,2,3,
        0,2,2,2])]).
interpretation( 4, [number = 102,seconds = 0], [
    function(^(_,_), [
        0,0,0,0,
        0,1,2,3,
        0,2,2,3,
        0,3,3,3]),
    function(v(_,_), [
        0,1,2,3,
        1,1,1,1,
        2,1,2,2,
        3,1,2,3]),
    function(i(_,_), [
        2,2,2,2,
        0,1,2,3,
        0,2,2,3,
        2,2,2,2])]).
interpretation( 4, [number = 103,seconds = 0], [
    function(^(_,_), [
        0,0,0,0,
        0,1,2,3,
        0,2,2,3,
        0,3,3,3]),
    function(v(_,_), [
        0,1,2,3,
        1,1,1,1,
        2,1,2,2,
        3,1,2,3]),
    function(i(_,_), [
        2,2,2,2,
        0,1,2,3,
        0,2,2,3,
        0,3,3,3])]).
interpretation( 4, [number = 104,seconds = 0], [
    function(^(_,_), [
        0,0,0,0,
        0,1,2,3,
        0,2,2,3,
        0,3,3,3]),
    function(v(_,_), [
        0,1,2,3,
        1,1,1,1,
        2,1,2,2,
        3,1,2,3]),
    function(i(_,_), [
        2,2,2,2,
        0,1,2,3,
        0,2,2,3,
        3,3,3,3])]).
interpretation( 4, [number = 105,seconds = 0], [
    function(^(_,_), [
        0,0,0,0,
        0,1,2,3,
        0,2,2,0,
        0,3,0,3]),
    function(v(_,_), [
        0,1,2,3,
        1,1,1,1,
        2,1,2,1,
        3,1,1,3]),
    function(i(_,_), [
        2,2,2,2,
        0,1,2,3,
        2,2,2,2,
        0,1,0,1])]).
interpretation( 4, [number = 106,seconds = 0], [
    function(^(_,_), [
        0,0,0,0,
        0,1,2,3,
        0,2,2,0,
        0,3,0,3]),
    function(v(_,_), [
        0,1,2,3,
        1,1,1,1,
        2,1,2,1,
        3,1,1,3]),
    function(i(_,_), [
        2,2,2,2,
        0,1,2,3,
        2,2,2,2,
        2,1,2,1])]).
interpretation( 4, [number = 107,seconds = 0], [
    function(^(_,_), [
        0,0,0,0,
        0,1,2,3,
        0,2,2,0,
        0,3,0,3]),
    function(v(_,_), [
        0,1,2,3,
        1,1,1,1,
        2,1,2,1,
        3,1,1,3]),
    function(i(_,_), [
        2,2,2,2,
        0,1,2,3,
        2,2,2,2,
        0,3,0,3])]).
interpretation( 4, [number = 108,seconds = 0], [
    function(^(_,_), [
        0,0,0,0,
        0,1,2,3,
        0,2,2,2,
        0,3,2,3]),
    function(v(_,_), [
        0,1,2,3,
        1,1,1,1,
        2,1,2,3,
        3,1,3,3]),
    function(i(_,_), [
        2,2,2,2,
        0,1,2,3,
        2,2,2,2,
        0,1,2,1])]).
interpretation( 4, [number = 109,seconds = 0], [
    function(^(_,_), [
        0,0,0,0,
        0,1,2,3,
        0,2,2,2,
        0,3,2,3]),
    function(v(_,_), [
        0,1,2,3,
        1,1,1,1,
        2,1,2,3,
        3,1,3,3]),
    function(i(_,_), [
        2,2,2,2,
        0,1,2,3,
        2,2,2,2,
        2,1,2,1])]).
interpretation( 4, [number = 110,seconds = 0], [
    function(^(_,_), [
        0,0,0,0,
        0,1,2,3,
        0,2,2,2,
        0,3,2,3]),
    function(v(_,_), [
        0,1,2,3,
        1,1,1,1,
        2,1,2,3,
        3,1,3,3]),
    function(i(_,_), [
        2,2,2,2,
        0,1,2,3,
        2,2,2,2,
        0,3,2,3])]).
interpretation( 4, [number = 111,seconds = 0], [
    function(^(_,_), [
        0,0,0,0,
        0,1,2,3,
        0,2,2,2,
        0,3,2,3]),
    function(v(_,_), [
        0,1,2,3,
        1,1,1,1,
        2,1,2,3,
        3,1,3,3]),
    function(i(_,_), [
        2,2,2,2,
        0,1,2,3,
        2,2,2,2,
        2,3,2,3])]).
interpretation( 4, [number = 112,seconds = 0], [
    function(^(_,_), [
        0,0,0,0,
        0,1,2,3,
        0,2,2,3,
        0,3,3,3]),
    function(v(_,_), [
        0,1,2,3,
        1,1,1,1,
        2,1,2,2,
        3,1,2,3]),
    function(i(_,_), [
        2,2,2,2,
        0,1,2,3,
        2,2,2,2,
        2,2,2,2])]).
interpretation( 4, [number = 113,seconds = 0], [
    function(^(_,_), [
        0,0,0,0,
        0,1,2,3,
        0,2,2,3,
        0,3,3,3]),
    function(v(_,_), [
        0,1,2,3,
        1,1,1,1,
        2,1,2,2,
        3,1,2,3]),
    function(i(_,_), [
        2,2,2,2,
        0,1,2,3,
        3,2,2,3,
        2,2,2,2])]).
interpretation( 4, [number = 114,seconds = 0], [
    function(^(_,_), [
        0,0,0,0,
        0,1,2,3,
        0,2,2,3,
        0,3,3,3]),
    function(v(_,_), [
        0,1,2,3,
        1,1,1,1,
        2,1,2,2,
        3,1,2,3]),
    function(i(_,_), [
        2,2,2,2,
        0,1,2,3,
        3,2,2,3,
        3,3,3,3])]).
% isofilter: input=114, kept=71, checks=197, perms=289, 0.01 seconds.
