interpretation( 7, [number = 1,seconds = 0], [
    function(^(_,_), [
        0,0,0,0,0,0,0,
        0,1,2,3,4,5,6,
        0,2,2,2,2,2,2,
        0,3,2,3,2,2,2,
        0,4,2,2,4,2,2,
        0,5,2,2,2,5,2,
        0,6,2,2,2,2,6]),
    function(v(_,_), [
        0,1,2,3,4,5,6,
        1,1,1,1,1,1,1,
        2,1,2,3,4,5,6,
        3,1,3,3,1,1,1,
        4,1,4,1,4,1,1,
        5,1,5,1,1,5,1,
        6,1,6,1,1,1,6]),
    function(c(_), [1,0,0,0,0,0,0])]).
interpretation( 7, [number = 2,seconds = 0], [
    function(^(_,_), [
        0,0,0,0,0,0,0,
        0,1,2,3,4,5,6,
        0,2,2,2,2,2,2,
        0,3,2,3,2,2,2,
        0,4,2,2,4,2,2,
        0,5,2,2,2,5,5,
        0,6,2,2,2,5,6]),
    function(v(_,_), [
        0,1,2,3,4,5,6,
        1,1,1,1,1,1,1,
        2,1,2,3,4,5,6,
        3,1,3,3,1,1,1,
        4,1,4,1,4,1,1,
        5,1,5,1,1,5,6,
        6,1,6,1,1,6,6]),
    function(c(_), [1,0,0,0,0,0,0])]).
interpretation( 7, [number = 8,seconds = 0], [
    function(^(_,_), [
        0,0,0,0,0,0,0,
        0,1,2,3,4,5,6,
        0,2,2,2,2,2,6,
        0,3,2,3,2,2,6,
        0,4,2,2,4,2,6,
        0,5,2,2,2,5,6,
        0,6,6,6,6,6,6]),
    function(v(_,_), [
        0,1,2,3,4,5,6,
        1,1,1,1,1,1,1,
        2,1,2,3,4,5,2,
        3,1,3,3,1,1,3,
        4,1,4,1,4,1,4,
        5,1,5,1,1,5,5,
        6,1,2,3,4,5,6]),
    function(c(_), [1,0,0,0,0,0,0])]).
interpretation( 7, [number = 9,seconds = 0], [
    function(^(_,_), [
        0,0,0,0,0,0,0,
        0,1,2,3,4,5,6,
        0,2,2,2,2,2,2,
        0,3,2,3,2,2,2,
        0,4,2,2,4,2,4,
        0,5,2,2,2,5,5,
        0,6,2,2,4,5,6]),
    function(v(_,_), [
        0,1,2,3,4,5,6,
        1,1,1,1,1,1,1,
        2,1,2,3,4,5,6,
        3,1,3,3,1,1,1,
        4,1,4,1,4,6,6,
        5,1,5,1,6,5,6,
        6,1,6,1,6,6,6]),
    function(c(_), [1,0,0,0,0,0,0])]).
interpretation( 7, [number = 12,seconds = 0], [
    function(^(_,_), [
        0,0,0,0,0,0,0,
        0,1,2,3,4,5,6,
        0,2,2,2,2,2,2,
        0,3,2,3,2,2,2,
        0,4,2,2,4,4,4,
        0,5,2,2,4,5,4,
        0,6,2,2,4,4,6]),
    function(v(_,_), [
        0,1,2,3,4,5,6,
        1,1,1,1,1,1,1,
        2,1,2,3,4,5,6,
        3,1,3,3,1,1,1,
        4,1,4,1,4,5,6,
        5,1,5,1,5,5,1,
        6,1,6,1,6,1,6]),
    function(c(_), [1,0,0,0,0,0,0])]).
interpretation( 7, [number = 13,seconds = 0], [
    function(^(_,_), [
        0,0,0,0,0,0,0,
        0,1,2,3,4,5,6,
        0,2,2,2,2,2,2,
        0,3,2,3,2,2,2,
        0,4,2,2,4,4,4,
        0,5,2,2,4,5,5,
        0,6,2,2,4,5,6]),
    function(v(_,_), [
        0,1,2,3,4,5,6,
        1,1,1,1,1,1,1,
        2,1,2,3,4,5,6,
        3,1,3,3,1,1,1,
        4,1,4,1,4,5,6,
        5,1,5,1,5,5,6,
        6,1,6,1,6,6,6]),
    function(c(_), [1,0,0,0,0,0,0])]).
interpretation( 7, [number = 16,seconds = 0], [
    function(^(_,_), [
        0,0,0,0,0,0,0,
        0,1,2,3,4,5,6,
        0,2,2,2,2,2,2,
        0,3,2,3,2,2,3,
        0,4,2,2,4,4,2,
        0,5,2,2,4,5,2,
        0,6,2,3,2,2,6]),
    function(v(_,_), [
        0,1,2,3,4,5,6,
        1,1,1,1,1,1,1,
        2,1,2,3,4,5,6,
        3,1,3,3,1,1,6,
        4,1,4,1,4,5,1,
        5,1,5,1,5,5,1,
        6,1,6,6,1,1,6]),
    function(c(_), [1,0,0,0,0,0,0])]).
interpretation( 7, [number = 18,seconds = 0], [
    function(^(_,_), [
        0,0,0,0,0,0,0,
        0,1,2,3,4,5,6,
        0,2,2,2,2,2,6,
        0,3,2,3,2,2,6,
        0,4,2,2,4,4,6,
        0,5,2,2,4,5,6,
        0,6,6,6,6,6,6]),
    function(v(_,_), [
        0,1,2,3,4,5,6,
        1,1,1,1,1,1,1,
        2,1,2,3,4,5,2,
        3,1,3,3,1,1,3,
        4,1,4,1,4,5,4,
        5,1,5,1,5,5,5,
        6,1,2,3,4,5,6]),
    function(c(_), [1,0,0,0,0,0,0])]).
interpretation( 7, [number = 30,seconds = 0], [
    function(^(_,_), [
        0,0,0,0,0,0,0,
        0,1,2,3,4,5,6,
        0,2,2,2,2,2,2,
        0,3,2,3,2,2,3,
        0,4,2,2,4,5,5,
        0,5,2,2,5,5,5,
        0,6,2,3,5,5,6]),
    function(v(_,_), [
        0,1,2,3,4,5,6,
        1,1,1,1,1,1,1,
        2,1,2,3,4,5,6,
        3,1,3,3,1,6,6,
        4,1,4,1,4,4,1,
        5,1,5,6,4,5,6,
        6,1,6,6,1,6,6]),
    function(c(_), [1,0,0,0,0,0,0])]).
interpretation( 7, [number = 61,seconds = 0], [
    function(^(_,_), [
        0,0,0,0,0,0,0,
        0,1,2,3,4,5,6,
        0,2,2,2,2,5,6,
        0,3,2,3,2,5,6,
        0,4,2,2,4,5,6,
        0,5,5,5,5,5,5,
        0,6,6,6,6,5,6]),
    function(v(_,_), [
        0,1,2,3,4,5,6,
        1,1,1,1,1,1,1,
        2,1,2,3,4,2,2,
        3,1,3,3,1,3,3,
        4,1,4,1,4,4,4,
        5,1,2,3,4,5,6,
        6,1,2,3,4,6,6]),
    function(c(_), [1,0,0,0,0,0,0])]).
interpretation( 7, [number = 66,seconds = 0], [
    function(^(_,_), [
        0,0,0,0,0,0,0,
        0,1,2,3,4,5,6,
        0,2,2,2,2,5,6,
        0,3,2,3,2,5,6,
        0,4,2,2,4,5,6,
        0,5,5,5,5,5,0,
        0,6,6,6,6,0,6]),
    function(v(_,_), [
        0,1,2,3,4,5,6,
        1,1,1,1,1,1,1,
        2,1,2,3,4,2,2,
        3,1,3,3,1,3,3,
        4,1,4,1,4,4,4,
        5,1,2,3,4,5,2,
        6,1,2,3,4,2,6]),
    function(c(_), [1,0,0,0,0,6,5])]).
interpretation( 7, [number = 69,seconds = 0], [
    function(^(_,_), [
        0,0,0,0,0,0,0,
        0,1,2,3,4,5,6,
        0,2,2,2,2,2,2,
        0,3,2,3,2,3,2,
        0,4,2,2,4,4,2,
        0,5,2,3,4,5,6,
        0,6,2,2,2,6,6]),
    function(v(_,_), [
        0,1,2,3,4,5,6,
        1,1,1,1,1,1,1,
        2,1,2,3,4,5,6,
        3,1,3,3,5,5,5,
        4,1,4,5,4,5,5,
        5,1,5,5,5,5,5,
        6,1,6,5,5,5,6]),
    function(c(_), [1,0,0,0,0,0,0])]).
interpretation( 7, [number = 70,seconds = 0], [
    function(^(_,_), [
        0,0,0,0,0,0,0,
        0,1,2,3,4,5,6,
        0,2,2,2,2,2,2,
        0,3,2,3,2,3,2,
        0,4,2,2,4,4,4,
        0,5,2,3,4,5,6,
        0,6,2,2,4,6,6]),
    function(v(_,_), [
        0,1,2,3,4,5,6,
        1,1,1,1,1,1,1,
        2,1,2,3,4,5,6,
        3,1,3,3,5,5,5,
        4,1,4,5,4,5,6,
        5,1,5,5,5,5,5,
        6,1,6,5,6,5,6]),
    function(c(_), [1,0,0,0,0,0,0])]).
interpretation( 7, [number = 74,seconds = 0], [
    function(^(_,_), [
        0,0,0,0,0,0,0,
        0,1,2,3,4,5,6,
        0,2,2,2,2,2,2,
        0,3,2,3,2,3,3,
        0,4,2,2,4,4,4,
        0,5,2,3,4,5,5,
        0,6,2,3,4,5,6]),
    function(v(_,_), [
        0,1,2,3,4,5,6,
        1,1,1,1,1,1,1,
        2,1,2,3,4,5,6,
        3,1,3,3,5,5,6,
        4,1,4,5,4,5,6,
        5,1,5,5,5,5,6,
        6,1,6,6,6,6,6]),
    function(c(_), [1,0,0,0,0,0,0])]).
interpretation( 7, [number = 76,seconds = 0], [
    function(^(_,_), [
        0,0,0,0,0,0,0,
        0,1,2,3,4,5,6,
        0,2,2,2,2,2,6,
        0,3,2,3,2,3,6,
        0,4,2,2,4,4,6,
        0,5,2,3,4,5,6,
        0,6,6,6,6,6,6]),
    function(v(_,_), [
        0,1,2,3,4,5,6,
        1,1,1,1,1,1,1,
        2,1,2,3,4,5,2,
        3,1,3,3,5,5,3,
        4,1,4,5,4,5,4,
        5,1,5,5,5,5,5,
        6,1,2,3,4,5,6]),
    function(c(_), [1,0,0,0,0,0,0])]).
interpretation( 7, [number = 117,seconds = 0], [
    function(^(_,_), [
        0,0,0,0,0,0,0,
        0,1,2,3,4,5,6,
        0,2,2,2,2,2,2,
        0,3,2,3,3,3,3,
        0,4,2,3,4,4,4,
        0,5,2,3,4,5,5,
        0,6,2,3,4,5,6]),
    function(v(_,_), [
        0,1,2,3,4,5,6,
        1,1,1,1,1,1,1,
        2,1,2,3,4,5,6,
        3,1,3,3,4,5,6,
        4,1,4,4,4,5,6,
        5,1,5,5,5,5,6,
        6,1,6,6,6,6,6]),
    function(c(_), [1,0,0,0,0,0,0])]).
interpretation( 7, [number = 161,seconds = 0], [
    function(^(_,_), [
        0,0,0,0,0,0,0,
        0,1,2,3,4,5,6,
        0,2,2,2,2,5,6,
        0,3,2,3,3,5,6,
        0,4,2,3,4,5,6,
        0,5,5,5,5,5,0,
        0,6,6,6,6,0,6]),
    function(v(_,_), [
        0,1,2,3,4,5,6,
        1,1,1,1,1,1,1,
        2,1,2,3,4,2,2,
        3,1,3,3,4,3,3,
        4,1,4,4,4,4,4,
        5,1,2,3,4,5,2,
        6,1,2,3,4,2,6]),
    function(c(_), [1,0,0,0,0,6,5])]).
interpretation( 7, [number = 369,seconds = 0], [
    function(^(_,_), [
        0,0,0,0,0,0,0,
        0,1,2,3,4,5,6,
        0,2,2,2,4,5,6,
        0,3,2,3,4,5,6,
        0,4,4,4,4,0,0,
        0,5,5,5,0,5,6,
        0,6,6,6,0,6,6]),
    function(v(_,_), [
        0,1,2,3,4,5,6,
        1,1,1,1,1,1,1,
        2,1,2,3,2,2,2,
        3,1,3,3,3,3,3,
        4,1,2,3,4,2,2,
        5,1,2,3,2,5,5,
        6,1,2,3,2,5,6]),
    function(c(_), [1,0,0,0,5,4,4])]).
interpretation( 7, [number = 372,seconds = 0], [
    function(^(_,_), [
        0,0,0,0,0,0,0,
        0,1,2,3,4,5,6,
        0,2,2,2,4,6,6,
        0,3,2,3,4,5,6,
        0,4,4,4,4,0,0,
        0,5,6,5,0,5,6,
        0,6,6,6,0,6,6]),
    function(v(_,_), [
        0,1,2,3,4,5,6,
        1,1,1,1,1,1,1,
        2,1,2,3,2,3,2,
        3,1,3,3,3,3,3,
        4,1,2,3,4,3,2,
        5,1,3,3,3,5,5,
        6,1,2,3,2,5,6]),
    function(c(_), [1,0,0,0,5,4,4])]).
interpretation( 7, [number = 373,seconds = 0], [
    function(^(_,_), [
        0,0,0,0,0,0,0,
        0,1,2,3,4,5,6,
        0,2,2,2,4,6,6,
        0,3,2,3,4,6,6,
        0,4,4,4,4,0,0,
        0,5,6,6,0,5,6,
        0,6,6,6,0,6,6]),
    function(v(_,_), [
        0,1,2,3,4,5,6,
        1,1,1,1,1,1,1,
        2,1,2,3,2,1,2,
        3,1,3,3,3,1,3,
        4,1,2,3,4,1,2,
        5,1,1,1,1,5,5,
        6,1,2,3,2,5,6]),
    function(c(_), [1,0,0,0,5,4,4])]).
interpretation( 7, [number = 840,seconds = 0], [
    function(^(_,_), [
        0,0,0,0,0,0,0,
        0,1,2,3,4,5,6,
        0,2,2,3,4,5,6,
        0,3,3,3,0,0,0,
        0,4,4,0,4,5,6,
        0,5,5,0,5,5,5,
        0,6,6,0,6,5,6]),
    function(v(_,_), [
        0,1,2,3,4,5,6,
        1,1,1,1,1,1,1,
        2,1,2,2,2,2,2,
        3,1,2,3,2,2,2,
        4,1,2,2,4,4,4,
        5,1,2,2,4,5,6,
        6,1,2,2,4,6,6]),
    function(c(_), [1,0,0,4,3,3,3])]).
interpretation( 7, [number = 843,seconds = 0], [
    function(^(_,_), [
        0,0,0,0,0,0,0,
        0,1,2,3,4,5,6,
        0,2,2,3,4,5,6,
        0,3,3,3,0,0,6,
        0,4,4,0,4,5,0,
        0,5,5,0,5,5,0,
        0,6,6,6,0,0,6]),
    function(v(_,_), [
        0,1,2,3,4,5,6,
        1,1,1,1,1,1,1,
        2,1,2,2,2,2,2,
        3,1,2,3,2,2,3,
        4,1,2,2,4,4,2,
        5,1,2,2,4,5,2,
        6,1,2,3,2,2,6]),
    function(c(_), [1,0,0,4,3,3,4])]).
interpretation( 7, [number = 855,seconds = 0], [
    function(^(_,_), [
        0,0,0,0,0,0,0,
        0,1,2,3,4,5,6,
        0,2,2,3,5,5,5,
        0,3,3,3,0,0,0,
        0,4,5,0,4,5,6,
        0,5,5,0,5,5,5,
        0,6,5,0,6,5,6]),
    function(v(_,_), [
        0,1,2,3,4,5,6,
        1,1,1,1,1,1,1,
        2,1,2,2,1,2,1,
        3,1,2,3,1,2,1,
        4,1,1,1,4,4,4,
        5,1,2,2,4,5,6,
        6,1,1,1,4,6,6]),
    function(c(_), [1,0,0,4,3,3,3])]).
interpretation( 7, [number = 856,seconds = 0], [
    function(^(_,_), [
        0,0,0,0,0,0,0,
        0,1,2,3,4,5,6,
        0,2,2,3,5,5,6,
        0,3,3,3,0,0,0,
        0,4,5,0,4,5,6,
        0,5,5,0,5,5,6,
        0,6,6,0,6,6,6]),
    function(v(_,_), [
        0,1,2,3,4,5,6,
        1,1,1,1,1,1,1,
        2,1,2,2,1,2,2,
        3,1,2,3,1,2,2,
        4,1,1,1,4,4,4,
        5,1,2,2,4,5,5,
        6,1,2,2,4,5,6]),
    function(c(_), [1,0,0,4,3,3,3])]).
interpretation( 7, [number = 858,seconds = 0], [
    function(^(_,_), [
        0,0,0,0,0,0,0,
        0,1,2,3,4,5,6,
        0,2,2,3,5,5,6,
        0,3,3,3,0,0,6,
        0,4,5,0,4,5,0,
        0,5,5,0,5,5,0,
        0,6,6,6,0,0,6]),
    function(v(_,_), [
        0,1,2,3,4,5,6,
        1,1,1,1,1,1,1,
        2,1,2,2,1,2,2,
        3,1,2,3,1,2,3,
        4,1,1,1,4,4,1,
        5,1,2,2,4,5,2,
        6,1,2,3,1,2,6]),
    function(c(_), [1,0,0,4,3,3,4])]).
interpretation( 7, [number = 874,seconds = 0], [
    function(^(_,_), [
        0,0,0,0,0,0,0,
        0,1,2,3,4,5,6,
        0,2,2,3,6,3,6,
        0,3,3,3,0,3,0,
        0,4,6,0,4,0,6,
        0,5,3,3,0,5,0,
        0,6,6,0,6,0,6]),
    function(v(_,_), [
        0,1,2,3,4,5,6,
        1,1,1,1,1,1,1,
        2,1,2,2,1,1,2,
        3,1,2,3,1,5,2,
        4,1,1,1,4,1,4,
        5,1,1,5,1,5,1,
        6,1,2,2,4,1,6]),
    function(c(_), [1,0,0,4,5,4,5])]).
interpretation( 7, [number = 895,seconds = 0], [
    function(^(_,_), [
        0,0,0,0,0,0,0,
        0,1,2,3,4,5,6,
        0,2,2,0,0,0,0,
        0,3,0,3,4,5,6,
        0,4,0,4,4,4,4,
        0,5,0,5,4,5,4,
        0,6,0,6,4,4,6]),
    function(v(_,_), [
        0,1,2,3,4,5,6,
        1,1,1,1,1,1,1,
        2,1,2,1,1,1,1,
        3,1,1,3,3,3,3,
        4,1,1,3,4,5,6,
        5,1,1,3,5,5,3,
        6,1,1,3,6,3,6]),
    function(c(_), [1,0,3,2,2,2,2])]).
interpretation( 7, [number = 896,seconds = 0], [
    function(^(_,_), [
        0,0,0,0,0,0,0,
        0,1,2,3,4,5,6,
        0,2,2,0,0,0,0,
        0,3,0,3,4,5,6,
        0,4,0,4,4,4,4,
        0,5,0,5,4,5,5,
        0,6,0,6,4,5,6]),
    function(v(_,_), [
        0,1,2,3,4,5,6,
        1,1,1,1,1,1,1,
        2,1,2,1,1,1,1,
        3,1,1,3,3,3,3,
        4,1,1,3,4,5,6,
        5,1,1,3,5,5,6,
        6,1,1,3,6,6,6]),
    function(c(_), [1,0,3,2,2,2,2])]).
interpretation( 7, [number = 899,seconds = 0], [
    function(^(_,_), [
        0,0,0,0,0,0,0,
        0,1,2,3,4,5,6,
        0,2,2,0,0,0,6,
        0,3,0,3,4,5,0,
        0,4,0,4,4,4,0,
        0,5,0,5,4,5,0,
        0,6,6,0,0,0,6]),
    function(v(_,_), [
        0,1,2,3,4,5,6,
        1,1,1,1,1,1,1,
        2,1,2,1,1,1,2,
        3,1,1,3,3,3,1,
        4,1,1,3,4,5,1,
        5,1,1,3,5,5,1,
        6,1,2,1,1,1,6]),
    function(c(_), [1,0,3,2,2,2,3])]).
% isofilter: input=994, kept=29, checks=1014, perms=9517, 0.10 seconds.
