interpretation( 8, [number = 1,seconds = 0], [
    function(^(_,_), [
        0,0,0,0,0,0,0,0,
        0,1,2,3,4,5,6,7,
        0,2,2,2,2,2,2,2,
        0,3,2,3,2,2,2,2,
        0,4,2,2,4,2,2,2,
        0,5,2,2,2,5,2,2,
        0,6,2,2,2,2,6,2,
        0,7,2,2,2,2,2,7]),
    function(v(_,_), [
        0,1,2,3,4,5,6,7,
        1,1,1,1,1,1,1,1,
        2,1,2,3,4,5,6,7,
        3,1,3,3,1,1,1,1,
        4,1,4,1,4,1,1,1,
        5,1,5,1,1,5,1,1,
        6,1,6,1,1,1,6,1,
        7,1,7,1,1,1,1,7]),
    function(c(_), [1,0,0,0,0,0,0,0])]).
interpretation( 8, [number = 2,seconds = 0], [
    function(^(_,_), [
        0,0,0,0,0,0,0,0,
        0,1,2,3,4,5,6,7,
        0,2,2,2,2,2,2,2,
        0,3,2,3,2,2,2,2,
        0,4,2,2,4,2,2,2,
        0,5,2,2,2,5,2,2,
        0,6,2,2,2,2,6,6,
        0,7,2,2,2,2,6,7]),
    function(v(_,_), [
        0,1,2,3,4,5,6,7,
        1,1,1,1,1,1,1,1,
        2,1,2,3,4,5,6,7,
        3,1,3,3,1,1,1,1,
        4,1,4,1,4,1,1,1,
        5,1,5,1,1,5,1,1,
        6,1,6,1,1,1,6,7,
        7,1,7,1,1,1,7,7]),
    function(c(_), [1,0,0,0,0,0,0,0])]).
interpretation( 8, [number = 10,seconds = 0], [
    function(^(_,_), [
        0,0,0,0,0,0,0,0,
        0,1,2,3,4,5,6,7,
        0,2,2,2,2,2,2,7,
        0,3,2,3,2,2,2,7,
        0,4,2,2,4,2,2,7,
        0,5,2,2,2,5,2,7,
        0,6,2,2,2,2,6,7,
        0,7,7,7,7,7,7,7]),
    function(v(_,_), [
        0,1,2,3,4,5,6,7,
        1,1,1,1,1,1,1,1,
        2,1,2,3,4,5,6,2,
        3,1,3,3,1,1,1,3,
        4,1,4,1,4,1,1,4,
        5,1,5,1,1,5,1,5,
        6,1,6,1,1,1,6,6,
        7,1,2,3,4,5,6,7]),
    function(c(_), [1,0,0,0,0,0,0,0])]).
interpretation( 8, [number = 11,seconds = 0], [
    function(^(_,_), [
        0,0,0,0,0,0,0,0,
        0,1,2,3,4,5,6,7,
        0,2,2,2,2,2,2,2,
        0,3,2,3,2,2,2,2,
        0,4,2,2,4,2,2,2,
        0,5,2,2,2,5,2,5,
        0,6,2,2,2,2,6,6,
        0,7,2,2,2,5,6,7]),
    function(v(_,_), [
        0,1,2,3,4,5,6,7,
        1,1,1,1,1,1,1,1,
        2,1,2,3,4,5,6,7,
        3,1,3,3,1,1,1,1,
        4,1,4,1,4,1,1,1,
        5,1,5,1,1,5,7,7,
        6,1,6,1,1,7,6,7,
        7,1,7,1,1,7,7,7]),
    function(c(_), [1,0,0,0,0,0,0,0])]).
interpretation( 8, [number = 14,seconds = 0], [
    function(^(_,_), [
        0,0,0,0,0,0,0,0,
        0,1,2,3,4,5,6,7,
        0,2,2,2,2,2,2,2,
        0,3,2,3,2,2,2,2,
        0,4,2,2,4,2,2,2,
        0,5,2,2,2,5,5,5,
        0,6,2,2,2,5,6,5,
        0,7,2,2,2,5,5,7]),
    function(v(_,_), [
        0,1,2,3,4,5,6,7,
        1,1,1,1,1,1,1,1,
        2,1,2,3,4,5,6,7,
        3,1,3,3,1,1,1,1,
        4,1,4,1,4,1,1,1,
        5,1,5,1,1,5,6,7,
        6,1,6,1,1,6,6,1,
        7,1,7,1,1,7,1,7]),
    function(c(_), [1,0,0,0,0,0,0,0])]).
interpretation( 8, [number = 15,seconds = 0], [
    function(^(_,_), [
        0,0,0,0,0,0,0,0,
        0,1,2,3,4,5,6,7,
        0,2,2,2,2,2,2,2,
        0,3,2,3,2,2,2,2,
        0,4,2,2,4,2,2,2,
        0,5,2,2,2,5,5,5,
        0,6,2,2,2,5,6,6,
        0,7,2,2,2,5,6,7]),
    function(v(_,_), [
        0,1,2,3,4,5,6,7,
        1,1,1,1,1,1,1,1,
        2,1,2,3,4,5,6,7,
        3,1,3,3,1,1,1,1,
        4,1,4,1,4,1,1,1,
        5,1,5,1,1,5,6,7,
        6,1,6,1,1,6,6,7,
        7,1,7,1,1,7,7,7]),
    function(c(_), [1,0,0,0,0,0,0,0])]).
interpretation( 8, [number = 18,seconds = 0], [
    function(^(_,_), [
        0,0,0,0,0,0,0,0,
        0,1,2,3,4,5,6,7,
        0,2,2,2,2,2,2,2,
        0,3,2,3,2,2,2,2,
        0,4,2,2,4,2,2,4,
        0,5,2,2,2,5,5,2,
        0,6,2,2,2,5,6,2,
        0,7,2,2,4,2,2,7]),
    function(v(_,_), [
        0,1,2,3,4,5,6,7,
        1,1,1,1,1,1,1,1,
        2,1,2,3,4,5,6,7,
        3,1,3,3,1,1,1,1,
        4,1,4,1,4,1,1,7,
        5,1,5,1,1,5,6,1,
        6,1,6,1,1,6,6,1,
        7,1,7,1,7,1,1,7]),
    function(c(_), [1,0,0,0,0,0,0,0])]).
interpretation( 8, [number = 22,seconds = 0], [
    function(^(_,_), [
        0,0,0,0,0,0,0,0,
        0,1,2,3,4,5,6,7,
        0,2,2,2,2,2,2,7,
        0,3,2,3,2,2,2,7,
        0,4,2,2,4,2,2,7,
        0,5,2,2,2,5,5,7,
        0,6,2,2,2,5,6,7,
        0,7,7,7,7,7,7,7]),
    function(v(_,_), [
        0,1,2,3,4,5,6,7,
        1,1,1,1,1,1,1,1,
        2,1,2,3,4,5,6,2,
        3,1,3,3,1,1,1,3,
        4,1,4,1,4,1,1,4,
        5,1,5,1,1,5,6,5,
        6,1,6,1,1,6,6,6,
        7,1,2,3,4,5,6,7]),
    function(c(_), [1,0,0,0,0,0,0,0])]).
interpretation( 8, [number = 36,seconds = 0], [
    function(^(_,_), [
        0,0,0,0,0,0,0,0,
        0,1,2,3,4,5,6,7,
        0,2,2,2,2,2,2,2,
        0,3,2,3,2,2,2,2,
        0,4,2,2,4,2,2,4,
        0,5,2,2,2,5,6,6,
        0,6,2,2,2,6,6,6,
        0,7,2,2,4,6,6,7]),
    function(v(_,_), [
        0,1,2,3,4,5,6,7,
        1,1,1,1,1,1,1,1,
        2,1,2,3,4,5,6,7,
        3,1,3,3,1,1,1,1,
        4,1,4,1,4,1,7,7,
        5,1,5,1,1,5,5,1,
        6,1,6,1,7,5,6,7,
        7,1,7,1,7,1,7,7]),
    function(c(_), [1,0,0,0,0,0,0,0])]).
interpretation( 8, [number = 102,seconds = 0], [
    function(^(_,_), [
        0,0,0,0,0,0,0,0,
        0,1,2,3,4,5,6,7,
        0,2,2,2,2,2,6,6,
        0,3,2,3,2,2,6,6,
        0,4,2,2,4,2,6,6,
        0,5,2,2,2,5,6,6,
        0,6,6,6,6,6,6,6,
        0,7,6,6,6,6,6,7]),
    function(v(_,_), [
        0,1,2,3,4,5,6,7,
        1,1,1,1,1,1,1,1,
        2,1,2,3,4,5,2,1,
        3,1,3,3,1,1,3,1,
        4,1,4,1,4,1,4,1,
        5,1,5,1,1,5,5,1,
        6,1,2,3,4,5,6,7,
        7,1,1,1,1,1,7,7]),
    function(c(_), [1,0,0,0,0,0,0,0])]).
interpretation( 8, [number = 103,seconds = 0], [
    function(^(_,_), [
        0,0,0,0,0,0,0,0,
        0,1,2,3,4,5,6,7,
        0,2,2,2,2,2,6,6,
        0,3,2,3,2,2,6,6,
        0,4,2,2,4,2,6,6,
        0,5,2,2,2,5,6,7,
        0,6,6,6,6,6,6,6,
        0,7,6,6,6,7,6,7]),
    function(v(_,_), [
        0,1,2,3,4,5,6,7,
        1,1,1,1,1,1,1,1,
        2,1,2,3,4,5,2,5,
        3,1,3,3,1,1,3,1,
        4,1,4,1,4,1,4,1,
        5,1,5,1,1,5,5,5,
        6,1,2,3,4,5,6,7,
        7,1,5,1,1,5,7,7]),
    function(c(_), [1,0,0,0,0,0,0,0])]).
interpretation( 8, [number = 106,seconds = 0], [
    function(^(_,_), [
        0,0,0,0,0,0,0,0,
        0,1,2,3,4,5,6,7,
        0,2,2,2,2,2,6,7,
        0,3,2,3,2,2,6,7,
        0,4,2,2,4,2,6,7,
        0,5,2,2,2,5,6,7,
        0,6,6,6,6,6,6,6,
        0,7,7,7,7,7,6,7]),
    function(v(_,_), [
        0,1,2,3,4,5,6,7,
        1,1,1,1,1,1,1,1,
        2,1,2,3,4,5,2,2,
        3,1,3,3,1,1,3,3,
        4,1,4,1,4,1,4,4,
        5,1,5,1,1,5,5,5,
        6,1,2,3,4,5,6,7,
        7,1,2,3,4,5,7,7]),
    function(c(_), [1,0,0,0,0,0,0,0])]).
interpretation( 8, [number = 112,seconds = 0], [
    function(^(_,_), [
        0,0,0,0,0,0,0,0,
        0,1,2,3,4,5,6,7,
        0,2,2,2,2,2,6,7,
        0,3,2,3,2,2,6,7,
        0,4,2,2,4,2,6,7,
        0,5,2,2,2,5,6,7,
        0,6,6,6,6,6,6,0,
        0,7,7,7,7,7,0,7]),
    function(v(_,_), [
        0,1,2,3,4,5,6,7,
        1,1,1,1,1,1,1,1,
        2,1,2,3,4,5,2,2,
        3,1,3,3,1,1,3,3,
        4,1,4,1,4,1,4,4,
        5,1,5,1,1,5,5,5,
        6,1,2,3,4,5,6,2,
        7,1,2,3,4,5,2,7]),
    function(c(_), [1,0,0,0,0,0,7,6])]).
interpretation( 8, [number = 115,seconds = 0], [
    function(^(_,_), [
        0,0,0,0,0,0,0,0,
        0,1,2,3,4,5,6,7,
        0,2,2,2,2,2,2,2,
        0,3,2,3,2,2,2,2,
        0,4,2,2,4,2,4,2,
        0,5,2,2,2,5,5,2,
        0,6,2,2,4,5,6,7,
        0,7,2,2,2,2,7,7]),
    function(v(_,_), [
        0,1,2,3,4,5,6,7,
        1,1,1,1,1,1,1,1,
        2,1,2,3,4,5,6,7,
        3,1,3,3,1,1,1,1,
        4,1,4,1,4,6,6,6,
        5,1,5,1,6,5,6,6,
        6,1,6,1,6,6,6,6,
        7,1,7,1,6,6,6,7]),
    function(c(_), [1,0,0,0,0,0,0,0])]).
interpretation( 8, [number = 116,seconds = 0], [
    function(^(_,_), [
        0,0,0,0,0,0,0,0,
        0,1,2,3,4,5,6,7,
        0,2,2,2,2,2,2,2,
        0,3,2,3,2,2,2,2,
        0,4,2,2,4,2,4,2,
        0,5,2,2,2,5,5,5,
        0,6,2,2,4,5,6,7,
        0,7,2,2,2,5,7,7]),
    function(v(_,_), [
        0,1,2,3,4,5,6,7,
        1,1,1,1,1,1,1,1,
        2,1,2,3,4,5,6,7,
        3,1,3,3,1,1,1,1,
        4,1,4,1,4,6,6,6,
        5,1,5,1,6,5,6,7,
        6,1,6,1,6,6,6,6,
        7,1,7,1,6,7,6,7]),
    function(c(_), [1,0,0,0,0,0,0,0])]).
interpretation( 8, [number = 120,seconds = 0], [
    function(^(_,_), [
        0,0,0,0,0,0,0,0,
        0,1,2,3,4,5,6,7,
        0,2,2,2,2,2,2,2,
        0,3,2,3,2,2,2,2,
        0,4,2,2,4,2,4,4,
        0,5,2,2,2,5,5,5,
        0,6,2,2,4,5,6,6,
        0,7,2,2,4,5,6,7]),
    function(v(_,_), [
        0,1,2,3,4,5,6,7,
        1,1,1,1,1,1,1,1,
        2,1,2,3,4,5,6,7,
        3,1,3,3,1,1,1,1,
        4,1,4,1,4,6,6,7,
        5,1,5,1,6,5,6,7,
        6,1,6,1,6,6,6,7,
        7,1,7,1,7,7,7,7]),
    function(c(_), [1,0,0,0,0,0,0,0])]).
interpretation( 8, [number = 122,seconds = 0], [
    function(^(_,_), [
        0,0,0,0,0,0,0,0,
        0,1,2,3,4,5,6,7,
        0,2,2,2,2,2,2,2,
        0,3,2,3,2,2,2,3,
        0,4,2,2,4,2,4,2,
        0,5,2,2,2,5,5,2,
        0,6,2,2,4,5,6,2,
        0,7,2,3,2,2,2,7]),
    function(v(_,_), [
        0,1,2,3,4,5,6,7,
        1,1,1,1,1,1,1,1,
        2,1,2,3,4,5,6,7,
        3,1,3,3,1,1,1,7,
        4,1,4,1,4,6,6,1,
        5,1,5,1,6,5,6,1,
        6,1,6,1,6,6,6,1,
        7,1,7,7,1,1,1,7]),
    function(c(_), [1,0,0,0,0,0,0,0])]).
interpretation( 8, [number = 124,seconds = 0], [
    function(^(_,_), [
        0,0,0,0,0,0,0,0,
        0,1,2,3,4,5,6,7,
        0,2,2,2,2,2,2,7,
        0,3,2,3,2,2,2,7,
        0,4,2,2,4,2,4,7,
        0,5,2,2,2,5,5,7,
        0,6,2,2,4,5,6,7,
        0,7,7,7,7,7,7,7]),
    function(v(_,_), [
        0,1,2,3,4,5,6,7,
        1,1,1,1,1,1,1,1,
        2,1,2,3,4,5,6,2,
        3,1,3,3,1,1,1,3,
        4,1,4,1,4,6,6,4,
        5,1,5,1,6,5,6,5,
        6,1,6,1,6,6,6,6,
        7,1,2,3,4,5,6,7]),
    function(c(_), [1,0,0,0,0,0,0,0])]).
interpretation( 8, [number = 125,seconds = 0], [
    function(^(_,_), [
        0,0,0,0,0,0,0,0,
        0,1,2,3,4,5,6,7,
        0,2,2,2,2,2,2,2,
        0,3,2,3,2,2,7,7,
        0,4,2,2,4,2,4,2,
        0,5,2,2,2,5,5,2,
        0,6,2,7,4,5,6,7,
        0,7,2,7,2,2,7,7]),
    function(v(_,_), [
        0,1,2,3,4,5,6,7,
        1,1,1,1,1,1,1,1,
        2,1,2,3,4,5,6,7,
        3,1,3,3,1,1,1,3,
        4,1,4,1,4,6,6,6,
        5,1,5,1,6,5,6,6,
        6,1,6,1,6,6,6,6,
        7,1,7,3,6,6,6,7]),
    function(c(_), [1,0,0,0,0,0,0,0])]).
interpretation( 8, [number = 157,seconds = 0], [
    function(^(_,_), [
        0,0,0,0,0,0,0,0,
        0,1,2,3,4,5,6,7,
        0,2,2,2,2,2,2,2,
        0,3,2,3,2,2,2,2,
        0,4,2,2,4,4,4,4,
        0,5,2,2,4,5,4,4,
        0,6,2,2,4,4,6,6,
        0,7,2,2,4,4,6,7]),
    function(v(_,_), [
        0,1,2,3,4,5,6,7,
        1,1,1,1,1,1,1,1,
        2,1,2,3,4,5,6,7,
        3,1,3,3,1,1,1,1,
        4,1,4,1,4,5,6,7,
        5,1,5,1,5,5,1,1,
        6,1,6,1,6,1,6,7,
        7,1,7,1,7,1,7,7]),
    function(c(_), [1,0,0,0,0,0,0,0])]).
interpretation( 8, [number = 161,seconds = 0], [
    function(^(_,_), [
        0,0,0,0,0,0,0,0,
        0,1,2,3,4,5,6,7,
        0,2,2,2,2,2,2,2,
        0,3,2,3,2,2,2,2,
        0,4,2,2,4,4,4,7,
        0,5,2,2,4,5,4,7,
        0,6,2,2,4,4,6,7,
        0,7,2,2,7,7,7,7]),
    function(v(_,_), [
        0,1,2,3,4,5,6,7,
        1,1,1,1,1,1,1,1,
        2,1,2,3,4,5,6,7,
        3,1,3,3,1,1,1,1,
        4,1,4,1,4,5,6,4,
        5,1,5,1,5,5,1,5,
        6,1,6,1,6,1,6,6,
        7,1,7,1,4,5,6,7]),
    function(c(_), [1,0,0,0,0,0,0,0])]).
interpretation( 8, [number = 162,seconds = 0], [
    function(^(_,_), [
        0,0,0,0,0,0,0,0,
        0,1,2,3,4,5,6,7,
        0,2,2,2,2,2,2,2,
        0,3,2,3,2,2,2,3,
        0,4,2,2,4,4,4,2,
        0,5,2,2,4,5,4,2,
        0,6,2,2,4,4,6,2,
        0,7,2,3,2,2,2,7]),
    function(v(_,_), [
        0,1,2,3,4,5,6,7,
        1,1,1,1,1,1,1,1,
        2,1,2,3,4,5,6,7,
        3,1,3,3,1,1,1,7,
        4,1,4,1,4,5,6,1,
        5,1,5,1,5,5,1,1,
        6,1,6,1,6,1,6,1,
        7,1,7,7,1,1,1,7]),
    function(c(_), [1,0,0,0,0,0,0,0])]).
interpretation( 8, [number = 164,seconds = 0], [
    function(^(_,_), [
        0,0,0,0,0,0,0,0,
        0,1,2,3,4,5,6,7,
        0,2,2,2,2,2,2,7,
        0,3,2,3,2,2,2,7,
        0,4,2,2,4,4,4,7,
        0,5,2,2,4,5,4,7,
        0,6,2,2,4,4,6,7,
        0,7,7,7,7,7,7,7]),
    function(v(_,_), [
        0,1,2,3,4,5,6,7,
        1,1,1,1,1,1,1,1,
        2,1,2,3,4,5,6,2,
        3,1,3,3,1,1,1,3,
        4,1,4,1,4,5,6,4,
        5,1,5,1,5,5,1,5,
        6,1,6,1,6,1,6,6,
        7,1,2,3,4,5,6,7]),
    function(c(_), [1,0,0,0,0,0,0,0])]).
interpretation( 8, [number = 165,seconds = 0], [
    function(^(_,_), [
        0,0,0,0,0,0,0,0,
        0,1,2,3,4,5,6,7,
        0,2,2,2,2,2,2,2,
        0,3,2,3,2,2,2,2,
        0,4,2,2,4,4,4,4,
        0,5,2,2,4,5,4,5,
        0,6,2,2,4,4,6,6,
        0,7,2,2,4,5,6,7]),
    function(v(_,_), [
        0,1,2,3,4,5,6,7,
        1,1,1,1,1,1,1,1,
        2,1,2,3,4,5,6,7,
        3,1,3,3,1,1,1,1,
        4,1,4,1,4,5,6,7,
        5,1,5,1,5,5,7,7,
        6,1,6,1,6,7,6,7,
        7,1,7,1,7,7,7,7]),
    function(c(_), [1,0,0,0,0,0,0,0])]).
interpretation( 8, [number = 172,seconds = 0], [
    function(^(_,_), [
        0,0,0,0,0,0,0,0,
        0,1,2,3,4,5,6,7,
        0,2,2,2,2,2,2,2,
        0,3,2,3,2,2,2,2,
        0,4,2,2,4,4,4,4,
        0,5,2,2,4,5,5,5,
        0,6,2,2,4,5,6,6,
        0,7,2,2,4,5,6,7]),
    function(v(_,_), [
        0,1,2,3,4,5,6,7,
        1,1,1,1,1,1,1,1,
        2,1,2,3,4,5,6,7,
        3,1,3,3,1,1,1,1,
        4,1,4,1,4,5,6,7,
        5,1,5,1,5,5,6,7,
        6,1,6,1,6,6,6,7,
        7,1,7,1,7,7,7,7]),
    function(c(_), [1,0,0,0,0,0,0,0])]).
interpretation( 8, [number = 176,seconds = 0], [
    function(^(_,_), [
        0,0,0,0,0,0,0,0,
        0,1,2,3,4,5,6,7,
        0,2,2,2,2,2,2,2,
        0,3,2,3,2,2,2,3,
        0,4,2,2,4,4,4,2,
        0,5,2,2,4,5,5,2,
        0,6,2,2,4,5,6,2,
        0,7,2,3,2,2,2,7]),
    function(v(_,_), [
        0,1,2,3,4,5,6,7,
        1,1,1,1,1,1,1,1,
        2,1,2,3,4,5,6,7,
        3,1,3,3,1,1,1,7,
        4,1,4,1,4,5,6,1,
        5,1,5,1,5,5,6,1,
        6,1,6,1,6,6,6,1,
        7,1,7,7,1,1,1,7]),
    function(c(_), [1,0,0,0,0,0,0,0])]).
interpretation( 8, [number = 178,seconds = 0], [
    function(^(_,_), [
        0,0,0,0,0,0,0,0,
        0,1,2,3,4,5,6,7,
        0,2,2,2,2,2,2,7,
        0,3,2,3,2,2,2,7,
        0,4,2,2,4,4,4,7,
        0,5,2,2,4,5,5,7,
        0,6,2,2,4,5,6,7,
        0,7,7,7,7,7,7,7]),
    function(v(_,_), [
        0,1,2,3,4,5,6,7,
        1,1,1,1,1,1,1,1,
        2,1,2,3,4,5,6,2,
        3,1,3,3,1,1,1,3,
        4,1,4,1,4,5,6,4,
        5,1,5,1,5,5,6,5,
        6,1,6,1,6,6,6,6,
        7,1,2,3,4,5,6,7]),
    function(c(_), [1,0,0,0,0,0,0,0])]).
interpretation( 8, [number = 209,seconds = 0], [
    function(^(_,_), [
        0,0,0,0,0,0,0,0,
        0,1,2,3,4,5,6,7,
        0,2,2,2,2,2,2,2,
        0,3,2,3,2,2,2,3,
        0,4,2,2,4,4,2,2,
        0,5,2,2,4,5,6,6,
        0,6,2,2,2,6,6,6,
        0,7,2,3,2,6,6,7]),
    function(v(_,_), [
        0,1,2,3,4,5,6,7,
        1,1,1,1,1,1,1,1,
        2,1,2,3,4,5,6,7,
        3,1,3,3,1,1,7,7,
        4,1,4,1,4,5,5,1,
        5,1,5,1,5,5,5,1,
        6,1,6,7,5,5,6,7,
        7,1,7,7,1,1,7,7]),
    function(c(_), [1,0,0,0,0,0,0,0])]).
interpretation( 8, [number = 210,seconds = 0], [
    function(^(_,_), [
        0,0,0,0,0,0,0,0,
        0,1,2,3,4,5,6,7,
        0,2,2,2,2,2,2,2,
        0,3,2,3,2,2,2,3,
        0,4,2,2,4,4,6,6,
        0,5,2,2,4,5,6,6,
        0,6,2,2,6,6,6,6,
        0,7,2,3,6,6,6,7]),
    function(v(_,_), [
        0,1,2,3,4,5,6,7,
        1,1,1,1,1,1,1,1,
        2,1,2,3,4,5,6,7,
        3,1,3,3,1,1,7,7,
        4,1,4,1,4,5,4,1,
        5,1,5,1,5,5,5,1,
        6,1,6,7,4,5,6,7,
        7,1,7,7,1,1,7,7]),
    function(c(_), [1,0,0,0,0,0,0,0])]).
interpretation( 8, [number = 222,seconds = 0], [
    function(^(_,_), [
        0,0,0,0,0,0,0,0,
        0,1,2,3,4,5,6,7,
        0,2,2,2,2,2,2,7,
        0,3,2,3,2,2,3,7,
        0,4,2,2,4,4,2,7,
        0,5,2,2,4,5,2,7,
        0,6,2,3,2,2,6,7,
        0,7,7,7,7,7,7,7]),
    function(v(_,_), [
        0,1,2,3,4,5,6,7,
        1,1,1,1,1,1,1,1,
        2,1,2,3,4,5,6,2,
        3,1,3,3,1,1,6,3,
        4,1,4,1,4,5,1,4,
        5,1,5,1,5,5,1,5,
        6,1,6,6,1,1,6,6,
        7,1,2,3,4,5,6,7]),
    function(c(_), [1,0,0,0,0,0,0,0])]).
interpretation( 8, [number = 237,seconds = 0], [
    function(^(_,_), [
        0,0,0,0,0,0,0,0,
        0,1,2,3,4,5,6,7,
        0,2,2,2,2,2,2,2,
        0,3,2,3,2,2,6,6,
        0,4,2,2,4,4,2,4,
        0,5,2,2,4,5,2,4,
        0,6,2,6,2,2,6,6,
        0,7,2,6,4,4,6,7]),
    function(v(_,_), [
        0,1,2,3,4,5,6,7,
        1,1,1,1,1,1,1,1,
        2,1,2,3,4,5,6,7,
        3,1,3,3,1,1,3,1,
        4,1,4,1,4,5,7,7,
        5,1,5,1,5,5,1,1,
        6,1,6,3,7,1,6,7,
        7,1,7,1,7,1,7,7]),
    function(c(_), [1,0,0,0,0,0,0,0])]).
interpretation( 8, [number = 238,seconds = 0], [
    function(^(_,_), [
        0,0,0,0,0,0,0,0,
        0,1,2,3,4,5,6,7,
        0,2,2,2,2,2,2,2,
        0,3,2,3,2,2,6,6,
        0,4,2,2,4,4,2,4,
        0,5,2,2,4,5,2,5,
        0,6,2,6,2,2,6,6,
        0,7,2,6,4,5,6,7]),
    function(v(_,_), [
        0,1,2,3,4,5,6,7,
        1,1,1,1,1,1,1,1,
        2,1,2,3,4,5,6,7,
        3,1,3,3,1,1,3,1,
        4,1,4,1,4,5,7,7,
        5,1,5,1,5,5,7,7,
        6,1,6,3,7,7,6,7,
        7,1,7,1,7,7,7,7]),
    function(c(_), [1,0,0,0,0,0,0,0])]).
interpretation( 8, [number = 251,seconds = 0], [
    function(^(_,_), [
        0,0,0,0,0,0,0,0,
        0,1,2,3,4,5,6,7,
        0,2,2,2,2,2,6,6,
        0,3,2,3,2,2,6,6,
        0,4,2,2,4,4,6,6,
        0,5,2,2,4,5,6,7,
        0,6,6,6,6,6,6,6,
        0,7,6,6,6,7,6,7]),
    function(v(_,_), [
        0,1,2,3,4,5,6,7,
        1,1,1,1,1,1,1,1,
        2,1,2,3,4,5,2,5,
        3,1,3,3,1,1,3,1,
        4,1,4,1,4,5,4,5,
        5,1,5,1,5,5,5,5,
        6,1,2,3,4,5,6,7,
        7,1,5,1,5,5,7,7]),
    function(c(_), [1,0,0,0,0,0,0,0])]).
interpretation( 8, [number = 252,seconds = 0], [
    function(^(_,_), [
        0,0,0,0,0,0,0,0,
        0,1,2,3,4,5,6,7,
        0,2,2,2,2,2,6,6,
        0,3,2,3,2,2,6,6,
        0,4,2,2,4,4,6,7,
        0,5,2,2,4,5,6,7,
        0,6,6,6,6,6,6,6,
        0,7,6,6,7,7,6,7]),
    function(v(_,_), [
        0,1,2,3,4,5,6,7,
        1,1,1,1,1,1,1,1,
        2,1,2,3,4,5,2,4,
        3,1,3,3,1,1,3,1,
        4,1,4,1,4,5,4,4,
        5,1,5,1,5,5,5,5,
        6,1,2,3,4,5,6,7,
        7,1,4,1,4,5,7,7]),
    function(c(_), [1,0,0,0,0,0,0,0])]).
interpretation( 8, [number = 254,seconds = 0], [
    function(^(_,_), [
        0,0,0,0,0,0,0,0,
        0,1,2,3,4,5,6,7,
        0,2,2,2,2,2,6,7,
        0,3,2,3,2,2,6,7,
        0,4,2,2,4,4,6,7,
        0,5,2,2,4,5,6,7,
        0,6,6,6,6,6,6,6,
        0,7,7,7,7,7,6,7]),
    function(v(_,_), [
        0,1,2,3,4,5,6,7,
        1,1,1,1,1,1,1,1,
        2,1,2,3,4,5,2,2,
        3,1,3,3,1,1,3,3,
        4,1,4,1,4,5,4,4,
        5,1,5,1,5,5,5,5,
        6,1,2,3,4,5,6,7,
        7,1,2,3,4,5,7,7]),
    function(c(_), [1,0,0,0,0,0,0,0])]).
interpretation( 8, [number = 260,seconds = 0], [
    function(^(_,_), [
        0,0,0,0,0,0,0,0,
        0,1,2,3,4,5,6,7,
        0,2,2,2,2,2,6,7,
        0,3,2,3,2,2,6,7,
        0,4,2,2,4,4,6,7,
        0,5,2,2,4,5,6,7,
        0,6,6,6,6,6,6,0,
        0,7,7,7,7,7,0,7]),
    function(v(_,_), [
        0,1,2,3,4,5,6,7,
        1,1,1,1,1,1,1,1,
        2,1,2,3,4,5,2,2,
        3,1,3,3,1,1,3,3,
        4,1,4,1,4,5,4,4,
        5,1,5,1,5,5,5,5,
        6,1,2,3,4,5,6,2,
        7,1,2,3,4,5,2,7]),
    function(c(_), [1,0,0,0,0,0,7,6])]).
interpretation( 8, [number = 431,seconds = 0], [
    function(^(_,_), [
        0,0,0,0,0,0,0,0,
        0,1,2,3,4,5,6,7,
        0,2,2,2,2,2,2,2,
        0,3,2,3,2,2,3,2,
        0,4,2,2,4,5,5,7,
        0,5,2,2,5,5,5,7,
        0,6,2,3,5,5,6,7,
        0,7,2,2,7,7,7,7]),
    function(v(_,_), [
        0,1,2,3,4,5,6,7,
        1,1,1,1,1,1,1,1,
        2,1,2,3,4,5,6,7,
        3,1,3,3,1,6,6,6,
        4,1,4,1,4,4,1,4,
        5,1,5,6,4,5,6,5,
        6,1,6,6,1,6,6,6,
        7,1,7,6,4,5,6,7]),
    function(c(_), [1,0,0,0,0,0,0,0])]).
interpretation( 8, [number = 436,seconds = 0], [
    function(^(_,_), [
        0,0,0,0,0,0,0,0,
        0,1,2,3,4,5,6,7,
        0,2,2,2,2,2,2,7,
        0,3,2,3,2,2,3,7,
        0,4,2,2,4,5,5,7,
        0,5,2,2,5,5,5,7,
        0,6,2,3,5,5,6,7,
        0,7,7,7,7,7,7,7]),
    function(v(_,_), [
        0,1,2,3,4,5,6,7,
        1,1,1,1,1,1,1,1,
        2,1,2,3,4,5,6,2,
        3,1,3,3,1,6,6,3,
        4,1,4,1,4,4,1,4,
        5,1,5,6,4,5,6,5,
        6,1,6,6,1,6,6,6,
        7,1,2,3,4,5,6,7]),
    function(c(_), [1,0,0,0,0,0,0,0])]).
interpretation( 8, [number = 892,seconds = 0], [
    function(^(_,_), [
        0,0,0,0,0,0,0,0,
        0,1,2,3,4,5,6,7,
        0,2,2,2,2,5,6,7,
        0,3,2,3,2,5,6,7,
        0,4,2,2,4,5,6,7,
        0,5,5,5,5,5,5,5,
        0,6,6,6,6,5,6,5,
        0,7,7,7,7,5,5,7]),
    function(v(_,_), [
        0,1,2,3,4,5,6,7,
        1,1,1,1,1,1,1,1,
        2,1,2,3,4,2,2,2,
        3,1,3,3,1,3,3,3,
        4,1,4,1,4,4,4,4,
        5,1,2,3,4,5,6,7,
        6,1,2,3,4,6,6,2,
        7,1,2,3,4,7,2,7]),
    function(c(_), [1,0,0,0,0,0,0,0])]).
interpretation( 8, [number = 901,seconds = 0], [
    function(^(_,_), [
        0,0,0,0,0,0,0,0,
        0,1,2,3,4,5,6,7,
        0,2,2,2,2,5,6,7,
        0,3,2,3,2,5,6,7,
        0,4,2,2,4,5,6,7,
        0,5,5,5,5,5,5,5,
        0,6,6,6,6,5,6,6,
        0,7,7,7,7,5,6,7]),
    function(v(_,_), [
        0,1,2,3,4,5,6,7,
        1,1,1,1,1,1,1,1,
        2,1,2,3,4,2,2,2,
        3,1,3,3,1,3,3,3,
        4,1,4,1,4,4,4,4,
        5,1,2,3,4,5,6,7,
        6,1,2,3,4,6,6,7,
        7,1,2,3,4,7,7,7]),
    function(c(_), [1,0,0,0,0,0,0,0])]).
interpretation( 8, [number = 926,seconds = 0], [
    function(^(_,_), [
        0,0,0,0,0,0,0,0,
        0,1,2,3,4,5,6,7,
        0,2,2,2,2,5,6,7,
        0,3,2,3,2,5,6,7,
        0,4,2,2,4,5,6,7,
        0,5,5,5,5,5,6,7,
        0,6,6,6,6,6,6,0,
        0,7,7,7,7,7,0,7]),
    function(v(_,_), [
        0,1,2,3,4,5,6,7,
        1,1,1,1,1,1,1,1,
        2,1,2,3,4,2,2,2,
        3,1,3,3,1,3,3,3,
        4,1,4,1,4,4,4,4,
        5,1,2,3,4,5,5,5,
        6,1,2,3,4,5,6,5,
        7,1,2,3,4,5,5,7]),
    function(c(_), [1,0,0,0,0,0,7,6])]).
interpretation( 8, [number = 977,seconds = 0], [
    function(^(_,_), [
        0,0,0,0,0,0,0,0,
        0,1,2,3,4,5,6,7,
        0,2,2,2,2,5,6,7,
        0,3,2,3,2,5,6,7,
        0,4,2,2,4,5,6,7,
        0,5,5,5,5,5,0,0,
        0,6,6,6,6,0,6,7,
        0,7,7,7,7,0,7,7]),
    function(v(_,_), [
        0,1,2,3,4,5,6,7,
        1,1,1,1,1,1,1,1,
        2,1,2,3,4,2,2,2,
        3,1,3,3,1,3,3,3,
        4,1,4,1,4,4,4,4,
        5,1,2,3,4,5,2,2,
        6,1,2,3,4,2,6,6,
        7,1,2,3,4,2,6,7]),
    function(c(_), [1,0,0,0,0,6,5,5])]).
interpretation( 8, [number = 980,seconds = 0], [
    function(^(_,_), [
        0,0,0,0,0,0,0,0,
        0,1,2,3,4,5,6,7,
        0,2,2,2,2,5,7,7,
        0,3,2,3,2,5,6,7,
        0,4,2,2,4,5,7,7,
        0,5,5,5,5,5,0,0,
        0,6,7,6,7,0,6,7,
        0,7,7,7,7,0,7,7]),
    function(v(_,_), [
        0,1,2,3,4,5,6,7,
        1,1,1,1,1,1,1,1,
        2,1,2,3,4,2,3,2,
        3,1,3,3,1,3,3,3,
        4,1,4,1,4,4,1,4,
        5,1,2,3,4,5,3,2,
        6,1,3,3,1,3,6,6,
        7,1,2,3,4,2,6,7]),
    function(c(_), [1,0,0,0,0,6,5,5])]).
interpretation( 8, [number = 982,seconds = 0], [
    function(^(_,_), [
        0,0,0,0,0,0,0,0,
        0,1,2,3,4,5,6,7,
        0,2,2,2,2,5,7,7,
        0,3,2,3,2,5,7,7,
        0,4,2,2,4,5,7,7,
        0,5,5,5,5,5,0,0,
        0,6,7,7,7,0,6,7,
        0,7,7,7,7,0,7,7]),
    function(v(_,_), [
        0,1,2,3,4,5,6,7,
        1,1,1,1,1,1,1,1,
        2,1,2,3,4,2,1,2,
        3,1,3,3,1,3,1,3,
        4,1,4,1,4,4,1,4,
        5,1,2,3,4,5,1,2,
        6,1,1,1,1,1,6,6,
        7,1,2,3,4,2,6,7]),
    function(c(_), [1,0,0,0,0,6,5,5])]).
interpretation( 8, [number = 1023,seconds = 0], [
    function(^(_,_), [
        0,0,0,0,0,0,0,0,
        0,1,2,3,4,5,6,7,
        0,2,2,2,2,2,2,2,
        0,3,2,3,2,3,2,2,
        0,4,2,2,4,4,2,2,
        0,5,2,3,4,5,6,7,
        0,6,2,2,2,6,6,2,
        0,7,2,2,2,7,2,7]),
    function(v(_,_), [
        0,1,2,3,4,5,6,7,
        1,1,1,1,1,1,1,1,
        2,1,2,3,4,5,6,7,
        3,1,3,3,5,5,5,5,
        4,1,4,5,4,5,5,5,
        5,1,5,5,5,5,5,5,
        6,1,6,5,5,5,6,5,
        7,1,7,5,5,5,5,7]),
    function(c(_), [1,0,0,0,0,0,0,0])]).
interpretation( 8, [number = 1024,seconds = 0], [
    function(^(_,_), [
        0,0,0,0,0,0,0,0,
        0,1,2,3,4,5,6,7,
        0,2,2,2,2,2,2,2,
        0,3,2,3,2,3,2,2,
        0,4,2,2,4,4,2,2,
        0,5,2,3,4,5,6,7,
        0,6,2,2,2,6,6,6,
        0,7,2,2,2,7,6,7]),
    function(v(_,_), [
        0,1,2,3,4,5,6,7,
        1,1,1,1,1,1,1,1,
        2,1,2,3,4,5,6,7,
        3,1,3,3,5,5,5,5,
        4,1,4,5,4,5,5,5,
        5,1,5,5,5,5,5,5,
        6,1,6,5,5,5,6,7,
        7,1,7,5,5,5,7,7]),
    function(c(_), [1,0,0,0,0,0,0,0])]).
interpretation( 8, [number = 1030,seconds = 0], [
    function(^(_,_), [
        0,0,0,0,0,0,0,0,
        0,1,2,3,4,5,6,7,
        0,2,2,2,2,2,2,2,
        0,3,2,3,2,3,2,3,
        0,4,2,2,4,4,2,4,
        0,5,2,3,4,5,6,5,
        0,6,2,2,2,6,6,6,
        0,7,2,3,4,5,6,7]),
    function(v(_,_), [
        0,1,2,3,4,5,6,7,
        1,1,1,1,1,1,1,1,
        2,1,2,3,4,5,6,7,
        3,1,3,3,5,5,5,7,
        4,1,4,5,4,5,5,7,
        5,1,5,5,5,5,5,7,
        6,1,6,5,5,5,6,7,
        7,1,7,7,7,7,7,7]),
    function(c(_), [1,0,0,0,0,0,0,0])]).
interpretation( 8, [number = 1032,seconds = 0], [
    function(^(_,_), [
        0,0,0,0,0,0,0,0,
        0,1,2,3,4,5,6,7,
        0,2,2,2,2,2,2,7,
        0,3,2,3,2,3,2,7,
        0,4,2,2,4,4,2,7,
        0,5,2,3,4,5,6,7,
        0,6,2,2,2,6,6,7,
        0,7,7,7,7,7,7,7]),
    function(v(_,_), [
        0,1,2,3,4,5,6,7,
        1,1,1,1,1,1,1,1,
        2,1,2,3,4,5,6,2,
        3,1,3,3,5,5,5,3,
        4,1,4,5,4,5,5,4,
        5,1,5,5,5,5,5,5,
        6,1,6,5,5,5,6,6,
        7,1,2,3,4,5,6,7]),
    function(c(_), [1,0,0,0,0,0,0,0])]).
interpretation( 8, [number = 1033,seconds = 0], [
    function(^(_,_), [
        0,0,0,0,0,0,0,0,
        0,1,2,3,4,5,6,7,
        0,2,2,2,2,2,2,2,
        0,3,2,3,2,3,2,2,
        0,4,2,2,4,4,2,4,
        0,5,2,3,4,5,6,7,
        0,6,2,2,2,6,6,6,
        0,7,2,2,4,7,6,7]),
    function(v(_,_), [
        0,1,2,3,4,5,6,7,
        1,1,1,1,1,1,1,1,
        2,1,2,3,4,5,6,7,
        3,1,3,3,5,5,5,5,
        4,1,4,5,4,5,7,7,
        5,1,5,5,5,5,5,5,
        6,1,6,5,7,5,6,7,
        7,1,7,5,7,5,7,7]),
    function(c(_), [1,0,0,0,0,0,0,0])]).
interpretation( 8, [number = 1039,seconds = 0], [
    function(^(_,_), [
        0,0,0,0,0,0,0,0,
        0,1,2,3,4,5,6,7,
        0,2,2,2,2,2,2,2,
        0,3,2,3,2,3,2,2,
        0,4,2,2,4,4,4,4,
        0,5,2,3,4,5,6,7,
        0,6,2,2,4,6,6,4,
        0,7,2,2,4,7,4,7]),
    function(v(_,_), [
        0,1,2,3,4,5,6,7,
        1,1,1,1,1,1,1,1,
        2,1,2,3,4,5,6,7,
        3,1,3,3,5,5,5,5,
        4,1,4,5,4,5,6,7,
        5,1,5,5,5,5,5,5,
        6,1,6,5,6,5,6,5,
        7,1,7,5,7,5,5,7]),
    function(c(_), [1,0,0,0,0,0,0,0])]).
interpretation( 8, [number = 1040,seconds = 0], [
    function(^(_,_), [
        0,0,0,0,0,0,0,0,
        0,1,2,3,4,5,6,7,
        0,2,2,2,2,2,2,2,
        0,3,2,3,2,3,2,2,
        0,4,2,2,4,4,4,4,
        0,5,2,3,4,5,6,7,
        0,6,2,2,4,6,6,6,
        0,7,2,2,4,7,6,7]),
    function(v(_,_), [
        0,1,2,3,4,5,6,7,
        1,1,1,1,1,1,1,1,
        2,1,2,3,4,5,6,7,
        3,1,3,3,5,5,5,5,
        4,1,4,5,4,5,6,7,
        5,1,5,5,5,5,5,5,
        6,1,6,5,6,5,6,7,
        7,1,7,5,7,5,7,7]),
    function(c(_), [1,0,0,0,0,0,0,0])]).
interpretation( 8, [number = 1044,seconds = 0], [
    function(^(_,_), [
        0,0,0,0,0,0,0,0,
        0,1,2,3,4,5,6,7,
        0,2,2,2,2,2,2,2,
        0,3,2,3,2,3,2,3,
        0,4,2,2,4,4,4,2,
        0,5,2,3,4,5,6,7,
        0,6,2,2,4,6,6,2,
        0,7,2,3,2,7,2,7]),
    function(v(_,_), [
        0,1,2,3,4,5,6,7,
        1,1,1,1,1,1,1,1,
        2,1,2,3,4,5,6,7,
        3,1,3,3,5,5,5,7,
        4,1,4,5,4,5,6,5,
        5,1,5,5,5,5,5,5,
        6,1,6,5,6,5,6,5,
        7,1,7,7,5,5,5,7]),
    function(c(_), [1,0,0,0,0,0,0,0])]).
interpretation( 8, [number = 1045,seconds = 0], [
    function(^(_,_), [
        0,0,0,0,0,0,0,0,
        0,1,2,3,4,5,6,7,
        0,2,2,2,2,2,2,2,
        0,3,2,3,2,3,2,3,
        0,4,2,2,4,4,4,4,
        0,5,2,3,4,5,6,5,
        0,6,2,2,4,6,6,6,
        0,7,2,3,4,5,6,7]),
    function(v(_,_), [
        0,1,2,3,4,5,6,7,
        1,1,1,1,1,1,1,1,
        2,1,2,3,4,5,6,7,
        3,1,3,3,5,5,5,7,
        4,1,4,5,4,5,6,7,
        5,1,5,5,5,5,5,7,
        6,1,6,5,6,5,6,7,
        7,1,7,7,7,7,7,7]),
    function(c(_), [1,0,0,0,0,0,0,0])]).
interpretation( 8, [number = 1047,seconds = 0], [
    function(^(_,_), [
        0,0,0,0,0,0,0,0,
        0,1,2,3,4,5,6,7,
        0,2,2,2,2,2,2,7,
        0,3,2,3,2,3,2,7,
        0,4,2,2,4,4,4,7,
        0,5,2,3,4,5,6,7,
        0,6,2,2,4,6,6,7,
        0,7,7,7,7,7,7,7]),
    function(v(_,_), [
        0,1,2,3,4,5,6,7,
        1,1,1,1,1,1,1,1,
        2,1,2,3,4,5,6,2,
        3,1,3,3,5,5,5,3,
        4,1,4,5,4,5,6,4,
        5,1,5,5,5,5,5,5,
        6,1,6,5,6,5,6,6,
        7,1,2,3,4,5,6,7]),
    function(c(_), [1,0,0,0,0,0,0,0])]).
interpretation( 8, [number = 1064,seconds = 0], [
    function(^(_,_), [
        0,0,0,0,0,0,0,0,
        0,1,2,3,4,5,6,7,
        0,2,2,2,2,2,2,2,
        0,3,2,3,2,3,2,3,
        0,4,2,2,4,4,6,6,
        0,5,2,3,4,5,6,7,
        0,6,2,2,6,6,6,6,
        0,7,2,3,6,7,6,7]),
    function(v(_,_), [
        0,1,2,3,4,5,6,7,
        1,1,1,1,1,1,1,1,
        2,1,2,3,4,5,6,7,
        3,1,3,3,5,5,7,7,
        4,1,4,5,4,5,4,5,
        5,1,5,5,5,5,5,5,
        6,1,6,7,4,5,6,7,
        7,1,7,7,5,5,7,7]),
    function(c(_), [1,0,0,0,0,0,0,0])]).
interpretation( 8, [number = 1107,seconds = 0], [
    function(^(_,_), [
        0,0,0,0,0,0,0,0,
        0,1,2,3,4,5,6,7,
        0,2,2,2,2,2,2,2,
        0,3,2,3,2,3,3,3,
        0,4,2,2,4,4,4,4,
        0,5,2,3,4,5,5,5,
        0,6,2,3,4,5,6,6,
        0,7,2,3,4,5,6,7]),
    function(v(_,_), [
        0,1,2,3,4,5,6,7,
        1,1,1,1,1,1,1,1,
        2,1,2,3,4,5,6,7,
        3,1,3,3,5,5,6,7,
        4,1,4,5,4,5,6,7,
        5,1,5,5,5,5,6,7,
        6,1,6,6,6,6,6,7,
        7,1,7,7,7,7,7,7]),
    function(c(_), [1,0,0,0,0,0,0,0])]).
interpretation( 8, [number = 1110,seconds = 0], [
    function(^(_,_), [
        0,0,0,0,0,0,0,0,
        0,1,2,3,4,5,6,7,
        0,2,2,2,2,2,2,7,
        0,3,2,3,2,3,3,7,
        0,4,2,2,4,4,4,7,
        0,5,2,3,4,5,5,7,
        0,6,2,3,4,5,6,7,
        0,7,7,7,7,7,7,7]),
    function(v(_,_), [
        0,1,2,3,4,5,6,7,
        1,1,1,1,1,1,1,1,
        2,1,2,3,4,5,6,2,
        3,1,3,3,5,5,6,3,
        4,1,4,5,4,5,6,4,
        5,1,5,5,5,5,6,5,
        6,1,6,6,6,6,6,6,
        7,1,2,3,4,5,6,7]),
    function(c(_), [1,0,0,0,0,0,0,0])]).
interpretation( 8, [number = 1143,seconds = 0], [
    function(^(_,_), [
        0,0,0,0,0,0,0,0,
        0,1,2,3,4,5,6,7,
        0,2,2,2,2,2,6,7,
        0,3,2,3,2,3,6,7,
        0,4,2,2,4,4,6,7,
        0,5,2,3,4,5,6,7,
        0,6,6,6,6,6,6,6,
        0,7,7,7,7,7,6,7]),
    function(v(_,_), [
        0,1,2,3,4,5,6,7,
        1,1,1,1,1,1,1,1,
        2,1,2,3,4,5,2,2,
        3,1,3,3,5,5,3,3,
        4,1,4,5,4,5,4,4,
        5,1,5,5,5,5,5,5,
        6,1,2,3,4,5,6,7,
        7,1,2,3,4,5,7,7]),
    function(c(_), [1,0,0,0,0,0,0,0])]).
interpretation( 8, [number = 1149,seconds = 0], [
    function(^(_,_), [
        0,0,0,0,0,0,0,0,
        0,1,2,3,4,5,6,7,
        0,2,2,2,2,2,6,7,
        0,3,2,3,2,3,6,7,
        0,4,2,2,4,4,6,7,
        0,5,2,3,4,5,6,7,
        0,6,6,6,6,6,6,0,
        0,7,7,7,7,7,0,7]),
    function(v(_,_), [
        0,1,2,3,4,5,6,7,
        1,1,1,1,1,1,1,1,
        2,1,2,3,4,5,2,2,
        3,1,3,3,5,5,3,3,
        4,1,4,5,4,5,4,4,
        5,1,5,5,5,5,5,5,
        6,1,2,3,4,5,6,2,
        7,1,2,3,4,5,2,7]),
    function(c(_), [1,0,0,0,0,0,7,6])]).
interpretation( 8, [number = 1789,seconds = 0], [
    function(^(_,_), [
        0,0,0,0,0,0,0,0,
        0,1,2,3,4,5,6,7,
        0,2,2,2,2,2,2,2,
        0,3,2,3,3,3,3,3,
        0,4,2,3,4,4,4,4,
        0,5,2,3,4,5,5,5,
        0,6,2,3,4,5,6,6,
        0,7,2,3,4,5,6,7]),
    function(v(_,_), [
        0,1,2,3,4,5,6,7,
        1,1,1,1,1,1,1,1,
        2,1,2,3,4,5,6,7,
        3,1,3,3,4,5,6,7,
        4,1,4,4,4,5,6,7,
        5,1,5,5,5,5,6,7,
        6,1,6,6,6,6,6,7,
        7,1,7,7,7,7,7,7]),
    function(c(_), [1,0,0,0,0,0,0,0])]).
interpretation( 8, [number = 1869,seconds = 0], [
    function(^(_,_), [
        0,0,0,0,0,0,0,0,
        0,1,2,3,4,5,6,7,
        0,2,2,2,2,2,6,7,
        0,3,2,3,3,3,6,7,
        0,4,2,3,4,4,6,7,
        0,5,2,3,4,5,6,7,
        0,6,6,6,6,6,6,0,
        0,7,7,7,7,7,0,7]),
    function(v(_,_), [
        0,1,2,3,4,5,6,7,
        1,1,1,1,1,1,1,1,
        2,1,2,3,4,5,2,2,
        3,1,3,3,4,5,3,3,
        4,1,4,4,4,5,4,4,
        5,1,5,5,5,5,5,5,
        6,1,2,3,4,5,6,2,
        7,1,2,3,4,5,2,7]),
    function(c(_), [1,0,0,0,0,0,7,6])]).
interpretation( 8, [number = 2549,seconds = 0], [
    function(^(_,_), [
        0,0,0,0,0,0,0,0,
        0,1,2,3,4,5,6,7,
        0,2,2,2,2,5,6,7,
        0,3,2,3,3,5,6,7,
        0,4,2,3,4,5,6,7,
        0,5,5,5,5,5,0,0,
        0,6,6,6,6,0,6,7,
        0,7,7,7,7,0,7,7]),
    function(v(_,_), [
        0,1,2,3,4,5,6,7,
        1,1,1,1,1,1,1,1,
        2,1,2,3,4,2,2,2,
        3,1,3,3,4,3,3,3,
        4,1,4,4,4,4,4,4,
        5,1,2,3,4,5,2,2,
        6,1,2,3,4,2,6,6,
        7,1,2,3,4,2,6,7]),
    function(c(_), [1,0,0,0,0,6,5,5])]).
interpretation( 8, [number = 2552,seconds = 0], [
    function(^(_,_), [
        0,0,0,0,0,0,0,0,
        0,1,2,3,4,5,6,7,
        0,2,2,2,2,5,7,7,
        0,3,2,3,3,5,6,7,
        0,4,2,3,4,5,6,7,
        0,5,5,5,5,5,0,0,
        0,6,7,6,6,0,6,7,
        0,7,7,7,7,0,7,7]),
    function(v(_,_), [
        0,1,2,3,4,5,6,7,
        1,1,1,1,1,1,1,1,
        2,1,2,3,4,2,3,2,
        3,1,3,3,4,3,3,3,
        4,1,4,4,4,4,4,4,
        5,1,2,3,4,5,3,2,
        6,1,3,3,4,3,6,6,
        7,1,2,3,4,2,6,7]),
    function(c(_), [1,0,0,0,0,6,5,5])]).
interpretation( 8, [number = 2553,seconds = 0], [
    function(^(_,_), [
        0,0,0,0,0,0,0,0,
        0,1,2,3,4,5,6,7,
        0,2,2,2,2,5,7,7,
        0,3,2,3,3,5,7,7,
        0,4,2,3,4,5,6,7,
        0,5,5,5,5,5,0,0,
        0,6,7,7,6,0,6,7,
        0,7,7,7,7,0,7,7]),
    function(v(_,_), [
        0,1,2,3,4,5,6,7,
        1,1,1,1,1,1,1,1,
        2,1,2,3,4,2,4,2,
        3,1,3,3,4,3,4,3,
        4,1,4,4,4,4,4,4,
        5,1,2,3,4,5,4,2,
        6,1,4,4,4,4,6,6,
        7,1,2,3,4,2,6,7]),
    function(c(_), [1,0,0,0,0,6,5,5])]).
interpretation( 8, [number = 2554,seconds = 0], [
    function(^(_,_), [
        0,0,0,0,0,0,0,0,
        0,1,2,3,4,5,6,7,
        0,2,2,2,2,5,7,7,
        0,3,2,3,3,5,7,7,
        0,4,2,3,4,5,7,7,
        0,5,5,5,5,5,0,0,
        0,6,7,7,7,0,6,7,
        0,7,7,7,7,0,7,7]),
    function(v(_,_), [
        0,1,2,3,4,5,6,7,
        1,1,1,1,1,1,1,1,
        2,1,2,3,4,2,1,2,
        3,1,3,3,4,3,1,3,
        4,1,4,4,4,4,1,4,
        5,1,2,3,4,5,1,2,
        6,1,1,1,1,1,6,6,
        7,1,2,3,4,2,6,7]),
    function(c(_), [1,0,0,0,0,6,5,5])]).
interpretation( 8, [number = 5942,seconds = 0], [
    function(^(_,_), [
        0,0,0,0,0,0,0,0,
        0,1,2,3,4,5,6,7,
        0,2,2,2,4,5,6,7,
        0,3,2,3,4,5,6,7,
        0,4,4,4,4,0,0,0,
        0,5,5,5,0,5,6,7,
        0,6,6,6,0,6,6,6,
        0,7,7,7,0,7,6,7]),
    function(v(_,_), [
        0,1,2,3,4,5,6,7,
        1,1,1,1,1,1,1,1,
        2,1,2,3,2,2,2,2,
        3,1,3,3,3,3,3,3,
        4,1,2,3,4,2,2,2,
        5,1,2,3,2,5,5,5,
        6,1,2,3,2,5,6,7,
        7,1,2,3,2,5,7,7]),
    function(c(_), [1,0,0,0,5,4,4,4])]).
interpretation( 8, [number = 5947,seconds = 0], [
    function(^(_,_), [
        0,0,0,0,0,0,0,0,
        0,1,2,3,4,5,6,7,
        0,2,2,2,4,5,6,7,
        0,3,2,3,4,5,6,7,
        0,4,4,4,4,0,0,7,
        0,5,5,5,0,5,6,0,
        0,6,6,6,0,6,6,0,
        0,7,7,7,7,0,0,7]),
    function(v(_,_), [
        0,1,2,3,4,5,6,7,
        1,1,1,1,1,1,1,1,
        2,1,2,3,2,2,2,2,
        3,1,3,3,3,3,3,3,
        4,1,2,3,4,2,2,4,
        5,1,2,3,2,5,5,2,
        6,1,2,3,2,5,6,2,
        7,1,2,3,4,2,2,7]),
    function(c(_), [1,0,0,0,5,4,4,5])]).
interpretation( 8, [number = 5964,seconds = 0], [
    function(^(_,_), [
        0,0,0,0,0,0,0,0,
        0,1,2,3,4,5,6,7,
        0,2,2,2,4,6,6,6,
        0,3,2,3,4,5,6,7,
        0,4,4,4,4,0,0,0,
        0,5,6,5,0,5,6,7,
        0,6,6,6,0,6,6,6,
        0,7,6,7,0,7,6,7]),
    function(v(_,_), [
        0,1,2,3,4,5,6,7,
        1,1,1,1,1,1,1,1,
        2,1,2,3,2,3,2,3,
        3,1,3,3,3,3,3,3,
        4,1,2,3,4,3,2,3,
        5,1,3,3,3,5,5,5,
        6,1,2,3,2,5,6,7,
        7,1,3,3,3,5,7,7]),
    function(c(_), [1,0,0,0,5,4,4,4])]).
interpretation( 8, [number = 5965,seconds = 0], [
    function(^(_,_), [
        0,0,0,0,0,0,0,0,
        0,1,2,3,4,5,6,7,
        0,2,2,2,4,6,6,7,
        0,3,2,3,4,5,6,7,
        0,4,4,4,4,0,0,0,
        0,5,6,5,0,5,6,7,
        0,6,6,6,0,6,6,7,
        0,7,7,7,0,7,7,7]),
    function(v(_,_), [
        0,1,2,3,4,5,6,7,
        1,1,1,1,1,1,1,1,
        2,1,2,3,2,3,2,2,
        3,1,3,3,3,3,3,3,
        4,1,2,3,4,3,2,2,
        5,1,3,3,3,5,5,5,
        6,1,2,3,2,5,6,6,
        7,1,2,3,2,5,6,7]),
    function(c(_), [1,0,0,0,5,4,4,4])]).
interpretation( 8, [number = 5969,seconds = 0], [
    function(^(_,_), [
        0,0,0,0,0,0,0,0,
        0,1,2,3,4,5,6,7,
        0,2,2,2,4,6,6,7,
        0,3,2,3,4,5,6,7,
        0,4,4,4,4,0,0,7,
        0,5,6,5,0,5,6,0,
        0,6,6,6,0,6,6,0,
        0,7,7,7,7,0,0,7]),
    function(v(_,_), [
        0,1,2,3,4,5,6,7,
        1,1,1,1,1,1,1,1,
        2,1,2,3,2,3,2,2,
        3,1,3,3,3,3,3,3,
        4,1,2,3,4,3,2,4,
        5,1,3,3,3,5,5,3,
        6,1,2,3,2,5,6,2,
        7,1,2,3,4,3,2,7]),
    function(c(_), [1,0,0,0,5,4,4,5])]).
interpretation( 8, [number = 5972,seconds = 0], [
    function(^(_,_), [
        0,0,0,0,0,0,0,0,
        0,1,2,3,4,5,6,7,
        0,2,2,2,4,6,6,6,
        0,3,2,3,4,6,6,6,
        0,4,4,4,4,0,0,0,
        0,5,6,6,0,5,6,7,
        0,6,6,6,0,6,6,6,
        0,7,6,6,0,7,6,7]),
    function(v(_,_), [
        0,1,2,3,4,5,6,7,
        1,1,1,1,1,1,1,1,
        2,1,2,3,2,1,2,1,
        3,1,3,3,3,1,3,1,
        4,1,2,3,4,1,2,1,
        5,1,1,1,1,5,5,5,
        6,1,2,3,2,5,6,7,
        7,1,1,1,1,5,7,7]),
    function(c(_), [1,0,0,0,5,4,4,4])]).
interpretation( 8, [number = 5973,seconds = 0], [
    function(^(_,_), [
        0,0,0,0,0,0,0,0,
        0,1,2,3,4,5,6,7,
        0,2,2,2,4,6,6,7,
        0,3,2,3,4,6,6,7,
        0,4,4,4,4,0,0,0,
        0,5,6,6,0,5,6,7,
        0,6,6,6,0,6,6,7,
        0,7,7,7,0,7,7,7]),
    function(v(_,_), [
        0,1,2,3,4,5,6,7,
        1,1,1,1,1,1,1,1,
        2,1,2,3,2,1,2,2,
        3,1,3,3,3,1,3,3,
        4,1,2,3,4,1,2,2,
        5,1,1,1,1,5,5,5,
        6,1,2,3,2,5,6,6,
        7,1,2,3,2,5,6,7]),
    function(c(_), [1,0,0,0,5,4,4,4])]).
interpretation( 8, [number = 5977,seconds = 0], [
    function(^(_,_), [
        0,0,0,0,0,0,0,0,
        0,1,2,3,4,5,6,7,
        0,2,2,2,4,6,6,7,
        0,3,2,3,4,6,6,7,
        0,4,4,4,4,0,0,7,
        0,5,6,6,0,5,6,0,
        0,6,6,6,0,6,6,0,
        0,7,7,7,7,0,0,7]),
    function(v(_,_), [
        0,1,2,3,4,5,6,7,
        1,1,1,1,1,1,1,1,
        2,1,2,3,2,1,2,2,
        3,1,3,3,3,1,3,3,
        4,1,2,3,4,1,2,4,
        5,1,1,1,1,5,5,1,
        6,1,2,3,2,5,6,2,
        7,1,2,3,4,1,2,7]),
    function(c(_), [1,0,0,0,5,4,4,5])]).
interpretation( 8, [number = 5981,seconds = 0], [
    function(^(_,_), [
        0,0,0,0,0,0,0,0,
        0,1,2,3,4,5,6,7,
        0,2,2,2,4,6,6,6,
        0,3,2,3,4,7,6,7,
        0,4,4,4,4,0,0,0,
        0,5,6,7,0,5,6,7,
        0,6,6,6,0,6,6,6,
        0,7,6,7,0,7,6,7]),
    function(v(_,_), [
        0,1,2,3,4,5,6,7,
        1,1,1,1,1,1,1,1,
        2,1,2,3,2,1,2,3,
        3,1,3,3,3,1,3,3,
        4,1,2,3,4,1,2,3,
        5,1,1,1,1,5,5,5,
        6,1,2,3,2,5,6,7,
        7,1,3,3,3,5,7,7]),
    function(c(_), [1,0,0,0,5,4,4,4])]).
interpretation( 8, [number = 6010,seconds = 0], [
    function(^(_,_), [
        0,0,0,0,0,0,0,0,
        0,1,2,3,4,5,6,7,
        0,2,2,2,4,7,4,7,
        0,3,2,3,4,5,4,7,
        0,4,4,4,4,0,4,0,
        0,5,7,5,0,5,0,7,
        0,6,4,4,4,0,6,0,
        0,7,7,7,0,7,0,7]),
    function(v(_,_), [
        0,1,2,3,4,5,6,7,
        1,1,1,1,1,1,1,1,
        2,1,2,3,2,3,1,2,
        3,1,3,3,3,3,1,3,
        4,1,2,3,4,3,6,2,
        5,1,3,3,3,5,1,5,
        6,1,1,1,6,1,6,1,
        7,1,2,3,2,5,1,7]),
    function(c(_), [1,0,0,0,5,6,5,6])]).
interpretation( 8, [number = 6011,seconds = 0], [
    function(^(_,_), [
        0,0,0,0,0,0,0,0,
        0,1,2,3,4,5,6,7,
        0,2,2,2,4,7,4,7,
        0,3,2,3,4,5,6,7,
        0,4,4,4,4,0,4,0,
        0,5,7,5,0,5,0,7,
        0,6,4,6,4,0,6,0,
        0,7,7,7,0,7,0,7]),
    function(v(_,_), [
        0,1,2,3,4,5,6,7,
        1,1,1,1,1,1,1,1,
        2,1,2,3,2,3,3,2,
        3,1,3,3,3,3,3,3,
        4,1,2,3,4,3,6,2,
        5,1,3,3,3,5,3,5,
        6,1,3,3,6,3,6,3,
        7,1,2,3,2,5,3,7]),
    function(c(_), [1,0,0,0,5,6,5,6])]).
interpretation( 8, [number = 6013,seconds = 0], [
    function(^(_,_), [
        0,0,0,0,0,0,0,0,
        0,1,2,3,4,5,6,7,
        0,2,2,2,4,7,4,7,
        0,3,2,3,4,7,4,7,
        0,4,4,4,4,0,4,0,
        0,5,7,7,0,5,0,7,
        0,6,4,4,4,0,6,0,
        0,7,7,7,0,7,0,7]),
    function(v(_,_), [
        0,1,2,3,4,5,6,7,
        1,1,1,1,1,1,1,1,
        2,1,2,3,2,1,1,2,
        3,1,3,3,3,1,1,3,
        4,1,2,3,4,1,6,2,
        5,1,1,1,1,5,1,5,
        6,1,1,1,6,1,6,1,
        7,1,2,3,2,5,1,7]),
    function(c(_), [1,0,0,0,5,6,5,6])]).
interpretation( 8, [number = 13288,seconds = 1], [
    function(^(_,_), [
        0,0,0,0,0,0,0,0,
        0,1,2,3,4,5,6,7,
        0,2,2,3,4,5,6,7,
        0,3,3,3,0,0,0,0,
        0,4,4,0,4,5,6,7,
        0,5,5,0,5,5,5,5,
        0,6,6,0,6,5,6,5,
        0,7,7,0,7,5,5,7]),
    function(v(_,_), [
        0,1,2,3,4,5,6,7,
        1,1,1,1,1,1,1,1,
        2,1,2,2,2,2,2,2,
        3,1,2,3,2,2,2,2,
        4,1,2,2,4,4,4,4,
        5,1,2,2,4,5,6,7,
        6,1,2,2,4,6,6,4,
        7,1,2,2,4,7,4,7]),
    function(c(_), [1,0,0,4,3,3,3,3])]).
interpretation( 8, [number = 13289,seconds = 1], [
    function(^(_,_), [
        0,0,0,0,0,0,0,0,
        0,1,2,3,4,5,6,7,
        0,2,2,3,4,5,6,7,
        0,3,3,3,0,0,0,0,
        0,4,4,0,4,5,6,7,
        0,5,5,0,5,5,5,5,
        0,6,6,0,6,5,6,6,
        0,7,7,0,7,5,6,7]),
    function(v(_,_), [
        0,1,2,3,4,5,6,7,
        1,1,1,1,1,1,1,1,
        2,1,2,2,2,2,2,2,
        3,1,2,3,2,2,2,2,
        4,1,2,2,4,4,4,4,
        5,1,2,2,4,5,6,7,
        6,1,2,2,4,6,6,7,
        7,1,2,2,4,7,7,7]),
    function(c(_), [1,0,0,4,3,3,3,3])]).
interpretation( 8, [number = 13293,seconds = 1], [
    function(^(_,_), [
        0,0,0,0,0,0,0,0,
        0,1,2,3,4,5,6,7,
        0,2,2,3,4,5,6,7,
        0,3,3,3,0,0,0,7,
        0,4,4,0,4,5,6,0,
        0,5,5,0,5,5,5,0,
        0,6,6,0,6,5,6,0,
        0,7,7,7,0,0,0,7]),
    function(v(_,_), [
        0,1,2,3,4,5,6,7,
        1,1,1,1,1,1,1,1,
        2,1,2,2,2,2,2,2,
        3,1,2,3,2,2,2,3,
        4,1,2,2,4,4,4,2,
        5,1,2,2,4,5,6,2,
        6,1,2,2,4,6,6,2,
        7,1,2,3,2,2,2,7]),
    function(c(_), [1,0,0,4,3,3,3,4])]).
interpretation( 8, [number = 13403,seconds = 1], [
    function(^(_,_), [
        0,0,0,0,0,0,0,0,
        0,1,2,3,4,5,6,7,
        0,2,2,3,5,5,5,5,
        0,3,3,3,0,0,0,0,
        0,4,5,0,4,5,6,7,
        0,5,5,0,5,5,5,5,
        0,6,5,0,6,5,6,5,
        0,7,5,0,7,5,5,7]),
    function(v(_,_), [
        0,1,2,3,4,5,6,7,
        1,1,1,1,1,1,1,1,
        2,1,2,2,1,2,1,1,
        3,1,2,3,1,2,1,1,
        4,1,1,1,4,4,4,4,
        5,1,2,2,4,5,6,7,
        6,1,1,1,4,6,6,4,
        7,1,1,1,4,7,4,7]),
    function(c(_), [1,0,0,4,3,3,3,3])]).
interpretation( 8, [number = 13404,seconds = 1], [
    function(^(_,_), [
        0,0,0,0,0,0,0,0,
        0,1,2,3,4,5,6,7,
        0,2,2,3,5,5,5,5,
        0,3,3,3,0,0,0,0,
        0,4,5,0,4,5,6,7,
        0,5,5,0,5,5,5,5,
        0,6,5,0,6,5,6,6,
        0,7,5,0,7,5,6,7]),
    function(v(_,_), [
        0,1,2,3,4,5,6,7,
        1,1,1,1,1,1,1,1,
        2,1,2,2,1,2,1,1,
        3,1,2,3,1,2,1,1,
        4,1,1,1,4,4,4,4,
        5,1,2,2,4,5,6,7,
        6,1,1,1,4,6,6,7,
        7,1,1,1,4,7,7,7]),
    function(c(_), [1,0,0,4,3,3,3,3])]).
interpretation( 8, [number = 13406,seconds = 1], [
    function(^(_,_), [
        0,0,0,0,0,0,0,0,
        0,1,2,3,4,5,6,7,
        0,2,2,3,5,5,5,7,
        0,3,3,3,0,0,0,0,
        0,4,5,0,4,5,6,7,
        0,5,5,0,5,5,5,7,
        0,6,5,0,6,5,6,7,
        0,7,7,0,7,7,7,7]),
    function(v(_,_), [
        0,1,2,3,4,5,6,7,
        1,1,1,1,1,1,1,1,
        2,1,2,2,1,2,1,2,
        3,1,2,3,1,2,1,2,
        4,1,1,1,4,4,4,4,
        5,1,2,2,4,5,6,5,
        6,1,1,1,4,6,6,6,
        7,1,2,2,4,5,6,7]),
    function(c(_), [1,0,0,4,3,3,3,3])]).
interpretation( 8, [number = 13408,seconds = 1], [
    function(^(_,_), [
        0,0,0,0,0,0,0,0,
        0,1,2,3,4,5,6,7,
        0,2,2,3,5,5,5,7,
        0,3,3,3,0,0,0,7,
        0,4,5,0,4,5,6,0,
        0,5,5,0,5,5,5,0,
        0,6,5,0,6,5,6,0,
        0,7,7,7,0,0,0,7]),
    function(v(_,_), [
        0,1,2,3,4,5,6,7,
        1,1,1,1,1,1,1,1,
        2,1,2,2,1,2,1,2,
        3,1,2,3,1,2,1,3,
        4,1,1,1,4,4,4,1,
        5,1,2,2,4,5,6,2,
        6,1,1,1,4,6,6,1,
        7,1,2,3,1,2,1,7]),
    function(c(_), [1,0,0,4,3,3,3,4])]).
interpretation( 8, [number = 13411,seconds = 1], [
    function(^(_,_), [
        0,0,0,0,0,0,0,0,
        0,1,2,3,4,5,6,7,
        0,2,2,3,5,5,6,6,
        0,3,3,3,0,0,0,0,
        0,4,5,0,4,5,6,7,
        0,5,5,0,5,5,6,6,
        0,6,6,0,6,6,6,6,
        0,7,6,0,7,6,6,7]),
    function(v(_,_), [
        0,1,2,3,4,5,6,7,
        1,1,1,1,1,1,1,1,
        2,1,2,2,1,2,2,1,
        3,1,2,3,1,2,2,1,
        4,1,1,1,4,4,4,4,
        5,1,2,2,4,5,5,4,
        6,1,2,2,4,5,6,7,
        7,1,1,1,4,4,7,7]),
    function(c(_), [1,0,0,4,3,3,3,3])]).
interpretation( 8, [number = 13412,seconds = 1], [
    function(^(_,_), [
        0,0,0,0,0,0,0,0,
        0,1,2,3,4,5,6,7,
        0,2,2,3,5,5,6,7,
        0,3,3,3,0,0,0,0,
        0,4,5,0,4,5,6,7,
        0,5,5,0,5,5,6,7,
        0,6,6,0,6,6,6,6,
        0,7,7,0,7,7,6,7]),
    function(v(_,_), [
        0,1,2,3,4,5,6,7,
        1,1,1,1,1,1,1,1,
        2,1,2,2,1,2,2,2,
        3,1,2,3,1,2,2,2,
        4,1,1,1,4,4,4,4,
        5,1,2,2,4,5,5,5,
        6,1,2,2,4,5,6,7,
        7,1,2,2,4,5,7,7]),
    function(c(_), [1,0,0,4,3,3,3,3])]).
interpretation( 8, [number = 13415,seconds = 1], [
    function(^(_,_), [
        0,0,0,0,0,0,0,0,
        0,1,2,3,4,5,6,7,
        0,2,2,3,5,5,6,7,
        0,3,3,3,0,0,0,7,
        0,4,5,0,4,5,6,0,
        0,5,5,0,5,5,6,0,
        0,6,6,0,6,6,6,0,
        0,7,7,7,0,0,0,7]),
    function(v(_,_), [
        0,1,2,3,4,5,6,7,
        1,1,1,1,1,1,1,1,
        2,1,2,2,1,2,2,2,
        3,1,2,3,1,2,2,3,
        4,1,1,1,4,4,4,1,
        5,1,2,2,4,5,5,2,
        6,1,2,2,4,5,6,2,
        7,1,2,3,1,2,2,7]),
    function(c(_), [1,0,0,4,3,3,3,4])]).
interpretation( 8, [number = 13426,seconds = 1], [
    function(^(_,_), [
        0,0,0,0,0,0,0,0,
        0,1,2,3,4,5,6,7,
        0,2,2,3,5,5,6,7,
        0,3,3,3,0,0,6,7,
        0,4,5,0,4,5,0,0,
        0,5,5,0,5,5,0,0,
        0,6,6,6,0,0,6,6,
        0,7,7,7,0,0,6,7]),
    function(v(_,_), [
        0,1,2,3,4,5,6,7,
        1,1,1,1,1,1,1,1,
        2,1,2,2,1,2,2,2,
        3,1,2,3,1,2,3,3,
        4,1,1,1,4,4,1,1,
        5,1,2,2,4,5,2,2,
        6,1,2,3,1,2,6,7,
        7,1,2,3,1,2,7,7]),
    function(c(_), [1,0,0,4,3,3,4,4])]).
interpretation( 8, [number = 13544,seconds = 1], [
    function(^(_,_), [
        0,0,0,0,0,0,0,0,
        0,1,2,3,4,5,6,7,
        0,2,2,3,6,3,6,6,
        0,3,3,3,0,3,0,0,
        0,4,6,0,4,0,6,7,
        0,5,3,3,0,5,0,0,
        0,6,6,0,6,0,6,6,
        0,7,6,0,7,0,6,7]),
    function(v(_,_), [
        0,1,2,3,4,5,6,7,
        1,1,1,1,1,1,1,1,
        2,1,2,2,1,1,2,1,
        3,1,2,3,1,5,2,1,
        4,1,1,1,4,1,4,4,
        5,1,1,5,1,5,1,1,
        6,1,2,2,4,1,6,7,
        7,1,1,1,4,1,7,7]),
    function(c(_), [1,0,0,4,5,4,5,5])]).
interpretation( 8, [number = 13545,seconds = 1], [
    function(^(_,_), [
        0,0,0,0,0,0,0,0,
        0,1,2,3,4,5,6,7,
        0,2,2,3,6,3,6,7,
        0,3,3,3,0,3,0,0,
        0,4,6,0,4,0,6,7,
        0,5,3,3,0,5,0,0,
        0,6,6,0,6,0,6,7,
        0,7,7,0,7,0,7,7]),
    function(v(_,_), [
        0,1,2,3,4,5,6,7,
        1,1,1,1,1,1,1,1,
        2,1,2,2,1,1,2,2,
        3,1,2,3,1,5,2,2,
        4,1,1,1,4,1,4,4,
        5,1,1,5,1,5,1,1,
        6,1,2,2,4,1,6,6,
        7,1,2,2,4,1,6,7]),
    function(c(_), [1,0,0,4,5,4,5,5])]).
interpretation( 8, [number = 13706,seconds = 1], [
    function(^(_,_), [
        0,0,0,0,0,0,0,0,
        0,1,2,3,4,5,6,7,
        0,2,2,0,0,0,0,0,
        0,3,0,3,4,5,6,7,
        0,4,0,4,4,4,4,4,
        0,5,0,5,4,5,4,4,
        0,6,0,6,4,4,6,4,
        0,7,0,7,4,4,4,7]),
    function(v(_,_), [
        0,1,2,3,4,5,6,7,
        1,1,1,1,1,1,1,1,
        2,1,2,1,1,1,1,1,
        3,1,1,3,3,3,3,3,
        4,1,1,3,4,5,6,7,
        5,1,1,3,5,5,3,3,
        6,1,1,3,6,3,6,3,
        7,1,1,3,7,3,3,7]),
    function(c(_), [1,0,3,2,2,2,2,2])]).
interpretation( 8, [number = 13707,seconds = 1], [
    function(^(_,_), [
        0,0,0,0,0,0,0,0,
        0,1,2,3,4,5,6,7,
        0,2,2,0,0,0,0,0,
        0,3,0,3,4,5,6,7,
        0,4,0,4,4,4,4,4,
        0,5,0,5,4,5,4,4,
        0,6,0,6,4,4,6,6,
        0,7,0,7,4,4,6,7]),
    function(v(_,_), [
        0,1,2,3,4,5,6,7,
        1,1,1,1,1,1,1,1,
        2,1,2,1,1,1,1,1,
        3,1,1,3,3,3,3,3,
        4,1,1,3,4,5,6,7,
        5,1,1,3,5,5,3,3,
        6,1,1,3,6,3,6,7,
        7,1,1,3,7,3,7,7]),
    function(c(_), [1,0,3,2,2,2,2,2])]).
interpretation( 8, [number = 13711,seconds = 1], [
    function(^(_,_), [
        0,0,0,0,0,0,0,0,
        0,1,2,3,4,5,6,7,
        0,2,2,0,0,0,0,0,
        0,3,0,3,4,5,6,7,
        0,4,0,4,4,4,4,7,
        0,5,0,5,4,5,4,7,
        0,6,0,6,4,4,6,7,
        0,7,0,7,7,7,7,7]),
    function(v(_,_), [
        0,1,2,3,4,5,6,7,
        1,1,1,1,1,1,1,1,
        2,1,2,1,1,1,1,1,
        3,1,1,3,3,3,3,3,
        4,1,1,3,4,5,6,4,
        5,1,1,3,5,5,3,5,
        6,1,1,3,6,3,6,6,
        7,1,1,3,4,5,6,7]),
    function(c(_), [1,0,3,2,2,2,2,2])]).
interpretation( 8, [number = 13712,seconds = 1], [
    function(^(_,_), [
        0,0,0,0,0,0,0,0,
        0,1,2,3,4,5,6,7,
        0,2,2,0,0,0,0,7,
        0,3,0,3,4,5,6,0,
        0,4,0,4,4,4,4,0,
        0,5,0,5,4,5,4,0,
        0,6,0,6,4,4,6,0,
        0,7,7,0,0,0,0,7]),
    function(v(_,_), [
        0,1,2,3,4,5,6,7,
        1,1,1,1,1,1,1,1,
        2,1,2,1,1,1,1,2,
        3,1,1,3,3,3,3,1,
        4,1,1,3,4,5,6,1,
        5,1,1,3,5,5,3,1,
        6,1,1,3,6,3,6,1,
        7,1,2,1,1,1,1,7]),
    function(c(_), [1,0,3,2,2,2,2,3])]).
interpretation( 8, [number = 13713,seconds = 1], [
    function(^(_,_), [
        0,0,0,0,0,0,0,0,
        0,1,2,3,4,5,6,7,
        0,2,2,0,0,0,0,0,
        0,3,0,3,4,5,6,7,
        0,4,0,4,4,4,4,4,
        0,5,0,5,4,5,4,5,
        0,6,0,6,4,4,6,6,
        0,7,0,7,4,5,6,7]),
    function(v(_,_), [
        0,1,2,3,4,5,6,7,
        1,1,1,1,1,1,1,1,
        2,1,2,1,1,1,1,1,
        3,1,1,3,3,3,3,3,
        4,1,1,3,4,5,6,7,
        5,1,1,3,5,5,7,7,
        6,1,1,3,6,7,6,7,
        7,1,1,3,7,7,7,7]),
    function(c(_), [1,0,3,2,2,2,2,2])]).
interpretation( 8, [number = 13717,seconds = 1], [
    function(^(_,_), [
        0,0,0,0,0,0,0,0,
        0,1,2,3,4,5,6,7,
        0,2,2,0,0,0,0,0,
        0,3,0,3,4,5,6,7,
        0,4,0,4,4,4,4,4,
        0,5,0,5,4,5,5,5,
        0,6,0,6,4,5,6,6,
        0,7,0,7,4,5,6,7]),
    function(v(_,_), [
        0,1,2,3,4,5,6,7,
        1,1,1,1,1,1,1,1,
        2,1,2,1,1,1,1,1,
        3,1,1,3,3,3,3,3,
        4,1,1,3,4,5,6,7,
        5,1,1,3,5,5,6,7,
        6,1,1,3,6,6,6,7,
        7,1,1,3,7,7,7,7]),
    function(c(_), [1,0,3,2,2,2,2,2])]).
interpretation( 8, [number = 13721,seconds = 1], [
    function(^(_,_), [
        0,0,0,0,0,0,0,0,
        0,1,2,3,4,5,6,7,
        0,2,2,0,0,0,0,7,
        0,3,0,3,4,5,6,0,
        0,4,0,4,4,4,4,0,
        0,5,0,5,4,5,5,0,
        0,6,0,6,4,5,6,0,
        0,7,7,0,0,0,0,7]),
    function(v(_,_), [
        0,1,2,3,4,5,6,7,
        1,1,1,1,1,1,1,1,
        2,1,2,1,1,1,1,2,
        3,1,1,3,3,3,3,1,
        4,1,1,3,4,5,6,1,
        5,1,1,3,5,5,6,1,
        6,1,1,3,6,6,6,1,
        7,1,2,1,1,1,1,7]),
    function(c(_), [1,0,3,2,2,2,2,3])]).
interpretation( 8, [number = 13743,seconds = 1], [
    function(^(_,_), [
        0,0,0,0,0,0,0,0,
        0,1,2,3,4,5,6,7,
        0,2,2,0,0,0,6,7,
        0,3,0,3,4,5,0,0,
        0,4,0,4,4,4,0,0,
        0,5,0,5,4,5,0,0,
        0,6,6,0,0,0,6,6,
        0,7,7,0,0,0,6,7]),
    function(v(_,_), [
        0,1,2,3,4,5,6,7,
        1,1,1,1,1,1,1,1,
        2,1,2,1,1,1,2,2,
        3,1,1,3,3,3,1,1,
        4,1,1,3,4,5,1,1,
        5,1,1,3,5,5,1,1,
        6,1,2,1,1,1,6,7,
        7,1,2,1,1,1,7,7]),
    function(c(_), [1,0,3,2,2,2,3,3])]).
interpretation( 8, [number = 14154,seconds = 1], [
    function(^(_,_), [
        0,0,0,0,0,0,0,0,
        0,1,2,3,4,5,6,7,
        0,2,2,0,0,2,0,2,
        0,3,0,3,4,6,6,4,
        0,4,0,4,4,0,0,4,
        0,5,2,6,0,5,6,2,
        0,6,0,6,0,6,6,0,
        0,7,2,4,4,2,0,7]),
    function(v(_,_), [
        0,1,2,3,4,5,6,7,
        1,1,1,1,1,1,1,1,
        2,1,2,1,7,5,5,7,
        3,1,1,3,3,1,3,1,
        4,1,7,3,4,1,3,7,
        5,1,5,1,1,5,5,1,
        6,1,5,3,3,5,6,1,
        7,1,7,1,7,1,1,7]),
    function(c(_), [1,0,3,2,5,4,7,6])]).
% isofilter: input=14550, kept=99, checks=16025, perms=325513, 2.04 seconds.
