interpretation( 6, [number = 1,seconds = 0], [
    function(^(_,_), [
        0,0,0,0,0,0,
        0,1,2,3,4,5,
        0,2,2,2,2,2,
        0,3,2,3,2,2,
        0,4,2,2,4,2,
        0,5,2,2,2,5]),
    function(v(_,_), [
        0,1,2,3,4,5,
        1,1,1,1,1,1,
        2,1,2,3,4,5,
        3,1,3,3,1,1,
        4,1,4,1,4,1,
        5,1,5,1,1,5]),
    function(c(_), [1,0,0,0,0,0])]).
interpretation( 6, [number = 2,seconds = 0], [
    function(^(_,_), [
        0,0,0,0,0,0,
        0,1,2,3,4,5,
        0,2,2,2,2,2,
        0,3,2,3,2,2,
        0,4,2,2,4,4,
        0,5,2,2,4,5]),
    function(v(_,_), [
        0,1,2,3,4,5,
        1,1,1,1,1,1,
        2,1,2,3,4,5,
        3,1,3,3,1,1,
        4,1,4,1,4,5,
        5,1,5,1,5,5]),
    function(c(_), [1,0,0,0,0,0])]).
interpretation( 6, [number = 6,seconds = 0], [
    function(^(_,_), [
        0,0,0,0,0,0,
        0,1,2,3,4,5,
        0,2,2,2,2,5,
        0,3,2,3,2,5,
        0,4,2,2,4,5,
        0,5,5,5,5,5]),
    function(v(_,_), [
        0,1,2,3,4,5,
        1,1,1,1,1,1,
        2,1,2,3,4,2,
        3,1,3,3,1,3,
        4,1,4,1,4,4,
        5,1,2,3,4,5]),
    function(c(_), [1,0,0,0,0,0])]).
interpretation( 6, [number = 7,seconds = 0], [
    function(^(_,_), [
        0,0,0,0,0,0,
        0,1,2,3,4,5,
        0,2,2,2,2,2,
        0,3,2,3,2,3,
        0,4,2,2,4,4,
        0,5,2,3,4,5]),
    function(v(_,_), [
        0,1,2,3,4,5,
        1,1,1,1,1,1,
        2,1,2,3,4,5,
        3,1,3,3,5,5,
        4,1,4,5,4,5,
        5,1,5,5,5,5]),
    function(c(_), [1,0,0,0,0,0])]).
interpretation( 6, [number = 11,seconds = 0], [
    function(^(_,_), [
        0,0,0,0,0,0,
        0,1,2,3,4,5,
        0,2,2,2,2,2,
        0,3,2,3,3,3,
        0,4,2,3,4,4,
        0,5,2,3,4,5]),
    function(v(_,_), [
        0,1,2,3,4,5,
        1,1,1,1,1,1,
        2,1,2,3,4,5,
        3,1,3,3,4,5,
        4,1,4,4,4,5,
        5,1,5,5,5,5]),
    function(c(_), [1,0,0,0,0,0])]).
interpretation( 6, [number = 32,seconds = 0], [
    function(^(_,_), [
        0,0,0,0,0,0,
        0,1,2,3,4,5,
        0,2,2,2,4,5,
        0,3,2,3,4,5,
        0,4,4,4,4,0,
        0,5,5,5,0,5]),
    function(v(_,_), [
        0,1,2,3,4,5,
        1,1,1,1,1,1,
        2,1,2,3,2,2,
        3,1,3,3,3,3,
        4,1,2,3,4,2,
        5,1,2,3,2,5]),
    function(c(_), [1,0,0,0,5,4])]).
interpretation( 6, [number = 73,seconds = 0], [
    function(^(_,_), [
        0,0,0,0,0,0,
        0,1,2,3,4,5,
        0,2,2,3,4,5,
        0,3,3,3,0,0,
        0,4,4,0,4,5,
        0,5,5,0,5,5]),
    function(v(_,_), [
        0,1,2,3,4,5,
        1,1,1,1,1,1,
        2,1,2,2,2,2,
        3,1,2,3,2,2,
        4,1,2,2,4,4,
        5,1,2,2,4,5]),
    function(c(_), [1,0,0,4,3,3])]).
interpretation( 6, [number = 76,seconds = 0], [
    function(^(_,_), [
        0,0,0,0,0,0,
        0,1,2,3,4,5,
        0,2,2,3,5,5,
        0,3,3,3,0,0,
        0,4,5,0,4,5,
        0,5,5,0,5,5]),
    function(v(_,_), [
        0,1,2,3,4,5,
        1,1,1,1,1,1,
        2,1,2,2,1,2,
        3,1,2,3,1,2,
        4,1,1,1,4,4,
        5,1,2,2,4,5]),
    function(c(_), [1,0,0,4,3,3])]).
interpretation( 6, [number = 82,seconds = 0], [
    function(^(_,_), [
        0,0,0,0,0,0,
        0,1,2,3,4,5,
        0,2,2,0,0,0,
        0,3,0,3,4,5,
        0,4,0,4,4,4,
        0,5,0,5,4,5]),
    function(v(_,_), [
        0,1,2,3,4,5,
        1,1,1,1,1,1,
        2,1,2,1,1,1,
        3,1,1,3,3,3,
        4,1,1,3,4,5,
        5,1,1,3,5,5]),
    function(c(_), [1,0,3,2,2,2])]).
interpretation( 6, [number = 84,seconds = 0], [
    function(^(_,_), [
        0,0,0,0,0,0,
        0,1,2,3,4,5,
        0,2,2,0,0,5,
        0,3,0,3,4,0,
        0,4,0,4,4,0,
        0,5,5,0,0,5]),
    function(v(_,_), [
        0,1,2,3,4,5,
        1,1,1,1,1,1,
        2,1,2,1,1,2,
        3,1,1,3,3,1,
        4,1,1,3,4,1,
        5,1,2,1,1,5]),
    function(c(_), [1,0,3,2,2,3])]).
% isofilter: input=97, kept=10, checks=87, perms=392, 0.01 seconds.
