interpretation( 5, [number = 1,seconds = 0], [
    function(^(_,_), [
        0,0,0,0,0,
        0,1,2,3,4,
        0,2,2,0,0,
        0,3,0,3,0,
        0,4,0,0,4]),
    function(v(_,_), [
        0,1,2,3,4,
        1,1,1,1,1,
        2,1,2,1,1,
        3,1,1,3,1,
        4,1,1,1,4]),
    function(c(_), [1,0,0,0,0])]).
interpretation( 5, [number = 2,seconds = 0], [
    function(^(_,_), [
        0,0,0,0,0,
        0,1,2,3,4,
        0,2,2,0,0,
        0,3,0,3,3,
        0,4,0,3,4]),
    function(v(_,_), [
        0,1,2,3,4,
        1,1,1,1,1,
        2,1,2,1,1,
        3,1,1,3,4,
        4,1,1,4,4]),
    function(c(_), [1,0,0,0,0])]).
interpretation( 5, [number = 6,seconds = 0], [
    function(^(_,_), [
        0,0,0,0,0,
        0,1,2,3,4,
        0,2,2,0,2,
        0,3,0,3,3,
        0,4,2,3,4]),
    function(v(_,_), [
        0,1,2,3,4,
        1,1,1,1,1,
        2,1,2,4,4,
        3,1,4,3,4,
        4,1,4,4,4]),
    function(c(_), [1,0,0,0,0])]).
interpretation( 5, [number = 9,seconds = 0], [
    function(^(_,_), [
        0,0,0,0,0,
        0,1,2,3,4,
        0,2,2,2,2,
        0,3,2,3,2,
        0,4,2,2,4]),
    function(v(_,_), [
        0,1,2,3,4,
        1,1,1,1,1,
        2,1,2,3,4,
        3,1,3,3,1,
        4,1,4,1,4]),
    function(c(_), [1,0,0,0,0])]).
interpretation( 5, [number = 10,seconds = 0], [
    function(^(_,_), [
        0,0,0,0,0,
        0,1,2,3,4,
        0,2,2,2,2,
        0,3,2,3,3,
        0,4,2,3,4]),
    function(v(_,_), [
        0,1,2,3,4,
        1,1,1,1,1,
        2,1,2,3,4,
        3,1,3,3,4,
        4,1,4,4,4]),
    function(c(_), [1,0,0,0,0])]).
interpretation( 5, [number = 20,seconds = 0], [
    function(^(_,_), [
        0,0,0,0,0,
        0,1,2,3,4,
        0,2,2,0,0,
        0,3,0,3,0,
        0,4,0,0,4]),
    function(v(_,_), [
        0,1,2,3,4,
        1,1,1,1,1,
        2,1,2,1,1,
        3,1,1,3,1,
        4,1,1,1,4]),
    function(c(_), [1,0,0,4,3])]).
interpretation( 5, [number = 21,seconds = 0], [
    function(^(_,_), [
        0,0,0,0,0,
        0,1,2,3,4,
        0,2,2,0,4,
        0,3,0,3,0,
        0,4,4,0,4]),
    function(v(_,_), [
        0,1,2,3,4,
        1,1,1,1,1,
        2,1,2,1,2,
        3,1,1,3,1,
        4,1,2,1,4]),
    function(c(_), [1,0,0,4,3])]).
interpretation( 5, [number = 23,seconds = 0], [
    function(^(_,_), [
        0,0,0,0,0,
        0,1,2,3,4,
        0,2,2,3,4,
        0,3,3,3,0,
        0,4,4,0,4]),
    function(v(_,_), [
        0,1,2,3,4,
        1,1,1,1,1,
        2,1,2,2,2,
        3,1,2,3,2,
        4,1,2,2,4]),
    function(c(_), [1,0,0,4,3])]).
interpretation( 5, [number = 27,seconds = 0], [
    function(^(_,_), [
        0,0,0,0,0,
        0,1,2,3,4,
        0,2,2,0,0,
        0,3,0,3,4,
        0,4,0,4,4]),
    function(v(_,_), [
        0,1,2,3,4,
        1,1,1,1,1,
        2,1,2,1,1,
        3,1,1,3,3,
        4,1,1,3,4]),
    function(c(_), [1,0,3,2,2])]).
% isofilter: input=30, kept=9, checks=21, perms=40, 0.00 seconds.
