interpretation( 7, [number = 1,seconds = 0], [
    function(^(_,_), [
        0,0,0,0,0,0,0,
        0,1,2,3,4,5,6,
        0,2,2,0,0,0,0,
        0,3,0,3,0,0,0,
        0,4,0,0,4,0,0,
        0,5,0,0,0,5,0,
        0,6,0,0,0,0,6]),
    function(v(_,_), [
        0,1,2,3,4,5,6,
        1,1,1,1,1,1,1,
        2,1,2,1,1,1,1,
        3,1,1,3,1,1,1,
        4,1,1,1,4,1,1,
        5,1,1,1,1,5,1,
        6,1,1,1,1,1,6]),
    function(c(_), [1,0,0,0,0,0,0])]).
interpretation( 7, [number = 2,seconds = 0], [
    function(^(_,_), [
        0,0,0,0,0,0,0,
        0,1,2,3,4,5,6,
        0,2,2,0,0,0,0,
        0,3,0,3,0,0,0,
        0,4,0,0,4,0,0,
        0,5,0,0,0,5,5,
        0,6,0,0,0,5,6]),
    function(v(_,_), [
        0,1,2,3,4,5,6,
        1,1,1,1,1,1,1,
        2,1,2,1,1,1,1,
        3,1,1,3,1,1,1,
        4,1,1,1,4,1,1,
        5,1,1,1,1,5,6,
        6,1,1,1,1,6,6]),
    function(c(_), [1,0,0,0,0,0,0])]).
interpretation( 7, [number = 10,seconds = 0], [
    function(^(_,_), [
        0,0,0,0,0,0,0,
        0,1,2,3,4,5,6,
        0,2,2,0,0,0,0,
        0,3,0,3,0,0,0,
        0,4,0,0,4,0,0,
        0,5,0,0,0,5,0,
        0,6,0,0,0,0,6]),
    function(v(_,_), [
        0,1,2,3,4,5,6,
        1,1,1,1,1,1,1,
        2,1,2,1,1,1,1,
        3,1,1,3,1,1,1,
        4,1,1,1,4,1,1,
        5,1,1,1,1,5,1,
        6,1,1,1,1,1,6]),
    function(c(_), [1,0,0,0,0,6,5])]).
interpretation( 7, [number = 11,seconds = 0], [
    function(^(_,_), [
        0,0,0,0,0,0,0,
        0,1,2,3,4,5,6,
        0,2,2,0,0,0,0,
        0,3,0,3,0,0,0,
        0,4,0,0,4,0,6,
        0,5,0,0,0,5,0,
        0,6,0,0,6,0,6]),
    function(v(_,_), [
        0,1,2,3,4,5,6,
        1,1,1,1,1,1,1,
        2,1,2,1,1,1,1,
        3,1,1,3,1,1,1,
        4,1,1,1,4,1,4,
        5,1,1,1,1,5,1,
        6,1,1,1,4,1,6]),
    function(c(_), [1,0,0,0,0,6,5])]).
interpretation( 7, [number = 14,seconds = 0], [
    function(^(_,_), [
        0,0,0,0,0,0,0,
        0,1,2,3,4,5,6,
        0,2,2,0,0,0,0,
        0,3,0,3,0,0,0,
        0,4,0,0,4,0,4,
        0,5,0,0,0,5,5,
        0,6,0,0,4,5,6]),
    function(v(_,_), [
        0,1,2,3,4,5,6,
        1,1,1,1,1,1,1,
        2,1,2,1,1,1,1,
        3,1,1,3,1,1,1,
        4,1,1,1,4,6,6,
        5,1,1,1,6,5,6,
        6,1,1,1,6,6,6]),
    function(c(_), [1,0,0,0,0,0,0])]).
interpretation( 7, [number = 17,seconds = 0], [
    function(^(_,_), [
        0,0,0,0,0,0,0,
        0,1,2,3,4,5,6,
        0,2,2,0,0,0,0,
        0,3,0,3,0,0,0,
        0,4,0,0,4,4,4,
        0,5,0,0,4,5,4,
        0,6,0,0,4,4,6]),
    function(v(_,_), [
        0,1,2,3,4,5,6,
        1,1,1,1,1,1,1,
        2,1,2,1,1,1,1,
        3,1,1,3,1,1,1,
        4,1,1,1,4,5,6,
        5,1,1,1,5,5,1,
        6,1,1,1,6,1,6]),
    function(c(_), [1,0,0,0,0,0,0])]).
interpretation( 7, [number = 18,seconds = 0], [
    function(^(_,_), [
        0,0,0,0,0,0,0,
        0,1,2,3,4,5,6,
        0,2,2,0,0,0,0,
        0,3,0,3,0,0,0,
        0,4,0,0,4,4,4,
        0,5,0,0,4,5,5,
        0,6,0,0,4,5,6]),
    function(v(_,_), [
        0,1,2,3,4,5,6,
        1,1,1,1,1,1,1,
        2,1,2,1,1,1,1,
        3,1,1,3,1,1,1,
        4,1,1,1,4,5,6,
        5,1,1,1,5,5,6,
        6,1,1,1,6,6,6]),
    function(c(_), [1,0,0,0,0,0,0])]).
interpretation( 7, [number = 21,seconds = 0], [
    function(^(_,_), [
        0,0,0,0,0,0,0,
        0,1,2,3,4,5,6,
        0,2,2,0,0,0,0,
        0,3,0,3,0,0,3,
        0,4,0,0,4,4,0,
        0,5,0,0,4,5,0,
        0,6,0,3,0,0,6]),
    function(v(_,_), [
        0,1,2,3,4,5,6,
        1,1,1,1,1,1,1,
        2,1,2,1,1,1,1,
        3,1,1,3,1,1,6,
        4,1,1,1,4,5,1,
        5,1,1,1,5,5,1,
        6,1,1,6,1,1,6]),
    function(c(_), [1,0,0,0,0,0,0])]).
interpretation( 7, [number = 36,seconds = 0], [
    function(^(_,_), [
        0,0,0,0,0,0,0,
        0,1,2,3,4,5,6,
        0,2,2,0,0,0,0,
        0,3,0,3,0,0,0,
        0,4,0,0,4,5,6,
        0,5,0,0,5,5,0,
        0,6,0,0,6,0,6]),
    function(v(_,_), [
        0,1,2,3,4,5,6,
        1,1,1,1,1,1,1,
        2,1,2,1,1,1,1,
        3,1,1,3,1,1,1,
        4,1,1,1,4,4,4,
        5,1,1,1,4,5,4,
        6,1,1,1,4,4,6]),
    function(c(_), [1,0,0,0,0,6,5])]).
interpretation( 7, [number = 37,seconds = 0], [
    function(^(_,_), [
        0,0,0,0,0,0,0,
        0,1,2,3,4,5,6,
        0,2,2,0,0,0,0,
        0,3,0,3,0,0,6,
        0,4,0,0,4,5,0,
        0,5,0,0,5,5,0,
        0,6,0,6,0,0,6]),
    function(v(_,_), [
        0,1,2,3,4,5,6,
        1,1,1,1,1,1,1,
        2,1,2,1,1,1,1,
        3,1,1,3,1,1,3,
        4,1,1,1,4,4,1,
        5,1,1,1,4,5,1,
        6,1,1,3,1,1,6]),
    function(c(_), [1,0,0,0,0,6,5])]).
interpretation( 7, [number = 41,seconds = 0], [
    function(^(_,_), [
        0,0,0,0,0,0,0,
        0,1,2,3,4,5,6,
        0,2,2,0,0,0,0,
        0,3,0,3,0,0,3,
        0,4,0,0,4,5,5,
        0,5,0,0,5,5,5,
        0,6,0,3,5,5,6]),
    function(v(_,_), [
        0,1,2,3,4,5,6,
        1,1,1,1,1,1,1,
        2,1,2,1,1,1,1,
        3,1,1,3,1,6,6,
        4,1,1,1,4,4,1,
        5,1,1,6,4,5,6,
        6,1,1,6,1,6,6]),
    function(c(_), [1,0,0,0,0,0,0])]).
interpretation( 7, [number = 106,seconds = 0], [
    function(^(_,_), [
        0,0,0,0,0,0,0,
        0,1,2,3,4,5,6,
        0,2,2,0,0,0,0,
        0,3,0,3,0,3,0,
        0,4,0,0,4,4,0,
        0,5,0,3,4,5,6,
        0,6,0,0,0,6,6]),
    function(v(_,_), [
        0,1,2,3,4,5,6,
        1,1,1,1,1,1,1,
        2,1,2,1,1,1,1,
        3,1,1,3,5,5,5,
        4,1,1,5,4,5,5,
        5,1,1,5,5,5,5,
        6,1,1,5,5,5,6]),
    function(c(_), [1,0,0,0,0,0,0])]).
interpretation( 7, [number = 107,seconds = 0], [
    function(^(_,_), [
        0,0,0,0,0,0,0,
        0,1,2,3,4,5,6,
        0,2,2,0,0,0,0,
        0,3,0,3,0,3,0,
        0,4,0,0,4,4,4,
        0,5,0,3,4,5,6,
        0,6,0,0,4,6,6]),
    function(v(_,_), [
        0,1,2,3,4,5,6,
        1,1,1,1,1,1,1,
        2,1,2,1,1,1,1,
        3,1,1,3,5,5,5,
        4,1,1,5,4,5,6,
        5,1,1,5,5,5,5,
        6,1,1,5,6,5,6]),
    function(c(_), [1,0,0,0,0,0,0])]).
interpretation( 7, [number = 111,seconds = 0], [
    function(^(_,_), [
        0,0,0,0,0,0,0,
        0,1,2,3,4,5,6,
        0,2,2,0,0,0,0,
        0,3,0,3,0,3,3,
        0,4,0,0,4,4,4,
        0,5,0,3,4,5,5,
        0,6,0,3,4,5,6]),
    function(v(_,_), [
        0,1,2,3,4,5,6,
        1,1,1,1,1,1,1,
        2,1,2,1,1,1,1,
        3,1,1,3,5,5,6,
        4,1,1,5,4,5,6,
        5,1,1,5,5,5,6,
        6,1,1,6,6,6,6]),
    function(c(_), [1,0,0,0,0,0,0])]).
interpretation( 7, [number = 113,seconds = 0], [
    function(^(_,_), [
        0,0,0,0,0,0,0,
        0,1,2,3,4,5,6,
        0,2,2,0,0,0,2,
        0,3,0,3,0,3,0,
        0,4,0,0,4,4,0,
        0,5,0,3,4,5,0,
        0,6,2,0,0,0,6]),
    function(v(_,_), [
        0,1,2,3,4,5,6,
        1,1,1,1,1,1,1,
        2,1,2,1,1,1,6,
        3,1,1,3,5,5,1,
        4,1,1,5,4,5,1,
        5,1,1,5,5,5,1,
        6,1,6,1,1,1,6]),
    function(c(_), [1,0,0,0,0,0,0])]).
interpretation( 7, [number = 115,seconds = 0], [
    function(^(_,_), [
        0,0,0,0,0,0,0,
        0,1,2,3,4,5,6,
        0,2,2,0,0,6,6,
        0,3,0,3,0,3,0,
        0,4,0,0,4,4,0,
        0,5,6,3,4,5,6,
        0,6,6,0,0,6,6]),
    function(v(_,_), [
        0,1,2,3,4,5,6,
        1,1,1,1,1,1,1,
        2,1,2,1,1,1,2,
        3,1,1,3,5,5,5,
        4,1,1,5,4,5,5,
        5,1,1,5,5,5,5,
        6,1,2,5,5,5,6]),
    function(c(_), [1,0,0,0,0,0,0])]).
interpretation( 7, [number = 126,seconds = 0], [
    function(^(_,_), [
        0,0,0,0,0,0,0,
        0,1,2,3,4,5,6,
        0,2,2,0,0,0,0,
        0,3,0,3,3,0,0,
        0,4,0,3,4,0,0,
        0,5,0,0,0,5,0,
        0,6,0,0,0,0,6]),
    function(v(_,_), [
        0,1,2,3,4,5,6,
        1,1,1,1,1,1,1,
        2,1,2,1,1,1,1,
        3,1,1,3,4,1,1,
        4,1,1,4,4,1,1,
        5,1,1,1,1,5,1,
        6,1,1,1,1,1,6]),
    function(c(_), [1,0,0,0,0,6,5])]).
interpretation( 7, [number = 127,seconds = 0], [
    function(^(_,_), [
        0,0,0,0,0,0,0,
        0,1,2,3,4,5,6,
        0,2,2,0,0,0,0,
        0,3,0,3,3,0,0,
        0,4,0,3,4,0,6,
        0,5,0,0,0,5,0,
        0,6,0,0,6,0,6]),
    function(v(_,_), [
        0,1,2,3,4,5,6,
        1,1,1,1,1,1,1,
        2,1,2,1,1,1,1,
        3,1,1,3,4,1,4,
        4,1,1,4,4,1,4,
        5,1,1,1,1,5,1,
        6,1,1,4,4,1,6]),
    function(c(_), [1,0,0,0,0,6,5])]).
interpretation( 7, [number = 128,seconds = 0], [
    function(^(_,_), [
        0,0,0,0,0,0,0,
        0,1,2,3,4,5,6,
        0,2,2,0,0,0,0,
        0,3,0,3,3,0,6,
        0,4,0,3,4,0,6,
        0,5,0,0,0,5,0,
        0,6,0,6,6,0,6]),
    function(v(_,_), [
        0,1,2,3,4,5,6,
        1,1,1,1,1,1,1,
        2,1,2,1,1,1,1,
        3,1,1,3,4,1,3,
        4,1,1,4,4,1,4,
        5,1,1,1,1,5,1,
        6,1,1,3,4,1,6]),
    function(c(_), [1,0,0,0,0,6,5])]).
interpretation( 7, [number = 129,seconds = 0], [
    function(^(_,_), [
        0,0,0,0,0,0,0,
        0,1,2,3,4,5,6,
        0,2,2,0,0,0,6,
        0,3,0,3,3,0,0,
        0,4,0,3,4,0,0,
        0,5,0,0,0,5,0,
        0,6,6,0,0,0,6]),
    function(v(_,_), [
        0,1,2,3,4,5,6,
        1,1,1,1,1,1,1,
        2,1,2,1,1,1,2,
        3,1,1,3,4,1,1,
        4,1,1,4,4,1,1,
        5,1,1,1,1,5,1,
        6,1,2,1,1,1,6]),
    function(c(_), [1,0,0,0,0,6,5])]).
interpretation( 7, [number = 144,seconds = 0], [
    function(^(_,_), [
        0,0,0,0,0,0,0,
        0,1,2,3,4,5,6,
        0,2,2,0,0,0,0,
        0,3,0,3,3,0,0,
        0,4,0,3,4,5,6,
        0,5,0,0,5,5,0,
        0,6,0,0,6,0,6]),
    function(v(_,_), [
        0,1,2,3,4,5,6,
        1,1,1,1,1,1,1,
        2,1,2,1,1,1,1,
        3,1,1,3,4,4,4,
        4,1,1,4,4,4,4,
        5,1,1,4,4,5,4,
        6,1,1,4,4,4,6]),
    function(c(_), [1,0,0,0,0,6,5])]).
interpretation( 7, [number = 145,seconds = 0], [
    function(^(_,_), [
        0,0,0,0,0,0,0,
        0,1,2,3,4,5,6,
        0,2,2,0,0,0,0,
        0,3,0,3,3,0,6,
        0,4,0,3,4,5,6,
        0,5,0,0,5,5,0,
        0,6,0,6,6,0,6]),
    function(v(_,_), [
        0,1,2,3,4,5,6,
        1,1,1,1,1,1,1,
        2,1,2,1,1,1,1,
        3,1,1,3,4,4,3,
        4,1,1,4,4,4,4,
        5,1,1,4,4,5,4,
        6,1,1,3,4,4,6]),
    function(c(_), [1,0,0,0,0,6,5])]).
interpretation( 7, [number = 146,seconds = 0], [
    function(^(_,_), [
        0,0,0,0,0,0,0,
        0,1,2,3,4,5,6,
        0,2,2,0,0,0,6,
        0,3,0,3,3,0,0,
        0,4,0,3,4,5,0,
        0,5,0,0,5,5,0,
        0,6,6,0,0,0,6]),
    function(v(_,_), [
        0,1,2,3,4,5,6,
        1,1,1,1,1,1,1,
        2,1,2,1,1,1,2,
        3,1,1,3,4,4,1,
        4,1,1,4,4,4,1,
        5,1,1,4,4,5,1,
        6,1,2,1,1,1,6]),
    function(c(_), [1,0,0,0,0,6,5])]).
interpretation( 7, [number = 152,seconds = 0], [
    function(^(_,_), [
        0,0,0,0,0,0,0,
        0,1,2,3,4,5,6,
        0,2,2,0,0,0,0,
        0,3,0,3,3,3,3,
        0,4,0,3,4,3,3,
        0,5,0,3,3,5,3,
        0,6,0,3,3,3,6]),
    function(v(_,_), [
        0,1,2,3,4,5,6,
        1,1,1,1,1,1,1,
        2,1,2,1,1,1,1,
        3,1,1,3,4,5,6,
        4,1,1,4,4,1,1,
        5,1,1,5,1,5,1,
        6,1,1,6,1,1,6]),
    function(c(_), [1,0,0,0,0,0,0])]).
interpretation( 7, [number = 153,seconds = 0], [
    function(^(_,_), [
        0,0,0,0,0,0,0,
        0,1,2,3,4,5,6,
        0,2,2,0,0,0,0,
        0,3,0,3,3,3,3,
        0,4,0,3,4,3,3,
        0,5,0,3,3,5,5,
        0,6,0,3,3,5,6]),
    function(v(_,_), [
        0,1,2,3,4,5,6,
        1,1,1,1,1,1,1,
        2,1,2,1,1,1,1,
        3,1,1,3,4,5,6,
        4,1,1,4,4,1,1,
        5,1,1,5,1,5,6,
        6,1,1,6,1,6,6]),
    function(c(_), [1,0,0,0,0,0,0])]).
interpretation( 7, [number = 157,seconds = 0], [
    function(^(_,_), [
        0,0,0,0,0,0,0,
        0,1,2,3,4,5,6,
        0,2,2,0,0,0,0,
        0,3,0,3,3,3,6,
        0,4,0,3,4,3,6,
        0,5,0,3,3,5,6,
        0,6,0,6,6,6,6]),
    function(v(_,_), [
        0,1,2,3,4,5,6,
        1,1,1,1,1,1,1,
        2,1,2,1,1,1,1,
        3,1,1,3,4,5,3,
        4,1,1,4,4,1,4,
        5,1,1,5,1,5,5,
        6,1,1,3,4,5,6]),
    function(c(_), [1,0,0,0,0,0,0])]).
interpretation( 7, [number = 158,seconds = 0], [
    function(^(_,_), [
        0,0,0,0,0,0,0,
        0,1,2,3,4,5,6,
        0,2,2,0,0,0,2,
        0,3,0,3,3,3,0,
        0,4,0,3,4,3,0,
        0,5,0,3,3,5,0,
        0,6,2,0,0,0,6]),
    function(v(_,_), [
        0,1,2,3,4,5,6,
        1,1,1,1,1,1,1,
        2,1,2,1,1,1,6,
        3,1,1,3,4,5,1,
        4,1,1,4,4,1,1,
        5,1,1,5,1,5,1,
        6,1,6,1,1,1,6]),
    function(c(_), [1,0,0,0,0,0,0])]).
interpretation( 7, [number = 160,seconds = 0], [
    function(^(_,_), [
        0,0,0,0,0,0,0,
        0,1,2,3,4,5,6,
        0,2,2,0,0,0,0,
        0,3,0,3,3,3,3,
        0,4,0,3,4,3,4,
        0,5,0,3,3,5,5,
        0,6,0,3,4,5,6]),
    function(v(_,_), [
        0,1,2,3,4,5,6,
        1,1,1,1,1,1,1,
        2,1,2,1,1,1,1,
        3,1,1,3,4,5,6,
        4,1,1,4,4,6,6,
        5,1,1,5,6,5,6,
        6,1,1,6,6,6,6]),
    function(c(_), [1,0,0,0,0,0,0])]).
interpretation( 7, [number = 167,seconds = 0], [
    function(^(_,_), [
        0,0,0,0,0,0,0,
        0,1,2,3,4,5,6,
        0,2,2,0,0,0,0,
        0,3,0,3,3,3,3,
        0,4,0,3,4,4,4,
        0,5,0,3,4,5,5,
        0,6,0,3,4,5,6]),
    function(v(_,_), [
        0,1,2,3,4,5,6,
        1,1,1,1,1,1,1,
        2,1,2,1,1,1,1,
        3,1,1,3,4,5,6,
        4,1,1,4,4,5,6,
        5,1,1,5,5,5,6,
        6,1,1,6,6,6,6]),
    function(c(_), [1,0,0,0,0,0,0])]).
interpretation( 7, [number = 171,seconds = 0], [
    function(^(_,_), [
        0,0,0,0,0,0,0,
        0,1,2,3,4,5,6,
        0,2,2,0,0,0,2,
        0,3,0,3,3,3,0,
        0,4,0,3,4,4,0,
        0,5,0,3,4,5,0,
        0,6,2,0,0,0,6]),
    function(v(_,_), [
        0,1,2,3,4,5,6,
        1,1,1,1,1,1,1,
        2,1,2,1,1,1,6,
        3,1,1,3,4,5,1,
        4,1,1,4,4,5,1,
        5,1,1,5,5,5,1,
        6,1,6,1,1,1,6]),
    function(c(_), [1,0,0,0,0,0,0])]).
interpretation( 7, [number = 199,seconds = 0], [
    function(^(_,_), [
        0,0,0,0,0,0,0,
        0,1,2,3,4,5,6,
        0,2,2,0,0,0,6,
        0,3,0,3,3,5,0,
        0,4,0,3,4,5,0,
        0,5,0,5,5,5,0,
        0,6,6,0,0,0,6]),
    function(v(_,_), [
        0,1,2,3,4,5,6,
        1,1,1,1,1,1,1,
        2,1,2,1,1,1,2,
        3,1,1,3,4,3,1,
        4,1,1,4,4,4,1,
        5,1,1,3,4,5,1,
        6,1,2,1,1,1,6]),
    function(c(_), [1,0,0,0,0,6,5])]).
interpretation( 7, [number = 201,seconds = 0], [
    function(^(_,_), [
        0,0,0,0,0,0,0,
        0,1,2,3,4,5,6,
        0,2,2,0,0,0,0,
        0,3,0,3,3,5,6,
        0,4,0,3,4,5,6,
        0,5,0,5,5,5,0,
        0,6,0,6,6,0,6]),
    function(v(_,_), [
        0,1,2,3,4,5,6,
        1,1,1,1,1,1,1,
        2,1,2,1,1,1,1,
        3,1,1,3,4,3,3,
        4,1,1,4,4,4,4,
        5,1,1,3,4,5,3,
        6,1,1,3,4,3,6]),
    function(c(_), [1,0,0,0,0,6,5])]).
interpretation( 7, [number = 205,seconds = 0], [
    function(^(_,_), [
        0,0,0,0,0,0,0,
        0,1,2,3,4,5,6,
        0,2,2,0,0,0,2,
        0,3,0,3,3,0,0,
        0,4,0,3,4,5,5,
        0,5,0,0,5,5,5,
        0,6,2,0,5,5,6]),
    function(v(_,_), [
        0,1,2,3,4,5,6,
        1,1,1,1,1,1,1,
        2,1,2,1,1,6,6,
        3,1,1,3,4,4,1,
        4,1,1,4,4,4,1,
        5,1,6,4,4,5,6,
        6,1,6,1,1,6,6]),
    function(c(_), [1,0,0,0,0,0,0])]).
interpretation( 7, [number = 206,seconds = 0], [
    function(^(_,_), [
        0,0,0,0,0,0,0,
        0,1,2,3,4,5,6,
        0,2,2,0,0,0,2,
        0,3,0,3,3,5,5,
        0,4,0,3,4,5,5,
        0,5,0,5,5,5,5,
        0,6,2,5,5,5,6]),
    function(v(_,_), [
        0,1,2,3,4,5,6,
        1,1,1,1,1,1,1,
        2,1,2,1,1,6,6,
        3,1,1,3,4,3,1,
        4,1,1,4,4,4,1,
        5,1,6,3,4,5,6,
        6,1,6,1,1,6,6]),
    function(c(_), [1,0,0,0,0,0,0])]).
interpretation( 7, [number = 234,seconds = 0], [
    function(^(_,_), [
        0,0,0,0,0,0,0,
        0,1,2,3,4,5,6,
        0,2,2,0,0,5,6,
        0,3,0,3,3,0,0,
        0,4,0,3,4,0,0,
        0,5,5,0,0,5,0,
        0,6,6,0,0,0,6]),
    function(v(_,_), [
        0,1,2,3,4,5,6,
        1,1,1,1,1,1,1,
        2,1,2,1,1,2,2,
        3,1,1,3,4,1,1,
        4,1,1,4,4,1,1,
        5,1,2,1,1,5,2,
        6,1,2,1,1,2,6]),
    function(c(_), [1,0,0,0,0,6,5])]).
interpretation( 7, [number = 235,seconds = 0], [
    function(^(_,_), [
        0,0,0,0,0,0,0,
        0,1,2,3,4,5,6,
        0,2,2,0,0,5,5,
        0,3,0,3,3,0,3,
        0,4,0,3,4,0,3,
        0,5,5,0,0,5,5,
        0,6,5,3,3,5,6]),
    function(v(_,_), [
        0,1,2,3,4,5,6,
        1,1,1,1,1,1,1,
        2,1,2,1,1,2,1,
        3,1,1,3,4,6,6,
        4,1,1,4,4,1,1,
        5,1,2,6,1,5,6,
        6,1,1,6,1,6,6]),
    function(c(_), [1,0,0,0,0,0,0])]).
interpretation( 7, [number = 236,seconds = 0], [
    function(^(_,_), [
        0,0,0,0,0,0,0,
        0,1,2,3,4,5,6,
        0,2,2,0,0,5,5,
        0,3,0,3,3,0,3,
        0,4,0,3,4,0,4,
        0,5,5,0,0,5,5,
        0,6,5,3,4,5,6]),
    function(v(_,_), [
        0,1,2,3,4,5,6,
        1,1,1,1,1,1,1,
        2,1,2,1,1,2,1,
        3,1,1,3,4,6,6,
        4,1,1,4,4,6,6,
        5,1,2,6,6,5,6,
        6,1,1,6,6,6,6]),
    function(c(_), [1,0,0,0,0,0,0])]).
interpretation( 7, [number = 375,seconds = 0], [
    function(^(_,_), [
        0,0,0,0,0,0,0,
        0,1,2,3,4,5,6,
        0,2,2,0,0,0,0,
        0,3,0,3,5,5,0,
        0,4,0,5,4,5,0,
        0,5,0,5,5,5,0,
        0,6,0,0,0,0,6]),
    function(v(_,_), [
        0,1,2,3,4,5,6,
        1,1,1,1,1,1,1,
        2,1,2,1,1,1,1,
        3,1,1,3,1,3,1,
        4,1,1,1,4,4,1,
        5,1,1,3,4,5,1,
        6,1,1,1,1,1,6]),
    function(c(_), [1,0,0,0,0,6,5])]).
interpretation( 7, [number = 376,seconds = 0], [
    function(^(_,_), [
        0,0,0,0,0,0,0,
        0,1,2,3,4,5,6,
        0,2,2,0,0,0,6,
        0,3,0,3,5,5,0,
        0,4,0,5,4,5,0,
        0,5,0,5,5,5,0,
        0,6,6,0,0,0,6]),
    function(v(_,_), [
        0,1,2,3,4,5,6,
        1,1,1,1,1,1,1,
        2,1,2,1,1,1,2,
        3,1,1,3,1,3,1,
        4,1,1,1,4,4,1,
        5,1,1,3,4,5,1,
        6,1,2,1,1,1,6]),
    function(c(_), [1,0,0,0,0,6,5])]).
interpretation( 7, [number = 377,seconds = 0], [
    function(^(_,_), [
        0,0,0,0,0,0,0,
        0,1,2,3,4,5,6,
        0,2,2,0,0,0,0,
        0,3,0,3,5,5,0,
        0,4,0,5,4,5,6,
        0,5,0,5,5,5,0,
        0,6,0,0,6,0,6]),
    function(v(_,_), [
        0,1,2,3,4,5,6,
        1,1,1,1,1,1,1,
        2,1,2,1,1,1,1,
        3,1,1,3,1,3,1,
        4,1,1,1,4,4,4,
        5,1,1,3,4,5,4,
        6,1,1,1,4,4,6]),
    function(c(_), [1,0,0,0,0,6,5])]).
interpretation( 7, [number = 380,seconds = 0], [
    function(^(_,_), [
        0,0,0,0,0,0,0,
        0,1,2,3,4,5,6,
        0,2,2,0,0,0,2,
        0,3,0,3,5,5,5,
        0,4,0,5,4,5,5,
        0,5,0,5,5,5,5,
        0,6,2,5,5,5,6]),
    function(v(_,_), [
        0,1,2,3,4,5,6,
        1,1,1,1,1,1,1,
        2,1,2,1,1,6,6,
        3,1,1,3,1,3,1,
        4,1,1,1,4,4,1,
        5,1,6,3,4,5,6,
        6,1,6,1,1,6,6]),
    function(c(_), [1,0,0,0,0,0,0])]).
interpretation( 7, [number = 400,seconds = 0], [
    function(^(_,_), [
        0,0,0,0,0,0,0,
        0,1,2,3,4,5,6,
        0,2,2,0,0,2,0,
        0,3,0,3,4,4,4,
        0,4,0,4,4,4,4,
        0,5,2,4,4,5,6,
        0,6,0,4,4,6,6]),
    function(v(_,_), [
        0,1,2,3,4,5,6,
        1,1,1,1,1,1,1,
        2,1,2,1,5,5,5,
        3,1,1,3,3,1,1,
        4,1,5,3,4,5,6,
        5,1,5,1,5,5,5,
        6,1,5,1,6,5,6]),
    function(c(_), [1,0,0,0,0,0,0])]).
interpretation( 7, [number = 401,seconds = 0], [
    function(^(_,_), [
        0,0,0,0,0,0,0,
        0,1,2,3,4,5,6,
        0,2,2,0,0,2,0,
        0,3,0,3,4,4,6,
        0,4,0,4,4,4,6,
        0,5,2,4,4,5,6,
        0,6,0,6,6,6,6]),
    function(v(_,_), [
        0,1,2,3,4,5,6,
        1,1,1,1,1,1,1,
        2,1,2,1,5,5,5,
        3,1,1,3,3,1,3,
        4,1,5,3,4,5,4,
        5,1,5,1,5,5,5,
        6,1,5,3,4,5,6]),
    function(c(_), [1,0,0,0,0,0,0])]).
interpretation( 7, [number = 404,seconds = 0], [
    function(^(_,_), [
        0,0,0,0,0,0,0,
        0,1,2,3,4,5,6,
        0,2,2,0,0,2,2,
        0,3,0,3,4,4,4,
        0,4,0,4,4,4,4,
        0,5,2,4,4,5,5,
        0,6,2,4,4,5,6]),
    function(v(_,_), [
        0,1,2,3,4,5,6,
        1,1,1,1,1,1,1,
        2,1,2,1,5,5,6,
        3,1,1,3,3,1,1,
        4,1,5,3,4,5,6,
        5,1,5,1,5,5,6,
        6,1,6,1,6,6,6]),
    function(c(_), [1,0,0,0,0,0,0])]).
interpretation( 7, [number = 544,seconds = 0], [
    function(^(_,_), [
        0,0,0,0,0,0,0,
        0,1,2,3,4,5,6,
        0,2,2,0,2,0,0,
        0,3,0,3,5,5,0,
        0,4,2,5,4,5,0,
        0,5,0,5,5,5,0,
        0,6,0,0,0,0,6]),
    function(v(_,_), [
        0,1,2,3,4,5,6,
        1,1,1,1,1,1,1,
        2,1,2,1,4,4,1,
        3,1,1,3,1,3,1,
        4,1,4,1,4,4,1,
        5,1,4,3,4,5,1,
        6,1,1,1,1,1,6]),
    function(c(_), [1,0,0,0,0,6,5])]).
interpretation( 7, [number = 545,seconds = 0], [
    function(^(_,_), [
        0,0,0,0,0,0,0,
        0,1,2,3,4,5,6,
        0,2,2,0,2,0,0,
        0,3,0,3,5,5,0,
        0,4,2,5,4,5,6,
        0,5,0,5,5,5,0,
        0,6,0,0,6,0,6]),
    function(v(_,_), [
        0,1,2,3,4,5,6,
        1,1,1,1,1,1,1,
        2,1,2,1,4,4,4,
        3,1,1,3,1,3,1,
        4,1,4,1,4,4,4,
        5,1,4,3,4,5,4,
        6,1,4,1,4,4,6]),
    function(c(_), [1,0,0,0,0,6,5])]).
interpretation( 7, [number = 546,seconds = 0], [
    function(^(_,_), [
        0,0,0,0,0,0,0,
        0,1,2,3,4,5,6,
        0,2,2,0,2,0,6,
        0,3,0,3,5,5,0,
        0,4,2,5,4,5,6,
        0,5,0,5,5,5,0,
        0,6,6,0,6,0,6]),
    function(v(_,_), [
        0,1,2,3,4,5,6,
        1,1,1,1,1,1,1,
        2,1,2,1,4,4,2,
        3,1,1,3,1,3,1,
        4,1,4,1,4,4,4,
        5,1,4,3,4,5,4,
        6,1,2,1,4,4,6]),
    function(c(_), [1,0,0,0,0,6,5])]).
interpretation( 7, [number = 547,seconds = 0], [
    function(^(_,_), [
        0,0,0,0,0,0,0,
        0,1,2,3,4,5,6,
        0,2,2,0,2,0,0,
        0,3,0,3,5,5,6,
        0,4,2,5,4,5,0,
        0,5,0,5,5,5,0,
        0,6,0,6,0,0,6]),
    function(v(_,_), [
        0,1,2,3,4,5,6,
        1,1,1,1,1,1,1,
        2,1,2,1,4,4,1,
        3,1,1,3,1,3,3,
        4,1,4,1,4,4,1,
        5,1,4,3,4,5,3,
        6,1,1,3,1,3,6]),
    function(c(_), [1,0,0,0,0,6,5])]).
interpretation( 7, [number = 722,seconds = 0], [
    function(^(_,_), [
        0,0,0,0,0,0,0,
        0,1,2,3,4,5,6,
        0,2,2,0,5,5,0,
        0,3,0,3,6,0,6,
        0,4,5,6,4,5,6,
        0,5,5,0,5,5,0,
        0,6,0,6,6,0,6]),
    function(v(_,_), [
        0,1,2,3,4,5,6,
        1,1,1,1,1,1,1,
        2,1,2,1,1,2,1,
        3,1,1,3,1,1,3,
        4,1,1,1,4,4,4,
        5,1,2,1,4,5,4,
        6,1,1,3,4,4,6]),
    function(c(_), [1,0,0,0,0,6,5])]).
interpretation( 7, [number = 725,seconds = 0], [
    function(^(_,_), [
        0,0,0,0,0,0,0,
        0,1,2,3,4,5,6,
        0,2,2,0,0,0,0,
        0,3,0,3,0,0,0,
        0,4,0,0,4,0,0,
        0,5,0,0,0,5,6,
        0,6,0,0,0,6,6]),
    function(v(_,_), [
        0,1,2,3,4,5,6,
        1,1,1,1,1,1,1,
        2,1,2,1,1,1,1,
        3,1,1,3,1,1,1,
        4,1,1,1,4,1,1,
        5,1,1,1,1,5,5,
        6,1,1,1,1,5,6]),
    function(c(_), [1,0,0,0,5,4,4])]).
interpretation( 7, [number = 740,seconds = 0], [
    function(^(_,_), [
        0,0,0,0,0,0,0,
        0,1,2,3,4,5,6,
        0,2,2,0,0,0,0,
        0,3,0,3,0,5,6,
        0,4,0,0,4,0,0,
        0,5,0,5,0,5,6,
        0,6,0,6,0,6,6]),
    function(v(_,_), [
        0,1,2,3,4,5,6,
        1,1,1,1,1,1,1,
        2,1,2,1,1,1,1,
        3,1,1,3,1,3,3,
        4,1,1,1,4,1,1,
        5,1,1,3,1,5,5,
        6,1,1,3,1,5,6]),
    function(c(_), [1,0,0,0,5,4,4])]).
interpretation( 7, [number = 742,seconds = 0], [
    function(^(_,_), [
        0,0,0,0,0,0,0,
        0,1,2,3,4,5,6,
        0,2,2,0,0,0,0,
        0,3,0,3,0,5,0,
        0,4,0,0,4,0,6,
        0,5,0,5,0,5,0,
        0,6,0,0,6,0,6]),
    function(v(_,_), [
        0,1,2,3,4,5,6,
        1,1,1,1,1,1,1,
        2,1,2,1,1,1,1,
        3,1,1,3,1,3,1,
        4,1,1,1,4,1,4,
        5,1,1,3,1,5,1,
        6,1,1,1,4,1,6]),
    function(c(_), [1,0,0,0,5,4,5])]).
interpretation( 7, [number = 747,seconds = 0], [
    function(^(_,_), [
        0,0,0,0,0,0,0,
        0,1,2,3,4,5,6,
        0,2,2,0,0,0,0,
        0,3,0,3,0,6,6,
        0,4,0,0,4,0,0,
        0,5,0,6,0,5,6,
        0,6,0,6,0,6,6]),
    function(v(_,_), [
        0,1,2,3,4,5,6,
        1,1,1,1,1,1,1,
        2,1,2,1,1,1,1,
        3,1,1,3,1,1,3,
        4,1,1,1,4,1,1,
        5,1,1,1,1,5,5,
        6,1,1,3,1,5,6]),
    function(c(_), [1,0,0,0,5,4,4])]).
interpretation( 7, [number = 791,seconds = 0], [
    function(^(_,_), [
        0,0,0,0,0,0,0,
        0,1,2,3,4,5,6,
        0,2,2,0,0,0,0,
        0,3,0,3,4,5,6,
        0,4,0,4,4,0,0,
        0,5,0,5,0,5,6,
        0,6,0,6,0,6,6]),
    function(v(_,_), [
        0,1,2,3,4,5,6,
        1,1,1,1,1,1,1,
        2,1,2,1,1,1,1,
        3,1,1,3,3,3,3,
        4,1,1,3,4,3,3,
        5,1,1,3,3,5,5,
        6,1,1,3,3,5,6]),
    function(c(_), [1,0,0,0,5,4,4])]).
interpretation( 7, [number = 800,seconds = 0], [
    function(^(_,_), [
        0,0,0,0,0,0,0,
        0,1,2,3,4,5,6,
        0,2,2,0,0,0,0,
        0,3,0,3,4,6,6,
        0,4,0,4,4,0,0,
        0,5,0,6,0,5,6,
        0,6,0,6,0,6,6]),
    function(v(_,_), [
        0,1,2,3,4,5,6,
        1,1,1,1,1,1,1,
        2,1,2,1,1,1,1,
        3,1,1,3,3,1,3,
        4,1,1,3,4,1,3,
        5,1,1,1,1,5,5,
        6,1,1,3,3,5,6]),
    function(c(_), [1,0,0,0,5,4,4])]).
interpretation( 7, [number = 806,seconds = 0], [
    function(^(_,_), [
        0,0,0,0,0,0,0,
        0,1,2,3,4,5,6,
        0,2,2,0,0,5,6,
        0,3,0,3,4,0,0,
        0,4,0,4,4,0,0,
        0,5,5,0,0,5,6,
        0,6,6,0,0,6,6]),
    function(v(_,_), [
        0,1,2,3,4,5,6,
        1,1,1,1,1,1,1,
        2,1,2,1,1,2,2,
        3,1,1,3,3,1,1,
        4,1,1,3,4,1,1,
        5,1,2,1,1,5,5,
        6,1,2,1,1,5,6]),
    function(c(_), [1,0,0,0,5,4,4])]).
interpretation( 7, [number = 814,seconds = 0], [
    function(^(_,_), [
        0,0,0,0,0,0,0,
        0,1,2,3,4,5,6,
        0,2,2,0,0,6,6,
        0,3,0,3,4,0,0,
        0,4,0,4,4,0,0,
        0,5,6,0,0,5,6,
        0,6,6,0,0,6,6]),
    function(v(_,_), [
        0,1,2,3,4,5,6,
        1,1,1,1,1,1,1,
        2,1,2,1,1,1,2,
        3,1,1,3,3,1,1,
        4,1,1,3,4,1,1,
        5,1,1,1,1,5,5,
        6,1,2,1,1,5,6]),
    function(c(_), [1,0,0,0,5,4,4])]).
interpretation( 7, [number = 893,seconds = 0], [
    function(^(_,_), [
        0,0,0,0,0,0,0,
        0,1,2,3,4,5,6,
        0,2,2,0,2,0,0,
        0,3,0,3,3,0,0,
        0,4,2,3,4,0,0,
        0,5,0,0,0,5,0,
        0,6,0,0,0,0,6]),
    function(v(_,_), [
        0,1,2,3,4,5,6,
        1,1,1,1,1,1,1,
        2,1,2,4,4,1,1,
        3,1,4,3,4,1,1,
        4,1,4,4,4,1,1,
        5,1,1,1,1,5,1,
        6,1,1,1,1,1,6]),
    function(c(_), [1,0,0,0,0,6,5])]).
interpretation( 7, [number = 894,seconds = 0], [
    function(^(_,_), [
        0,0,0,0,0,0,0,
        0,1,2,3,4,5,6,
        0,2,2,0,2,0,0,
        0,3,0,3,3,0,0,
        0,4,2,3,4,0,6,
        0,5,0,0,0,5,0,
        0,6,0,0,6,0,6]),
    function(v(_,_), [
        0,1,2,3,4,5,6,
        1,1,1,1,1,1,1,
        2,1,2,4,4,1,4,
        3,1,4,3,4,1,4,
        4,1,4,4,4,1,4,
        5,1,1,1,1,5,1,
        6,1,4,4,4,1,6]),
    function(c(_), [1,0,0,0,0,6,5])]).
interpretation( 7, [number = 895,seconds = 0], [
    function(^(_,_), [
        0,0,0,0,0,0,0,
        0,1,2,3,4,5,6,
        0,2,2,0,2,0,0,
        0,3,0,3,3,0,6,
        0,4,2,3,4,0,6,
        0,5,0,0,0,5,0,
        0,6,0,6,6,0,6]),
    function(v(_,_), [
        0,1,2,3,4,5,6,
        1,1,1,1,1,1,1,
        2,1,2,4,4,1,4,
        3,1,4,3,4,1,3,
        4,1,4,4,4,1,4,
        5,1,1,1,1,5,1,
        6,1,4,3,4,1,6]),
    function(c(_), [1,0,0,0,0,6,5])]).
interpretation( 7, [number = 917,seconds = 0], [
    function(^(_,_), [
        0,0,0,0,0,0,0,
        0,1,2,3,4,5,6,
        0,2,2,0,2,0,0,
        0,3,0,3,3,0,0,
        0,4,2,3,4,5,6,
        0,5,0,0,5,5,0,
        0,6,0,0,6,0,6]),
    function(v(_,_), [
        0,1,2,3,4,5,6,
        1,1,1,1,1,1,1,
        2,1,2,4,4,4,4,
        3,1,4,3,4,4,4,
        4,1,4,4,4,4,4,
        5,1,4,4,4,5,4,
        6,1,4,4,4,4,6]),
    function(c(_), [1,0,0,0,0,0,0])]).
interpretation( 7, [number = 918,seconds = 0], [
    function(^(_,_), [
        0,0,0,0,0,0,0,
        0,1,2,3,4,5,6,
        0,2,2,0,2,0,0,
        0,3,0,3,3,0,0,
        0,4,2,3,4,5,6,
        0,5,0,0,5,5,5,
        0,6,0,0,6,5,6]),
    function(v(_,_), [
        0,1,2,3,4,5,6,
        1,1,1,1,1,1,1,
        2,1,2,4,4,4,4,
        3,1,4,3,4,4,4,
        4,1,4,4,4,4,4,
        5,1,4,4,4,5,6,
        6,1,4,4,4,6,6]),
    function(c(_), [1,0,0,0,0,0,0])]).
interpretation( 7, [number = 924,seconds = 0], [
    function(^(_,_), [
        0,0,0,0,0,0,0,
        0,1,2,3,4,5,6,
        0,2,2,0,2,0,2,
        0,3,0,3,3,0,3,
        0,4,2,3,4,5,4,
        0,5,0,0,5,5,5,
        0,6,2,3,4,5,6]),
    function(v(_,_), [
        0,1,2,3,4,5,6,
        1,1,1,1,1,1,1,
        2,1,2,4,4,4,6,
        3,1,4,3,4,4,6,
        4,1,4,4,4,4,6,
        5,1,4,4,4,5,6,
        6,1,6,6,6,6,6]),
    function(c(_), [1,0,0,0,0,0,0])]).
interpretation( 7, [number = 926,seconds = 0], [
    function(^(_,_), [
        0,0,0,0,0,0,0,
        0,1,2,3,4,5,6,
        0,2,2,0,2,0,0,
        0,3,0,3,3,0,3,
        0,4,2,3,4,5,6,
        0,5,0,0,5,5,5,
        0,6,0,3,6,5,6]),
    function(v(_,_), [
        0,1,2,3,4,5,6,
        1,1,1,1,1,1,1,
        2,1,2,4,4,4,4,
        3,1,4,3,4,6,6,
        4,1,4,4,4,4,4,
        5,1,4,6,4,5,6,
        6,1,4,6,4,6,6]),
    function(c(_), [1,0,0,0,0,0,0])]).
interpretation( 7, [number = 932,seconds = 0], [
    function(^(_,_), [
        0,0,0,0,0,0,0,
        0,1,2,3,4,5,6,
        0,2,2,0,2,0,0,
        0,3,0,3,3,3,3,
        0,4,2,3,4,5,6,
        0,5,0,3,5,5,3,
        0,6,0,3,6,3,6]),
    function(v(_,_), [
        0,1,2,3,4,5,6,
        1,1,1,1,1,1,1,
        2,1,2,4,4,4,4,
        3,1,4,3,4,5,6,
        4,1,4,4,4,4,4,
        5,1,4,5,4,5,4,
        6,1,4,6,4,4,6]),
    function(c(_), [1,0,0,0,0,0,0])]).
interpretation( 7, [number = 933,seconds = 0], [
    function(^(_,_), [
        0,0,0,0,0,0,0,
        0,1,2,3,4,5,6,
        0,2,2,0,2,0,0,
        0,3,0,3,3,3,3,
        0,4,2,3,4,5,6,
        0,5,0,3,5,5,5,
        0,6,0,3,6,5,6]),
    function(v(_,_), [
        0,1,2,3,4,5,6,
        1,1,1,1,1,1,1,
        2,1,2,4,4,4,4,
        3,1,4,3,4,5,6,
        4,1,4,4,4,4,4,
        5,1,4,5,4,5,6,
        6,1,4,6,4,6,6]),
    function(c(_), [1,0,0,0,0,0,0])]).
interpretation( 7, [number = 937,seconds = 0], [
    function(^(_,_), [
        0,0,0,0,0,0,0,
        0,1,2,3,4,5,6,
        0,2,2,0,2,0,2,
        0,3,0,3,3,3,0,
        0,4,2,3,4,5,6,
        0,5,0,3,5,5,0,
        0,6,2,0,6,0,6]),
    function(v(_,_), [
        0,1,2,3,4,5,6,
        1,1,1,1,1,1,1,
        2,1,2,4,4,4,6,
        3,1,4,3,4,5,4,
        4,1,4,4,4,4,4,
        5,1,4,5,4,5,4,
        6,1,6,4,4,4,6]),
    function(c(_), [1,0,0,0,0,0,0])]).
interpretation( 7, [number = 938,seconds = 0], [
    function(^(_,_), [
        0,0,0,0,0,0,0,
        0,1,2,3,4,5,6,
        0,2,2,0,2,0,2,
        0,3,0,3,3,3,3,
        0,4,2,3,4,5,4,
        0,5,0,3,5,5,5,
        0,6,2,3,4,5,6]),
    function(v(_,_), [
        0,1,2,3,4,5,6,
        1,1,1,1,1,1,1,
        2,1,2,4,4,4,6,
        3,1,4,3,4,5,6,
        4,1,4,4,4,4,6,
        5,1,4,5,4,5,6,
        6,1,6,6,6,6,6]),
    function(c(_), [1,0,0,0,0,0,0])]).
interpretation( 7, [number = 955,seconds = 0], [
    function(^(_,_), [
        0,0,0,0,0,0,0,
        0,1,2,3,4,5,6,
        0,2,2,0,2,0,0,
        0,3,0,3,3,0,0,
        0,4,2,3,4,5,6,
        0,5,0,0,5,5,0,
        0,6,0,0,6,0,6]),
    function(v(_,_), [
        0,1,2,3,4,5,6,
        1,1,1,1,1,1,1,
        2,1,2,4,4,4,4,
        3,1,4,3,4,4,4,
        4,1,4,4,4,4,4,
        5,1,4,4,4,5,4,
        6,1,4,4,4,4,6]),
    function(c(_), [1,0,0,0,0,6,5])]).
interpretation( 7, [number = 956,seconds = 0], [
    function(^(_,_), [
        0,0,0,0,0,0,0,
        0,1,2,3,4,5,6,
        0,2,2,0,2,0,0,
        0,3,0,3,3,0,6,
        0,4,2,3,4,5,6,
        0,5,0,0,5,5,0,
        0,6,0,6,6,0,6]),
    function(v(_,_), [
        0,1,2,3,4,5,6,
        1,1,1,1,1,1,1,
        2,1,2,4,4,4,4,
        3,1,4,3,4,4,3,
        4,1,4,4,4,4,4,
        5,1,4,4,4,5,4,
        6,1,4,3,4,4,6]),
    function(c(_), [1,0,0,0,0,6,5])]).
interpretation( 7, [number = 960,seconds = 0], [
    function(^(_,_), [
        0,0,0,0,0,0,0,
        0,1,2,3,4,5,6,
        0,2,2,0,2,0,6,
        0,3,0,3,3,5,0,
        0,4,2,3,4,5,6,
        0,5,0,5,5,5,0,
        0,6,6,0,6,0,6]),
    function(v(_,_), [
        0,1,2,3,4,5,6,
        1,1,1,1,1,1,1,
        2,1,2,4,4,4,2,
        3,1,4,3,4,3,4,
        4,1,4,4,4,4,4,
        5,1,4,3,4,5,4,
        6,1,2,4,4,4,6]),
    function(c(_), [1,0,0,0,0,6,5])]).
interpretation( 7, [number = 961,seconds = 0], [
    function(^(_,_), [
        0,0,0,0,0,0,0,
        0,1,2,3,4,5,6,
        0,2,2,0,2,0,0,
        0,3,0,3,3,5,6,
        0,4,2,3,4,5,6,
        0,5,0,5,5,5,0,
        0,6,0,6,6,0,6]),
    function(v(_,_), [
        0,1,2,3,4,5,6,
        1,1,1,1,1,1,1,
        2,1,2,4,4,4,4,
        3,1,4,3,4,3,3,
        4,1,4,4,4,4,4,
        5,1,4,3,4,5,3,
        6,1,4,3,4,3,6]),
    function(c(_), [1,0,0,0,0,6,5])]).
interpretation( 7, [number = 963,seconds = 0], [
    function(^(_,_), [
        0,0,0,0,0,0,0,
        0,1,2,3,4,5,6,
        0,2,2,0,2,0,2,
        0,3,0,3,3,5,5,
        0,4,2,3,4,5,6,
        0,5,0,5,5,5,5,
        0,6,2,5,6,5,6]),
    function(v(_,_), [
        0,1,2,3,4,5,6,
        1,1,1,1,1,1,1,
        2,1,2,4,4,6,6,
        3,1,4,3,4,3,4,
        4,1,4,4,4,4,4,
        5,1,6,3,4,5,6,
        6,1,6,4,4,6,6]),
    function(c(_), [1,0,0,0,0,0,0])]).
interpretation( 7, [number = 1003,seconds = 0], [
    function(^(_,_), [
        0,0,0,0,0,0,0,
        0,1,2,3,4,5,6,
        0,2,2,0,2,2,2,
        0,3,0,3,3,3,3,
        0,4,2,3,4,4,4,
        0,5,2,3,4,5,4,
        0,6,2,3,4,4,6]),
    function(v(_,_), [
        0,1,2,3,4,5,6,
        1,1,1,1,1,1,1,
        2,1,2,4,4,5,6,
        3,1,4,3,4,5,6,
        4,1,4,4,4,5,6,
        5,1,5,5,5,5,1,
        6,1,6,6,6,1,6]),
    function(c(_), [1,0,0,0,0,0,0])]).
interpretation( 7, [number = 1004,seconds = 0], [
    function(^(_,_), [
        0,0,0,0,0,0,0,
        0,1,2,3,4,5,6,
        0,2,2,0,2,2,2,
        0,3,0,3,3,3,3,
        0,4,2,3,4,4,4,
        0,5,2,3,4,5,5,
        0,6,2,3,4,5,6]),
    function(v(_,_), [
        0,1,2,3,4,5,6,
        1,1,1,1,1,1,1,
        2,1,2,4,4,5,6,
        3,1,4,3,4,5,6,
        4,1,4,4,4,5,6,
        5,1,5,5,5,5,6,
        6,1,6,6,6,6,6]),
    function(c(_), [1,0,0,0,0,0,0])]).
interpretation( 7, [number = 1370,seconds = 0], [
    function(^(_,_), [
        0,0,0,0,0,0,0,
        0,1,2,3,4,5,6,
        0,2,2,2,2,0,0,
        0,3,2,3,2,0,0,
        0,4,2,2,4,0,0,
        0,5,0,0,0,5,0,
        0,6,0,0,0,0,6]),
    function(v(_,_), [
        0,1,2,3,4,5,6,
        1,1,1,1,1,1,1,
        2,1,2,3,4,1,1,
        3,1,3,3,1,1,1,
        4,1,4,1,4,1,1,
        5,1,1,1,1,5,1,
        6,1,1,1,1,1,6]),
    function(c(_), [1,0,0,0,0,6,5])]).
interpretation( 7, [number = 1371,seconds = 0], [
    function(^(_,_), [
        0,0,0,0,0,0,0,
        0,1,2,3,4,5,6,
        0,2,2,2,2,0,0,
        0,3,2,3,2,0,0,
        0,4,2,2,4,0,6,
        0,5,0,0,0,5,0,
        0,6,0,0,6,0,6]),
    function(v(_,_), [
        0,1,2,3,4,5,6,
        1,1,1,1,1,1,1,
        2,1,2,3,4,1,4,
        3,1,3,3,1,1,1,
        4,1,4,1,4,1,4,
        5,1,1,1,1,5,1,
        6,1,4,1,4,1,6]),
    function(c(_), [1,0,0,0,0,6,5])]).
interpretation( 7, [number = 1373,seconds = 0], [
    function(^(_,_), [
        0,0,0,0,0,0,0,
        0,1,2,3,4,5,6,
        0,2,2,2,2,0,6,
        0,3,2,3,2,0,6,
        0,4,2,2,4,0,6,
        0,5,0,0,0,5,0,
        0,6,6,6,6,0,6]),
    function(v(_,_), [
        0,1,2,3,4,5,6,
        1,1,1,1,1,1,1,
        2,1,2,3,4,1,2,
        3,1,3,3,1,1,3,
        4,1,4,1,4,1,4,
        5,1,1,1,1,5,1,
        6,1,2,3,4,1,6]),
    function(c(_), [1,0,0,0,0,6,5])]).
interpretation( 7, [number = 1390,seconds = 0], [
    function(^(_,_), [
        0,0,0,0,0,0,0,
        0,1,2,3,4,5,6,
        0,2,2,2,2,0,0,
        0,3,2,3,2,0,0,
        0,4,2,2,4,5,6,
        0,5,0,0,5,5,0,
        0,6,0,0,6,0,6]),
    function(v(_,_), [
        0,1,2,3,4,5,6,
        1,1,1,1,1,1,1,
        2,1,2,3,4,4,4,
        3,1,3,3,1,1,1,
        4,1,4,1,4,4,4,
        5,1,4,1,4,5,4,
        6,1,4,1,4,4,6]),
    function(c(_), [1,0,0,0,0,6,5])]).
interpretation( 7, [number = 1391,seconds = 0], [
    function(^(_,_), [
        0,0,0,0,0,0,0,
        0,1,2,3,4,5,6,
        0,2,2,2,2,0,0,
        0,3,2,3,2,0,6,
        0,4,2,2,4,5,0,
        0,5,0,0,5,5,0,
        0,6,0,6,0,0,6]),
    function(v(_,_), [
        0,1,2,3,4,5,6,
        1,1,1,1,1,1,1,
        2,1,2,3,4,4,3,
        3,1,3,3,1,1,3,
        4,1,4,1,4,4,1,
        5,1,4,1,4,5,1,
        6,1,3,3,1,1,6]),
    function(c(_), [1,0,0,0,0,6,5])]).
interpretation( 7, [number = 1392,seconds = 0], [
    function(^(_,_), [
        0,0,0,0,0,0,0,
        0,1,2,3,4,5,6,
        0,2,2,2,2,0,6,
        0,3,2,3,2,0,6,
        0,4,2,2,4,5,6,
        0,5,0,0,5,5,0,
        0,6,6,6,6,0,6]),
    function(v(_,_), [
        0,1,2,3,4,5,6,
        1,1,1,1,1,1,1,
        2,1,2,3,4,4,2,
        3,1,3,3,1,1,3,
        4,1,4,1,4,4,4,
        5,1,4,1,4,5,4,
        6,1,2,3,4,4,6]),
    function(c(_), [1,0,0,0,0,6,5])]).
interpretation( 7, [number = 1417,seconds = 0], [
    function(^(_,_), [
        0,0,0,0,0,0,0,
        0,1,2,3,4,5,6,
        0,2,2,2,2,2,2,
        0,3,2,3,2,2,2,
        0,4,2,2,4,2,2,
        0,5,2,2,2,5,2,
        0,6,2,2,2,2,6]),
    function(v(_,_), [
        0,1,2,3,4,5,6,
        1,1,1,1,1,1,1,
        2,1,2,3,4,5,6,
        3,1,3,3,1,1,1,
        4,1,4,1,4,1,1,
        5,1,5,1,1,5,1,
        6,1,6,1,1,1,6]),
    function(c(_), [1,0,0,0,0,0,0])]).
interpretation( 7, [number = 1418,seconds = 0], [
    function(^(_,_), [
        0,0,0,0,0,0,0,
        0,1,2,3,4,5,6,
        0,2,2,2,2,2,2,
        0,3,2,3,2,2,2,
        0,4,2,2,4,2,2,
        0,5,2,2,2,5,5,
        0,6,2,2,2,5,6]),
    function(v(_,_), [
        0,1,2,3,4,5,6,
        1,1,1,1,1,1,1,
        2,1,2,3,4,5,6,
        3,1,3,3,1,1,1,
        4,1,4,1,4,1,1,
        5,1,5,1,1,5,6,
        6,1,6,1,1,6,6]),
    function(c(_), [1,0,0,0,0,0,0])]).
interpretation( 7, [number = 1424,seconds = 0], [
    function(^(_,_), [
        0,0,0,0,0,0,0,
        0,1,2,3,4,5,6,
        0,2,2,2,2,2,6,
        0,3,2,3,2,2,6,
        0,4,2,2,4,2,6,
        0,5,2,2,2,5,6,
        0,6,6,6,6,6,6]),
    function(v(_,_), [
        0,1,2,3,4,5,6,
        1,1,1,1,1,1,1,
        2,1,2,3,4,5,2,
        3,1,3,3,1,1,3,
        4,1,4,1,4,1,4,
        5,1,5,1,1,5,5,
        6,1,2,3,4,5,6]),
    function(c(_), [1,0,0,0,0,0,0])]).
interpretation( 7, [number = 1425,seconds = 0], [
    function(^(_,_), [
        0,0,0,0,0,0,0,
        0,1,2,3,4,5,6,
        0,2,2,2,2,2,2,
        0,3,2,3,2,2,2,
        0,4,2,2,4,2,4,
        0,5,2,2,2,5,5,
        0,6,2,2,4,5,6]),
    function(v(_,_), [
        0,1,2,3,4,5,6,
        1,1,1,1,1,1,1,
        2,1,2,3,4,5,6,
        3,1,3,3,1,1,1,
        4,1,4,1,4,6,6,
        5,1,5,1,6,5,6,
        6,1,6,1,6,6,6]),
    function(c(_), [1,0,0,0,0,0,0])]).
interpretation( 7, [number = 1432,seconds = 0], [
    function(^(_,_), [
        0,0,0,0,0,0,0,
        0,1,2,3,4,5,6,
        0,2,2,2,2,2,2,
        0,3,2,3,2,2,2,
        0,4,2,2,4,4,4,
        0,5,2,2,4,5,4,
        0,6,2,2,4,4,6]),
    function(v(_,_), [
        0,1,2,3,4,5,6,
        1,1,1,1,1,1,1,
        2,1,2,3,4,5,6,
        3,1,3,3,1,1,1,
        4,1,4,1,4,5,6,
        5,1,5,1,5,5,1,
        6,1,6,1,6,1,6]),
    function(c(_), [1,0,0,0,0,0,0])]).
interpretation( 7, [number = 1433,seconds = 0], [
    function(^(_,_), [
        0,0,0,0,0,0,0,
        0,1,2,3,4,5,6,
        0,2,2,2,2,2,2,
        0,3,2,3,2,2,2,
        0,4,2,2,4,4,4,
        0,5,2,2,4,5,5,
        0,6,2,2,4,5,6]),
    function(v(_,_), [
        0,1,2,3,4,5,6,
        1,1,1,1,1,1,1,
        2,1,2,3,4,5,6,
        3,1,3,3,1,1,1,
        4,1,4,1,4,5,6,
        5,1,5,1,5,5,6,
        6,1,6,1,6,6,6]),
    function(c(_), [1,0,0,0,0,0,0])]).
interpretation( 7, [number = 1436,seconds = 0], [
    function(^(_,_), [
        0,0,0,0,0,0,0,
        0,1,2,3,4,5,6,
        0,2,2,2,2,2,2,
        0,3,2,3,2,2,3,
        0,4,2,2,4,4,2,
        0,5,2,2,4,5,2,
        0,6,2,3,2,2,6]),
    function(v(_,_), [
        0,1,2,3,4,5,6,
        1,1,1,1,1,1,1,
        2,1,2,3,4,5,6,
        3,1,3,3,1,1,6,
        4,1,4,1,4,5,1,
        5,1,5,1,5,5,1,
        6,1,6,6,1,1,6]),
    function(c(_), [1,0,0,0,0,0,0])]).
interpretation( 7, [number = 1438,seconds = 0], [
    function(^(_,_), [
        0,0,0,0,0,0,0,
        0,1,2,3,4,5,6,
        0,2,2,2,2,2,6,
        0,3,2,3,2,2,6,
        0,4,2,2,4,4,6,
        0,5,2,2,4,5,6,
        0,6,6,6,6,6,6]),
    function(v(_,_), [
        0,1,2,3,4,5,6,
        1,1,1,1,1,1,1,
        2,1,2,3,4,5,2,
        3,1,3,3,1,1,3,
        4,1,4,1,4,5,4,
        5,1,5,1,5,5,5,
        6,1,2,3,4,5,6]),
    function(c(_), [1,0,0,0,0,0,0])]).
interpretation( 7, [number = 1454,seconds = 0], [
    function(^(_,_), [
        0,0,0,0,0,0,0,
        0,1,2,3,4,5,6,
        0,2,2,2,2,2,2,
        0,3,2,3,2,2,3,
        0,4,2,2,4,5,5,
        0,5,2,2,5,5,5,
        0,6,2,3,5,5,6]),
    function(v(_,_), [
        0,1,2,3,4,5,6,
        1,1,1,1,1,1,1,
        2,1,2,3,4,5,6,
        3,1,3,3,1,6,6,
        4,1,4,1,4,4,1,
        5,1,5,6,4,5,6,
        6,1,6,6,1,6,6]),
    function(c(_), [1,0,0,0,0,0,0])]).
interpretation( 7, [number = 1497,seconds = 0], [
    function(^(_,_), [
        0,0,0,0,0,0,0,
        0,1,2,3,4,5,6,
        0,2,2,2,2,5,6,
        0,3,2,3,2,5,6,
        0,4,2,2,4,5,6,
        0,5,5,5,5,5,5,
        0,6,6,6,6,5,6]),
    function(v(_,_), [
        0,1,2,3,4,5,6,
        1,1,1,1,1,1,1,
        2,1,2,3,4,2,2,
        3,1,3,3,1,3,3,
        4,1,4,1,4,4,4,
        5,1,2,3,4,5,6,
        6,1,2,3,4,6,6]),
    function(c(_), [1,0,0,0,0,0,0])]).
interpretation( 7, [number = 1502,seconds = 0], [
    function(^(_,_), [
        0,0,0,0,0,0,0,
        0,1,2,3,4,5,6,
        0,2,2,2,2,5,6,
        0,3,2,3,2,5,6,
        0,4,2,2,4,5,6,
        0,5,5,5,5,5,0,
        0,6,6,6,6,0,6]),
    function(v(_,_), [
        0,1,2,3,4,5,6,
        1,1,1,1,1,1,1,
        2,1,2,3,4,2,2,
        3,1,3,3,1,3,3,
        4,1,4,1,4,4,4,
        5,1,2,3,4,5,2,
        6,1,2,3,4,2,6]),
    function(c(_), [1,0,0,0,0,6,5])]).
interpretation( 7, [number = 1512,seconds = 0], [
    function(^(_,_), [
        0,0,0,0,0,0,0,
        0,1,2,3,4,5,6,
        0,2,2,2,2,2,2,
        0,3,2,3,2,3,2,
        0,4,2,2,4,4,2,
        0,5,2,3,4,5,6,
        0,6,2,2,2,6,6]),
    function(v(_,_), [
        0,1,2,3,4,5,6,
        1,1,1,1,1,1,1,
        2,1,2,3,4,5,6,
        3,1,3,3,5,5,5,
        4,1,4,5,4,5,5,
        5,1,5,5,5,5,5,
        6,1,6,5,5,5,6]),
    function(c(_), [1,0,0,0,0,0,0])]).
interpretation( 7, [number = 1513,seconds = 0], [
    function(^(_,_), [
        0,0,0,0,0,0,0,
        0,1,2,3,4,5,6,
        0,2,2,2,2,2,2,
        0,3,2,3,2,3,2,
        0,4,2,2,4,4,4,
        0,5,2,3,4,5,6,
        0,6,2,2,4,6,6]),
    function(v(_,_), [
        0,1,2,3,4,5,6,
        1,1,1,1,1,1,1,
        2,1,2,3,4,5,6,
        3,1,3,3,5,5,5,
        4,1,4,5,4,5,6,
        5,1,5,5,5,5,5,
        6,1,6,5,6,5,6]),
    function(c(_), [1,0,0,0,0,0,0])]).
interpretation( 7, [number = 1517,seconds = 0], [
    function(^(_,_), [
        0,0,0,0,0,0,0,
        0,1,2,3,4,5,6,
        0,2,2,2,2,2,2,
        0,3,2,3,2,3,3,
        0,4,2,2,4,4,4,
        0,5,2,3,4,5,5,
        0,6,2,3,4,5,6]),
    function(v(_,_), [
        0,1,2,3,4,5,6,
        1,1,1,1,1,1,1,
        2,1,2,3,4,5,6,
        3,1,3,3,5,5,6,
        4,1,4,5,4,5,6,
        5,1,5,5,5,5,6,
        6,1,6,6,6,6,6]),
    function(c(_), [1,0,0,0,0,0,0])]).
interpretation( 7, [number = 1519,seconds = 0], [
    function(^(_,_), [
        0,0,0,0,0,0,0,
        0,1,2,3,4,5,6,
        0,2,2,2,2,2,6,
        0,3,2,3,2,3,6,
        0,4,2,2,4,4,6,
        0,5,2,3,4,5,6,
        0,6,6,6,6,6,6]),
    function(v(_,_), [
        0,1,2,3,4,5,6,
        1,1,1,1,1,1,1,
        2,1,2,3,4,5,2,
        3,1,3,3,5,5,3,
        4,1,4,5,4,5,4,
        5,1,5,5,5,5,5,
        6,1,2,3,4,5,6]),
    function(c(_), [1,0,0,0,0,0,0])]).
interpretation( 7, [number = 1532,seconds = 0], [
    function(^(_,_), [
        0,0,0,0,0,0,0,
        0,1,2,3,4,5,6,
        0,2,2,2,2,0,0,
        0,3,2,3,3,0,0,
        0,4,2,3,4,0,0,
        0,5,0,0,0,5,0,
        0,6,0,0,0,0,6]),
    function(v(_,_), [
        0,1,2,3,4,5,6,
        1,1,1,1,1,1,1,
        2,1,2,3,4,1,1,
        3,1,3,3,4,1,1,
        4,1,4,4,4,1,1,
        5,1,1,1,1,5,1,
        6,1,1,1,1,1,6]),
    function(c(_), [1,0,0,0,0,6,5])]).
interpretation( 7, [number = 1533,seconds = 0], [
    function(^(_,_), [
        0,0,0,0,0,0,0,
        0,1,2,3,4,5,6,
        0,2,2,2,2,0,0,
        0,3,2,3,3,0,0,
        0,4,2,3,4,0,6,
        0,5,0,0,0,5,0,
        0,6,0,0,6,0,6]),
    function(v(_,_), [
        0,1,2,3,4,5,6,
        1,1,1,1,1,1,1,
        2,1,2,3,4,1,4,
        3,1,3,3,4,1,4,
        4,1,4,4,4,1,4,
        5,1,1,1,1,5,1,
        6,1,4,4,4,1,6]),
    function(c(_), [1,0,0,0,0,6,5])]).
interpretation( 7, [number = 1534,seconds = 0], [
    function(^(_,_), [
        0,0,0,0,0,0,0,
        0,1,2,3,4,5,6,
        0,2,2,2,2,0,0,
        0,3,2,3,3,0,6,
        0,4,2,3,4,0,6,
        0,5,0,0,0,5,0,
        0,6,0,6,6,0,6]),
    function(v(_,_), [
        0,1,2,3,4,5,6,
        1,1,1,1,1,1,1,
        2,1,2,3,4,1,3,
        3,1,3,3,4,1,3,
        4,1,4,4,4,1,4,
        5,1,1,1,1,5,1,
        6,1,3,3,4,1,6]),
    function(c(_), [1,0,0,0,0,6,5])]).
interpretation( 7, [number = 1535,seconds = 0], [
    function(^(_,_), [
        0,0,0,0,0,0,0,
        0,1,2,3,4,5,6,
        0,2,2,2,2,0,6,
        0,3,2,3,3,0,6,
        0,4,2,3,4,0,6,
        0,5,0,0,0,5,0,
        0,6,6,6,6,0,6]),
    function(v(_,_), [
        0,1,2,3,4,5,6,
        1,1,1,1,1,1,1,
        2,1,2,3,4,1,2,
        3,1,3,3,4,1,3,
        4,1,4,4,4,1,4,
        5,1,1,1,1,5,1,
        6,1,2,3,4,1,6]),
    function(c(_), [1,0,0,0,0,6,5])]).
interpretation( 7, [number = 1553,seconds = 0], [
    function(^(_,_), [
        0,0,0,0,0,0,0,
        0,1,2,3,4,5,6,
        0,2,2,2,2,0,0,
        0,3,2,3,3,0,0,
        0,4,2,3,4,5,6,
        0,5,0,0,5,5,0,
        0,6,0,0,6,0,6]),
    function(v(_,_), [
        0,1,2,3,4,5,6,
        1,1,1,1,1,1,1,
        2,1,2,3,4,4,4,
        3,1,3,3,4,4,4,
        4,1,4,4,4,4,4,
        5,1,4,4,4,5,4,
        6,1,4,4,4,4,6]),
    function(c(_), [1,0,0,0,0,6,5])]).
interpretation( 7, [number = 1554,seconds = 0], [
    function(^(_,_), [
        0,0,0,0,0,0,0,
        0,1,2,3,4,5,6,
        0,2,2,2,2,0,0,
        0,3,2,3,3,0,6,
        0,4,2,3,4,5,6,
        0,5,0,0,5,5,0,
        0,6,0,6,6,0,6]),
    function(v(_,_), [
        0,1,2,3,4,5,6,
        1,1,1,1,1,1,1,
        2,1,2,3,4,4,3,
        3,1,3,3,4,4,3,
        4,1,4,4,4,4,4,
        5,1,4,4,4,5,4,
        6,1,3,3,4,4,6]),
    function(c(_), [1,0,0,0,0,6,5])]).
interpretation( 7, [number = 1555,seconds = 0], [
    function(^(_,_), [
        0,0,0,0,0,0,0,
        0,1,2,3,4,5,6,
        0,2,2,2,2,0,6,
        0,3,2,3,3,0,6,
        0,4,2,3,4,5,6,
        0,5,0,0,5,5,0,
        0,6,6,6,6,0,6]),
    function(v(_,_), [
        0,1,2,3,4,5,6,
        1,1,1,1,1,1,1,
        2,1,2,3,4,4,2,
        3,1,3,3,4,4,3,
        4,1,4,4,4,4,4,
        5,1,4,4,4,5,4,
        6,1,2,3,4,4,6]),
    function(c(_), [1,0,0,0,0,6,5])]).
interpretation( 7, [number = 1576,seconds = 0], [
    function(^(_,_), [
        0,0,0,0,0,0,0,
        0,1,2,3,4,5,6,
        0,2,2,2,2,0,0,
        0,3,2,3,3,5,6,
        0,4,2,3,4,5,6,
        0,5,0,5,5,5,0,
        0,6,0,6,6,0,6]),
    function(v(_,_), [
        0,1,2,3,4,5,6,
        1,1,1,1,1,1,1,
        2,1,2,3,4,3,3,
        3,1,3,3,4,3,3,
        4,1,4,4,4,4,4,
        5,1,3,3,4,5,3,
        6,1,3,3,4,3,6]),
    function(c(_), [1,0,0,0,0,6,5])]).
interpretation( 7, [number = 1577,seconds = 0], [
    function(^(_,_), [
        0,0,0,0,0,0,0,
        0,1,2,3,4,5,6,
        0,2,2,2,2,0,6,
        0,3,2,3,3,5,6,
        0,4,2,3,4,5,6,
        0,5,0,5,5,5,0,
        0,6,6,6,6,0,6]),
    function(v(_,_), [
        0,1,2,3,4,5,6,
        1,1,1,1,1,1,1,
        2,1,2,3,4,3,2,
        3,1,3,3,4,3,3,
        4,1,4,4,4,4,4,
        5,1,3,3,4,5,3,
        6,1,2,3,4,3,6]),
    function(c(_), [1,0,0,0,0,6,5])]).
interpretation( 7, [number = 1636,seconds = 0], [
    function(^(_,_), [
        0,0,0,0,0,0,0,
        0,1,2,3,4,5,6,
        0,2,2,2,2,2,2,
        0,3,2,3,3,3,3,
        0,4,2,3,4,4,4,
        0,5,2,3,4,5,5,
        0,6,2,3,4,5,6]),
    function(v(_,_), [
        0,1,2,3,4,5,6,
        1,1,1,1,1,1,1,
        2,1,2,3,4,5,6,
        3,1,3,3,4,5,6,
        4,1,4,4,4,5,6,
        5,1,5,5,5,5,6,
        6,1,6,6,6,6,6]),
    function(c(_), [1,0,0,0,0,0,0])]).
interpretation( 7, [number = 1692,seconds = 0], [
    function(^(_,_), [
        0,0,0,0,0,0,0,
        0,1,2,3,4,5,6,
        0,2,2,2,2,5,6,
        0,3,2,3,3,5,6,
        0,4,2,3,4,5,6,
        0,5,5,5,5,5,0,
        0,6,6,6,6,0,6]),
    function(v(_,_), [
        0,1,2,3,4,5,6,
        1,1,1,1,1,1,1,
        2,1,2,3,4,2,2,
        3,1,3,3,4,3,3,
        4,1,4,4,4,4,4,
        5,1,2,3,4,5,2,
        6,1,2,3,4,2,6]),
    function(c(_), [1,0,0,0,0,6,5])]).
interpretation( 7, [number = 2094,seconds = 0], [
    function(^(_,_), [
        0,0,0,0,0,0,0,
        0,1,2,3,4,5,6,
        0,2,2,2,5,5,0,
        0,3,2,3,4,5,0,
        0,4,5,4,4,5,0,
        0,5,5,5,5,5,0,
        0,6,0,0,0,0,6]),
    function(v(_,_), [
        0,1,2,3,4,5,6,
        1,1,1,1,1,1,1,
        2,1,2,3,3,2,1,
        3,1,3,3,3,3,1,
        4,1,3,3,4,4,1,
        5,1,2,3,4,5,1,
        6,1,1,1,1,1,6]),
    function(c(_), [1,0,0,0,0,6,5])]).
interpretation( 7, [number = 2095,seconds = 0], [
    function(^(_,_), [
        0,0,0,0,0,0,0,
        0,1,2,3,4,5,6,
        0,2,2,2,5,5,0,
        0,3,2,3,4,5,6,
        0,4,5,4,4,5,0,
        0,5,5,5,5,5,0,
        0,6,0,6,0,0,6]),
    function(v(_,_), [
        0,1,2,3,4,5,6,
        1,1,1,1,1,1,1,
        2,1,2,3,3,2,3,
        3,1,3,3,3,3,3,
        4,1,3,3,4,4,3,
        5,1,2,3,4,5,3,
        6,1,3,3,3,3,6]),
    function(c(_), [1,0,0,0,0,6,5])]).
interpretation( 7, [number = 2096,seconds = 0], [
    function(^(_,_), [
        0,0,0,0,0,0,0,
        0,1,2,3,4,5,6,
        0,2,2,2,5,5,0,
        0,3,2,3,4,5,6,
        0,4,5,4,4,5,6,
        0,5,5,5,5,5,0,
        0,6,0,6,6,0,6]),
    function(v(_,_), [
        0,1,2,3,4,5,6,
        1,1,1,1,1,1,1,
        2,1,2,3,3,2,3,
        3,1,3,3,3,3,3,
        4,1,3,3,4,4,4,
        5,1,2,3,4,5,4,
        6,1,3,3,4,4,6]),
    function(c(_), [1,0,0,0,0,6,5])]).
interpretation( 7, [number = 2098,seconds = 0], [
    function(^(_,_), [
        0,0,0,0,0,0,0,
        0,1,2,3,4,5,6,
        0,2,2,2,5,5,0,
        0,3,2,3,5,5,0,
        0,4,5,5,4,5,0,
        0,5,5,5,5,5,0,
        0,6,0,0,0,0,6]),
    function(v(_,_), [
        0,1,2,3,4,5,6,
        1,1,1,1,1,1,1,
        2,1,2,3,1,2,1,
        3,1,3,3,1,3,1,
        4,1,1,1,4,4,1,
        5,1,2,3,4,5,1,
        6,1,1,1,1,1,6]),
    function(c(_), [1,0,0,0,0,6,5])]).
interpretation( 7, [number = 2099,seconds = 0], [
    function(^(_,_), [
        0,0,0,0,0,0,0,
        0,1,2,3,4,5,6,
        0,2,2,2,5,5,0,
        0,3,2,3,5,5,0,
        0,4,5,5,4,5,6,
        0,5,5,5,5,5,0,
        0,6,0,0,6,0,6]),
    function(v(_,_), [
        0,1,2,3,4,5,6,
        1,1,1,1,1,1,1,
        2,1,2,3,1,2,1,
        3,1,3,3,1,3,1,
        4,1,1,1,4,4,4,
        5,1,2,3,4,5,4,
        6,1,1,1,4,4,6]),
    function(c(_), [1,0,0,0,0,6,5])]).
interpretation( 7, [number = 2100,seconds = 0], [
    function(^(_,_), [
        0,0,0,0,0,0,0,
        0,1,2,3,4,5,6,
        0,2,2,2,5,5,0,
        0,3,2,3,5,5,6,
        0,4,5,5,4,5,0,
        0,5,5,5,5,5,0,
        0,6,0,6,0,0,6]),
    function(v(_,_), [
        0,1,2,3,4,5,6,
        1,1,1,1,1,1,1,
        2,1,2,3,1,2,3,
        3,1,3,3,1,3,3,
        4,1,1,1,4,4,1,
        5,1,2,3,4,5,3,
        6,1,3,3,1,3,6]),
    function(c(_), [1,0,0,0,0,6,5])]).
interpretation( 7, [number = 2101,seconds = 0], [
    function(^(_,_), [
        0,0,0,0,0,0,0,
        0,1,2,3,4,5,6,
        0,2,2,2,5,5,6,
        0,3,2,3,5,5,6,
        0,4,5,5,4,5,0,
        0,5,5,5,5,5,0,
        0,6,6,6,0,0,6]),
    function(v(_,_), [
        0,1,2,3,4,5,6,
        1,1,1,1,1,1,1,
        2,1,2,3,1,2,2,
        3,1,3,3,1,3,3,
        4,1,1,1,4,4,1,
        5,1,2,3,4,5,2,
        6,1,2,3,1,2,6]),
    function(c(_), [1,0,0,0,0,6,5])]).
interpretation( 7, [number = 2104,seconds = 0], [
    function(^(_,_), [
        0,0,0,0,0,0,0,
        0,1,2,3,4,5,6,
        0,2,2,2,0,0,0,
        0,3,2,3,0,0,0,
        0,4,0,0,4,0,0,
        0,5,0,0,0,5,6,
        0,6,0,0,0,6,6]),
    function(v(_,_), [
        0,1,2,3,4,5,6,
        1,1,1,1,1,1,1,
        2,1,2,3,1,1,1,
        3,1,3,3,1,1,1,
        4,1,1,1,4,1,1,
        5,1,1,1,1,5,5,
        6,1,1,1,1,5,6]),
    function(c(_), [1,0,0,0,5,4,4])]).
interpretation( 7, [number = 2117,seconds = 0], [
    function(^(_,_), [
        0,0,0,0,0,0,0,
        0,1,2,3,4,5,6,
        0,2,2,2,0,0,0,
        0,3,2,3,0,5,0,
        0,4,0,0,4,0,6,
        0,5,0,5,0,5,0,
        0,6,0,0,6,0,6]),
    function(v(_,_), [
        0,1,2,3,4,5,6,
        1,1,1,1,1,1,1,
        2,1,2,3,1,3,1,
        3,1,3,3,1,3,1,
        4,1,1,1,4,1,4,
        5,1,3,3,1,5,1,
        6,1,1,1,4,1,6]),
    function(c(_), [1,0,0,0,5,4,5])]).
interpretation( 7, [number = 2121,seconds = 0], [
    function(^(_,_), [
        0,0,0,0,0,0,0,
        0,1,2,3,4,5,6,
        0,2,2,2,0,0,0,
        0,3,2,3,0,5,6,
        0,4,0,0,4,0,0,
        0,5,0,5,0,5,6,
        0,6,0,6,0,6,6]),
    function(v(_,_), [
        0,1,2,3,4,5,6,
        1,1,1,1,1,1,1,
        2,1,2,3,1,3,3,
        3,1,3,3,1,3,3,
        4,1,1,1,4,1,1,
        5,1,3,3,1,5,5,
        6,1,3,3,1,5,6]),
    function(c(_), [1,0,0,0,5,4,4])]).
interpretation( 7, [number = 2128,seconds = 0], [
    function(^(_,_), [
        0,0,0,0,0,0,0,
        0,1,2,3,4,5,6,
        0,2,2,2,0,0,0,
        0,3,2,3,0,6,6,
        0,4,0,0,4,0,0,
        0,5,0,6,0,5,6,
        0,6,0,6,0,6,6]),
    function(v(_,_), [
        0,1,2,3,4,5,6,
        1,1,1,1,1,1,1,
        2,1,2,3,1,1,3,
        3,1,3,3,1,1,3,
        4,1,1,1,4,1,1,
        5,1,1,1,1,5,5,
        6,1,3,3,1,5,6]),
    function(c(_), [1,0,0,0,5,4,4])]).
interpretation( 7, [number = 2138,seconds = 0], [
    function(^(_,_), [
        0,0,0,0,0,0,0,
        0,1,2,3,4,5,6,
        0,2,2,2,0,5,6,
        0,3,2,3,0,5,6,
        0,4,0,0,4,0,0,
        0,5,5,5,0,5,6,
        0,6,6,6,0,6,6]),
    function(v(_,_), [
        0,1,2,3,4,5,6,
        1,1,1,1,1,1,1,
        2,1,2,3,1,2,2,
        3,1,3,3,1,3,3,
        4,1,1,1,4,1,1,
        5,1,2,3,1,5,5,
        6,1,2,3,1,5,6]),
    function(c(_), [1,0,0,0,5,4,4])]).
interpretation( 7, [number = 2140,seconds = 0], [
    function(^(_,_), [
        0,0,0,0,0,0,0,
        0,1,2,3,4,5,6,
        0,2,2,2,0,5,0,
        0,3,2,3,0,5,0,
        0,4,0,0,4,0,6,
        0,5,5,5,0,5,0,
        0,6,0,0,6,0,6]),
    function(v(_,_), [
        0,1,2,3,4,5,6,
        1,1,1,1,1,1,1,
        2,1,2,3,1,2,1,
        3,1,3,3,1,3,1,
        4,1,1,1,4,1,4,
        5,1,2,3,1,5,1,
        6,1,1,1,4,1,6]),
    function(c(_), [1,0,0,0,5,4,5])]).
interpretation( 7, [number = 2142,seconds = 0], [
    function(^(_,_), [
        0,0,0,0,0,0,0,
        0,1,2,3,4,5,6,
        0,2,2,2,0,6,6,
        0,3,2,3,0,5,6,
        0,4,0,0,4,0,0,
        0,5,6,5,0,5,6,
        0,6,6,6,0,6,6]),
    function(v(_,_), [
        0,1,2,3,4,5,6,
        1,1,1,1,1,1,1,
        2,1,2,3,1,3,2,
        3,1,3,3,1,3,3,
        4,1,1,1,4,1,1,
        5,1,3,3,1,5,5,
        6,1,2,3,1,5,6]),
    function(c(_), [1,0,0,0,5,4,4])]).
interpretation( 7, [number = 2143,seconds = 0], [
    function(^(_,_), [
        0,0,0,0,0,0,0,
        0,1,2,3,4,5,6,
        0,2,2,2,0,6,6,
        0,3,2,3,0,6,6,
        0,4,0,0,4,0,0,
        0,5,6,6,0,5,6,
        0,6,6,6,0,6,6]),
    function(v(_,_), [
        0,1,2,3,4,5,6,
        1,1,1,1,1,1,1,
        2,1,2,3,1,1,2,
        3,1,3,3,1,1,3,
        4,1,1,1,4,1,1,
        5,1,1,1,1,5,5,
        6,1,2,3,1,5,6]),
    function(c(_), [1,0,0,0,5,4,4])]).
interpretation( 7, [number = 2174,seconds = 0], [
    function(^(_,_), [
        0,0,0,0,0,0,0,
        0,1,2,3,4,5,6,
        0,2,2,2,0,0,0,
        0,3,2,3,4,5,6,
        0,4,0,4,4,0,0,
        0,5,0,5,0,5,6,
        0,6,0,6,0,6,6]),
    function(v(_,_), [
        0,1,2,3,4,5,6,
        1,1,1,1,1,1,1,
        2,1,2,3,3,3,3,
        3,1,3,3,3,3,3,
        4,1,3,3,4,3,3,
        5,1,3,3,3,5,5,
        6,1,3,3,3,5,6]),
    function(c(_), [1,0,0,0,5,4,4])]).
interpretation( 7, [number = 2183,seconds = 0], [
    function(^(_,_), [
        0,0,0,0,0,0,0,
        0,1,2,3,4,5,6,
        0,2,2,2,0,0,0,
        0,3,2,3,4,6,6,
        0,4,0,4,4,0,0,
        0,5,0,6,0,5,6,
        0,6,0,6,0,6,6]),
    function(v(_,_), [
        0,1,2,3,4,5,6,
        1,1,1,1,1,1,1,
        2,1,2,3,3,1,3,
        3,1,3,3,3,1,3,
        4,1,3,3,4,1,3,
        5,1,1,1,1,5,5,
        6,1,3,3,3,5,6]),
    function(c(_), [1,0,0,0,5,4,4])]).
interpretation( 7, [number = 2192,seconds = 0], [
    function(^(_,_), [
        0,0,0,0,0,0,0,
        0,1,2,3,4,5,6,
        0,2,2,2,0,5,6,
        0,3,2,3,4,5,6,
        0,4,0,4,4,0,0,
        0,5,5,5,0,5,6,
        0,6,6,6,0,6,6]),
    function(v(_,_), [
        0,1,2,3,4,5,6,
        1,1,1,1,1,1,1,
        2,1,2,3,3,2,2,
        3,1,3,3,3,3,3,
        4,1,3,3,4,3,3,
        5,1,2,3,3,5,5,
        6,1,2,3,3,5,6]),
    function(c(_), [1,0,0,0,5,4,4])]).
interpretation( 7, [number = 2196,seconds = 0], [
    function(^(_,_), [
        0,0,0,0,0,0,0,
        0,1,2,3,4,5,6,
        0,2,2,2,0,5,0,
        0,3,2,3,4,5,6,
        0,4,0,4,4,0,6,
        0,5,5,5,0,5,0,
        0,6,0,6,6,0,6]),
    function(v(_,_), [
        0,1,2,3,4,5,6,
        1,1,1,1,1,1,1,
        2,1,2,3,3,2,3,
        3,1,3,3,3,3,3,
        4,1,3,3,4,3,4,
        5,1,2,3,3,5,3,
        6,1,3,3,4,3,6]),
    function(c(_), [1,0,0,0,5,4,5])]).
interpretation( 7, [number = 2198,seconds = 0], [
    function(^(_,_), [
        0,0,0,0,0,0,0,
        0,1,2,3,4,5,6,
        0,2,2,2,0,6,6,
        0,3,2,3,4,5,6,
        0,4,0,4,4,0,0,
        0,5,6,5,0,5,6,
        0,6,6,6,0,6,6]),
    function(v(_,_), [
        0,1,2,3,4,5,6,
        1,1,1,1,1,1,1,
        2,1,2,3,3,3,2,
        3,1,3,3,3,3,3,
        4,1,3,3,4,3,3,
        5,1,3,3,3,5,5,
        6,1,2,3,3,5,6]),
    function(c(_), [1,0,0,0,5,4,4])]).
interpretation( 7, [number = 2199,seconds = 0], [
    function(^(_,_), [
        0,0,0,0,0,0,0,
        0,1,2,3,4,5,6,
        0,2,2,2,0,6,6,
        0,3,2,3,4,6,6,
        0,4,0,4,4,0,0,
        0,5,6,6,0,5,6,
        0,6,6,6,0,6,6]),
    function(v(_,_), [
        0,1,2,3,4,5,6,
        1,1,1,1,1,1,1,
        2,1,2,3,3,1,2,
        3,1,3,3,3,1,3,
        4,1,3,3,4,1,3,
        5,1,1,1,1,5,5,
        6,1,2,3,3,5,6]),
    function(c(_), [1,0,0,0,5,4,4])]).
interpretation( 7, [number = 2204,seconds = 0], [
    function(^(_,_), [
        0,0,0,0,0,0,0,
        0,1,2,3,4,5,6,
        0,2,2,2,0,5,0,
        0,3,2,3,4,5,4,
        0,4,0,4,4,0,4,
        0,5,5,5,0,5,0,
        0,6,0,4,4,0,6]),
    function(v(_,_), [
        0,1,2,3,4,5,6,
        1,1,1,1,1,1,1,
        2,1,2,3,3,2,1,
        3,1,3,3,3,3,1,
        4,1,3,3,4,3,6,
        5,1,2,3,3,5,1,
        6,1,1,1,6,1,6]),
    function(c(_), [1,0,0,0,5,6,5])]).
interpretation( 7, [number = 2254,seconds = 0], [
    function(^(_,_), [
        0,0,0,0,0,0,0,
        0,1,2,3,4,5,6,
        0,2,2,2,4,5,6,
        0,3,2,3,4,5,6,
        0,4,4,4,4,0,0,
        0,5,5,5,0,5,6,
        0,6,6,6,0,6,6]),
    function(v(_,_), [
        0,1,2,3,4,5,6,
        1,1,1,1,1,1,1,
        2,1,2,3,2,2,2,
        3,1,3,3,3,3,3,
        4,1,2,3,4,2,2,
        5,1,2,3,2,5,5,
        6,1,2,3,2,5,6]),
    function(c(_), [1,0,0,0,5,4,4])]).
interpretation( 7, [number = 2265,seconds = 0], [
    function(^(_,_), [
        0,0,0,0,0,0,0,
        0,1,2,3,4,5,6,
        0,2,2,2,4,5,4,
        0,3,2,3,4,5,4,
        0,4,4,4,4,0,4,
        0,5,5,5,0,5,0,
        0,6,4,4,4,0,6]),
    function(v(_,_), [
        0,1,2,3,4,5,6,
        1,1,1,1,1,1,1,
        2,1,2,3,2,2,1,
        3,1,3,3,3,3,1,
        4,1,2,3,4,2,6,
        5,1,2,3,2,5,1,
        6,1,1,1,6,1,6]),
    function(c(_), [1,0,0,0,5,6,5])]).
interpretation( 7, [number = 2266,seconds = 0], [
    function(^(_,_), [
        0,0,0,0,0,0,0,
        0,1,2,3,4,5,6,
        0,2,2,2,4,5,4,
        0,3,2,3,4,5,6,
        0,4,4,4,4,0,4,
        0,5,5,5,0,5,0,
        0,6,4,6,4,0,6]),
    function(v(_,_), [
        0,1,2,3,4,5,6,
        1,1,1,1,1,1,1,
        2,1,2,3,2,2,3,
        3,1,3,3,3,3,3,
        4,1,2,3,4,2,6,
        5,1,2,3,2,5,3,
        6,1,3,3,6,3,6]),
    function(c(_), [1,0,0,0,5,6,5])]).
interpretation( 7, [number = 3686,seconds = 0], [
    function(^(_,_), [
        0,0,0,0,0,0,0,
        0,1,2,3,4,5,6,
        0,2,2,4,4,0,0,
        0,3,4,3,4,0,0,
        0,4,4,4,4,0,0,
        0,5,0,0,0,5,6,
        0,6,0,0,0,6,6]),
    function(v(_,_), [
        0,1,2,3,4,5,6,
        1,1,1,1,1,1,1,
        2,1,2,1,2,1,1,
        3,1,1,3,3,1,1,
        4,1,2,3,4,1,1,
        5,1,1,1,1,5,5,
        6,1,1,1,1,5,6]),
    function(c(_), [1,0,0,0,5,4,4])]).
interpretation( 7, [number = 3691,seconds = 0], [
    function(^(_,_), [
        0,0,0,0,0,0,0,
        0,1,2,3,4,5,6,
        0,2,2,4,4,0,4,
        0,3,4,3,4,0,4,
        0,4,4,4,4,0,4,
        0,5,0,0,0,5,0,
        0,6,4,4,4,0,6]),
    function(v(_,_), [
        0,1,2,3,4,5,6,
        1,1,1,1,1,1,1,
        2,1,2,1,2,1,1,
        3,1,1,3,3,1,1,
        4,1,2,3,4,1,6,
        5,1,1,1,1,5,1,
        6,1,1,1,6,1,6]),
    function(c(_), [1,0,0,0,5,4,0])]).
interpretation( 7, [number = 3694,seconds = 0], [
    function(^(_,_), [
        0,0,0,0,0,0,0,
        0,1,2,3,4,5,6,
        0,2,2,4,4,0,6,
        0,3,4,3,4,0,6,
        0,4,4,4,4,0,6,
        0,5,0,0,0,5,0,
        0,6,6,6,6,0,6]),
    function(v(_,_), [
        0,1,2,3,4,5,6,
        1,1,1,1,1,1,1,
        2,1,2,1,2,1,2,
        3,1,1,3,3,1,3,
        4,1,2,3,4,1,4,
        5,1,1,1,1,5,1,
        6,1,2,3,4,1,6]),
    function(c(_), [1,0,0,0,5,4,5])]).
interpretation( 7, [number = 3695,seconds = 0], [
    function(^(_,_), [
        0,0,0,0,0,0,0,
        0,1,2,3,4,5,6,
        0,2,2,4,4,0,4,
        0,3,4,3,4,0,4,
        0,4,4,4,4,0,4,
        0,5,0,0,0,5,0,
        0,6,4,4,4,0,6]),
    function(v(_,_), [
        0,1,2,3,4,5,6,
        1,1,1,1,1,1,1,
        2,1,2,1,2,1,1,
        3,1,1,3,3,1,1,
        4,1,2,3,4,1,6,
        5,1,1,1,1,5,1,
        6,1,1,1,6,1,6]),
    function(c(_), [1,0,0,0,5,6,5])]).
interpretation( 7, [number = 3696,seconds = 0], [
    function(^(_,_), [
        0,0,0,0,0,0,0,
        0,1,2,3,4,5,6,
        0,2,2,4,4,0,4,
        0,3,4,3,4,0,6,
        0,4,4,4,4,0,4,
        0,5,0,0,0,5,0,
        0,6,4,6,4,0,6]),
    function(v(_,_), [
        0,1,2,3,4,5,6,
        1,1,1,1,1,1,1,
        2,1,2,1,2,1,1,
        3,1,1,3,3,1,3,
        4,1,2,3,4,1,6,
        5,1,1,1,1,5,1,
        6,1,1,3,6,1,6]),
    function(c(_), [1,0,0,0,5,6,5])]).
interpretation( 7, [number = 3698,seconds = 0], [
    function(^(_,_), [
        0,0,0,0,0,0,0,
        0,1,2,3,4,5,6,
        0,2,2,4,4,0,4,
        0,3,4,3,4,0,4,
        0,4,4,4,4,0,4,
        0,5,0,0,0,5,5,
        0,6,4,4,4,5,6]),
    function(v(_,_), [
        0,1,2,3,4,5,6,
        1,1,1,1,1,1,1,
        2,1,2,1,2,1,1,
        3,1,1,3,3,1,1,
        4,1,2,3,4,6,6,
        5,1,1,1,6,5,6,
        6,1,1,1,6,6,6]),
    function(c(_), [1,0,0,0,5,4,0])]).
interpretation( 7, [number = 3705,seconds = 0], [
    function(^(_,_), [
        0,0,0,0,0,0,0,
        0,1,2,3,4,5,6,
        0,2,2,4,4,0,0,
        0,3,4,3,4,5,6,
        0,4,4,4,4,0,0,
        0,5,0,5,0,5,6,
        0,6,0,6,0,6,6]),
    function(v(_,_), [
        0,1,2,3,4,5,6,
        1,1,1,1,1,1,1,
        2,1,2,1,2,1,1,
        3,1,1,3,3,3,3,
        4,1,2,3,4,3,3,
        5,1,1,3,3,5,5,
        6,1,1,3,3,5,6]),
    function(c(_), [1,0,0,0,5,4,4])]).
interpretation( 7, [number = 3712,seconds = 0], [
    function(^(_,_), [
        0,0,0,0,0,0,0,
        0,1,2,3,4,5,6,
        0,2,2,4,4,0,6,
        0,3,4,3,4,5,6,
        0,4,4,4,4,0,6,
        0,5,0,5,0,5,0,
        0,6,6,6,6,0,6]),
    function(v(_,_), [
        0,1,2,3,4,5,6,
        1,1,1,1,1,1,1,
        2,1,2,1,2,1,2,
        3,1,1,3,3,3,3,
        4,1,2,3,4,3,4,
        5,1,1,3,3,5,3,
        6,1,2,3,4,3,6]),
    function(c(_), [1,0,0,0,5,4,5])]).
interpretation( 7, [number = 3713,seconds = 0], [
    function(^(_,_), [
        0,0,0,0,0,0,0,
        0,1,2,3,4,5,6,
        0,2,2,4,4,0,4,
        0,3,4,3,4,5,4,
        0,4,4,4,4,0,4,
        0,5,0,5,0,5,0,
        0,6,4,4,4,0,6]),
    function(v(_,_), [
        0,1,2,3,4,5,6,
        1,1,1,1,1,1,1,
        2,1,2,1,2,1,1,
        3,1,1,3,3,3,1,
        4,1,2,3,4,3,6,
        5,1,1,3,3,5,1,
        6,1,1,1,6,1,6]),
    function(c(_), [1,0,0,0,5,6,5])]).
interpretation( 7, [number = 3714,seconds = 0], [
    function(^(_,_), [
        0,0,0,0,0,0,0,
        0,1,2,3,4,5,6,
        0,2,2,4,4,0,4,
        0,3,4,3,4,5,6,
        0,4,4,4,4,0,4,
        0,5,0,5,0,5,0,
        0,6,4,6,4,0,6]),
    function(v(_,_), [
        0,1,2,3,4,5,6,
        1,1,1,1,1,1,1,
        2,1,2,1,2,1,1,
        3,1,1,3,3,3,3,
        4,1,2,3,4,3,6,
        5,1,1,3,3,5,3,
        6,1,1,3,6,3,6]),
    function(c(_), [1,0,0,0,5,6,5])]).
interpretation( 7, [number = 3715,seconds = 0], [
    function(^(_,_), [
        0,0,0,0,0,0,0,
        0,1,2,3,4,5,6,
        0,2,2,4,4,0,6,
        0,3,4,3,4,5,4,
        0,4,4,4,4,0,4,
        0,5,0,5,0,5,0,
        0,6,6,4,4,0,6]),
    function(v(_,_), [
        0,1,2,3,4,5,6,
        1,1,1,1,1,1,1,
        2,1,2,1,2,1,2,
        3,1,1,3,3,3,1,
        4,1,2,3,4,3,6,
        5,1,1,3,3,5,1,
        6,1,2,1,6,1,6]),
    function(c(_), [1,0,0,0,5,6,5])]).
interpretation( 7, [number = 3717,seconds = 0], [
    function(^(_,_), [
        0,0,0,0,0,0,0,
        0,1,2,3,4,5,6,
        0,2,2,4,4,0,0,
        0,3,4,3,4,6,6,
        0,4,4,4,4,0,0,
        0,5,0,6,0,5,6,
        0,6,0,6,0,6,6]),
    function(v(_,_), [
        0,1,2,3,4,5,6,
        1,1,1,1,1,1,1,
        2,1,2,1,2,1,1,
        3,1,1,3,3,1,3,
        4,1,2,3,4,1,3,
        5,1,1,1,1,5,5,
        6,1,1,3,3,5,6]),
    function(c(_), [1,0,0,0,5,4,4])]).
interpretation( 7, [number = 3748,seconds = 0], [
    function(^(_,_), [
        0,0,0,0,0,0,0,
        0,1,2,3,4,5,6,
        0,2,2,0,0,0,0,
        0,3,0,3,0,0,0,
        0,4,0,0,4,0,0,
        0,5,0,0,0,5,0,
        0,6,0,0,0,0,6]),
    function(v(_,_), [
        0,1,2,3,4,5,6,
        1,1,1,1,1,1,1,
        2,1,2,1,1,1,1,
        3,1,1,3,1,1,1,
        4,1,1,1,4,1,1,
        5,1,1,1,1,5,1,
        6,1,1,1,1,1,6]),
    function(c(_), [1,0,0,4,3,6,5])]).
interpretation( 7, [number = 3749,seconds = 0], [
    function(^(_,_), [
        0,0,0,0,0,0,0,
        0,1,2,3,4,5,6,
        0,2,2,0,0,0,6,
        0,3,0,3,0,0,0,
        0,4,0,0,4,0,0,
        0,5,0,0,0,5,0,
        0,6,6,0,0,0,6]),
    function(v(_,_), [
        0,1,2,3,4,5,6,
        1,1,1,1,1,1,1,
        2,1,2,1,1,1,2,
        3,1,1,3,1,1,1,
        4,1,1,1,4,1,1,
        5,1,1,1,1,5,1,
        6,1,2,1,1,1,6]),
    function(c(_), [1,0,0,4,3,6,5])]).
interpretation( 7, [number = 3761,seconds = 0], [
    function(^(_,_), [
        0,0,0,0,0,0,0,
        0,1,2,3,4,5,6,
        0,2,2,0,0,0,0,
        0,3,0,3,0,0,6,
        0,4,0,0,4,4,0,
        0,5,0,0,4,5,0,
        0,6,0,6,0,0,6]),
    function(v(_,_), [
        0,1,2,3,4,5,6,
        1,1,1,1,1,1,1,
        2,1,2,1,1,1,1,
        3,1,1,3,1,1,3,
        4,1,1,1,4,5,1,
        5,1,1,1,5,5,1,
        6,1,1,3,1,1,6]),
    function(c(_), [1,0,0,4,3,6,5])]).
interpretation( 7, [number = 3763,seconds = 0], [
    function(^(_,_), [
        0,0,0,0,0,0,0,
        0,1,2,3,4,5,6,
        0,2,2,0,0,0,0,
        0,3,0,3,0,0,0,
        0,4,0,0,4,5,6,
        0,5,0,0,5,5,0,
        0,6,0,0,6,0,6]),
    function(v(_,_), [
        0,1,2,3,4,5,6,
        1,1,1,1,1,1,1,
        2,1,2,1,1,1,1,
        3,1,1,3,1,1,1,
        4,1,1,1,4,4,4,
        5,1,1,1,4,5,4,
        6,1,1,1,4,4,6]),
    function(c(_), [1,0,0,4,3,3,3])]).
interpretation( 7, [number = 3766,seconds = 0], [
    function(^(_,_), [
        0,0,0,0,0,0,0,
        0,1,2,3,4,5,6,
        0,2,2,0,0,0,0,
        0,3,0,3,0,0,0,
        0,4,0,0,4,5,6,
        0,5,0,0,5,5,5,
        0,6,0,0,6,5,6]),
    function(v(_,_), [
        0,1,2,3,4,5,6,
        1,1,1,1,1,1,1,
        2,1,2,1,1,1,1,
        3,1,1,3,1,1,1,
        4,1,1,1,4,4,4,
        5,1,1,1,4,5,6,
        6,1,1,1,4,6,6]),
    function(c(_), [1,0,0,4,3,3,3])]).
interpretation( 7, [number = 3769,seconds = 0], [
    function(^(_,_), [
        0,0,0,0,0,0,0,
        0,1,2,3,4,5,6,
        0,2,2,0,0,0,0,
        0,3,0,3,0,0,6,
        0,4,0,0,4,5,0,
        0,5,0,0,5,5,0,
        0,6,0,6,0,0,6]),
    function(v(_,_), [
        0,1,2,3,4,5,6,
        1,1,1,1,1,1,1,
        2,1,2,1,1,1,1,
        3,1,1,3,1,1,3,
        4,1,1,1,4,4,1,
        5,1,1,1,4,5,1,
        6,1,1,3,1,1,6]),
    function(c(_), [1,0,0,4,3,3,4])]).
interpretation( 7, [number = 3828,seconds = 0], [
    function(^(_,_), [
        0,0,0,0,0,0,0,
        0,1,2,3,4,5,6,
        0,2,2,0,0,5,6,
        0,3,0,3,0,0,0,
        0,4,0,0,4,0,0,
        0,5,5,0,0,5,0,
        0,6,6,0,0,0,6]),
    function(v(_,_), [
        0,1,2,3,4,5,6,
        1,1,1,1,1,1,1,
        2,1,2,1,1,2,2,
        3,1,1,3,1,1,1,
        4,1,1,1,4,1,1,
        5,1,2,1,1,5,2,
        6,1,2,1,1,2,6]),
    function(c(_), [1,0,0,4,3,6,5])]).
interpretation( 7, [number = 3870,seconds = 0], [
    function(^(_,_), [
        0,0,0,0,0,0,0,
        0,1,2,3,4,5,6,
        0,2,2,0,4,0,6,
        0,3,0,3,0,0,0,
        0,4,4,0,4,0,0,
        0,5,0,0,0,5,0,
        0,6,6,0,0,0,6]),
    function(v(_,_), [
        0,1,2,3,4,5,6,
        1,1,1,1,1,1,1,
        2,1,2,1,2,1,2,
        3,1,1,3,1,1,1,
        4,1,2,1,4,1,2,
        5,1,1,1,1,5,1,
        6,1,2,1,2,1,6]),
    function(c(_), [1,0,0,4,3,6,5])]).
interpretation( 7, [number = 3885,seconds = 0], [
    function(^(_,_), [
        0,0,0,0,0,0,0,
        0,1,2,3,4,5,6,
        0,2,2,0,4,5,6,
        0,3,0,3,0,0,0,
        0,4,4,0,4,0,0,
        0,5,5,0,0,5,0,
        0,6,6,0,0,0,6]),
    function(v(_,_), [
        0,1,2,3,4,5,6,
        1,1,1,1,1,1,1,
        2,1,2,1,2,2,2,
        3,1,1,3,1,1,1,
        4,1,2,1,4,2,2,
        5,1,2,1,2,5,2,
        6,1,2,1,2,2,6]),
    function(c(_), [1,0,0,4,3,6,5])]).
interpretation( 7, [number = 3925,seconds = 0], [
    function(^(_,_), [
        0,0,0,0,0,0,0,
        0,1,2,3,4,5,6,
        0,2,2,0,4,4,0,
        0,3,0,3,0,0,6,
        0,4,4,0,4,4,0,
        0,5,4,0,4,5,0,
        0,6,0,6,0,0,6]),
    function(v(_,_), [
        0,1,2,3,4,5,6,
        1,1,1,1,1,1,1,
        2,1,2,1,2,1,1,
        3,1,1,3,1,1,3,
        4,1,2,1,4,5,1,
        5,1,1,1,5,5,1,
        6,1,1,3,1,1,6]),
    function(c(_), [1,0,0,4,3,6,5])]).
interpretation( 7, [number = 3926,seconds = 0], [
    function(^(_,_), [
        0,0,0,0,0,0,0,
        0,1,2,3,4,5,6,
        0,2,2,0,4,5,0,
        0,3,0,3,0,0,6,
        0,4,4,0,4,4,0,
        0,5,5,0,4,5,0,
        0,6,0,6,0,0,6]),
    function(v(_,_), [
        0,1,2,3,4,5,6,
        1,1,1,1,1,1,1,
        2,1,2,1,2,2,1,
        3,1,1,3,1,1,3,
        4,1,2,1,4,5,1,
        5,1,2,1,5,5,1,
        6,1,1,3,1,1,6]),
    function(c(_), [1,0,0,4,3,6,5])]).
interpretation( 7, [number = 3929,seconds = 0], [
    function(^(_,_), [
        0,0,0,0,0,0,0,
        0,1,2,3,4,5,6,
        0,2,2,0,4,5,6,
        0,3,0,3,0,0,0,
        0,4,4,0,4,5,6,
        0,5,5,0,5,5,0,
        0,6,6,0,6,0,6]),
    function(v(_,_), [
        0,1,2,3,4,5,6,
        1,1,1,1,1,1,1,
        2,1,2,1,2,2,2,
        3,1,1,3,1,1,1,
        4,1,2,1,4,4,4,
        5,1,2,1,4,5,4,
        6,1,2,1,4,4,6]),
    function(c(_), [1,0,0,4,3,3,3])]).
interpretation( 7, [number = 3935,seconds = 0], [
    function(^(_,_), [
        0,0,0,0,0,0,0,
        0,1,2,3,4,5,6,
        0,2,2,0,4,5,6,
        0,3,0,3,0,0,0,
        0,4,4,0,4,5,6,
        0,5,5,0,5,5,5,
        0,6,6,0,6,5,6]),
    function(v(_,_), [
        0,1,2,3,4,5,6,
        1,1,1,1,1,1,1,
        2,1,2,1,2,2,2,
        3,1,1,3,1,1,1,
        4,1,2,1,4,4,4,
        5,1,2,1,4,5,6,
        6,1,2,1,4,6,6]),
    function(c(_), [1,0,0,4,3,3,3])]).
interpretation( 7, [number = 3938,seconds = 0], [
    function(^(_,_), [
        0,0,0,0,0,0,0,
        0,1,2,3,4,5,6,
        0,2,2,0,4,5,0,
        0,3,0,3,0,0,6,
        0,4,4,0,4,5,0,
        0,5,5,0,5,5,0,
        0,6,0,6,0,0,6]),
    function(v(_,_), [
        0,1,2,3,4,5,6,
        1,1,1,1,1,1,1,
        2,1,2,1,2,2,1,
        3,1,1,3,1,1,3,
        4,1,2,1,4,4,1,
        5,1,2,1,4,5,1,
        6,1,1,3,1,1,6]),
    function(c(_), [1,0,0,4,3,3,4])]).
interpretation( 7, [number = 3960,seconds = 0], [
    function(^(_,_), [
        0,0,0,0,0,0,0,
        0,1,2,3,4,5,6,
        0,2,2,0,4,0,0,
        0,3,0,3,0,5,6,
        0,4,4,0,4,0,0,
        0,5,0,5,0,5,0,
        0,6,0,6,0,0,6]),
    function(v(_,_), [
        0,1,2,3,4,5,6,
        1,1,1,1,1,1,1,
        2,1,2,1,2,1,1,
        3,1,1,3,1,3,3,
        4,1,2,1,4,1,1,
        5,1,1,3,1,5,3,
        6,1,1,3,1,3,6]),
    function(c(_), [1,0,0,4,3,4,4])]).
interpretation( 7, [number = 3963,seconds = 0], [
    function(^(_,_), [
        0,0,0,0,0,0,0,
        0,1,2,3,4,5,6,
        0,2,2,0,4,0,0,
        0,3,0,3,0,5,6,
        0,4,4,0,4,0,0,
        0,5,0,5,0,5,5,
        0,6,0,6,0,5,6]),
    function(v(_,_), [
        0,1,2,3,4,5,6,
        1,1,1,1,1,1,1,
        2,1,2,1,2,1,1,
        3,1,1,3,1,3,3,
        4,1,2,1,4,1,1,
        5,1,1,3,1,5,6,
        6,1,1,3,1,6,6]),
    function(c(_), [1,0,0,4,3,4,4])]).
interpretation( 7, [number = 3991,seconds = 0], [
    function(^(_,_), [
        0,0,0,0,0,0,0,
        0,1,2,3,4,5,6,
        0,2,2,0,5,5,0,
        0,3,0,3,0,0,0,
        0,4,5,0,4,5,6,
        0,5,5,0,5,5,0,
        0,6,0,0,6,0,6]),
    function(v(_,_), [
        0,1,2,3,4,5,6,
        1,1,1,1,1,1,1,
        2,1,2,1,1,2,1,
        3,1,1,3,1,1,1,
        4,1,1,1,4,4,4,
        5,1,2,1,4,5,4,
        6,1,1,1,4,4,6]),
    function(c(_), [1,0,0,4,3,3,3])]).
interpretation( 7, [number = 3997,seconds = 0], [
    function(^(_,_), [
        0,0,0,0,0,0,0,
        0,1,2,3,4,5,6,
        0,2,2,0,5,5,5,
        0,3,0,3,0,0,0,
        0,4,5,0,4,5,6,
        0,5,5,0,5,5,5,
        0,6,5,0,6,5,6]),
    function(v(_,_), [
        0,1,2,3,4,5,6,
        1,1,1,1,1,1,1,
        2,1,2,1,1,2,1,
        3,1,1,3,1,1,1,
        4,1,1,1,4,4,4,
        5,1,2,1,4,5,6,
        6,1,1,1,4,6,6]),
    function(c(_), [1,0,0,4,3,3,3])]).
interpretation( 7, [number = 3998,seconds = 0], [
    function(^(_,_), [
        0,0,0,0,0,0,0,
        0,1,2,3,4,5,6,
        0,2,2,0,5,5,6,
        0,3,0,3,0,0,0,
        0,4,5,0,4,5,6,
        0,5,5,0,5,5,6,
        0,6,6,0,6,6,6]),
    function(v(_,_), [
        0,1,2,3,4,5,6,
        1,1,1,1,1,1,1,
        2,1,2,1,1,2,2,
        3,1,1,3,1,1,1,
        4,1,1,1,4,4,4,
        5,1,2,1,4,5,5,
        6,1,2,1,4,5,6]),
    function(c(_), [1,0,0,4,3,3,3])]).
interpretation( 7, [number = 4000,seconds = 0], [
    function(^(_,_), [
        0,0,0,0,0,0,0,
        0,1,2,3,4,5,6,
        0,2,2,0,5,5,0,
        0,3,0,3,0,0,6,
        0,4,5,0,4,5,0,
        0,5,5,0,5,5,0,
        0,6,0,6,0,0,6]),
    function(v(_,_), [
        0,1,2,3,4,5,6,
        1,1,1,1,1,1,1,
        2,1,2,1,1,2,1,
        3,1,1,3,1,1,3,
        4,1,1,1,4,4,1,
        5,1,2,1,4,5,1,
        6,1,1,3,1,1,6]),
    function(c(_), [1,0,0,4,3,3,4])]).
interpretation( 7, [number = 4083,seconds = 0], [
    function(^(_,_), [
        0,0,0,0,0,0,0,
        0,1,2,3,4,5,6,
        0,2,2,0,4,6,6,
        0,3,0,3,0,3,0,
        0,4,4,0,4,0,0,
        0,5,6,3,0,5,6,
        0,6,6,0,0,6,6]),
    function(v(_,_), [
        0,1,2,3,4,5,6,
        1,1,1,1,1,1,1,
        2,1,2,1,2,1,2,
        3,1,1,3,1,5,5,
        4,1,2,1,4,1,2,
        5,1,1,5,1,5,5,
        6,1,2,5,2,5,6]),
    function(c(_), [1,0,0,4,5,4,4])]).
interpretation( 7, [number = 4256,seconds = 0], [
    function(^(_,_), [
        0,0,0,0,0,0,0,
        0,1,2,3,4,5,6,
        0,2,2,3,4,4,6,
        0,3,3,3,0,0,6,
        0,4,4,0,4,4,0,
        0,5,4,0,4,5,0,
        0,6,6,6,0,0,6]),
    function(v(_,_), [
        0,1,2,3,4,5,6,
        1,1,1,1,1,1,1,
        2,1,2,2,2,1,2,
        3,1,2,3,2,1,3,
        4,1,2,2,4,5,2,
        5,1,1,1,5,5,1,
        6,1,2,3,2,1,6]),
    function(c(_), [1,0,0,4,3,6,5])]).
interpretation( 7, [number = 4292,seconds = 0], [
    function(^(_,_), [
        0,0,0,0,0,0,0,
        0,1,2,3,4,5,6,
        0,2,2,3,4,5,6,
        0,3,3,3,0,0,0,
        0,4,4,0,4,5,6,
        0,5,5,0,5,5,0,
        0,6,6,0,6,0,6]),
    function(v(_,_), [
        0,1,2,3,4,5,6,
        1,1,1,1,1,1,1,
        2,1,2,2,2,2,2,
        3,1,2,3,2,2,2,
        4,1,2,2,4,4,4,
        5,1,2,2,4,5,4,
        6,1,2,2,4,4,6]),
    function(c(_), [1,0,0,4,3,3,3])]).
interpretation( 7, [number = 4295,seconds = 0], [
    function(^(_,_), [
        0,0,0,0,0,0,0,
        0,1,2,3,4,5,6,
        0,2,2,3,4,5,6,
        0,3,3,3,0,0,0,
        0,4,4,0,4,5,6,
        0,5,5,0,5,5,5,
        0,6,6,0,6,5,6]),
    function(v(_,_), [
        0,1,2,3,4,5,6,
        1,1,1,1,1,1,1,
        2,1,2,2,2,2,2,
        3,1,2,3,2,2,2,
        4,1,2,2,4,4,4,
        5,1,2,2,4,5,6,
        6,1,2,2,4,6,6]),
    function(c(_), [1,0,0,4,3,3,3])]).
interpretation( 7, [number = 4300,seconds = 0], [
    function(^(_,_), [
        0,0,0,0,0,0,0,
        0,1,2,3,4,5,6,
        0,2,2,3,4,5,6,
        0,3,3,3,0,0,6,
        0,4,4,0,4,5,0,
        0,5,5,0,5,5,0,
        0,6,6,6,0,0,6]),
    function(v(_,_), [
        0,1,2,3,4,5,6,
        1,1,1,1,1,1,1,
        2,1,2,2,2,2,2,
        3,1,2,3,2,2,3,
        4,1,2,2,4,4,2,
        5,1,2,2,4,5,2,
        6,1,2,3,2,2,6]),
    function(c(_), [1,0,0,4,3,3,4])]).
interpretation( 7, [number = 4303,seconds = 0], [
    function(^(_,_), [
        0,0,0,0,0,0,0,
        0,1,2,3,4,5,6,
        0,2,2,3,4,5,6,
        0,3,3,3,0,0,0,
        0,4,4,0,4,0,0,
        0,5,5,0,0,5,0,
        0,6,6,0,0,0,6]),
    function(v(_,_), [
        0,1,2,3,4,5,6,
        1,1,1,1,1,1,1,
        2,1,2,2,2,2,2,
        3,1,2,3,2,2,2,
        4,1,2,2,4,2,2,
        5,1,2,2,2,5,2,
        6,1,2,2,2,2,6]),
    function(c(_), [1,0,0,4,3,6,5])]).
interpretation( 7, [number = 4304,seconds = 0], [
    function(^(_,_), [
        0,0,0,0,0,0,0,
        0,1,2,3,4,5,6,
        0,2,2,3,4,5,6,
        0,3,3,3,0,0,6,
        0,4,4,0,4,4,0,
        0,5,5,0,4,5,0,
        0,6,6,6,0,0,6]),
    function(v(_,_), [
        0,1,2,3,4,5,6,
        1,1,1,1,1,1,1,
        2,1,2,2,2,2,2,
        3,1,2,3,2,2,3,
        4,1,2,2,4,5,2,
        5,1,2,2,5,5,2,
        6,1,2,3,2,2,6]),
    function(c(_), [1,0,0,4,3,6,5])]).
interpretation( 7, [number = 4391,seconds = 0], [
    function(^(_,_), [
        0,0,0,0,0,0,0,
        0,1,2,3,4,5,6,
        0,2,2,3,5,5,5,
        0,3,3,3,0,0,0,
        0,4,5,0,4,5,6,
        0,5,5,0,5,5,5,
        0,6,5,0,6,5,6]),
    function(v(_,_), [
        0,1,2,3,4,5,6,
        1,1,1,1,1,1,1,
        2,1,2,2,1,2,1,
        3,1,2,3,1,2,1,
        4,1,1,1,4,4,4,
        5,1,2,2,4,5,6,
        6,1,1,1,4,6,6]),
    function(c(_), [1,0,0,4,3,3,3])]).
interpretation( 7, [number = 4394,seconds = 0], [
    function(^(_,_), [
        0,0,0,0,0,0,0,
        0,1,2,3,4,5,6,
        0,2,2,3,5,5,6,
        0,3,3,3,0,0,0,
        0,4,5,0,4,5,6,
        0,5,5,0,5,5,6,
        0,6,6,0,6,6,6]),
    function(v(_,_), [
        0,1,2,3,4,5,6,
        1,1,1,1,1,1,1,
        2,1,2,2,1,2,2,
        3,1,2,3,1,2,2,
        4,1,1,1,4,4,4,
        5,1,2,2,4,5,5,
        6,1,2,2,4,5,6]),
    function(c(_), [1,0,0,4,3,3,3])]).
interpretation( 7, [number = 4398,seconds = 0], [
    function(^(_,_), [
        0,0,0,0,0,0,0,
        0,1,2,3,4,5,6,
        0,2,2,3,5,5,6,
        0,3,3,3,0,0,6,
        0,4,5,0,4,5,0,
        0,5,5,0,5,5,0,
        0,6,6,6,0,0,6]),
    function(v(_,_), [
        0,1,2,3,4,5,6,
        1,1,1,1,1,1,1,
        2,1,2,2,1,2,2,
        3,1,2,3,1,2,3,
        4,1,1,1,4,4,1,
        5,1,2,2,4,5,2,
        6,1,2,3,1,2,6]),
    function(c(_), [1,0,0,4,3,3,4])]).
interpretation( 7, [number = 4401,seconds = 0], [
    function(^(_,_), [
        0,0,0,0,0,0,0,
        0,1,2,3,4,5,6,
        0,2,2,3,5,5,3,
        0,3,3,3,0,0,3,
        0,4,5,0,4,5,0,
        0,5,5,0,5,5,0,
        0,6,3,3,0,0,6]),
    function(v(_,_), [
        0,1,2,3,4,5,6,
        1,1,1,1,1,1,1,
        2,1,2,2,1,2,1,
        3,1,2,3,1,2,6,
        4,1,1,1,4,4,1,
        5,1,2,2,4,5,1,
        6,1,1,6,1,1,6]),
    function(c(_), [1,0,0,4,3,6,5])]).
interpretation( 7, [number = 4465,seconds = 0], [
    function(^(_,_), [
        0,0,0,0,0,0,0,
        0,1,2,3,4,5,6,
        0,2,2,3,6,3,6,
        0,3,3,3,0,3,0,
        0,4,6,0,4,0,6,
        0,5,3,3,0,5,0,
        0,6,6,0,6,0,6]),
    function(v(_,_), [
        0,1,2,3,4,5,6,
        1,1,1,1,1,1,1,
        2,1,2,2,1,1,2,
        3,1,2,3,1,5,2,
        4,1,1,1,4,1,4,
        5,1,1,5,1,5,1,
        6,1,2,2,4,1,6]),
    function(c(_), [1,0,0,4,5,4,5])]).
interpretation( 7, [number = 4930,seconds = 0], [
    function(^(_,_), [
        0,0,0,0,0,0,0,
        0,1,2,3,4,5,6,
        0,2,2,0,0,0,0,
        0,3,0,3,4,0,0,
        0,4,0,4,4,0,0,
        0,5,0,0,0,5,0,
        0,6,0,0,0,0,6]),
    function(v(_,_), [
        0,1,2,3,4,5,6,
        1,1,1,1,1,1,1,
        2,1,2,1,1,1,1,
        3,1,1,3,3,1,1,
        4,1,1,3,4,1,1,
        5,1,1,1,1,5,1,
        6,1,1,1,1,1,6]),
    function(c(_), [1,0,3,2,2,6,5])]).
interpretation( 7, [number = 4935,seconds = 0], [
    function(^(_,_), [
        0,0,0,0,0,0,0,
        0,1,2,3,4,5,6,
        0,2,2,0,0,0,0,
        0,3,0,3,4,5,6,
        0,4,0,4,4,0,0,
        0,5,0,5,0,5,0,
        0,6,0,6,0,0,6]),
    function(v(_,_), [
        0,1,2,3,4,5,6,
        1,1,1,1,1,1,1,
        2,1,2,1,1,1,1,
        3,1,1,3,3,3,3,
        4,1,1,3,4,3,3,
        5,1,1,3,3,5,3,
        6,1,1,3,3,3,6]),
    function(c(_), [1,0,3,2,2,2,2])]).
interpretation( 7, [number = 4936,seconds = 0], [
    function(^(_,_), [
        0,0,0,0,0,0,0,
        0,1,2,3,4,5,6,
        0,2,2,0,0,0,0,
        0,3,0,3,4,5,6,
        0,4,0,4,4,0,0,
        0,5,0,5,0,5,5,
        0,6,0,6,0,5,6]),
    function(v(_,_), [
        0,1,2,3,4,5,6,
        1,1,1,1,1,1,1,
        2,1,2,1,1,1,1,
        3,1,1,3,3,3,3,
        4,1,1,3,4,3,3,
        5,1,1,3,3,5,6,
        6,1,1,3,3,6,6]),
    function(c(_), [1,0,3,2,2,2,2])]).
interpretation( 7, [number = 4943,seconds = 0], [
    function(^(_,_), [
        0,0,0,0,0,0,0,
        0,1,2,3,4,5,6,
        0,2,2,0,0,0,6,
        0,3,0,3,4,5,0,
        0,4,0,4,4,0,0,
        0,5,0,5,0,5,0,
        0,6,6,0,0,0,6]),
    function(v(_,_), [
        0,1,2,3,4,5,6,
        1,1,1,1,1,1,1,
        2,1,2,1,1,1,2,
        3,1,1,3,3,3,1,
        4,1,1,3,4,3,1,
        5,1,1,3,3,5,1,
        6,1,2,1,1,1,6]),
    function(c(_), [1,0,3,2,2,2,3])]).
interpretation( 7, [number = 4944,seconds = 0], [
    function(^(_,_), [
        0,0,0,0,0,0,0,
        0,1,2,3,4,5,6,
        0,2,2,0,0,0,0,
        0,3,0,3,4,5,6,
        0,4,0,4,4,0,4,
        0,5,0,5,0,5,5,
        0,6,0,6,4,5,6]),
    function(v(_,_), [
        0,1,2,3,4,5,6,
        1,1,1,1,1,1,1,
        2,1,2,1,1,1,1,
        3,1,1,3,3,3,3,
        4,1,1,3,4,6,6,
        5,1,1,3,6,5,6,
        6,1,1,3,6,6,6]),
    function(c(_), [1,0,3,2,2,2,2])]).
interpretation( 7, [number = 4945,seconds = 0], [
    function(^(_,_), [
        0,0,0,0,0,0,0,
        0,1,2,3,4,5,6,
        0,2,2,0,0,0,2,
        0,3,0,3,4,5,0,
        0,4,0,4,4,0,0,
        0,5,0,5,0,5,0,
        0,6,2,0,0,0,6]),
    function(v(_,_), [
        0,1,2,3,4,5,6,
        1,1,1,1,1,1,1,
        2,1,2,1,1,1,6,
        3,1,1,3,3,3,1,
        4,1,1,3,4,3,1,
        5,1,1,3,3,5,1,
        6,1,6,1,1,1,6]),
    function(c(_), [1,0,3,2,2,6,5])]).
interpretation( 7, [number = 4978,seconds = 0], [
    function(^(_,_), [
        0,0,0,0,0,0,0,
        0,1,2,3,4,5,6,
        0,2,2,0,0,0,0,
        0,3,0,3,4,5,6,
        0,4,0,4,4,4,4,
        0,5,0,5,4,5,4,
        0,6,0,6,4,4,6]),
    function(v(_,_), [
        0,1,2,3,4,5,6,
        1,1,1,1,1,1,1,
        2,1,2,1,1,1,1,
        3,1,1,3,3,3,3,
        4,1,1,3,4,5,6,
        5,1,1,3,5,5,3,
        6,1,1,3,6,3,6]),
    function(c(_), [1,0,3,2,2,2,2])]).
interpretation( 7, [number = 4979,seconds = 0], [
    function(^(_,_), [
        0,0,0,0,0,0,0,
        0,1,2,3,4,5,6,
        0,2,2,0,0,0,0,
        0,3,0,3,4,5,6,
        0,4,0,4,4,4,4,
        0,5,0,5,4,5,5,
        0,6,0,6,4,5,6]),
    function(v(_,_), [
        0,1,2,3,4,5,6,
        1,1,1,1,1,1,1,
        2,1,2,1,1,1,1,
        3,1,1,3,3,3,3,
        4,1,1,3,4,5,6,
        5,1,1,3,5,5,6,
        6,1,1,3,6,6,6]),
    function(c(_), [1,0,3,2,2,2,2])]).
interpretation( 7, [number = 4983,seconds = 0], [
    function(^(_,_), [
        0,0,0,0,0,0,0,
        0,1,2,3,4,5,6,
        0,2,2,0,0,0,6,
        0,3,0,3,4,5,0,
        0,4,0,4,4,4,0,
        0,5,0,5,4,5,0,
        0,6,6,0,0,0,6]),
    function(v(_,_), [
        0,1,2,3,4,5,6,
        1,1,1,1,1,1,1,
        2,1,2,1,1,1,2,
        3,1,1,3,3,3,1,
        4,1,1,3,4,5,1,
        5,1,1,3,5,5,1,
        6,1,2,1,1,1,6]),
    function(c(_), [1,0,3,2,2,2,3])]).
interpretation( 7, [number = 4984,seconds = 0], [
    function(^(_,_), [
        0,0,0,0,0,0,0,
        0,1,2,3,4,5,6,
        0,2,2,0,0,0,6,
        0,3,0,3,4,3,0,
        0,4,0,4,4,4,0,
        0,5,0,3,4,5,0,
        0,6,6,0,0,0,6]),
    function(v(_,_), [
        0,1,2,3,4,5,6,
        1,1,1,1,1,1,1,
        2,1,2,1,1,1,2,
        3,1,1,3,3,5,1,
        4,1,1,3,4,5,1,
        5,1,1,5,5,5,1,
        6,1,2,1,1,1,6]),
    function(c(_), [1,0,3,2,2,6,5])]).
interpretation( 7, [number = 4997,seconds = 0], [
    function(^(_,_), [
        0,0,0,0,0,0,0,
        0,1,2,3,4,5,6,
        0,2,2,0,0,0,2,
        0,3,0,3,4,5,0,
        0,4,0,4,4,5,0,
        0,5,0,5,5,5,0,
        0,6,2,0,0,0,6]),
    function(v(_,_), [
        0,1,2,3,4,5,6,
        1,1,1,1,1,1,1,
        2,1,2,1,1,1,6,
        3,1,1,3,3,3,1,
        4,1,1,3,4,4,1,
        5,1,1,3,4,5,1,
        6,1,6,1,1,1,6]),
    function(c(_), [1,0,3,2,2,6,5])]).
% isofilter: input=5535, kept=187, checks=5443, perms=21847, 0.46 seconds.
