interpretation( 6, [number = 1,seconds = 0], [
    function(^(_,_), [
        0,0,0,0,0,0,
        0,1,2,3,4,5,
        0,2,2,0,0,0,
        0,3,0,3,0,0,
        0,4,0,0,4,0,
        0,5,0,0,0,5]),
    function(v(_,_), [
        0,1,2,3,4,5,
        1,1,1,1,1,1,
        2,1,2,1,1,1,
        3,1,1,3,1,1,
        4,1,1,1,4,1,
        5,1,1,1,1,5]),
    function(c(_), [1,0,0,0,0,0])]).
interpretation( 6, [number = 2,seconds = 0], [
    function(^(_,_), [
        0,0,0,0,0,0,
        0,1,2,3,4,5,
        0,2,2,0,0,0,
        0,3,0,3,0,0,
        0,4,0,0,4,4,
        0,5,0,0,4,5]),
    function(v(_,_), [
        0,1,2,3,4,5,
        1,1,1,1,1,1,
        2,1,2,1,1,1,
        3,1,1,3,1,1,
        4,1,1,1,4,5,
        5,1,1,1,5,5]),
    function(c(_), [1,0,0,0,0,0])]).
interpretation( 6, [number = 8,seconds = 0], [
    function(^(_,_), [
        0,0,0,0,0,0,
        0,1,2,3,4,5,
        0,2,2,0,0,0,
        0,3,0,3,0,3,
        0,4,0,0,4,4,
        0,5,0,3,4,5]),
    function(v(_,_), [
        0,1,2,3,4,5,
        1,1,1,1,1,1,
        2,1,2,1,1,1,
        3,1,1,3,5,5,
        4,1,1,5,4,5,
        5,1,1,5,5,5]),
    function(c(_), [1,0,0,0,0,0])]).
interpretation( 6, [number = 11,seconds = 0], [
    function(^(_,_), [
        0,0,0,0,0,0,
        0,1,2,3,4,5,
        0,2,2,0,0,0,
        0,3,0,3,3,3,
        0,4,0,3,4,3,
        0,5,0,3,3,5]),
    function(v(_,_), [
        0,1,2,3,4,5,
        1,1,1,1,1,1,
        2,1,2,1,1,1,
        3,1,1,3,4,5,
        4,1,1,4,4,1,
        5,1,1,5,1,5]),
    function(c(_), [1,0,0,0,0,0])]).
interpretation( 6, [number = 12,seconds = 0], [
    function(^(_,_), [
        0,0,0,0,0,0,
        0,1,2,3,4,5,
        0,2,2,0,0,0,
        0,3,0,3,3,3,
        0,4,0,3,4,4,
        0,5,0,3,4,5]),
    function(v(_,_), [
        0,1,2,3,4,5,
        1,1,1,1,1,1,
        2,1,2,1,1,1,
        3,1,1,3,4,5,
        4,1,1,4,4,5,
        5,1,1,5,5,5]),
    function(c(_), [1,0,0,0,0,0])]).
interpretation( 6, [number = 15,seconds = 0], [
    function(^(_,_), [
        0,0,0,0,0,0,
        0,1,2,3,4,5,
        0,2,2,0,0,2,
        0,3,0,3,3,0,
        0,4,0,3,4,0,
        0,5,2,0,0,5]),
    function(v(_,_), [
        0,1,2,3,4,5,
        1,1,1,1,1,1,
        2,1,2,1,1,5,
        3,1,1,3,4,1,
        4,1,1,4,4,1,
        5,1,5,1,1,5]),
    function(c(_), [1,0,0,0,0,0])]).
interpretation( 6, [number = 27,seconds = 0], [
    function(^(_,_), [
        0,0,0,0,0,0,
        0,1,2,3,4,5,
        0,2,2,0,0,2,
        0,3,0,3,4,4,
        0,4,0,4,4,4,
        0,5,2,4,4,5]),
    function(v(_,_), [
        0,1,2,3,4,5,
        1,1,1,1,1,1,
        2,1,2,1,5,5,
        3,1,1,3,3,1,
        4,1,5,3,4,5,
        5,1,5,1,5,5]),
    function(c(_), [1,0,0,0,0,0])]).
interpretation( 6, [number = 48,seconds = 0], [
    function(^(_,_), [
        0,0,0,0,0,0,
        0,1,2,3,4,5,
        0,2,2,0,0,0,
        0,3,0,3,0,0,
        0,4,0,0,4,0,
        0,5,0,0,0,5]),
    function(v(_,_), [
        0,1,2,3,4,5,
        1,1,1,1,1,1,
        2,1,2,1,1,1,
        3,1,1,3,1,1,
        4,1,1,1,4,1,
        5,1,1,1,1,5]),
    function(c(_), [1,0,0,0,5,4])]).
interpretation( 6, [number = 49,seconds = 0], [
    function(^(_,_), [
        0,0,0,0,0,0,
        0,1,2,3,4,5,
        0,2,2,0,0,0,
        0,3,0,3,0,5,
        0,4,0,0,4,0,
        0,5,0,5,0,5]),
    function(v(_,_), [
        0,1,2,3,4,5,
        1,1,1,1,1,1,
        2,1,2,1,1,1,
        3,1,1,3,1,3,
        4,1,1,1,4,1,
        5,1,1,3,1,5]),
    function(c(_), [1,0,0,0,5,4])]).
interpretation( 6, [number = 52,seconds = 0], [
    function(^(_,_), [
        0,0,0,0,0,0,
        0,1,2,3,4,5,
        0,2,2,0,0,0,
        0,3,0,3,4,5,
        0,4,0,4,4,0,
        0,5,0,5,0,5]),
    function(v(_,_), [
        0,1,2,3,4,5,
        1,1,1,1,1,1,
        2,1,2,1,1,1,
        3,1,1,3,3,3,
        4,1,1,3,4,3,
        5,1,1,3,3,5]),
    function(c(_), [1,0,0,0,5,4])]).
interpretation( 6, [number = 53,seconds = 0], [
    function(^(_,_), [
        0,0,0,0,0,0,
        0,1,2,3,4,5,
        0,2,2,0,0,5,
        0,3,0,3,4,0,
        0,4,0,4,4,0,
        0,5,5,0,0,5]),
    function(v(_,_), [
        0,1,2,3,4,5,
        1,1,1,1,1,1,
        2,1,2,1,1,2,
        3,1,1,3,3,1,
        4,1,1,3,4,1,
        5,1,2,1,1,5]),
    function(c(_), [1,0,0,0,5,4])]).
interpretation( 6, [number = 59,seconds = 0], [
    function(^(_,_), [
        0,0,0,0,0,0,
        0,1,2,3,4,5,
        0,2,2,0,2,0,
        0,3,0,3,3,0,
        0,4,2,3,4,5,
        0,5,0,0,5,5]),
    function(v(_,_), [
        0,1,2,3,4,5,
        1,1,1,1,1,1,
        2,1,2,4,4,4,
        3,1,4,3,4,4,
        4,1,4,4,4,4,
        5,1,4,4,4,5]),
    function(c(_), [1,0,0,0,0,0])]).
interpretation( 6, [number = 60,seconds = 0], [
    function(^(_,_), [
        0,0,0,0,0,0,
        0,1,2,3,4,5,
        0,2,2,0,2,0,
        0,3,0,3,3,3,
        0,4,2,3,4,5,
        0,5,0,3,5,5]),
    function(v(_,_), [
        0,1,2,3,4,5,
        1,1,1,1,1,1,
        2,1,2,4,4,4,
        3,1,4,3,4,5,
        4,1,4,4,4,4,
        5,1,4,5,4,5]),
    function(c(_), [1,0,0,0,0,0])]).
interpretation( 6, [number = 64,seconds = 0], [
    function(^(_,_), [
        0,0,0,0,0,0,
        0,1,2,3,4,5,
        0,2,2,0,2,2,
        0,3,0,3,3,3,
        0,4,2,3,4,4,
        0,5,2,3,4,5]),
    function(v(_,_), [
        0,1,2,3,4,5,
        1,1,1,1,1,1,
        2,1,2,4,4,5,
        3,1,4,3,4,5,
        4,1,4,4,4,5,
        5,1,5,5,5,5]),
    function(c(_), [1,0,0,0,0,0])]).
interpretation( 6, [number = 90,seconds = 0], [
    function(^(_,_), [
        0,0,0,0,0,0,
        0,1,2,3,4,5,
        0,2,2,2,2,2,
        0,3,2,3,2,2,
        0,4,2,2,4,2,
        0,5,2,2,2,5]),
    function(v(_,_), [
        0,1,2,3,4,5,
        1,1,1,1,1,1,
        2,1,2,3,4,5,
        3,1,3,3,1,1,
        4,1,4,1,4,1,
        5,1,5,1,1,5]),
    function(c(_), [1,0,0,0,0,0])]).
interpretation( 6, [number = 91,seconds = 0], [
    function(^(_,_), [
        0,0,0,0,0,0,
        0,1,2,3,4,5,
        0,2,2,2,2,2,
        0,3,2,3,2,2,
        0,4,2,2,4,4,
        0,5,2,2,4,5]),
    function(v(_,_), [
        0,1,2,3,4,5,
        1,1,1,1,1,1,
        2,1,2,3,4,5,
        3,1,3,3,1,1,
        4,1,4,1,4,5,
        5,1,5,1,5,5]),
    function(c(_), [1,0,0,0,0,0])]).
interpretation( 6, [number = 95,seconds = 0], [
    function(^(_,_), [
        0,0,0,0,0,0,
        0,1,2,3,4,5,
        0,2,2,2,2,5,
        0,3,2,3,2,5,
        0,4,2,2,4,5,
        0,5,5,5,5,5]),
    function(v(_,_), [
        0,1,2,3,4,5,
        1,1,1,1,1,1,
        2,1,2,3,4,2,
        3,1,3,3,1,3,
        4,1,4,1,4,4,
        5,1,2,3,4,5]),
    function(c(_), [1,0,0,0,0,0])]).
interpretation( 6, [number = 96,seconds = 0], [
    function(^(_,_), [
        0,0,0,0,0,0,
        0,1,2,3,4,5,
        0,2,2,2,2,2,
        0,3,2,3,2,3,
        0,4,2,2,4,4,
        0,5,2,3,4,5]),
    function(v(_,_), [
        0,1,2,3,4,5,
        1,1,1,1,1,1,
        2,1,2,3,4,5,
        3,1,3,3,5,5,
        4,1,4,5,4,5,
        5,1,5,5,5,5]),
    function(c(_), [1,0,0,0,0,0])]).
interpretation( 6, [number = 103,seconds = 0], [
    function(^(_,_), [
        0,0,0,0,0,0,
        0,1,2,3,4,5,
        0,2,2,2,2,2,
        0,3,2,3,3,3,
        0,4,2,3,4,4,
        0,5,2,3,4,5]),
    function(v(_,_), [
        0,1,2,3,4,5,
        1,1,1,1,1,1,
        2,1,2,3,4,5,
        3,1,3,3,4,5,
        4,1,4,4,4,5,
        5,1,5,5,5,5]),
    function(c(_), [1,0,0,0,0,0])]).
interpretation( 6, [number = 130,seconds = 0], [
    function(^(_,_), [
        0,0,0,0,0,0,
        0,1,2,3,4,5,
        0,2,2,2,0,0,
        0,3,2,3,0,0,
        0,4,0,0,4,0,
        0,5,0,0,0,5]),
    function(v(_,_), [
        0,1,2,3,4,5,
        1,1,1,1,1,1,
        2,1,2,3,1,1,
        3,1,3,3,1,1,
        4,1,1,1,4,1,
        5,1,1,1,1,5]),
    function(c(_), [1,0,0,0,5,4])]).
interpretation( 6, [number = 131,seconds = 0], [
    function(^(_,_), [
        0,0,0,0,0,0,
        0,1,2,3,4,5,
        0,2,2,2,0,0,
        0,3,2,3,0,5,
        0,4,0,0,4,0,
        0,5,0,5,0,5]),
    function(v(_,_), [
        0,1,2,3,4,5,
        1,1,1,1,1,1,
        2,1,2,3,1,3,
        3,1,3,3,1,3,
        4,1,1,1,4,1,
        5,1,3,3,1,5]),
    function(c(_), [1,0,0,0,5,4])]).
interpretation( 6, [number = 132,seconds = 0], [
    function(^(_,_), [
        0,0,0,0,0,0,
        0,1,2,3,4,5,
        0,2,2,2,0,5,
        0,3,2,3,0,5,
        0,4,0,0,4,0,
        0,5,5,5,0,5]),
    function(v(_,_), [
        0,1,2,3,4,5,
        1,1,1,1,1,1,
        2,1,2,3,1,2,
        3,1,3,3,1,3,
        4,1,1,1,4,1,
        5,1,2,3,1,5]),
    function(c(_), [1,0,0,0,5,4])]).
interpretation( 6, [number = 134,seconds = 0], [
    function(^(_,_), [
        0,0,0,0,0,0,
        0,1,2,3,4,5,
        0,2,2,2,0,0,
        0,3,2,3,4,5,
        0,4,0,4,4,0,
        0,5,0,5,0,5]),
    function(v(_,_), [
        0,1,2,3,4,5,
        1,1,1,1,1,1,
        2,1,2,3,3,3,
        3,1,3,3,3,3,
        4,1,3,3,4,3,
        5,1,3,3,3,5]),
    function(c(_), [1,0,0,0,5,4])]).
interpretation( 6, [number = 135,seconds = 0], [
    function(^(_,_), [
        0,0,0,0,0,0,
        0,1,2,3,4,5,
        0,2,2,2,0,5,
        0,3,2,3,4,5,
        0,4,0,4,4,0,
        0,5,5,5,0,5]),
    function(v(_,_), [
        0,1,2,3,4,5,
        1,1,1,1,1,1,
        2,1,2,3,3,2,
        3,1,3,3,3,3,
        4,1,3,3,4,3,
        5,1,2,3,3,5]),
    function(c(_), [1,0,0,0,5,4])]).
interpretation( 6, [number = 138,seconds = 0], [
    function(^(_,_), [
        0,0,0,0,0,0,
        0,1,2,3,4,5,
        0,2,2,2,4,5,
        0,3,2,3,4,5,
        0,4,4,4,4,0,
        0,5,5,5,0,5]),
    function(v(_,_), [
        0,1,2,3,4,5,
        1,1,1,1,1,1,
        2,1,2,3,2,2,
        3,1,3,3,3,3,
        4,1,2,3,4,2,
        5,1,2,3,2,5]),
    function(c(_), [1,0,0,0,5,4])]).
interpretation( 6, [number = 222,seconds = 0], [
    function(^(_,_), [
        0,0,0,0,0,0,
        0,1,2,3,4,5,
        0,2,2,4,4,0,
        0,3,4,3,4,0,
        0,4,4,4,4,0,
        0,5,0,0,0,5]),
    function(v(_,_), [
        0,1,2,3,4,5,
        1,1,1,1,1,1,
        2,1,2,1,2,1,
        3,1,1,3,3,1,
        4,1,2,3,4,1,
        5,1,1,1,1,5]),
    function(c(_), [1,0,0,0,5,4])]).
interpretation( 6, [number = 223,seconds = 0], [
    function(^(_,_), [
        0,0,0,0,0,0,
        0,1,2,3,4,5,
        0,2,2,4,4,0,
        0,3,4,3,4,5,
        0,4,4,4,4,0,
        0,5,0,5,0,5]),
    function(v(_,_), [
        0,1,2,3,4,5,
        1,1,1,1,1,1,
        2,1,2,1,2,1,
        3,1,1,3,3,3,
        4,1,2,3,4,3,
        5,1,1,3,3,5]),
    function(c(_), [1,0,0,0,5,4])]).
interpretation( 6, [number = 227,seconds = 0], [
    function(^(_,_), [
        0,0,0,0,0,0,
        0,1,2,3,4,5,
        0,2,2,0,0,0,
        0,3,0,3,0,0,
        0,4,0,0,4,5,
        0,5,0,0,5,5]),
    function(v(_,_), [
        0,1,2,3,4,5,
        1,1,1,1,1,1,
        2,1,2,1,1,1,
        3,1,1,3,1,1,
        4,1,1,1,4,4,
        5,1,1,1,4,5]),
    function(c(_), [1,0,0,4,3,3])]).
interpretation( 6, [number = 239,seconds = 0], [
    function(^(_,_), [
        0,0,0,0,0,0,
        0,1,2,3,4,5,
        0,2,2,0,4,5,
        0,3,0,3,0,0,
        0,4,4,0,4,5,
        0,5,5,0,5,5]),
    function(v(_,_), [
        0,1,2,3,4,5,
        1,1,1,1,1,1,
        2,1,2,1,2,2,
        3,1,1,3,1,1,
        4,1,2,1,4,4,
        5,1,2,1,4,5]),
    function(c(_), [1,0,0,4,3,3])]).
interpretation( 6, [number = 241,seconds = 0], [
    function(^(_,_), [
        0,0,0,0,0,0,
        0,1,2,3,4,5,
        0,2,2,0,4,0,
        0,3,0,3,0,5,
        0,4,4,0,4,0,
        0,5,0,5,0,5]),
    function(v(_,_), [
        0,1,2,3,4,5,
        1,1,1,1,1,1,
        2,1,2,1,2,1,
        3,1,1,3,1,3,
        4,1,2,1,4,1,
        5,1,1,3,1,5]),
    function(c(_), [1,0,0,4,3,4])]).
interpretation( 6, [number = 243,seconds = 0], [
    function(^(_,_), [
        0,0,0,0,0,0,
        0,1,2,3,4,5,
        0,2,2,0,5,5,
        0,3,0,3,0,0,
        0,4,5,0,4,5,
        0,5,5,0,5,5]),
    function(v(_,_), [
        0,1,2,3,4,5,
        1,1,1,1,1,1,
        2,1,2,1,1,2,
        3,1,1,3,1,1,
        4,1,1,1,4,4,
        5,1,2,1,4,5]),
    function(c(_), [1,0,0,4,3,3])]).
interpretation( 6, [number = 263,seconds = 0], [
    function(^(_,_), [
        0,0,0,0,0,0,
        0,1,2,3,4,5,
        0,2,2,3,4,5,
        0,3,3,3,0,0,
        0,4,4,0,4,5,
        0,5,5,0,5,5]),
    function(v(_,_), [
        0,1,2,3,4,5,
        1,1,1,1,1,1,
        2,1,2,2,2,2,
        3,1,2,3,2,2,
        4,1,2,2,4,4,
        5,1,2,2,4,5]),
    function(c(_), [1,0,0,4,3,3])]).
interpretation( 6, [number = 269,seconds = 0], [
    function(^(_,_), [
        0,0,0,0,0,0,
        0,1,2,3,4,5,
        0,2,2,3,5,5,
        0,3,3,3,0,0,
        0,4,5,0,4,5,
        0,5,5,0,5,5]),
    function(v(_,_), [
        0,1,2,3,4,5,
        1,1,1,1,1,1,
        2,1,2,2,1,2,
        3,1,2,3,1,2,
        4,1,1,1,4,4,
        5,1,2,2,4,5]),
    function(c(_), [1,0,0,4,3,3])]).
interpretation( 6, [number = 306,seconds = 0], [
    function(^(_,_), [
        0,0,0,0,0,0,
        0,1,2,3,4,5,
        0,2,2,0,0,0,
        0,3,0,3,4,5,
        0,4,0,4,4,0,
        0,5,0,5,0,5]),
    function(v(_,_), [
        0,1,2,3,4,5,
        1,1,1,1,1,1,
        2,1,2,1,1,1,
        3,1,1,3,3,3,
        4,1,1,3,4,3,
        5,1,1,3,3,5]),
    function(c(_), [1,0,3,2,2,2])]).
interpretation( 6, [number = 309,seconds = 0], [
    function(^(_,_), [
        0,0,0,0,0,0,
        0,1,2,3,4,5,
        0,2,2,0,0,0,
        0,3,0,3,4,5,
        0,4,0,4,4,4,
        0,5,0,5,4,5]),
    function(v(_,_), [
        0,1,2,3,4,5,
        1,1,1,1,1,1,
        2,1,2,1,1,1,
        3,1,1,3,3,3,
        4,1,1,3,4,5,
        5,1,1,3,5,5]),
    function(c(_), [1,0,3,2,2,2])]).
interpretation( 6, [number = 312,seconds = 0], [
    function(^(_,_), [
        0,0,0,0,0,0,
        0,1,2,3,4,5,
        0,2,2,0,0,5,
        0,3,0,3,4,0,
        0,4,0,4,4,0,
        0,5,5,0,0,5]),
    function(v(_,_), [
        0,1,2,3,4,5,
        1,1,1,1,1,1,
        2,1,2,1,1,2,
        3,1,1,3,3,1,
        4,1,1,3,4,1,
        5,1,2,1,1,5]),
    function(c(_), [1,0,3,2,2,3])]).
interpretation( 6, [number = 323,seconds = 0], [
    function(^(_,_), [
        0,0,0,0,0,0,
        0,1,2,3,4,5,
        0,2,2,0,0,0,
        0,3,0,3,0,0,
        0,4,0,0,4,0,
        0,5,0,0,0,5]),
    function(v(_,_), [
        0,1,2,3,4,5,
        1,1,1,1,1,1,
        2,1,2,1,1,1,
        3,1,1,3,1,1,
        4,1,1,1,4,1,
        5,1,1,1,1,5]),
    function(c(_), [1,0,3,2,5,4])]).
interpretation( 6, [number = 324,seconds = 0], [
    function(^(_,_), [
        0,0,0,0,0,0,
        0,1,2,3,4,5,
        0,2,2,0,0,5,
        0,3,0,3,3,0,
        0,4,0,3,4,0,
        0,5,5,0,0,5]),
    function(v(_,_), [
        0,1,2,3,4,5,
        1,1,1,1,1,1,
        2,1,2,1,1,2,
        3,1,1,3,4,1,
        4,1,1,4,4,1,
        5,1,2,1,1,5]),
    function(c(_), [1,0,3,2,5,4])]).
% isofilter: input=346, kept=38, checks=308, perms=869, 0.03 seconds.
