interpretation( 4, [number = 1,seconds = 0], [
    function(^(_,_), [
        0,0,0,0,
        0,1,2,3,
        0,2,2,0,
        0,3,0,3]),
    function(v(_,_), [
        0,1,2,3,
        1,1,1,1,
        2,1,2,1,
        3,1,1,3]),
    function(i(_,_), [
        1,1,1,1,
        0,1,2,3,
        0,1,1,3,
        0,1,2,1])]).
interpretation( 4, [number = 2,seconds = 0], [
    function(^(_,_), [
        0,0,0,0,
        0,1,2,3,
        0,2,2,2,
        0,3,2,3]),
    function(v(_,_), [
        0,1,2,3,
        1,1,1,1,
        2,1,2,3,
        3,1,3,3]),
    function(i(_,_), [
        1,1,1,1,
        0,1,2,3,
        0,1,1,1,
        0,1,2,1])]).
interpretation( 4, [number = 4,seconds = 0], [
    function(^(_,_), [
        0,0,0,0,
        0,1,2,3,
        0,2,2,0,
        0,3,0,3]),
    function(v(_,_), [
        0,1,2,3,
        1,1,1,1,
        2,1,2,1,
        3,1,1,3]),
    function(i(_,_), [
        1,1,1,1,
        0,1,2,3,
        3,1,1,3,
        2,1,2,1])]).
% isofilter: input=4, kept=3, checks=1, perms=1, 0.00 seconds.
