interpretation( 6, [number = 1,seconds = 0], [
    function(^(_,_), [
        0,0,0,0,0,0,
        0,1,2,3,4,5,
        0,2,2,2,2,2,
        0,3,2,3,3,3,
        0,4,2,3,4,4,
        0,5,2,3,4,5]),
    function(v(_,_), [
        0,1,2,3,4,5,
        1,1,1,1,1,1,
        2,1,2,3,4,5,
        3,1,3,3,4,5,
        4,1,4,4,4,5,
        5,1,5,5,5,5]),
    function(i(_,_), [
        1,1,1,1,1,1,
        0,1,2,3,4,5,
        0,1,1,1,1,1,
        0,1,2,1,1,1,
        0,1,2,3,1,1,
        0,1,2,3,4,1])]).
interpretation( 6, [number = 5,seconds = 0], [
    function(^(_,_), [
        0,0,0,0,0,0,
        0,1,2,3,4,5,
        0,2,2,2,2,2,
        0,3,2,3,3,3,
        0,4,2,3,4,3,
        0,5,2,3,3,5]),
    function(v(_,_), [
        0,1,2,3,4,5,
        1,1,1,1,1,1,
        2,1,2,3,4,5,
        3,1,3,3,4,5,
        4,1,4,4,4,1,
        5,1,5,5,1,5]),
    function(i(_,_), [
        1,1,1,1,1,1,
        0,1,2,3,4,5,
        0,1,1,1,1,1,
        0,1,2,1,1,1,
        0,1,2,5,1,5,
        0,1,2,4,4,1])]).
interpretation( 6, [number = 10,seconds = 0], [
    function(^(_,_), [
        0,0,0,0,0,0,
        0,1,2,3,4,5,
        0,2,2,2,2,2,
        0,3,2,3,4,5,
        0,4,2,4,4,2,
        0,5,2,5,2,5]),
    function(v(_,_), [
        0,1,2,3,4,5,
        1,1,1,1,1,1,
        2,1,2,3,4,5,
        3,1,3,3,3,3,
        4,1,4,3,4,3,
        5,1,5,3,3,5]),
    function(i(_,_), [
        1,1,1,1,1,1,
        0,1,2,3,4,5,
        0,1,1,1,1,1,
        0,1,2,1,4,5,
        0,1,5,1,1,5,
        0,1,4,1,4,1])]).
interpretation( 6, [number = 17,seconds = 0], [
    function(^(_,_), [
        0,0,0,0,0,0,
        0,1,2,3,4,5,
        0,2,2,2,4,5,
        0,3,2,3,4,5,
        0,4,4,4,4,0,
        0,5,5,5,0,5]),
    function(v(_,_), [
        0,1,2,3,4,5,
        1,1,1,1,1,1,
        2,1,2,3,2,2,
        3,1,3,3,3,3,
        4,1,2,3,4,2,
        5,1,2,3,2,5]),
    function(i(_,_), [
        1,1,1,1,1,1,
        0,1,2,3,4,5,
        0,1,1,1,4,5,
        0,1,2,1,4,5,
        5,1,1,1,1,5,
        4,1,1,1,4,1])]).
interpretation( 6, [number = 43,seconds = 0], [
    function(^(_,_), [
        0,0,0,0,0,0,
        0,1,2,3,4,5,
        0,2,2,3,5,5,
        0,3,3,3,0,0,
        0,4,5,0,4,5,
        0,5,5,0,5,5]),
    function(v(_,_), [
        0,1,2,3,4,5,
        1,1,1,1,1,1,
        2,1,2,2,1,2,
        3,1,2,3,1,2,
        4,1,1,1,4,4,
        5,1,2,2,4,5]),
    function(i(_,_), [
        1,1,1,1,1,1,
        0,1,2,3,4,5,
        0,1,1,3,4,4,
        4,1,1,1,4,4,
        3,1,2,3,1,2,
        3,1,1,3,1,1])]).
% isofilter: input=55, kept=5, checks=50, perms=54, 0.01 seconds.
