interpretation( 9, [number = 1,seconds = 0], [
    function(^(_,_), [
        0,0,0,0,0,0,0,0,0,
        0,1,2,3,4,5,6,7,8,
        0,2,2,2,2,2,2,2,2,
        0,3,2,3,3,3,3,3,3,
        0,4,2,3,4,4,4,4,4,
        0,5,2,3,4,5,5,5,5,
        0,6,2,3,4,5,6,6,6,
        0,7,2,3,4,5,6,7,7,
        0,8,2,3,4,5,6,7,8]),
    function(v(_,_), [
        0,1,2,3,4,5,6,7,8,
        1,1,1,1,1,1,1,1,1,
        2,1,2,3,4,5,6,7,8,
        3,1,3,3,4,5,6,7,8,
        4,1,4,4,4,5,6,7,8,
        5,1,5,5,5,5,6,7,8,
        6,1,6,6,6,6,6,7,8,
        7,1,7,7,7,7,7,7,8,
        8,1,8,8,8,8,8,8,8]),
    function(i(_,_), [
        1,1,1,1,1,1,1,1,1,
        0,1,2,3,4,5,6,7,8,
        0,1,1,1,1,1,1,1,1,
        0,1,2,1,1,1,1,1,1,
        0,1,2,3,1,1,1,1,1,
        0,1,2,3,4,1,1,1,1,
        0,1,2,3,4,5,1,1,1,
        0,1,2,3,4,5,6,1,1,
        0,1,2,3,4,5,6,7,1])]).
interpretation( 9, [number = 8,seconds = 0], [
    function(^(_,_), [
        0,0,0,0,0,0,0,0,0,
        0,1,2,3,4,5,6,7,8,
        0,2,2,2,2,2,2,2,2,
        0,3,2,3,3,3,3,3,3,
        0,4,2,3,4,4,4,4,4,
        0,5,2,3,4,5,5,5,5,
        0,6,2,3,4,5,6,6,6,
        0,7,2,3,4,5,6,7,6,
        0,8,2,3,4,5,6,6,8]),
    function(v(_,_), [
        0,1,2,3,4,5,6,7,8,
        1,1,1,1,1,1,1,1,1,
        2,1,2,3,4,5,6,7,8,
        3,1,3,3,4,5,6,7,8,
        4,1,4,4,4,5,6,7,8,
        5,1,5,5,5,5,6,7,8,
        6,1,6,6,6,6,6,7,8,
        7,1,7,7,7,7,7,7,1,
        8,1,8,8,8,8,8,1,8]),
    function(i(_,_), [
        1,1,1,1,1,1,1,1,1,
        0,1,2,3,4,5,6,7,8,
        0,1,1,1,1,1,1,1,1,
        0,1,2,1,1,1,1,1,1,
        0,1,2,3,1,1,1,1,1,
        0,1,2,3,4,1,1,1,1,
        0,1,2,3,4,5,1,1,1,
        0,1,2,3,4,5,8,1,8,
        0,1,2,3,4,5,7,7,1])]).
interpretation( 9, [number = 16,seconds = 0], [
    function(^(_,_), [
        0,0,0,0,0,0,0,0,0,
        0,1,2,3,4,5,6,7,8,
        0,2,2,2,2,2,2,2,2,
        0,3,2,3,3,3,3,3,3,
        0,4,2,3,4,4,4,4,4,
        0,5,2,3,4,5,5,5,5,
        0,6,2,3,4,5,6,7,8,
        0,7,2,3,4,5,7,7,5,
        0,8,2,3,4,5,8,5,8]),
    function(v(_,_), [
        0,1,2,3,4,5,6,7,8,
        1,1,1,1,1,1,1,1,1,
        2,1,2,3,4,5,6,7,8,
        3,1,3,3,4,5,6,7,8,
        4,1,4,4,4,5,6,7,8,
        5,1,5,5,5,5,6,7,8,
        6,1,6,6,6,6,6,6,6,
        7,1,7,7,7,7,6,7,6,
        8,1,8,8,8,8,6,6,8]),
    function(i(_,_), [
        1,1,1,1,1,1,1,1,1,
        0,1,2,3,4,5,6,7,8,
        0,1,1,1,1,1,1,1,1,
        0,1,2,1,1,1,1,1,1,
        0,1,2,3,1,1,1,1,1,
        0,1,2,3,4,1,1,1,1,
        0,1,2,3,4,5,1,7,8,
        0,1,2,3,4,8,1,1,8,
        0,1,2,3,4,7,1,7,1])]).
interpretation( 9, [number = 26,seconds = 0], [
    function(^(_,_), [
        0,0,0,0,0,0,0,0,0,
        0,1,2,3,4,5,6,7,8,
        0,2,2,2,2,2,2,2,2,
        0,3,2,3,3,3,3,3,3,
        0,4,2,3,4,4,4,4,4,
        0,5,2,3,4,5,5,7,8,
        0,6,2,3,4,5,6,7,8,
        0,7,2,3,4,7,7,7,4,
        0,8,2,3,4,8,8,4,8]),
    function(v(_,_), [
        0,1,2,3,4,5,6,7,8,
        1,1,1,1,1,1,1,1,1,
        2,1,2,3,4,5,6,7,8,
        3,1,3,3,4,5,6,7,8,
        4,1,4,4,4,5,6,7,8,
        5,1,5,5,5,5,6,5,5,
        6,1,6,6,6,6,6,6,6,
        7,1,7,7,7,5,6,7,5,
        8,1,8,8,8,5,6,5,8]),
    function(i(_,_), [
        1,1,1,1,1,1,1,1,1,
        0,1,2,3,4,5,6,7,8,
        0,1,1,1,1,1,1,1,1,
        0,1,2,1,1,1,1,1,1,
        0,1,2,3,1,1,1,1,1,
        0,1,2,3,4,1,1,7,8,
        0,1,2,3,4,5,1,7,8,
        0,1,2,3,8,1,1,1,8,
        0,1,2,3,7,1,1,7,1])]).
interpretation( 9, [number = 36,seconds = 0], [
    function(^(_,_), [
        0,0,0,0,0,0,0,0,0,
        0,1,2,3,4,5,6,7,8,
        0,2,2,2,2,2,2,2,2,
        0,3,2,3,3,3,3,3,3,
        0,4,2,3,4,4,4,7,8,
        0,5,2,3,4,5,5,7,8,
        0,6,2,3,4,5,6,7,8,
        0,7,2,3,7,7,7,7,3,
        0,8,2,3,8,8,8,3,8]),
    function(v(_,_), [
        0,1,2,3,4,5,6,7,8,
        1,1,1,1,1,1,1,1,1,
        2,1,2,3,4,5,6,7,8,
        3,1,3,3,4,5,6,7,8,
        4,1,4,4,4,5,6,4,4,
        5,1,5,5,5,5,6,5,5,
        6,1,6,6,6,6,6,6,6,
        7,1,7,7,4,5,6,7,4,
        8,1,8,8,4,5,6,4,8]),
    function(i(_,_), [
        1,1,1,1,1,1,1,1,1,
        0,1,2,3,4,5,6,7,8,
        0,1,1,1,1,1,1,1,1,
        0,1,2,1,1,1,1,1,1,
        0,1,2,3,1,1,1,7,8,
        0,1,2,3,4,1,1,7,8,
        0,1,2,3,4,5,1,7,8,
        0,1,2,8,1,1,1,1,8,
        0,1,2,7,1,1,1,7,1])]).
interpretation( 9, [number = 46,seconds = 0], [
    function(^(_,_), [
        0,0,0,0,0,0,0,0,0,
        0,1,2,3,4,5,6,7,8,
        0,2,2,2,2,2,2,2,2,
        0,3,2,3,3,3,3,7,8,
        0,4,2,3,4,4,4,7,8,
        0,5,2,3,4,5,5,7,8,
        0,6,2,3,4,5,6,7,8,
        0,7,2,7,7,7,7,7,2,
        0,8,2,8,8,8,8,2,8]),
    function(v(_,_), [
        0,1,2,3,4,5,6,7,8,
        1,1,1,1,1,1,1,1,1,
        2,1,2,3,4,5,6,7,8,
        3,1,3,3,4,5,6,3,3,
        4,1,4,4,4,5,6,4,4,
        5,1,5,5,5,5,6,5,5,
        6,1,6,6,6,6,6,6,6,
        7,1,7,3,4,5,6,7,3,
        8,1,8,3,4,5,6,3,8]),
    function(i(_,_), [
        1,1,1,1,1,1,1,1,1,
        0,1,2,3,4,5,6,7,8,
        0,1,1,1,1,1,1,1,1,
        0,1,2,1,1,1,1,7,8,
        0,1,2,3,1,1,1,7,8,
        0,1,2,3,4,1,1,7,8,
        0,1,2,3,4,5,1,7,8,
        0,1,8,1,1,1,1,1,8,
        0,1,7,1,1,1,1,7,1])]).
interpretation( 9, [number = 56,seconds = 0], [
    function(^(_,_), [
        0,0,0,0,0,0,0,0,0,
        0,1,2,3,4,5,6,7,8,
        0,2,2,2,2,2,2,7,8,
        0,3,2,3,3,3,3,7,8,
        0,4,2,3,4,4,4,7,8,
        0,5,2,3,4,5,5,7,8,
        0,6,2,3,4,5,6,7,8,
        0,7,7,7,7,7,7,7,0,
        0,8,8,8,8,8,8,0,8]),
    function(v(_,_), [
        0,1,2,3,4,5,6,7,8,
        1,1,1,1,1,1,1,1,1,
        2,1,2,3,4,5,6,2,2,
        3,1,3,3,4,5,6,3,3,
        4,1,4,4,4,5,6,4,4,
        5,1,5,5,5,5,6,5,5,
        6,1,6,6,6,6,6,6,6,
        7,1,2,3,4,5,6,7,2,
        8,1,2,3,4,5,6,2,8]),
    function(i(_,_), [
        1,1,1,1,1,1,1,1,1,
        0,1,2,3,4,5,6,7,8,
        0,1,1,1,1,1,1,7,8,
        0,1,2,1,1,1,1,7,8,
        0,1,2,3,1,1,1,7,8,
        0,1,2,3,4,1,1,7,8,
        0,1,2,3,4,5,1,7,8,
        8,1,1,1,1,1,1,1,8,
        7,1,1,1,1,1,1,7,1])]).
interpretation( 9, [number = 127,seconds = 0], [
    function(^(_,_), [
        0,0,0,0,0,0,0,0,0,
        0,1,2,3,4,5,6,7,8,
        0,2,2,2,2,2,2,2,2,
        0,3,2,3,3,3,3,3,3,
        0,4,2,3,4,4,4,4,4,
        0,5,2,3,4,5,6,8,8,
        0,6,2,3,4,6,6,4,4,
        0,7,2,3,4,8,4,7,8,
        0,8,2,3,4,8,4,8,8]),
    function(v(_,_), [
        0,1,2,3,4,5,6,7,8,
        1,1,1,1,1,1,1,1,1,
        2,1,2,3,4,5,6,7,8,
        3,1,3,3,4,5,6,7,8,
        4,1,4,4,4,5,6,7,8,
        5,1,5,5,5,5,5,1,5,
        6,1,6,6,6,5,6,1,5,
        7,1,7,7,7,1,1,7,7,
        8,1,8,8,8,5,5,7,8]),
    function(i(_,_), [
        1,1,1,1,1,1,1,1,1,
        0,1,2,3,4,5,6,7,8,
        0,1,1,1,1,1,1,1,1,
        0,1,2,1,1,1,1,1,1,
        0,1,2,3,1,1,1,1,1,
        0,1,2,3,4,1,6,7,7,
        0,1,2,3,7,1,1,7,7,
        0,1,2,3,6,5,6,1,5,
        0,1,2,3,6,1,6,1,1])]).
interpretation( 9, [number = 203,seconds = 0], [
    function(^(_,_), [
        0,0,0,0,0,0,0,0,0,
        0,1,2,3,4,5,6,7,8,
        0,2,2,2,2,2,2,2,2,
        0,3,2,3,3,3,3,3,3,
        0,4,2,3,4,4,6,8,8,
        0,5,2,3,4,5,6,7,8,
        0,6,2,3,6,6,6,3,3,
        0,7,2,3,8,7,3,7,8,
        0,8,2,3,8,8,3,8,8]),
    function(v(_,_), [
        0,1,2,3,4,5,6,7,8,
        1,1,1,1,1,1,1,1,1,
        2,1,2,3,4,5,6,7,8,
        3,1,3,3,4,5,6,7,8,
        4,1,4,4,4,5,4,5,4,
        5,1,5,5,5,5,5,5,5,
        6,1,6,6,4,5,6,5,4,
        7,1,7,7,5,5,5,7,7,
        8,1,8,8,4,5,4,7,8]),
    function(i(_,_), [
        1,1,1,1,1,1,1,1,1,
        0,1,2,3,4,5,6,7,8,
        0,1,1,1,1,1,1,1,1,
        0,1,2,1,1,1,1,1,1,
        0,1,2,3,1,1,6,7,7,
        0,1,2,3,4,1,6,7,8,
        0,1,2,7,1,1,1,7,7,
        0,1,2,6,4,1,6,1,4,
        0,1,2,6,1,1,6,1,1])]).
interpretation( 9, [number = 282,seconds = 0], [
    function(^(_,_), [
        0,0,0,0,0,0,0,0,0,
        0,1,2,3,4,5,6,7,8,
        0,2,2,2,2,2,2,2,2,
        0,3,2,3,3,3,6,8,8,
        0,4,2,3,4,4,6,7,8,
        0,5,2,3,4,5,6,7,8,
        0,6,2,6,6,6,6,2,2,
        0,7,2,8,7,7,2,7,8,
        0,8,2,8,8,8,2,8,8]),
    function(v(_,_), [
        0,1,2,3,4,5,6,7,8,
        1,1,1,1,1,1,1,1,1,
        2,1,2,3,4,5,6,7,8,
        3,1,3,3,4,5,3,4,3,
        4,1,4,4,4,5,4,4,4,
        5,1,5,5,5,5,5,5,5,
        6,1,6,3,4,5,6,4,3,
        7,1,7,4,4,5,4,7,7,
        8,1,8,3,4,5,3,7,8]),
    function(i(_,_), [
        1,1,1,1,1,1,1,1,1,
        0,1,2,3,4,5,6,7,8,
        0,1,1,1,1,1,1,1,1,
        0,1,2,1,1,1,6,7,7,
        0,1,2,3,1,1,6,7,8,
        0,1,2,3,4,1,6,7,8,
        0,1,7,1,1,1,1,7,7,
        0,1,6,3,1,1,6,1,3,
        0,1,6,1,1,1,6,1,1])]).
interpretation( 9, [number = 361,seconds = 0], [
    function(^(_,_), [
        0,0,0,0,0,0,0,0,0,
        0,1,2,3,4,5,6,7,8,
        0,2,2,2,2,2,6,8,8,
        0,3,2,3,3,3,6,7,8,
        0,4,2,3,4,4,6,7,8,
        0,5,2,3,4,5,6,7,8,
        0,6,6,6,6,6,6,0,0,
        0,7,8,7,7,7,0,7,8,
        0,8,8,8,8,8,0,8,8]),
    function(v(_,_), [
        0,1,2,3,4,5,6,7,8,
        1,1,1,1,1,1,1,1,1,
        2,1,2,3,4,5,2,3,2,
        3,1,3,3,4,5,3,3,3,
        4,1,4,4,4,5,4,4,4,
        5,1,5,5,5,5,5,5,5,
        6,1,2,3,4,5,6,3,2,
        7,1,3,3,4,5,3,7,7,
        8,1,2,3,4,5,2,7,8]),
    function(i(_,_), [
        1,1,1,1,1,1,1,1,1,
        0,1,2,3,4,5,6,7,8,
        0,1,1,1,1,1,6,7,7,
        0,1,2,1,1,1,6,7,8,
        0,1,2,3,1,1,6,7,8,
        0,1,2,3,4,1,6,7,8,
        7,1,1,1,1,1,1,7,7,
        6,1,2,1,1,1,6,1,2,
        6,1,1,1,1,1,6,1,1])]).
interpretation( 9, [number = 385,seconds = 0], [
    function(^(_,_), [
        0,0,0,0,0,0,0,0,0,
        0,1,2,3,4,5,6,7,8,
        0,2,2,2,2,2,2,2,2,
        0,3,2,3,3,3,3,3,3,
        0,4,2,3,4,4,4,7,8,
        0,5,2,3,4,5,4,7,8,
        0,6,2,3,4,4,6,7,8,
        0,7,2,3,7,7,7,7,3,
        0,8,2,3,8,8,8,3,8]),
    function(v(_,_), [
        0,1,2,3,4,5,6,7,8,
        1,1,1,1,1,1,1,1,1,
        2,1,2,3,4,5,6,7,8,
        3,1,3,3,4,5,6,7,8,
        4,1,4,4,4,5,6,4,4,
        5,1,5,5,5,5,1,5,5,
        6,1,6,6,6,1,6,6,6,
        7,1,7,7,4,5,6,7,4,
        8,1,8,8,4,5,6,4,8]),
    function(i(_,_), [
        1,1,1,1,1,1,1,1,1,
        0,1,2,3,4,5,6,7,8,
        0,1,1,1,1,1,1,1,1,
        0,1,2,1,1,1,1,1,1,
        0,1,2,3,1,1,1,7,8,
        0,1,2,3,6,1,6,7,8,
        0,1,2,3,5,5,1,7,8,
        0,1,2,8,1,1,1,1,8,
        0,1,2,7,1,1,1,7,1])]).
interpretation( 9, [number = 394,seconds = 0], [
    function(^(_,_), [
        0,0,0,0,0,0,0,0,0,
        0,1,2,3,4,5,6,7,8,
        0,2,2,2,2,2,2,2,2,
        0,3,2,3,3,3,3,7,8,
        0,4,2,3,4,4,4,7,8,
        0,5,2,3,4,5,4,7,8,
        0,6,2,3,4,4,6,7,8,
        0,7,2,7,7,7,7,7,2,
        0,8,2,8,8,8,8,2,8]),
    function(v(_,_), [
        0,1,2,3,4,5,6,7,8,
        1,1,1,1,1,1,1,1,1,
        2,1,2,3,4,5,6,7,8,
        3,1,3,3,4,5,6,3,3,
        4,1,4,4,4,5,6,4,4,
        5,1,5,5,5,5,1,5,5,
        6,1,6,6,6,1,6,6,6,
        7,1,7,3,4,5,6,7,3,
        8,1,8,3,4,5,6,3,8]),
    function(i(_,_), [
        1,1,1,1,1,1,1,1,1,
        0,1,2,3,4,5,6,7,8,
        0,1,1,1,1,1,1,1,1,
        0,1,2,1,1,1,1,7,8,
        0,1,2,3,1,1,1,7,8,
        0,1,2,3,6,1,6,7,8,
        0,1,2,3,5,5,1,7,8,
        0,1,8,1,1,1,1,1,8,
        0,1,7,1,1,1,1,7,1])]).
interpretation( 9, [number = 401,seconds = 0], [
    function(^(_,_), [
        0,0,0,0,0,0,0,0,0,
        0,1,2,3,4,5,6,7,8,
        0,2,2,2,2,2,2,7,8,
        0,3,2,3,3,3,3,7,8,
        0,4,2,3,4,4,4,7,8,
        0,5,2,3,4,5,4,7,8,
        0,6,2,3,4,4,6,7,8,
        0,7,7,7,7,7,7,7,0,
        0,8,8,8,8,8,8,0,8]),
    function(v(_,_), [
        0,1,2,3,4,5,6,7,8,
        1,1,1,1,1,1,1,1,1,
        2,1,2,3,4,5,6,2,2,
        3,1,3,3,4,5,6,3,3,
        4,1,4,4,4,5,6,4,4,
        5,1,5,5,5,5,1,5,5,
        6,1,6,6,6,1,6,6,6,
        7,1,2,3,4,5,6,7,2,
        8,1,2,3,4,5,6,2,8]),
    function(i(_,_), [
        1,1,1,1,1,1,1,1,1,
        0,1,2,3,4,5,6,7,8,
        0,1,1,1,1,1,1,7,8,
        0,1,2,1,1,1,1,7,8,
        0,1,2,3,1,1,1,7,8,
        0,1,2,3,6,1,6,7,8,
        0,1,2,3,5,5,1,7,8,
        8,1,1,1,1,1,1,1,8,
        7,1,1,1,1,1,1,7,1])]).
interpretation( 9, [number = 798,seconds = 0], [
    function(^(_,_), [
        0,0,0,0,0,0,0,0,0,
        0,1,2,3,4,5,6,7,8,
        0,2,2,2,2,2,2,2,2,
        0,3,2,3,3,3,3,7,8,
        0,4,2,3,4,5,6,7,8,
        0,5,2,3,5,5,3,7,8,
        0,6,2,3,6,3,6,7,8,
        0,7,2,7,7,7,7,7,2,
        0,8,2,8,8,8,8,2,8]),
    function(v(_,_), [
        0,1,2,3,4,5,6,7,8,
        1,1,1,1,1,1,1,1,1,
        2,1,2,3,4,5,6,7,8,
        3,1,3,3,4,5,6,3,3,
        4,1,4,4,4,4,4,4,4,
        5,1,5,5,4,5,4,5,5,
        6,1,6,6,4,4,6,6,6,
        7,1,7,3,4,5,6,7,3,
        8,1,8,3,4,5,6,3,8]),
    function(i(_,_), [
        1,1,1,1,1,1,1,1,1,
        0,1,2,3,4,5,6,7,8,
        0,1,1,1,1,1,1,1,1,
        0,1,2,1,1,1,1,7,8,
        0,1,2,3,1,5,6,7,8,
        0,1,2,6,1,1,6,7,8,
        0,1,2,5,1,5,1,7,8,
        0,1,8,1,1,1,1,1,8,
        0,1,7,1,1,1,1,7,1])]).
interpretation( 9, [number = 807,seconds = 0], [
    function(^(_,_), [
        0,0,0,0,0,0,0,0,0,
        0,1,2,3,4,5,6,7,8,
        0,2,2,2,2,2,2,7,8,
        0,3,2,3,3,3,3,7,8,
        0,4,2,3,4,5,6,7,8,
        0,5,2,3,5,5,3,7,8,
        0,6,2,3,6,3,6,7,8,
        0,7,7,7,7,7,7,7,0,
        0,8,8,8,8,8,8,0,8]),
    function(v(_,_), [
        0,1,2,3,4,5,6,7,8,
        1,1,1,1,1,1,1,1,1,
        2,1,2,3,4,5,6,2,2,
        3,1,3,3,4,5,6,3,3,
        4,1,4,4,4,4,4,4,4,
        5,1,5,5,4,5,4,5,5,
        6,1,6,6,4,4,6,6,6,
        7,1,2,3,4,5,6,7,2,
        8,1,2,3,4,5,6,2,8]),
    function(i(_,_), [
        1,1,1,1,1,1,1,1,1,
        0,1,2,3,4,5,6,7,8,
        0,1,1,1,1,1,1,7,8,
        0,1,2,1,1,1,1,7,8,
        0,1,2,3,1,5,6,7,8,
        0,1,2,6,1,1,6,7,8,
        0,1,2,5,1,5,1,7,8,
        8,1,1,1,1,1,1,1,8,
        7,1,1,1,1,1,1,7,1])]).
interpretation( 9, [number = 1286,seconds = 0], [
    function(^(_,_), [
        0,0,0,0,0,0,0,0,0,
        0,1,2,3,4,5,6,7,8,
        0,2,2,2,2,2,2,7,8,
        0,3,2,3,3,5,6,7,8,
        0,4,2,3,4,5,6,7,8,
        0,5,2,5,5,5,2,7,8,
        0,6,2,6,6,2,6,7,8,
        0,7,7,7,7,7,7,7,0,
        0,8,8,8,8,8,8,0,8]),
    function(v(_,_), [
        0,1,2,3,4,5,6,7,8,
        1,1,1,1,1,1,1,1,1,
        2,1,2,3,4,5,6,2,2,
        3,1,3,3,4,3,3,3,3,
        4,1,4,4,4,4,4,4,4,
        5,1,5,3,4,5,3,5,5,
        6,1,6,3,4,3,6,6,6,
        7,1,2,3,4,5,6,7,2,
        8,1,2,3,4,5,6,2,8]),
    function(i(_,_), [
        1,1,1,1,1,1,1,1,1,
        0,1,2,3,4,5,6,7,8,
        0,1,1,1,1,1,1,7,8,
        0,1,2,1,1,5,6,7,8,
        0,1,2,3,1,5,6,7,8,
        0,1,6,1,1,1,6,7,8,
        0,1,5,1,1,5,1,7,8,
        8,1,1,1,1,1,1,1,8,
        7,1,1,1,1,1,1,7,1])]).
interpretation( 9, [number = 1300,seconds = 0], [
    function(^(_,_), [
        0,0,0,0,0,0,0,0,0,
        0,1,2,3,4,5,6,7,8,
        0,2,2,2,2,2,2,2,2,
        0,3,2,3,3,5,7,7,7,
        0,4,2,3,4,5,8,7,8,
        0,5,2,5,5,5,2,2,2,
        0,6,2,7,8,2,6,7,8,
        0,7,2,7,7,2,7,7,7,
        0,8,2,7,8,2,8,7,8]),
    function(v(_,_), [
        0,1,2,3,4,5,6,7,8,
        1,1,1,1,1,1,1,1,1,
        2,1,2,3,4,5,6,7,8,
        3,1,3,3,4,3,1,3,4,
        4,1,4,4,4,4,1,4,4,
        5,1,5,3,4,5,1,3,4,
        6,1,6,1,1,1,6,6,6,
        7,1,7,3,4,3,6,7,8,
        8,1,8,4,4,4,6,8,8]),
    function(i(_,_), [
        1,1,1,1,1,1,1,1,1,
        0,1,2,3,4,5,6,7,8,
        0,1,1,1,1,1,1,1,1,
        0,1,2,1,1,5,6,6,6,
        0,1,2,3,1,5,6,7,6,
        0,1,6,1,1,1,6,6,6,
        0,1,5,3,4,5,1,3,4,
        0,1,5,1,1,5,1,1,1,
        0,1,5,3,1,5,1,3,1])]).
interpretation( 9, [number = 1790,seconds = 0], [
    function(^(_,_), [
        0,0,0,0,0,0,0,0,0,
        0,1,2,3,4,5,6,7,8,
        0,2,2,2,2,5,7,7,7,
        0,3,2,3,3,5,8,7,8,
        0,4,2,3,4,5,6,7,8,
        0,5,5,5,5,5,0,0,0,
        0,6,7,8,6,0,6,7,8,
        0,7,7,7,7,0,7,7,7,
        0,8,7,8,8,0,8,7,8]),
    function(v(_,_), [
        0,1,2,3,4,5,6,7,8,
        1,1,1,1,1,1,1,1,1,
        2,1,2,3,4,2,4,2,3,
        3,1,3,3,4,3,4,3,3,
        4,1,4,4,4,4,4,4,4,
        5,1,2,3,4,5,4,2,3,
        6,1,4,4,4,4,6,6,6,
        7,1,2,3,4,2,6,7,8,
        8,1,3,3,4,3,6,8,8]),
    function(i(_,_), [
        1,1,1,1,1,1,1,1,1,
        0,1,2,3,4,5,6,7,8,
        0,1,1,1,1,5,6,6,6,
        0,1,2,1,1,5,6,7,6,
        0,1,2,3,1,5,6,7,8,
        6,1,1,1,1,1,6,6,6,
        5,1,2,3,1,5,1,2,3,
        5,1,1,1,1,5,1,1,1,
        5,1,2,1,1,5,1,2,1])]).
interpretation( 9, [number = 1913,seconds = 0], [
    function(^(_,_), [
        0,0,0,0,0,0,0,0,0,
        0,1,2,3,4,5,6,7,8,
        0,2,2,2,2,2,2,2,2,
        0,3,2,3,3,3,6,8,8,
        0,4,2,3,4,3,6,7,8,
        0,5,2,3,3,5,6,8,8,
        0,6,2,6,6,6,6,2,2,
        0,7,2,8,7,8,2,7,8,
        0,8,2,8,8,8,2,8,8]),
    function(v(_,_), [
        0,1,2,3,4,5,6,7,8,
        1,1,1,1,1,1,1,1,1,
        2,1,2,3,4,5,6,7,8,
        3,1,3,3,4,5,3,4,3,
        4,1,4,4,4,1,4,4,4,
        5,1,5,5,1,5,5,1,5,
        6,1,6,3,4,5,6,4,3,
        7,1,7,4,4,1,4,7,7,
        8,1,8,3,4,5,3,7,8]),
    function(i(_,_), [
        1,1,1,1,1,1,1,1,1,
        0,1,2,3,4,5,6,7,8,
        0,1,1,1,1,1,1,1,1,
        0,1,2,1,1,1,6,7,7,
        0,1,2,5,1,5,6,7,8,
        0,1,2,4,4,1,6,7,7,
        0,1,7,1,1,1,1,7,7,
        0,1,6,5,1,5,6,1,5,
        0,1,6,1,1,1,6,1,1])]).
interpretation( 9, [number = 1956,seconds = 0], [
    function(^(_,_), [
        0,0,0,0,0,0,0,0,0,
        0,1,2,3,4,5,6,7,8,
        0,2,2,2,2,2,6,8,8,
        0,3,2,3,3,3,6,7,8,
        0,4,2,3,4,3,6,7,8,
        0,5,2,3,3,5,6,7,8,
        0,6,6,6,6,6,6,0,0,
        0,7,8,7,7,7,0,7,8,
        0,8,8,8,8,8,0,8,8]),
    function(v(_,_), [
        0,1,2,3,4,5,6,7,8,
        1,1,1,1,1,1,1,1,1,
        2,1,2,3,4,5,2,3,2,
        3,1,3,3,4,5,3,3,3,
        4,1,4,4,4,1,4,4,4,
        5,1,5,5,1,5,5,5,5,
        6,1,2,3,4,5,6,3,2,
        7,1,3,3,4,5,3,7,7,
        8,1,2,3,4,5,2,7,8]),
    function(i(_,_), [
        1,1,1,1,1,1,1,1,1,
        0,1,2,3,4,5,6,7,8,
        0,1,1,1,1,1,6,7,7,
        0,1,2,1,1,1,6,7,8,
        0,1,2,5,1,5,6,7,8,
        0,1,2,4,4,1,6,7,8,
        7,1,1,1,1,1,1,7,7,
        6,1,2,1,1,1,6,1,2,
        6,1,1,1,1,1,6,1,1])]).
interpretation( 9, [number = 3940,seconds = 1], [
    function(^(_,_), [
        0,0,0,0,0,0,0,0,0,
        0,1,2,3,4,5,6,7,8,
        0,2,2,2,2,2,6,8,8,
        0,3,2,3,4,5,6,7,8,
        0,4,2,4,4,2,6,7,8,
        0,5,2,5,2,5,6,8,8,
        0,6,6,6,6,6,6,0,0,
        0,7,8,7,7,8,0,7,8,
        0,8,8,8,8,8,0,8,8]),
    function(v(_,_), [
        0,1,2,3,4,5,6,7,8,
        1,1,1,1,1,1,1,1,1,
        2,1,2,3,4,5,2,4,2,
        3,1,3,3,3,3,3,3,3,
        4,1,4,3,4,3,4,4,4,
        5,1,5,3,3,5,5,3,5,
        6,1,2,3,4,5,6,4,2,
        7,1,4,3,4,3,4,7,7,
        8,1,2,3,4,5,2,7,8]),
    function(i(_,_), [
        1,1,1,1,1,1,1,1,1,
        0,1,2,3,4,5,6,7,8,
        0,1,1,1,1,1,6,7,7,
        0,1,2,1,4,5,6,7,8,
        0,1,5,1,1,5,6,7,8,
        0,1,4,1,4,1,6,7,7,
        7,1,1,1,1,1,1,7,7,
        6,1,5,1,1,5,6,1,5,
        6,1,1,1,1,1,6,1,1])]).
interpretation( 9, [number = 3992,seconds = 1], [
    function(^(_,_), [
        0,0,0,0,0,0,0,0,0,
        0,1,2,3,4,5,6,7,8,
        0,2,2,2,2,2,2,7,8,
        0,3,2,3,4,6,6,7,8,
        0,4,2,4,4,2,2,7,8,
        0,5,2,6,2,5,6,7,8,
        0,6,2,6,2,6,6,7,8,
        0,7,7,7,7,7,7,7,0,
        0,8,8,8,8,8,8,0,8]),
    function(v(_,_), [
        0,1,2,3,4,5,6,7,8,
        1,1,1,1,1,1,1,1,1,
        2,1,2,3,4,5,6,2,2,
        3,1,3,3,3,1,3,3,3,
        4,1,4,3,4,1,3,4,4,
        5,1,5,1,1,5,5,5,5,
        6,1,6,3,3,5,6,6,6,
        7,1,2,3,4,5,6,7,2,
        8,1,2,3,4,5,6,2,8]),
    function(i(_,_), [
        1,1,1,1,1,1,1,1,1,
        0,1,2,3,4,5,6,7,8,
        0,1,1,1,1,1,1,7,8,
        0,1,2,1,4,5,5,7,8,
        0,1,5,1,1,5,5,7,8,
        0,1,4,3,4,1,3,7,8,
        0,1,4,1,4,1,1,7,8,
        8,1,1,1,1,1,1,1,8,
        7,1,1,1,1,1,1,7,1])]).
interpretation( 9, [number = 6585,seconds = 2], [
    function(^(_,_), [
        0,0,0,0,0,0,0,0,0,
        0,1,2,3,4,5,6,7,8,
        0,2,2,2,2,2,2,2,2,
        0,3,2,3,2,2,3,3,2,
        0,4,2,2,4,5,5,8,8,
        0,5,2,2,5,5,5,2,2,
        0,6,2,3,5,5,6,3,2,
        0,7,2,3,8,2,3,7,8,
        0,8,2,2,8,2,2,8,8]),
    function(v(_,_), [
        0,1,2,3,4,5,6,7,8,
        1,1,1,1,1,1,1,1,1,
        2,1,2,3,4,5,6,7,8,
        3,1,3,3,1,6,6,7,7,
        4,1,4,1,4,4,1,1,4,
        5,1,5,6,4,5,6,1,4,
        6,1,6,6,1,6,6,1,1,
        7,1,7,7,1,1,1,7,7,
        8,1,8,7,4,4,1,7,8]),
    function(i(_,_), [
        1,1,1,1,1,1,1,1,1,
        0,1,2,3,4,5,6,7,8,
        0,1,1,1,1,1,1,1,1,
        0,1,4,1,4,4,1,1,4,
        0,1,3,3,1,6,6,7,7,
        0,1,7,7,1,1,1,7,7,
        0,1,8,7,4,4,1,7,8,
        0,1,5,6,4,5,6,1,4,
        0,1,6,6,1,6,6,1,1])]).
interpretation( 9, [number = 6738,seconds = 2], [
    function(^(_,_), [
        0,0,0,0,0,0,0,0,0,
        0,1,2,3,4,5,6,7,8,
        0,2,2,2,2,5,5,8,8,
        0,3,2,3,2,5,5,7,8,
        0,4,2,2,4,5,6,8,8,
        0,5,5,5,5,5,5,0,0,
        0,6,5,5,6,5,6,0,0,
        0,7,8,7,8,0,0,7,8,
        0,8,8,8,8,0,0,8,8]),
    function(v(_,_), [
        0,1,2,3,4,5,6,7,8,
        1,1,1,1,1,1,1,1,1,
        2,1,2,3,4,2,4,3,2,
        3,1,3,3,1,3,1,3,3,
        4,1,4,1,4,4,4,1,4,
        5,1,2,3,4,5,6,3,2,
        6,1,4,1,4,6,6,1,4,
        7,1,3,3,1,3,1,7,7,
        8,1,2,3,4,2,4,7,8]),
    function(i(_,_), [
        1,1,1,1,1,1,1,1,1,
        0,1,2,3,4,5,6,7,8,
        0,1,1,1,1,6,6,7,7,
        0,1,4,1,4,6,6,7,8,
        0,1,3,3,1,5,6,7,7,
        7,1,1,1,1,1,1,7,7,
        7,1,3,3,1,3,1,7,7,
        6,1,4,1,4,6,6,1,4,
        6,1,1,1,1,6,6,1,1])]).
interpretation( 9, [number = 13459,seconds = 6], [
    function(^(_,_), [
        0,0,0,0,0,0,0,0,0,
        0,1,2,3,4,5,6,7,8,
        0,2,2,3,4,5,6,7,8,
        0,3,3,3,0,0,3,3,0,
        0,4,4,0,4,5,5,8,8,
        0,5,5,0,5,5,5,0,0,
        0,6,6,3,5,5,6,3,0,
        0,7,7,3,8,0,3,7,8,
        0,8,8,0,8,0,0,8,8]),
    function(v(_,_), [
        0,1,2,3,4,5,6,7,8,
        1,1,1,1,1,1,1,1,1,
        2,1,2,2,2,2,2,2,2,
        3,1,2,3,2,6,6,7,7,
        4,1,2,2,4,4,2,2,4,
        5,1,2,6,4,5,6,2,4,
        6,1,2,6,2,6,6,2,2,
        7,1,2,7,2,2,2,7,7,
        8,1,2,7,4,4,2,7,8]),
    function(i(_,_), [
        1,1,1,1,1,1,1,1,1,
        0,1,2,3,4,5,6,7,8,
        0,1,1,3,4,5,6,7,8,
        4,1,1,1,4,4,1,1,4,
        3,1,1,3,1,6,6,7,7,
        7,1,1,7,1,1,1,7,7,
        8,1,1,7,4,4,1,7,8,
        5,1,1,6,4,5,6,1,4,
        6,1,1,6,1,6,6,1,1])]).
% isofilter: input=14472, kept=26, checks=14446, perms=18610, 4.67 seconds.
