interpretation( 8, [number = 1,seconds = 0], [
    function(^(_,_), [
        0,0,0,0,0,0,0,0,
        0,1,2,3,4,5,6,7,
        0,2,2,2,2,2,2,2,
        0,3,2,3,3,3,3,3,
        0,4,2,3,4,4,4,4,
        0,5,2,3,4,5,5,5,
        0,6,2,3,4,5,6,6,
        0,7,2,3,4,5,6,7]),
    function(v(_,_), [
        0,1,2,3,4,5,6,7,
        1,1,1,1,1,1,1,1,
        2,1,2,3,4,5,6,7,
        3,1,3,3,4,5,6,7,
        4,1,4,4,4,5,6,7,
        5,1,5,5,5,5,6,7,
        6,1,6,6,6,6,6,7,
        7,1,7,7,7,7,7,7]),
    function(i(_,_), [
        1,1,1,1,1,1,1,1,
        0,1,2,3,4,5,6,7,
        0,1,1,1,1,1,1,1,
        0,1,2,1,1,1,1,1,
        0,1,2,3,1,1,1,1,
        0,1,2,3,4,1,1,1,
        0,1,2,3,4,5,1,1,
        0,1,2,3,4,5,6,1])]).
interpretation( 8, [number = 7,seconds = 0], [
    function(^(_,_), [
        0,0,0,0,0,0,0,0,
        0,1,2,3,4,5,6,7,
        0,2,2,2,2,2,2,2,
        0,3,2,3,3,3,3,3,
        0,4,2,3,4,4,4,4,
        0,5,2,3,4,5,5,5,
        0,6,2,3,4,5,6,5,
        0,7,2,3,4,5,5,7]),
    function(v(_,_), [
        0,1,2,3,4,5,6,7,
        1,1,1,1,1,1,1,1,
        2,1,2,3,4,5,6,7,
        3,1,3,3,4,5,6,7,
        4,1,4,4,4,5,6,7,
        5,1,5,5,5,5,6,7,
        6,1,6,6,6,6,6,1,
        7,1,7,7,7,7,1,7]),
    function(i(_,_), [
        1,1,1,1,1,1,1,1,
        0,1,2,3,4,5,6,7,
        0,1,1,1,1,1,1,1,
        0,1,2,1,1,1,1,1,
        0,1,2,3,1,1,1,1,
        0,1,2,3,4,1,1,1,
        0,1,2,3,4,7,1,7,
        0,1,2,3,4,6,6,1])]).
interpretation( 8, [number = 14,seconds = 0], [
    function(^(_,_), [
        0,0,0,0,0,0,0,0,
        0,1,2,3,4,5,6,7,
        0,2,2,2,2,2,2,2,
        0,3,2,3,3,3,3,3,
        0,4,2,3,4,4,4,4,
        0,5,2,3,4,5,6,7,
        0,6,2,3,4,6,6,4,
        0,7,2,3,4,7,4,7]),
    function(v(_,_), [
        0,1,2,3,4,5,6,7,
        1,1,1,1,1,1,1,1,
        2,1,2,3,4,5,6,7,
        3,1,3,3,4,5,6,7,
        4,1,4,4,4,5,6,7,
        5,1,5,5,5,5,5,5,
        6,1,6,6,6,5,6,5,
        7,1,7,7,7,5,5,7]),
    function(i(_,_), [
        1,1,1,1,1,1,1,1,
        0,1,2,3,4,5,6,7,
        0,1,1,1,1,1,1,1,
        0,1,2,1,1,1,1,1,
        0,1,2,3,1,1,1,1,
        0,1,2,3,4,1,6,7,
        0,1,2,3,7,1,1,7,
        0,1,2,3,6,1,6,1])]).
interpretation( 8, [number = 23,seconds = 0], [
    function(^(_,_), [
        0,0,0,0,0,0,0,0,
        0,1,2,3,4,5,6,7,
        0,2,2,2,2,2,2,2,
        0,3,2,3,3,3,3,3,
        0,4,2,3,4,4,6,7,
        0,5,2,3,4,5,6,7,
        0,6,2,3,6,6,6,3,
        0,7,2,3,7,7,3,7]),
    function(v(_,_), [
        0,1,2,3,4,5,6,7,
        1,1,1,1,1,1,1,1,
        2,1,2,3,4,5,6,7,
        3,1,3,3,4,5,6,7,
        4,1,4,4,4,5,4,4,
        5,1,5,5,5,5,5,5,
        6,1,6,6,4,5,6,4,
        7,1,7,7,4,5,4,7]),
    function(i(_,_), [
        1,1,1,1,1,1,1,1,
        0,1,2,3,4,5,6,7,
        0,1,1,1,1,1,1,1,
        0,1,2,1,1,1,1,1,
        0,1,2,3,1,1,6,7,
        0,1,2,3,4,1,6,7,
        0,1,2,7,1,1,1,7,
        0,1,2,6,1,1,6,1])]).
interpretation( 8, [number = 32,seconds = 0], [
    function(^(_,_), [
        0,0,0,0,0,0,0,0,
        0,1,2,3,4,5,6,7,
        0,2,2,2,2,2,2,2,
        0,3,2,3,3,3,6,7,
        0,4,2,3,4,4,6,7,
        0,5,2,3,4,5,6,7,
        0,6,2,6,6,6,6,2,
        0,7,2,7,7,7,2,7]),
    function(v(_,_), [
        0,1,2,3,4,5,6,7,
        1,1,1,1,1,1,1,1,
        2,1,2,3,4,5,6,7,
        3,1,3,3,4,5,3,3,
        4,1,4,4,4,5,4,4,
        5,1,5,5,5,5,5,5,
        6,1,6,3,4,5,6,3,
        7,1,7,3,4,5,3,7]),
    function(i(_,_), [
        1,1,1,1,1,1,1,1,
        0,1,2,3,4,5,6,7,
        0,1,1,1,1,1,1,1,
        0,1,2,1,1,1,6,7,
        0,1,2,3,1,1,6,7,
        0,1,2,3,4,1,6,7,
        0,1,7,1,1,1,1,7,
        0,1,6,1,1,1,6,1])]).
interpretation( 8, [number = 41,seconds = 0], [
    function(^(_,_), [
        0,0,0,0,0,0,0,0,
        0,1,2,3,4,5,6,7,
        0,2,2,2,2,2,6,7,
        0,3,2,3,3,3,6,7,
        0,4,2,3,4,4,6,7,
        0,5,2,3,4,5,6,7,
        0,6,6,6,6,6,6,0,
        0,7,7,7,7,7,0,7]),
    function(v(_,_), [
        0,1,2,3,4,5,6,7,
        1,1,1,1,1,1,1,1,
        2,1,2,3,4,5,2,2,
        3,1,3,3,4,5,3,3,
        4,1,4,4,4,5,4,4,
        5,1,5,5,5,5,5,5,
        6,1,2,3,4,5,6,2,
        7,1,2,3,4,5,2,7]),
    function(i(_,_), [
        1,1,1,1,1,1,1,1,
        0,1,2,3,4,5,6,7,
        0,1,1,1,1,1,6,7,
        0,1,2,1,1,1,6,7,
        0,1,2,3,1,1,6,7,
        0,1,2,3,4,1,6,7,
        7,1,1,1,1,1,1,7,
        6,1,1,1,1,1,6,1])]).
interpretation( 8, [number = 95,seconds = 0], [
    function(^(_,_), [
        0,0,0,0,0,0,0,0,
        0,1,2,3,4,5,6,7,
        0,2,2,2,2,2,2,2,
        0,3,2,3,3,3,3,3,
        0,4,2,3,4,5,7,7,
        0,5,2,3,5,5,3,3,
        0,6,2,3,7,3,6,7,
        0,7,2,3,7,3,7,7]),
    function(v(_,_), [
        0,1,2,3,4,5,6,7,
        1,1,1,1,1,1,1,1,
        2,1,2,3,4,5,6,7,
        3,1,3,3,4,5,6,7,
        4,1,4,4,4,4,1,4,
        5,1,5,5,4,5,1,4,
        6,1,6,6,1,1,6,6,
        7,1,7,7,4,4,6,7]),
    function(i(_,_), [
        1,1,1,1,1,1,1,1,
        0,1,2,3,4,5,6,7,
        0,1,1,1,1,1,1,1,
        0,1,2,1,1,1,1,1,
        0,1,2,3,1,5,6,6,
        0,1,2,6,1,1,6,6,
        0,1,2,5,4,5,1,4,
        0,1,2,5,1,5,1,1])]).
interpretation( 8, [number = 153,seconds = 0], [
    function(^(_,_), [
        0,0,0,0,0,0,0,0,
        0,1,2,3,4,5,6,7,
        0,2,2,2,2,2,2,2,
        0,3,2,3,3,5,7,7,
        0,4,2,3,4,5,6,7,
        0,5,2,5,5,5,2,2,
        0,6,2,7,6,2,6,7,
        0,7,2,7,7,2,7,7]),
    function(v(_,_), [
        0,1,2,3,4,5,6,7,
        1,1,1,1,1,1,1,1,
        2,1,2,3,4,5,6,7,
        3,1,3,3,4,3,4,3,
        4,1,4,4,4,4,4,4,
        5,1,5,3,4,5,4,3,
        6,1,6,4,4,4,6,6,
        7,1,7,3,4,3,6,7]),
    function(i(_,_), [
        1,1,1,1,1,1,1,1,
        0,1,2,3,4,5,6,7,
        0,1,1,1,1,1,1,1,
        0,1,2,1,1,5,6,6,
        0,1,2,3,1,5,6,7,
        0,1,6,1,1,1,6,6,
        0,1,5,3,1,5,1,3,
        0,1,5,1,1,5,1,1])]).
interpretation( 8, [number = 214,seconds = 0], [
    function(^(_,_), [
        0,0,0,0,0,0,0,0,
        0,1,2,3,4,5,6,7,
        0,2,2,2,2,5,7,7,
        0,3,2,3,3,5,6,7,
        0,4,2,3,4,5,6,7,
        0,5,5,5,5,5,0,0,
        0,6,7,6,6,0,6,7,
        0,7,7,7,7,0,7,7]),
    function(v(_,_), [
        0,1,2,3,4,5,6,7,
        1,1,1,1,1,1,1,1,
        2,1,2,3,4,2,3,2,
        3,1,3,3,4,3,3,3,
        4,1,4,4,4,4,4,4,
        5,1,2,3,4,5,3,2,
        6,1,3,3,4,3,6,6,
        7,1,2,3,4,2,6,7]),
    function(i(_,_), [
        1,1,1,1,1,1,1,1,
        0,1,2,3,4,5,6,7,
        0,1,1,1,1,5,6,6,
        0,1,2,1,1,5,6,7,
        0,1,2,3,1,5,6,7,
        6,1,1,1,1,1,6,6,
        5,1,2,1,1,5,1,2,
        5,1,1,1,1,5,1,1])]).
interpretation( 8, [number = 235,seconds = 0], [
    function(^(_,_), [
        0,0,0,0,0,0,0,0,
        0,1,2,3,4,5,6,7,
        0,2,2,2,2,2,2,2,
        0,3,2,3,3,3,6,7,
        0,4,2,3,4,3,6,7,
        0,5,2,3,3,5,6,7,
        0,6,2,6,6,6,6,2,
        0,7,2,7,7,7,2,7]),
    function(v(_,_), [
        0,1,2,3,4,5,6,7,
        1,1,1,1,1,1,1,1,
        2,1,2,3,4,5,6,7,
        3,1,3,3,4,5,3,3,
        4,1,4,4,4,1,4,4,
        5,1,5,5,1,5,5,5,
        6,1,6,3,4,5,6,3,
        7,1,7,3,4,5,3,7]),
    function(i(_,_), [
        1,1,1,1,1,1,1,1,
        0,1,2,3,4,5,6,7,
        0,1,1,1,1,1,1,1,
        0,1,2,1,1,1,6,7,
        0,1,2,5,1,5,6,7,
        0,1,2,4,4,1,6,7,
        0,1,7,1,1,1,1,7,
        0,1,6,1,1,1,6,1])]).
interpretation( 8, [number = 243,seconds = 0], [
    function(^(_,_), [
        0,0,0,0,0,0,0,0,
        0,1,2,3,4,5,6,7,
        0,2,2,2,2,2,6,7,
        0,3,2,3,3,3,6,7,
        0,4,2,3,4,3,6,7,
        0,5,2,3,3,5,6,7,
        0,6,6,6,6,6,6,0,
        0,7,7,7,7,7,0,7]),
    function(v(_,_), [
        0,1,2,3,4,5,6,7,
        1,1,1,1,1,1,1,1,
        2,1,2,3,4,5,2,2,
        3,1,3,3,4,5,3,3,
        4,1,4,4,4,1,4,4,
        5,1,5,5,1,5,5,5,
        6,1,2,3,4,5,6,2,
        7,1,2,3,4,5,2,7]),
    function(i(_,_), [
        1,1,1,1,1,1,1,1,
        0,1,2,3,4,5,6,7,
        0,1,1,1,1,1,6,7,
        0,1,2,1,1,1,6,7,
        0,1,2,5,1,5,6,7,
        0,1,2,4,4,1,6,7,
        7,1,1,1,1,1,1,7,
        6,1,1,1,1,1,6,1])]).
interpretation( 8, [number = 488,seconds = 0], [
    function(^(_,_), [
        0,0,0,0,0,0,0,0,
        0,1,2,3,4,5,6,7,
        0,2,2,2,2,2,6,7,
        0,3,2,3,4,5,6,7,
        0,4,2,4,4,2,6,7,
        0,5,2,5,2,5,6,7,
        0,6,6,6,6,6,6,0,
        0,7,7,7,7,7,0,7]),
    function(v(_,_), [
        0,1,2,3,4,5,6,7,
        1,1,1,1,1,1,1,1,
        2,1,2,3,4,5,2,2,
        3,1,3,3,3,3,3,3,
        4,1,4,3,4,3,4,4,
        5,1,5,3,3,5,5,5,
        6,1,2,3,4,5,6,2,
        7,1,2,3,4,5,2,7]),
    function(i(_,_), [
        1,1,1,1,1,1,1,1,
        0,1,2,3,4,5,6,7,
        0,1,1,1,1,1,6,7,
        0,1,2,1,4,5,6,7,
        0,1,5,1,1,5,6,7,
        0,1,4,1,4,1,6,7,
        7,1,1,1,1,1,1,7,
        6,1,1,1,1,1,6,1])]).
interpretation( 8, [number = 797,seconds = 0], [
    function(^(_,_), [
        0,0,0,0,0,0,0,0,
        0,1,2,3,4,5,6,7,
        0,2,2,2,4,6,6,6,
        0,3,2,3,4,7,6,7,
        0,4,4,4,4,0,0,0,
        0,5,6,7,0,5,6,7,
        0,6,6,6,0,6,6,6,
        0,7,6,7,0,7,6,7]),
    function(v(_,_), [
        0,1,2,3,4,5,6,7,
        1,1,1,1,1,1,1,1,
        2,1,2,3,2,1,2,3,
        3,1,3,3,3,1,3,3,
        4,1,2,3,4,1,2,3,
        5,1,1,1,1,5,5,5,
        6,1,2,3,2,5,6,7,
        7,1,3,3,3,5,7,7]),
    function(i(_,_), [
        1,1,1,1,1,1,1,1,
        0,1,2,3,4,5,6,7,
        0,1,1,1,4,5,5,5,
        0,1,2,1,4,5,6,5,
        5,1,1,1,1,5,5,5,
        4,1,2,3,4,1,2,3,
        4,1,1,1,4,1,1,1,
        4,1,2,1,4,1,2,1])]).
interpretation( 8, [number = 877,seconds = 0], [
    function(^(_,_), [
        0,0,0,0,0,0,0,0,
        0,1,2,3,4,5,6,7,
        0,2,2,2,2,5,7,7,
        0,3,2,3,2,5,6,7,
        0,4,2,2,4,5,7,7,
        0,5,5,5,5,5,0,0,
        0,6,7,6,7,0,6,7,
        0,7,7,7,7,0,7,7]),
    function(v(_,_), [
        0,1,2,3,4,5,6,7,
        1,1,1,1,1,1,1,1,
        2,1,2,3,4,2,3,2,
        3,1,3,3,1,3,3,3,
        4,1,4,1,4,4,1,4,
        5,1,2,3,4,5,3,2,
        6,1,3,3,1,3,6,6,
        7,1,2,3,4,2,6,7]),
    function(i(_,_), [
        1,1,1,1,1,1,1,1,
        0,1,2,3,4,5,6,7,
        0,1,1,1,1,5,6,6,
        0,1,4,1,4,5,6,7,
        0,1,3,3,1,5,6,6,
        6,1,1,1,1,1,6,6,
        5,1,4,1,4,5,1,4,
        5,1,1,1,1,5,1,1])]).
interpretation( 8, [number = 1932,seconds = 0], [
    function(^(_,_), [
        0,0,0,0,0,0,0,0,
        0,1,2,3,4,5,6,7,
        0,2,2,0,0,2,2,0,
        0,3,0,3,4,4,7,7,
        0,4,0,4,4,4,0,0,
        0,5,2,4,4,5,2,0,
        0,6,2,7,0,2,6,7,
        0,7,0,7,0,0,7,7]),
    function(v(_,_), [
        0,1,2,3,4,5,6,7,
        1,1,1,1,1,1,1,1,
        2,1,2,1,5,5,6,6,
        3,1,1,3,3,1,1,3,
        4,1,5,3,4,5,1,3,
        5,1,5,1,5,5,1,1,
        6,1,6,1,1,1,6,6,
        7,1,6,3,3,1,6,7]),
    function(i(_,_), [
        1,1,1,1,1,1,1,1,
        0,1,2,3,4,5,6,7,
        3,1,1,3,3,1,1,3,
        2,1,2,1,5,5,6,6,
        6,1,6,1,1,1,6,6,
        7,1,6,3,3,1,6,7,
        4,1,5,3,4,5,1,3,
        5,1,5,1,5,5,1,1])]).
% isofilter: input=1978, kept=15, checks=1963, perms=2421, 0.47 seconds.
