interpretation( 10, [number = 1,seconds = 0], [
    function(^(_,_), [
        0,0,0,0,0,0,0,0,0,0,
        0,1,2,3,4,5,6,7,8,9,
        0,2,2,2,2,2,2,2,2,2,
        0,3,2,3,3,3,3,3,3,3,
        0,4,2,3,4,4,4,4,4,4,
        0,5,2,3,4,5,5,5,5,5,
        0,6,2,3,4,5,6,6,6,6,
        0,7,2,3,4,5,6,7,7,7,
        0,8,2,3,4,5,6,7,8,8,
        0,9,2,3,4,5,6,7,8,9]),
    function(v(_,_), [
        0,1,2,3,4,5,6,7,8,9,
        1,1,1,1,1,1,1,1,1,1,
        2,1,2,3,4,5,6,7,8,9,
        3,1,3,3,4,5,6,7,8,9,
        4,1,4,4,4,5,6,7,8,9,
        5,1,5,5,5,5,6,7,8,9,
        6,1,6,6,6,6,6,7,8,9,
        7,1,7,7,7,7,7,7,8,9,
        8,1,8,8,8,8,8,8,8,9,
        9,1,9,9,9,9,9,9,9,9]),
    function(i(_,_), [
        1,1,1,1,1,1,1,1,1,1,
        0,1,2,3,4,5,6,7,8,9,
        0,1,1,1,1,1,1,1,1,1,
        0,1,2,1,1,1,1,1,1,1,
        0,1,2,3,1,1,1,1,1,1,
        0,1,2,3,4,1,1,1,1,1,
        0,1,2,3,4,5,1,1,1,1,
        0,1,2,3,4,5,6,1,1,1,
        0,1,2,3,4,5,6,7,1,1,
        0,1,2,3,4,5,6,7,8,1])]).
interpretation( 10, [number = 9,seconds = 0], [
    function(^(_,_), [
        0,0,0,0,0,0,0,0,0,0,
        0,1,2,3,4,5,6,7,8,9,
        0,2,2,2,2,2,2,2,2,2,
        0,3,2,3,3,3,3,3,3,3,
        0,4,2,3,4,4,4,4,4,4,
        0,5,2,3,4,5,5,5,5,5,
        0,6,2,3,4,5,6,6,6,6,
        0,7,2,3,4,5,6,7,7,7,
        0,8,2,3,4,5,6,7,8,7,
        0,9,2,3,4,5,6,7,7,9]),
    function(v(_,_), [
        0,1,2,3,4,5,6,7,8,9,
        1,1,1,1,1,1,1,1,1,1,
        2,1,2,3,4,5,6,7,8,9,
        3,1,3,3,4,5,6,7,8,9,
        4,1,4,4,4,5,6,7,8,9,
        5,1,5,5,5,5,6,7,8,9,
        6,1,6,6,6,6,6,7,8,9,
        7,1,7,7,7,7,7,7,8,9,
        8,1,8,8,8,8,8,8,8,1,
        9,1,9,9,9,9,9,9,1,9]),
    function(i(_,_), [
        1,1,1,1,1,1,1,1,1,1,
        0,1,2,3,4,5,6,7,8,9,
        0,1,1,1,1,1,1,1,1,1,
        0,1,2,1,1,1,1,1,1,1,
        0,1,2,3,1,1,1,1,1,1,
        0,1,2,3,4,1,1,1,1,1,
        0,1,2,3,4,5,1,1,1,1,
        0,1,2,3,4,5,6,1,1,1,
        0,1,2,3,4,5,6,9,1,9,
        0,1,2,3,4,5,6,8,8,1])]).
interpretation( 10, [number = 18,seconds = 0], [
    function(^(_,_), [
        0,0,0,0,0,0,0,0,0,0,
        0,1,2,3,4,5,6,7,8,9,
        0,2,2,2,2,2,2,2,2,2,
        0,3,2,3,3,3,3,3,3,3,
        0,4,2,3,4,4,4,4,4,4,
        0,5,2,3,4,5,5,5,5,5,
        0,6,2,3,4,5,6,6,6,6,
        0,7,2,3,4,5,6,7,8,9,
        0,8,2,3,4,5,6,8,8,6,
        0,9,2,3,4,5,6,9,6,9]),
    function(v(_,_), [
        0,1,2,3,4,5,6,7,8,9,
        1,1,1,1,1,1,1,1,1,1,
        2,1,2,3,4,5,6,7,8,9,
        3,1,3,3,4,5,6,7,8,9,
        4,1,4,4,4,5,6,7,8,9,
        5,1,5,5,5,5,6,7,8,9,
        6,1,6,6,6,6,6,7,8,9,
        7,1,7,7,7,7,7,7,7,7,
        8,1,8,8,8,8,8,7,8,7,
        9,1,9,9,9,9,9,7,7,9]),
    function(i(_,_), [
        1,1,1,1,1,1,1,1,1,1,
        0,1,2,3,4,5,6,7,8,9,
        0,1,1,1,1,1,1,1,1,1,
        0,1,2,1,1,1,1,1,1,1,
        0,1,2,3,1,1,1,1,1,1,
        0,1,2,3,4,1,1,1,1,1,
        0,1,2,3,4,5,1,1,1,1,
        0,1,2,3,4,5,6,1,8,9,
        0,1,2,3,4,5,9,1,1,9,
        0,1,2,3,4,5,8,1,8,1])]).
interpretation( 10, [number = 29,seconds = 0], [
    function(^(_,_), [
        0,0,0,0,0,0,0,0,0,0,
        0,1,2,3,4,5,6,7,8,9,
        0,2,2,2,2,2,2,2,2,2,
        0,3,2,3,3,3,3,3,3,3,
        0,4,2,3,4,4,4,4,4,4,
        0,5,2,3,4,5,5,5,5,5,
        0,6,2,3,4,5,6,6,8,9,
        0,7,2,3,4,5,6,7,8,9,
        0,8,2,3,4,5,8,8,8,5,
        0,9,2,3,4,5,9,9,5,9]),
    function(v(_,_), [
        0,1,2,3,4,5,6,7,8,9,
        1,1,1,1,1,1,1,1,1,1,
        2,1,2,3,4,5,6,7,8,9,
        3,1,3,3,4,5,6,7,8,9,
        4,1,4,4,4,5,6,7,8,9,
        5,1,5,5,5,5,6,7,8,9,
        6,1,6,6,6,6,6,7,6,6,
        7,1,7,7,7,7,7,7,7,7,
        8,1,8,8,8,8,6,7,8,6,
        9,1,9,9,9,9,6,7,6,9]),
    function(i(_,_), [
        1,1,1,1,1,1,1,1,1,1,
        0,1,2,3,4,5,6,7,8,9,
        0,1,1,1,1,1,1,1,1,1,
        0,1,2,1,1,1,1,1,1,1,
        0,1,2,3,1,1,1,1,1,1,
        0,1,2,3,4,1,1,1,1,1,
        0,1,2,3,4,5,1,1,8,9,
        0,1,2,3,4,5,6,1,8,9,
        0,1,2,3,4,9,1,1,1,9,
        0,1,2,3,4,8,1,1,8,1])]).
interpretation( 10, [number = 40,seconds = 0], [
    function(^(_,_), [
        0,0,0,0,0,0,0,0,0,0,
        0,1,2,3,4,5,6,7,8,9,
        0,2,2,2,2,2,2,2,2,2,
        0,3,2,3,3,3,3,3,3,3,
        0,4,2,3,4,4,4,4,4,4,
        0,5,2,3,4,5,5,5,8,9,
        0,6,2,3,4,5,6,6,8,9,
        0,7,2,3,4,5,6,7,8,9,
        0,8,2,3,4,8,8,8,8,4,
        0,9,2,3,4,9,9,9,4,9]),
    function(v(_,_), [
        0,1,2,3,4,5,6,7,8,9,
        1,1,1,1,1,1,1,1,1,1,
        2,1,2,3,4,5,6,7,8,9,
        3,1,3,3,4,5,6,7,8,9,
        4,1,4,4,4,5,6,7,8,9,
        5,1,5,5,5,5,6,7,5,5,
        6,1,6,6,6,6,6,7,6,6,
        7,1,7,7,7,7,7,7,7,7,
        8,1,8,8,8,5,6,7,8,5,
        9,1,9,9,9,5,6,7,5,9]),
    function(i(_,_), [
        1,1,1,1,1,1,1,1,1,1,
        0,1,2,3,4,5,6,7,8,9,
        0,1,1,1,1,1,1,1,1,1,
        0,1,2,1,1,1,1,1,1,1,
        0,1,2,3,1,1,1,1,1,1,
        0,1,2,3,4,1,1,1,8,9,
        0,1,2,3,4,5,1,1,8,9,
        0,1,2,3,4,5,6,1,8,9,
        0,1,2,3,9,1,1,1,1,9,
        0,1,2,3,8,1,1,1,8,1])]).
interpretation( 10, [number = 51,seconds = 0], [
    function(^(_,_), [
        0,0,0,0,0,0,0,0,0,0,
        0,1,2,3,4,5,6,7,8,9,
        0,2,2,2,2,2,2,2,2,2,
        0,3,2,3,3,3,3,3,3,3,
        0,4,2,3,4,4,4,4,8,9,
        0,5,2,3,4,5,5,5,8,9,
        0,6,2,3,4,5,6,6,8,9,
        0,7,2,3,4,5,6,7,8,9,
        0,8,2,3,8,8,8,8,8,3,
        0,9,2,3,9,9,9,9,3,9]),
    function(v(_,_), [
        0,1,2,3,4,5,6,7,8,9,
        1,1,1,1,1,1,1,1,1,1,
        2,1,2,3,4,5,6,7,8,9,
        3,1,3,3,4,5,6,7,8,9,
        4,1,4,4,4,5,6,7,4,4,
        5,1,5,5,5,5,6,7,5,5,
        6,1,6,6,6,6,6,7,6,6,
        7,1,7,7,7,7,7,7,7,7,
        8,1,8,8,4,5,6,7,8,4,
        9,1,9,9,4,5,6,7,4,9]),
    function(i(_,_), [
        1,1,1,1,1,1,1,1,1,1,
        0,1,2,3,4,5,6,7,8,9,
        0,1,1,1,1,1,1,1,1,1,
        0,1,2,1,1,1,1,1,1,1,
        0,1,2,3,1,1,1,1,8,9,
        0,1,2,3,4,1,1,1,8,9,
        0,1,2,3,4,5,1,1,8,9,
        0,1,2,3,4,5,6,1,8,9,
        0,1,2,9,1,1,1,1,1,9,
        0,1,2,8,1,1,1,1,8,1])]).
interpretation( 10, [number = 62,seconds = 0], [
    function(^(_,_), [
        0,0,0,0,0,0,0,0,0,0,
        0,1,2,3,4,5,6,7,8,9,
        0,2,2,2,2,2,2,2,2,2,
        0,3,2,3,3,3,3,3,8,9,
        0,4,2,3,4,4,4,4,8,9,
        0,5,2,3,4,5,5,5,8,9,
        0,6,2,3,4,5,6,6,8,9,
        0,7,2,3,4,5,6,7,8,9,
        0,8,2,8,8,8,8,8,8,2,
        0,9,2,9,9,9,9,9,2,9]),
    function(v(_,_), [
        0,1,2,3,4,5,6,7,8,9,
        1,1,1,1,1,1,1,1,1,1,
        2,1,2,3,4,5,6,7,8,9,
        3,1,3,3,4,5,6,7,3,3,
        4,1,4,4,4,5,6,7,4,4,
        5,1,5,5,5,5,6,7,5,5,
        6,1,6,6,6,6,6,7,6,6,
        7,1,7,7,7,7,7,7,7,7,
        8,1,8,3,4,5,6,7,8,3,
        9,1,9,3,4,5,6,7,3,9]),
    function(i(_,_), [
        1,1,1,1,1,1,1,1,1,1,
        0,1,2,3,4,5,6,7,8,9,
        0,1,1,1,1,1,1,1,1,1,
        0,1,2,1,1,1,1,1,8,9,
        0,1,2,3,1,1,1,1,8,9,
        0,1,2,3,4,1,1,1,8,9,
        0,1,2,3,4,5,1,1,8,9,
        0,1,2,3,4,5,6,1,8,9,
        0,1,9,1,1,1,1,1,1,9,
        0,1,8,1,1,1,1,1,8,1])]).
interpretation( 10, [number = 73,seconds = 0], [
    function(^(_,_), [
        0,0,0,0,0,0,0,0,0,0,
        0,1,2,3,4,5,6,7,8,9,
        0,2,2,2,2,2,2,2,8,9,
        0,3,2,3,3,3,3,3,8,9,
        0,4,2,3,4,4,4,4,8,9,
        0,5,2,3,4,5,5,5,8,9,
        0,6,2,3,4,5,6,6,8,9,
        0,7,2,3,4,5,6,7,8,9,
        0,8,8,8,8,8,8,8,8,0,
        0,9,9,9,9,9,9,9,0,9]),
    function(v(_,_), [
        0,1,2,3,4,5,6,7,8,9,
        1,1,1,1,1,1,1,1,1,1,
        2,1,2,3,4,5,6,7,2,2,
        3,1,3,3,4,5,6,7,3,3,
        4,1,4,4,4,5,6,7,4,4,
        5,1,5,5,5,5,6,7,5,5,
        6,1,6,6,6,6,6,7,6,6,
        7,1,7,7,7,7,7,7,7,7,
        8,1,2,3,4,5,6,7,8,2,
        9,1,2,3,4,5,6,7,2,9]),
    function(i(_,_), [
        1,1,1,1,1,1,1,1,1,1,
        0,1,2,3,4,5,6,7,8,9,
        0,1,1,1,1,1,1,1,8,9,
        0,1,2,1,1,1,1,1,8,9,
        0,1,2,3,1,1,1,1,8,9,
        0,1,2,3,4,1,1,1,8,9,
        0,1,2,3,4,5,1,1,8,9,
        0,1,2,3,4,5,6,1,8,9,
        9,1,1,1,1,1,1,1,1,9,
        8,1,1,1,1,1,1,1,8,1])]).
interpretation( 10, [number = 163,seconds = 0], [
    function(^(_,_), [
        0,0,0,0,0,0,0,0,0,0,
        0,1,2,3,4,5,6,7,8,9,
        0,2,2,2,2,2,2,2,2,2,
        0,3,2,3,3,3,3,3,3,3,
        0,4,2,3,4,4,4,4,4,4,
        0,5,2,3,4,5,5,5,5,5,
        0,6,2,3,4,5,6,7,9,9,
        0,7,2,3,4,5,7,7,5,5,
        0,8,2,3,4,5,9,5,8,9,
        0,9,2,3,4,5,9,5,9,9]),
    function(v(_,_), [
        0,1,2,3,4,5,6,7,8,9,
        1,1,1,1,1,1,1,1,1,1,
        2,1,2,3,4,5,6,7,8,9,
        3,1,3,3,4,5,6,7,8,9,
        4,1,4,4,4,5,6,7,8,9,
        5,1,5,5,5,5,6,7,8,9,
        6,1,6,6,6,6,6,6,1,6,
        7,1,7,7,7,7,6,7,1,6,
        8,1,8,8,8,8,1,1,8,8,
        9,1,9,9,9,9,6,6,8,9]),
    function(i(_,_), [
        1,1,1,1,1,1,1,1,1,1,
        0,1,2,3,4,5,6,7,8,9,
        0,1,1,1,1,1,1,1,1,1,
        0,1,2,1,1,1,1,1,1,1,
        0,1,2,3,1,1,1,1,1,1,
        0,1,2,3,4,1,1,1,1,1,
        0,1,2,3,4,5,1,7,8,8,
        0,1,2,3,4,8,1,1,8,8,
        0,1,2,3,4,7,6,7,1,6,
        0,1,2,3,4,7,1,7,1,1])]).
interpretation( 10, [number = 259,seconds = 0], [
    function(^(_,_), [
        0,0,0,0,0,0,0,0,0,0,
        0,1,2,3,4,5,6,7,8,9,
        0,2,2,2,2,2,2,2,2,2,
        0,3,2,3,3,3,3,3,3,3,
        0,4,2,3,4,4,4,4,4,4,
        0,5,2,3,4,5,5,7,9,9,
        0,6,2,3,4,5,6,7,8,9,
        0,7,2,3,4,7,7,7,4,4,
        0,8,2,3,4,9,8,4,8,9,
        0,9,2,3,4,9,9,4,9,9]),
    function(v(_,_), [
        0,1,2,3,4,5,6,7,8,9,
        1,1,1,1,1,1,1,1,1,1,
        2,1,2,3,4,5,6,7,8,9,
        3,1,3,3,4,5,6,7,8,9,
        4,1,4,4,4,5,6,7,8,9,
        5,1,5,5,5,5,6,5,6,5,
        6,1,6,6,6,6,6,6,6,6,
        7,1,7,7,7,5,6,7,6,5,
        8,1,8,8,8,6,6,6,8,8,
        9,1,9,9,9,5,6,5,8,9]),
    function(i(_,_), [
        1,1,1,1,1,1,1,1,1,1,
        0,1,2,3,4,5,6,7,8,9,
        0,1,1,1,1,1,1,1,1,1,
        0,1,2,1,1,1,1,1,1,1,
        0,1,2,3,1,1,1,1,1,1,
        0,1,2,3,4,1,1,7,8,8,
        0,1,2,3,4,5,1,7,8,9,
        0,1,2,3,8,1,1,1,8,8,
        0,1,2,3,7,5,1,7,1,5,
        0,1,2,3,7,1,1,7,1,1])]).
interpretation( 10, [number = 358,seconds = 0], [
    function(^(_,_), [
        0,0,0,0,0,0,0,0,0,0,
        0,1,2,3,4,5,6,7,8,9,
        0,2,2,2,2,2,2,2,2,2,
        0,3,2,3,3,3,3,3,3,3,
        0,4,2,3,4,4,4,7,9,9,
        0,5,2,3,4,5,5,7,8,9,
        0,6,2,3,4,5,6,7,8,9,
        0,7,2,3,7,7,7,7,3,3,
        0,8,2,3,9,8,8,3,8,9,
        0,9,2,3,9,9,9,3,9,9]),
    function(v(_,_), [
        0,1,2,3,4,5,6,7,8,9,
        1,1,1,1,1,1,1,1,1,1,
        2,1,2,3,4,5,6,7,8,9,
        3,1,3,3,4,5,6,7,8,9,
        4,1,4,4,4,5,6,4,5,4,
        5,1,5,5,5,5,6,5,5,5,
        6,1,6,6,6,6,6,6,6,6,
        7,1,7,7,4,5,6,7,5,4,
        8,1,8,8,5,5,6,5,8,8,
        9,1,9,9,4,5,6,4,8,9]),
    function(i(_,_), [
        1,1,1,1,1,1,1,1,1,1,
        0,1,2,3,4,5,6,7,8,9,
        0,1,1,1,1,1,1,1,1,1,
        0,1,2,1,1,1,1,1,1,1,
        0,1,2,3,1,1,1,7,8,8,
        0,1,2,3,4,1,1,7,8,9,
        0,1,2,3,4,5,1,7,8,9,
        0,1,2,8,1,1,1,1,8,8,
        0,1,2,7,4,1,1,7,1,4,
        0,1,2,7,1,1,1,7,1,1])]).
interpretation( 10, [number = 457,seconds = 0], [
    function(^(_,_), [
        0,0,0,0,0,0,0,0,0,0,
        0,1,2,3,4,5,6,7,8,9,
        0,2,2,2,2,2,2,2,2,2,
        0,3,2,3,3,3,3,7,9,9,
        0,4,2,3,4,4,4,7,8,9,
        0,5,2,3,4,5,5,7,8,9,
        0,6,2,3,4,5,6,7,8,9,
        0,7,2,7,7,7,7,7,2,2,
        0,8,2,9,8,8,8,2,8,9,
        0,9,2,9,9,9,9,2,9,9]),
    function(v(_,_), [
        0,1,2,3,4,5,6,7,8,9,
        1,1,1,1,1,1,1,1,1,1,
        2,1,2,3,4,5,6,7,8,9,
        3,1,3,3,4,5,6,3,4,3,
        4,1,4,4,4,5,6,4,4,4,
        5,1,5,5,5,5,6,5,5,5,
        6,1,6,6,6,6,6,6,6,6,
        7,1,7,3,4,5,6,7,4,3,
        8,1,8,4,4,5,6,4,8,8,
        9,1,9,3,4,5,6,3,8,9]),
    function(i(_,_), [
        1,1,1,1,1,1,1,1,1,1,
        0,1,2,3,4,5,6,7,8,9,
        0,1,1,1,1,1,1,1,1,1,
        0,1,2,1,1,1,1,7,8,8,
        0,1,2,3,1,1,1,7,8,9,
        0,1,2,3,4,1,1,7,8,9,
        0,1,2,3,4,5,1,7,8,9,
        0,1,8,1,1,1,1,1,8,8,
        0,1,7,3,1,1,1,7,1,3,
        0,1,7,1,1,1,1,7,1,1])]).
interpretation( 10, [number = 556,seconds = 0], [
    function(^(_,_), [
        0,0,0,0,0,0,0,0,0,0,
        0,1,2,3,4,5,6,7,8,9,
        0,2,2,2,2,2,2,7,9,9,
        0,3,2,3,3,3,3,7,8,9,
        0,4,2,3,4,4,4,7,8,9,
        0,5,2,3,4,5,5,7,8,9,
        0,6,2,3,4,5,6,7,8,9,
        0,7,7,7,7,7,7,7,0,0,
        0,8,9,8,8,8,8,0,8,9,
        0,9,9,9,9,9,9,0,9,9]),
    function(v(_,_), [
        0,1,2,3,4,5,6,7,8,9,
        1,1,1,1,1,1,1,1,1,1,
        2,1,2,3,4,5,6,2,3,2,
        3,1,3,3,4,5,6,3,3,3,
        4,1,4,4,4,5,6,4,4,4,
        5,1,5,5,5,5,6,5,5,5,
        6,1,6,6,6,6,6,6,6,6,
        7,1,2,3,4,5,6,7,3,2,
        8,1,3,3,4,5,6,3,8,8,
        9,1,2,3,4,5,6,2,8,9]),
    function(i(_,_), [
        1,1,1,1,1,1,1,1,1,1,
        0,1,2,3,4,5,6,7,8,9,
        0,1,1,1,1,1,1,7,8,8,
        0,1,2,1,1,1,1,7,8,9,
        0,1,2,3,1,1,1,7,8,9,
        0,1,2,3,4,1,1,7,8,9,
        0,1,2,3,4,5,1,7,8,9,
        8,1,1,1,1,1,1,1,8,8,
        7,1,2,1,1,1,1,7,1,2,
        7,1,1,1,1,1,1,7,1,1])]).
interpretation( 10, [number = 583,seconds = 0], [
    function(^(_,_), [
        0,0,0,0,0,0,0,0,0,0,
        0,1,2,3,4,5,6,7,8,9,
        0,2,2,2,2,2,2,2,2,2,
        0,3,2,3,3,3,3,3,3,3,
        0,4,2,3,4,4,4,4,4,4,
        0,5,2,3,4,5,5,5,8,9,
        0,6,2,3,4,5,6,5,8,9,
        0,7,2,3,4,5,5,7,8,9,
        0,8,2,3,4,8,8,8,8,4,
        0,9,2,3,4,9,9,9,4,9]),
    function(v(_,_), [
        0,1,2,3,4,5,6,7,8,9,
        1,1,1,1,1,1,1,1,1,1,
        2,1,2,3,4,5,6,7,8,9,
        3,1,3,3,4,5,6,7,8,9,
        4,1,4,4,4,5,6,7,8,9,
        5,1,5,5,5,5,6,7,5,5,
        6,1,6,6,6,6,6,1,6,6,
        7,1,7,7,7,7,1,7,7,7,
        8,1,8,8,8,5,6,7,8,5,
        9,1,9,9,9,5,6,7,5,9]),
    function(i(_,_), [
        1,1,1,1,1,1,1,1,1,1,
        0,1,2,3,4,5,6,7,8,9,
        0,1,1,1,1,1,1,1,1,1,
        0,1,2,1,1,1,1,1,1,1,
        0,1,2,3,1,1,1,1,1,1,
        0,1,2,3,4,1,1,1,8,9,
        0,1,2,3,4,7,1,7,8,9,
        0,1,2,3,4,6,6,1,8,9,
        0,1,2,3,9,1,1,1,1,9,
        0,1,2,3,8,1,1,1,8,1])]).
interpretation( 10, [number = 593,seconds = 0], [
    function(^(_,_), [
        0,0,0,0,0,0,0,0,0,0,
        0,1,2,3,4,5,6,7,8,9,
        0,2,2,2,2,2,2,2,2,2,
        0,3,2,3,3,3,3,3,3,3,
        0,4,2,3,4,4,4,4,8,9,
        0,5,2,3,4,5,5,5,8,9,
        0,6,2,3,4,5,6,5,8,9,
        0,7,2,3,4,5,5,7,8,9,
        0,8,2,3,8,8,8,8,8,3,
        0,9,2,3,9,9,9,9,3,9]),
    function(v(_,_), [
        0,1,2,3,4,5,6,7,8,9,
        1,1,1,1,1,1,1,1,1,1,
        2,1,2,3,4,5,6,7,8,9,
        3,1,3,3,4,5,6,7,8,9,
        4,1,4,4,4,5,6,7,4,4,
        5,1,5,5,5,5,6,7,5,5,
        6,1,6,6,6,6,6,1,6,6,
        7,1,7,7,7,7,1,7,7,7,
        8,1,8,8,4,5,6,7,8,4,
        9,1,9,9,4,5,6,7,4,9]),
    function(i(_,_), [
        1,1,1,1,1,1,1,1,1,1,
        0,1,2,3,4,5,6,7,8,9,
        0,1,1,1,1,1,1,1,1,1,
        0,1,2,1,1,1,1,1,1,1,
        0,1,2,3,1,1,1,1,8,9,
        0,1,2,3,4,1,1,1,8,9,
        0,1,2,3,4,7,1,7,8,9,
        0,1,2,3,4,6,6,1,8,9,
        0,1,2,9,1,1,1,1,1,9,
        0,1,2,8,1,1,1,1,8,1])]).
interpretation( 10, [number = 601,seconds = 0], [
    function(^(_,_), [
        0,0,0,0,0,0,0,0,0,0,
        0,1,2,3,4,5,6,7,8,9,
        0,2,2,2,2,2,2,2,2,2,
        0,3,2,3,3,3,3,3,8,9,
        0,4,2,3,4,4,4,4,8,9,
        0,5,2,3,4,5,5,5,8,9,
        0,6,2,3,4,5,6,5,8,9,
        0,7,2,3,4,5,5,7,8,9,
        0,8,2,8,8,8,8,8,8,2,
        0,9,2,9,9,9,9,9,2,9]),
    function(v(_,_), [
        0,1,2,3,4,5,6,7,8,9,
        1,1,1,1,1,1,1,1,1,1,
        2,1,2,3,4,5,6,7,8,9,
        3,1,3,3,4,5,6,7,3,3,
        4,1,4,4,4,5,6,7,4,4,
        5,1,5,5,5,5,6,7,5,5,
        6,1,6,6,6,6,6,1,6,6,
        7,1,7,7,7,7,1,7,7,7,
        8,1,8,3,4,5,6,7,8,3,
        9,1,9,3,4,5,6,7,3,9]),
    function(i(_,_), [
        1,1,1,1,1,1,1,1,1,1,
        0,1,2,3,4,5,6,7,8,9,
        0,1,1,1,1,1,1,1,1,1,
        0,1,2,1,1,1,1,1,8,9,
        0,1,2,3,1,1,1,1,8,9,
        0,1,2,3,4,1,1,1,8,9,
        0,1,2,3,4,7,1,7,8,9,
        0,1,2,3,4,6,6,1,8,9,
        0,1,9,1,1,1,1,1,1,9,
        0,1,8,1,1,1,1,1,8,1])]).
interpretation( 10, [number = 609,seconds = 0], [
    function(^(_,_), [
        0,0,0,0,0,0,0,0,0,0,
        0,1,2,3,4,5,6,7,8,9,
        0,2,2,2,2,2,2,2,8,9,
        0,3,2,3,3,3,3,3,8,9,
        0,4,2,3,4,4,4,4,8,9,
        0,5,2,3,4,5,5,5,8,9,
        0,6,2,3,4,5,6,5,8,9,
        0,7,2,3,4,5,5,7,8,9,
        0,8,8,8,8,8,8,8,8,0,
        0,9,9,9,9,9,9,9,0,9]),
    function(v(_,_), [
        0,1,2,3,4,5,6,7,8,9,
        1,1,1,1,1,1,1,1,1,1,
        2,1,2,3,4,5,6,7,2,2,
        3,1,3,3,4,5,6,7,3,3,
        4,1,4,4,4,5,6,7,4,4,
        5,1,5,5,5,5,6,7,5,5,
        6,1,6,6,6,6,6,1,6,6,
        7,1,7,7,7,7,1,7,7,7,
        8,1,2,3,4,5,6,7,8,2,
        9,1,2,3,4,5,6,7,2,9]),
    function(i(_,_), [
        1,1,1,1,1,1,1,1,1,1,
        0,1,2,3,4,5,6,7,8,9,
        0,1,1,1,1,1,1,1,8,9,
        0,1,2,1,1,1,1,1,8,9,
        0,1,2,3,1,1,1,1,8,9,
        0,1,2,3,4,1,1,1,8,9,
        0,1,2,3,4,7,1,7,8,9,
        0,1,2,3,4,6,6,1,8,9,
        9,1,1,1,1,1,1,1,1,9,
        8,1,1,1,1,1,1,1,8,1])]).
interpretation( 10, [number = 1206,seconds = 0], [
    function(^(_,_), [
        0,0,0,0,0,0,0,0,0,0,
        0,1,2,3,4,5,6,7,8,9,
        0,2,2,2,2,2,2,2,2,2,
        0,3,2,3,3,3,3,3,3,3,
        0,4,2,3,4,4,4,4,8,9,
        0,5,2,3,4,5,6,7,8,9,
        0,6,2,3,4,6,6,4,8,9,
        0,7,2,3,4,7,4,7,8,9,
        0,8,2,3,8,8,8,8,8,3,
        0,9,2,3,9,9,9,9,3,9]),
    function(v(_,_), [
        0,1,2,3,4,5,6,7,8,9,
        1,1,1,1,1,1,1,1,1,1,
        2,1,2,3,4,5,6,7,8,9,
        3,1,3,3,4,5,6,7,8,9,
        4,1,4,4,4,5,6,7,4,4,
        5,1,5,5,5,5,5,5,5,5,
        6,1,6,6,6,5,6,5,6,6,
        7,1,7,7,7,5,5,7,7,7,
        8,1,8,8,4,5,6,7,8,4,
        9,1,9,9,4,5,6,7,4,9]),
    function(i(_,_), [
        1,1,1,1,1,1,1,1,1,1,
        0,1,2,3,4,5,6,7,8,9,
        0,1,1,1,1,1,1,1,1,1,
        0,1,2,1,1,1,1,1,1,1,
        0,1,2,3,1,1,1,1,8,9,
        0,1,2,3,4,1,6,7,8,9,
        0,1,2,3,7,1,1,7,8,9,
        0,1,2,3,6,1,6,1,8,9,
        0,1,2,9,1,1,1,1,1,9,
        0,1,2,8,1,1,1,1,8,1])]).
interpretation( 10, [number = 1216,seconds = 0], [
    function(^(_,_), [
        0,0,0,0,0,0,0,0,0,0,
        0,1,2,3,4,5,6,7,8,9,
        0,2,2,2,2,2,2,2,2,2,
        0,3,2,3,3,3,3,3,8,9,
        0,4,2,3,4,4,4,4,8,9,
        0,5,2,3,4,5,6,7,8,9,
        0,6,2,3,4,6,6,4,8,9,
        0,7,2,3,4,7,4,7,8,9,
        0,8,2,8,8,8,8,8,8,2,
        0,9,2,9,9,9,9,9,2,9]),
    function(v(_,_), [
        0,1,2,3,4,5,6,7,8,9,
        1,1,1,1,1,1,1,1,1,1,
        2,1,2,3,4,5,6,7,8,9,
        3,1,3,3,4,5,6,7,3,3,
        4,1,4,4,4,5,6,7,4,4,
        5,1,5,5,5,5,5,5,5,5,
        6,1,6,6,6,5,6,5,6,6,
        7,1,7,7,7,5,5,7,7,7,
        8,1,8,3,4,5,6,7,8,3,
        9,1,9,3,4,5,6,7,3,9]),
    function(i(_,_), [
        1,1,1,1,1,1,1,1,1,1,
        0,1,2,3,4,5,6,7,8,9,
        0,1,1,1,1,1,1,1,1,1,
        0,1,2,1,1,1,1,1,8,9,
        0,1,2,3,1,1,1,1,8,9,
        0,1,2,3,4,1,6,7,8,9,
        0,1,2,3,7,1,1,7,8,9,
        0,1,2,3,6,1,6,1,8,9,
        0,1,9,1,1,1,1,1,1,9,
        0,1,8,1,1,1,1,1,8,1])]).
interpretation( 10, [number = 1224,seconds = 0], [
    function(^(_,_), [
        0,0,0,0,0,0,0,0,0,0,
        0,1,2,3,4,5,6,7,8,9,
        0,2,2,2,2,2,2,2,8,9,
        0,3,2,3,3,3,3,3,8,9,
        0,4,2,3,4,4,4,4,8,9,
        0,5,2,3,4,5,6,7,8,9,
        0,6,2,3,4,6,6,4,8,9,
        0,7,2,3,4,7,4,7,8,9,
        0,8,8,8,8,8,8,8,8,0,
        0,9,9,9,9,9,9,9,0,9]),
    function(v(_,_), [
        0,1,2,3,4,5,6,7,8,9,
        1,1,1,1,1,1,1,1,1,1,
        2,1,2,3,4,5,6,7,2,2,
        3,1,3,3,4,5,6,7,3,3,
        4,1,4,4,4,5,6,7,4,4,
        5,1,5,5,5,5,5,5,5,5,
        6,1,6,6,6,5,6,5,6,6,
        7,1,7,7,7,5,5,7,7,7,
        8,1,2,3,4,5,6,7,8,2,
        9,1,2,3,4,5,6,7,2,9]),
    function(i(_,_), [
        1,1,1,1,1,1,1,1,1,1,
        0,1,2,3,4,5,6,7,8,9,
        0,1,1,1,1,1,1,1,8,9,
        0,1,2,1,1,1,1,1,8,9,
        0,1,2,3,1,1,1,1,8,9,
        0,1,2,3,4,1,6,7,8,9,
        0,1,2,3,7,1,1,7,8,9,
        0,1,2,3,6,1,6,1,8,9,
        9,1,1,1,1,1,1,1,1,9,
        8,1,1,1,1,1,1,1,8,1])]).
interpretation( 10, [number = 1931,seconds = 0], [
    function(^(_,_), [
        0,0,0,0,0,0,0,0,0,0,
        0,1,2,3,4,5,6,7,8,9,
        0,2,2,2,2,2,2,2,2,2,
        0,3,2,3,3,3,3,3,8,9,
        0,4,2,3,4,4,6,7,8,9,
        0,5,2,3,4,5,6,7,8,9,
        0,6,2,3,6,6,6,3,8,9,
        0,7,2,3,7,7,3,7,8,9,
        0,8,2,8,8,8,8,8,8,2,
        0,9,2,9,9,9,9,9,2,9]),
    function(v(_,_), [
        0,1,2,3,4,5,6,7,8,9,
        1,1,1,1,1,1,1,1,1,1,
        2,1,2,3,4,5,6,7,8,9,
        3,1,3,3,4,5,6,7,3,3,
        4,1,4,4,4,5,4,4,4,4,
        5,1,5,5,5,5,5,5,5,5,
        6,1,6,6,4,5,6,4,6,6,
        7,1,7,7,4,5,4,7,7,7,
        8,1,8,3,4,5,6,7,8,3,
        9,1,9,3,4,5,6,7,3,9]),
    function(i(_,_), [
        1,1,1,1,1,1,1,1,1,1,
        0,1,2,3,4,5,6,7,8,9,
        0,1,1,1,1,1,1,1,1,1,
        0,1,2,1,1,1,1,1,8,9,
        0,1,2,3,1,1,6,7,8,9,
        0,1,2,3,4,1,6,7,8,9,
        0,1,2,7,1,1,1,7,8,9,
        0,1,2,6,1,1,6,1,8,9,
        0,1,9,1,1,1,1,1,1,9,
        0,1,8,1,1,1,1,1,8,1])]).
interpretation( 10, [number = 1941,seconds = 0], [
    function(^(_,_), [
        0,0,0,0,0,0,0,0,0,0,
        0,1,2,3,4,5,6,7,8,9,
        0,2,2,2,2,2,2,2,8,9,
        0,3,2,3,3,3,3,3,8,9,
        0,4,2,3,4,4,6,7,8,9,
        0,5,2,3,4,5,6,7,8,9,
        0,6,2,3,6,6,6,3,8,9,
        0,7,2,3,7,7,3,7,8,9,
        0,8,8,8,8,8,8,8,8,0,
        0,9,9,9,9,9,9,9,0,9]),
    function(v(_,_), [
        0,1,2,3,4,5,6,7,8,9,
        1,1,1,1,1,1,1,1,1,1,
        2,1,2,3,4,5,6,7,2,2,
        3,1,3,3,4,5,6,7,3,3,
        4,1,4,4,4,5,4,4,4,4,
        5,1,5,5,5,5,5,5,5,5,
        6,1,6,6,4,5,6,4,6,6,
        7,1,7,7,4,5,4,7,7,7,
        8,1,2,3,4,5,6,7,8,2,
        9,1,2,3,4,5,6,7,2,9]),
    function(i(_,_), [
        1,1,1,1,1,1,1,1,1,1,
        0,1,2,3,4,5,6,7,8,9,
        0,1,1,1,1,1,1,1,8,9,
        0,1,2,1,1,1,1,1,8,9,
        0,1,2,3,1,1,6,7,8,9,
        0,1,2,3,4,1,6,7,8,9,
        0,1,2,7,1,1,1,7,8,9,
        0,1,2,6,1,1,6,1,8,9,
        9,1,1,1,1,1,1,1,1,9,
        8,1,1,1,1,1,1,1,8,1])]).
interpretation( 10, [number = 1955,seconds = 0], [
    function(^(_,_), [
        0,0,0,0,0,0,0,0,0,0,
        0,1,2,3,4,5,6,7,8,9,
        0,2,2,2,2,2,2,2,2,2,
        0,3,2,3,3,3,3,3,3,3,
        0,4,2,3,4,4,6,8,8,8,
        0,5,2,3,4,5,6,9,8,9,
        0,6,2,3,6,6,6,3,3,3,
        0,7,2,3,8,9,3,7,8,9,
        0,8,2,3,8,8,3,8,8,8,
        0,9,2,3,8,9,3,9,8,9]),
    function(v(_,_), [
        0,1,2,3,4,5,6,7,8,9,
        1,1,1,1,1,1,1,1,1,1,
        2,1,2,3,4,5,6,7,8,9,
        3,1,3,3,4,5,6,7,8,9,
        4,1,4,4,4,5,4,1,4,5,
        5,1,5,5,5,5,5,1,5,5,
        6,1,6,6,4,5,6,1,4,5,
        7,1,7,7,1,1,1,7,7,7,
        8,1,8,8,4,5,4,7,8,9,
        9,1,9,9,5,5,5,7,9,9]),
    function(i(_,_), [
        1,1,1,1,1,1,1,1,1,1,
        0,1,2,3,4,5,6,7,8,9,
        0,1,1,1,1,1,1,1,1,1,
        0,1,2,1,1,1,1,1,1,1,
        0,1,2,3,1,1,6,7,7,7,
        0,1,2,3,4,1,6,7,8,7,
        0,1,2,7,1,1,1,7,7,7,
        0,1,2,6,4,5,6,1,4,5,
        0,1,2,6,1,1,6,1,1,1,
        0,1,2,6,4,1,6,1,4,1])]).
interpretation( 10, [number = 2670,seconds = 1], [
    function(^(_,_), [
        0,0,0,0,0,0,0,0,0,0,
        0,1,2,3,4,5,6,7,8,9,
        0,2,2,2,2,2,2,2,8,9,
        0,3,2,3,3,3,6,7,8,9,
        0,4,2,3,4,4,6,7,8,9,
        0,5,2,3,4,5,6,7,8,9,
        0,6,2,6,6,6,6,2,8,9,
        0,7,2,7,7,7,2,7,8,9,
        0,8,8,8,8,8,8,8,8,0,
        0,9,9,9,9,9,9,9,0,9]),
    function(v(_,_), [
        0,1,2,3,4,5,6,7,8,9,
        1,1,1,1,1,1,1,1,1,1,
        2,1,2,3,4,5,6,7,2,2,
        3,1,3,3,4,5,3,3,3,3,
        4,1,4,4,4,5,4,4,4,4,
        5,1,5,5,5,5,5,5,5,5,
        6,1,6,3,4,5,6,3,6,6,
        7,1,7,3,4,5,3,7,7,7,
        8,1,2,3,4,5,6,7,8,2,
        9,1,2,3,4,5,6,7,2,9]),
    function(i(_,_), [
        1,1,1,1,1,1,1,1,1,1,
        0,1,2,3,4,5,6,7,8,9,
        0,1,1,1,1,1,1,1,8,9,
        0,1,2,1,1,1,6,7,8,9,
        0,1,2,3,1,1,6,7,8,9,
        0,1,2,3,4,1,6,7,8,9,
        0,1,7,1,1,1,1,7,8,9,
        0,1,6,1,1,1,6,1,8,9,
        9,1,1,1,1,1,1,1,1,9,
        8,1,1,1,1,1,1,1,8,1])]).
interpretation( 10, [number = 2686,seconds = 1], [
    function(^(_,_), [
        0,0,0,0,0,0,0,0,0,0,
        0,1,2,3,4,5,6,7,8,9,
        0,2,2,2,2,2,2,2,2,2,
        0,3,2,3,3,3,6,8,8,8,
        0,4,2,3,4,4,6,9,8,9,
        0,5,2,3,4,5,6,7,8,9,
        0,6,2,6,6,6,6,2,2,2,
        0,7,2,8,9,7,2,7,8,9,
        0,8,2,8,8,8,2,8,8,8,
        0,9,2,8,9,9,2,9,8,9]),
    function(v(_,_), [
        0,1,2,3,4,5,6,7,8,9,
        1,1,1,1,1,1,1,1,1,1,
        2,1,2,3,4,5,6,7,8,9,
        3,1,3,3,4,5,3,5,3,4,
        4,1,4,4,4,5,4,5,4,4,
        5,1,5,5,5,5,5,5,5,5,
        6,1,6,3,4,5,6,5,3,4,
        7,1,7,5,5,5,5,7,7,7,
        8,1,8,3,4,5,3,7,8,9,
        9,1,9,4,4,5,4,7,9,9]),
    function(i(_,_), [
        1,1,1,1,1,1,1,1,1,1,
        0,1,2,3,4,5,6,7,8,9,
        0,1,1,1,1,1,1,1,1,1,
        0,1,2,1,1,1,6,7,7,7,
        0,1,2,3,1,1,6,7,8,7,
        0,1,2,3,4,1,6,7,8,9,
        0,1,7,1,1,1,1,7,7,7,
        0,1,6,3,4,1,6,1,3,4,
        0,1,6,1,1,1,6,1,1,1,
        0,1,6,3,1,1,6,1,3,1])]).
interpretation( 10, [number = 3419,seconds = 1], [
    function(^(_,_), [
        0,0,0,0,0,0,0,0,0,0,
        0,1,2,3,4,5,6,7,8,9,
        0,2,2,2,2,2,6,8,8,8,
        0,3,2,3,3,3,6,9,8,9,
        0,4,2,3,4,4,6,7,8,9,
        0,5,2,3,4,5,6,7,8,9,
        0,6,6,6,6,6,6,0,0,0,
        0,7,8,9,7,7,0,7,8,9,
        0,8,8,8,8,8,0,8,8,8,
        0,9,8,9,9,9,0,9,8,9]),
    function(v(_,_), [
        0,1,2,3,4,5,6,7,8,9,
        1,1,1,1,1,1,1,1,1,1,
        2,1,2,3,4,5,2,4,2,3,
        3,1,3,3,4,5,3,4,3,3,
        4,1,4,4,4,5,4,4,4,4,
        5,1,5,5,5,5,5,5,5,5,
        6,1,2,3,4,5,6,4,2,3,
        7,1,4,4,4,5,4,7,7,7,
        8,1,2,3,4,5,2,7,8,9,
        9,1,3,3,4,5,3,7,9,9]),
    function(i(_,_), [
        1,1,1,1,1,1,1,1,1,1,
        0,1,2,3,4,5,6,7,8,9,
        0,1,1,1,1,1,6,7,7,7,
        0,1,2,1,1,1,6,7,8,7,
        0,1,2,3,1,1,6,7,8,9,
        0,1,2,3,4,1,6,7,8,9,
        7,1,1,1,1,1,1,7,7,7,
        6,1,2,3,1,1,6,1,2,3,
        6,1,1,1,1,1,6,1,1,1,
        6,1,2,1,1,1,6,1,2,1])]).
interpretation( 10, [number = 3587,seconds = 1], [
    function(^(_,_), [
        0,0,0,0,0,0,0,0,0,0,
        0,1,2,3,4,5,6,7,8,9,
        0,2,2,2,2,2,2,2,2,2,
        0,3,2,3,3,3,3,3,3,3,
        0,4,2,3,4,4,4,7,9,9,
        0,5,2,3,4,5,4,7,8,9,
        0,6,2,3,4,4,6,7,9,9,
        0,7,2,3,7,7,7,7,3,3,
        0,8,2,3,9,8,9,3,8,9,
        0,9,2,3,9,9,9,3,9,9]),
    function(v(_,_), [
        0,1,2,3,4,5,6,7,8,9,
        1,1,1,1,1,1,1,1,1,1,
        2,1,2,3,4,5,6,7,8,9,
        3,1,3,3,4,5,6,7,8,9,
        4,1,4,4,4,5,6,4,5,4,
        5,1,5,5,5,5,1,5,5,5,
        6,1,6,6,6,1,6,6,1,6,
        7,1,7,7,4,5,6,7,5,4,
        8,1,8,8,5,5,1,5,8,8,
        9,1,9,9,4,5,6,4,8,9]),
    function(i(_,_), [
        1,1,1,1,1,1,1,1,1,1,
        0,1,2,3,4,5,6,7,8,9,
        0,1,1,1,1,1,1,1,1,1,
        0,1,2,1,1,1,1,1,1,1,
        0,1,2,3,1,1,1,7,8,8,
        0,1,2,3,6,1,6,7,8,9,
        0,1,2,3,5,5,1,7,8,8,
        0,1,2,8,1,1,1,1,8,8,
        0,1,2,7,6,1,6,7,1,6,
        0,1,2,7,1,1,1,7,1,1])]).
interpretation( 10, [number = 3646,seconds = 1], [
    function(^(_,_), [
        0,0,0,0,0,0,0,0,0,0,
        0,1,2,3,4,5,6,7,8,9,
        0,2,2,2,2,2,2,2,2,2,
        0,3,2,3,3,3,3,7,9,9,
        0,4,2,3,4,4,4,7,8,9,
        0,5,2,3,4,5,4,7,8,9,
        0,6,2,3,4,4,6,7,8,9,
        0,7,2,7,7,7,7,7,2,2,
        0,8,2,9,8,8,8,2,8,9,
        0,9,2,9,9,9,9,2,9,9]),
    function(v(_,_), [
        0,1,2,3,4,5,6,7,8,9,
        1,1,1,1,1,1,1,1,1,1,
        2,1,2,3,4,5,6,7,8,9,
        3,1,3,3,4,5,6,3,4,3,
        4,1,4,4,4,5,6,4,4,4,
        5,1,5,5,5,5,1,5,5,5,
        6,1,6,6,6,1,6,6,6,6,
        7,1,7,3,4,5,6,7,4,3,
        8,1,8,4,4,5,6,4,8,8,
        9,1,9,3,4,5,6,3,8,9]),
    function(i(_,_), [
        1,1,1,1,1,1,1,1,1,1,
        0,1,2,3,4,5,6,7,8,9,
        0,1,1,1,1,1,1,1,1,1,
        0,1,2,1,1,1,1,7,8,8,
        0,1,2,3,1,1,1,7,8,9,
        0,1,2,3,6,1,6,7,8,9,
        0,1,2,3,5,5,1,7,8,9,
        0,1,8,1,1,1,1,1,8,8,
        0,1,7,3,1,1,1,7,1,3,
        0,1,7,1,1,1,1,7,1,1])]).
interpretation( 10, [number = 3702,seconds = 2], [
    function(^(_,_), [
        0,0,0,0,0,0,0,0,0,0,
        0,1,2,3,4,5,6,7,8,9,
        0,2,2,2,2,2,2,7,9,9,
        0,3,2,3,3,3,3,7,8,9,
        0,4,2,3,4,4,4,7,8,9,
        0,5,2,3,4,5,4,7,8,9,
        0,6,2,3,4,4,6,7,8,9,
        0,7,7,7,7,7,7,7,0,0,
        0,8,9,8,8,8,8,0,8,9,
        0,9,9,9,9,9,9,0,9,9]),
    function(v(_,_), [
        0,1,2,3,4,5,6,7,8,9,
        1,1,1,1,1,1,1,1,1,1,
        2,1,2,3,4,5,6,2,3,2,
        3,1,3,3,4,5,6,3,3,3,
        4,1,4,4,4,5,6,4,4,4,
        5,1,5,5,5,5,1,5,5,5,
        6,1,6,6,6,1,6,6,6,6,
        7,1,2,3,4,5,6,7,3,2,
        8,1,3,3,4,5,6,3,8,8,
        9,1,2,3,4,5,6,2,8,9]),
    function(i(_,_), [
        1,1,1,1,1,1,1,1,1,1,
        0,1,2,3,4,5,6,7,8,9,
        0,1,1,1,1,1,1,7,8,8,
        0,1,2,1,1,1,1,7,8,9,
        0,1,2,3,1,1,1,7,8,9,
        0,1,2,3,6,1,6,7,8,9,
        0,1,2,3,5,5,1,7,8,9,
        8,1,1,1,1,1,1,1,8,8,
        7,1,2,1,1,1,1,7,1,2,
        7,1,1,1,1,1,1,7,1,1])]).
interpretation( 10, [number = 7383,seconds = 4], [
    function(^(_,_), [
        0,0,0,0,0,0,0,0,0,0,
        0,1,2,3,4,5,6,7,8,9,
        0,2,2,2,2,2,2,2,2,2,
        0,3,2,3,3,3,3,7,9,9,
        0,4,2,3,4,5,6,7,8,9,
        0,5,2,3,5,5,3,7,8,9,
        0,6,2,3,6,3,6,7,9,9,
        0,7,2,7,7,7,7,7,2,2,
        0,8,2,9,8,8,9,2,8,9,
        0,9,2,9,9,9,9,2,9,9]),
    function(v(_,_), [
        0,1,2,3,4,5,6,7,8,9,
        1,1,1,1,1,1,1,1,1,1,
        2,1,2,3,4,5,6,7,8,9,
        3,1,3,3,4,5,6,3,5,3,
        4,1,4,4,4,4,4,4,4,4,
        5,1,5,5,4,5,4,5,5,5,
        6,1,6,6,4,4,6,6,4,6,
        7,1,7,3,4,5,6,7,5,3,
        8,1,8,5,4,5,4,5,8,8,
        9,1,9,3,4,5,6,3,8,9]),
    function(i(_,_), [
        1,1,1,1,1,1,1,1,1,1,
        0,1,2,3,4,5,6,7,8,9,
        0,1,1,1,1,1,1,1,1,1,
        0,1,2,1,1,1,1,7,8,8,
        0,1,2,3,1,5,6,7,8,9,
        0,1,2,6,1,1,6,7,8,9,
        0,1,2,5,1,5,1,7,8,8,
        0,1,8,1,1,1,1,1,8,8,
        0,1,7,6,1,1,6,7,1,6,
        0,1,7,1,1,1,1,7,1,1])]).
interpretation( 10, [number = 7440,seconds = 4], [
    function(^(_,_), [
        0,0,0,0,0,0,0,0,0,0,
        0,1,2,3,4,5,6,7,8,9,
        0,2,2,2,2,2,2,7,9,9,
        0,3,2,3,3,3,3,7,8,9,
        0,4,2,3,4,5,6,7,8,9,
        0,5,2,3,5,5,3,7,8,9,
        0,6,2,3,6,3,6,7,8,9,
        0,7,7,7,7,7,7,7,0,0,
        0,8,9,8,8,8,8,0,8,9,
        0,9,9,9,9,9,9,0,9,9]),
    function(v(_,_), [
        0,1,2,3,4,5,6,7,8,9,
        1,1,1,1,1,1,1,1,1,1,
        2,1,2,3,4,5,6,2,3,2,
        3,1,3,3,4,5,6,3,3,3,
        4,1,4,4,4,4,4,4,4,4,
        5,1,5,5,4,5,4,5,5,5,
        6,1,6,6,4,4,6,6,6,6,
        7,1,2,3,4,5,6,7,3,2,
        8,1,3,3,4,5,6,3,8,8,
        9,1,2,3,4,5,6,2,8,9]),
    function(i(_,_), [
        1,1,1,1,1,1,1,1,1,1,
        0,1,2,3,4,5,6,7,8,9,
        0,1,1,1,1,1,1,7,8,8,
        0,1,2,1,1,1,1,7,8,9,
        0,1,2,3,1,5,6,7,8,9,
        0,1,2,6,1,1,6,7,8,9,
        0,1,2,5,1,5,1,7,8,9,
        8,1,1,1,1,1,1,1,8,8,
        7,1,2,1,1,1,1,7,1,2,
        7,1,1,1,1,1,1,7,1,1])]).
interpretation( 10, [number = 7507,seconds = 4], [
    function(^(_,_), [
        0,0,0,0,0,0,0,0,0,0,
        0,1,2,3,4,5,6,7,8,9,
        0,2,2,2,2,2,2,2,2,2,
        0,3,2,3,3,3,3,3,8,9,
        0,4,2,3,4,5,7,7,8,9,
        0,5,2,3,5,5,3,3,8,9,
        0,6,2,3,7,3,6,7,8,9,
        0,7,2,3,7,3,7,7,8,9,
        0,8,2,8,8,8,8,8,8,2,
        0,9,2,9,9,9,9,9,2,9]),
    function(v(_,_), [
        0,1,2,3,4,5,6,7,8,9,
        1,1,1,1,1,1,1,1,1,1,
        2,1,2,3,4,5,6,7,8,9,
        3,1,3,3,4,5,6,7,3,3,
        4,1,4,4,4,4,1,4,4,4,
        5,1,5,5,4,5,1,4,5,5,
        6,1,6,6,1,1,6,6,6,6,
        7,1,7,7,4,4,6,7,7,7,
        8,1,8,3,4,5,6,7,8,3,
        9,1,9,3,4,5,6,7,3,9]),
    function(i(_,_), [
        1,1,1,1,1,1,1,1,1,1,
        0,1,2,3,4,5,6,7,8,9,
        0,1,1,1,1,1,1,1,1,1,
        0,1,2,1,1,1,1,1,8,9,
        0,1,2,3,1,5,6,6,8,9,
        0,1,2,6,1,1,6,6,8,9,
        0,1,2,5,4,5,1,4,8,9,
        0,1,2,5,1,5,1,1,8,9,
        0,1,9,1,1,1,1,1,1,9,
        0,1,8,1,1,1,1,1,8,1])]).
interpretation( 10, [number = 7515,seconds = 4], [
    function(^(_,_), [
        0,0,0,0,0,0,0,0,0,0,
        0,1,2,3,4,5,6,7,8,9,
        0,2,2,2,2,2,2,2,8,9,
        0,3,2,3,3,3,3,3,8,9,
        0,4,2,3,4,5,7,7,8,9,
        0,5,2,3,5,5,3,3,8,9,
        0,6,2,3,7,3,6,7,8,9,
        0,7,2,3,7,3,7,7,8,9,
        0,8,8,8,8,8,8,8,8,0,
        0,9,9,9,9,9,9,9,0,9]),
    function(v(_,_), [
        0,1,2,3,4,5,6,7,8,9,
        1,1,1,1,1,1,1,1,1,1,
        2,1,2,3,4,5,6,7,2,2,
        3,1,3,3,4,5,6,7,3,3,
        4,1,4,4,4,4,1,4,4,4,
        5,1,5,5,4,5,1,4,5,5,
        6,1,6,6,1,1,6,6,6,6,
        7,1,7,7,4,4,6,7,7,7,
        8,1,2,3,4,5,6,7,8,2,
        9,1,2,3,4,5,6,7,2,9]),
    function(i(_,_), [
        1,1,1,1,1,1,1,1,1,1,
        0,1,2,3,4,5,6,7,8,9,
        0,1,1,1,1,1,1,1,8,9,
        0,1,2,1,1,1,1,1,8,9,
        0,1,2,3,1,5,6,6,8,9,
        0,1,2,6,1,1,6,6,8,9,
        0,1,2,5,4,5,1,4,8,9,
        0,1,2,5,1,5,1,1,8,9,
        9,1,1,1,1,1,1,1,1,9,
        8,1,1,1,1,1,1,1,8,1])]).
interpretation( 10, [number = 11691,seconds = 6], [
    function(^(_,_), [
        0,0,0,0,0,0,0,0,0,0,
        0,1,2,3,4,5,6,7,8,9,
        0,2,2,2,2,2,2,7,9,9,
        0,3,2,3,3,5,6,7,8,9,
        0,4,2,3,4,5,6,7,8,9,
        0,5,2,5,5,5,2,7,8,9,
        0,6,2,6,6,2,6,7,9,9,
        0,7,7,7,7,7,7,7,0,0,
        0,8,9,8,8,8,9,0,8,9,
        0,9,9,9,9,9,9,0,9,9]),
    function(v(_,_), [
        0,1,2,3,4,5,6,7,8,9,
        1,1,1,1,1,1,1,1,1,1,
        2,1,2,3,4,5,6,2,5,2,
        3,1,3,3,4,3,3,3,3,3,
        4,1,4,4,4,4,4,4,4,4,
        5,1,5,3,4,5,3,5,5,5,
        6,1,6,3,4,3,6,6,3,6,
        7,1,2,3,4,5,6,7,5,2,
        8,1,5,3,4,5,3,5,8,8,
        9,1,2,3,4,5,6,2,8,9]),
    function(i(_,_), [
        1,1,1,1,1,1,1,1,1,1,
        0,1,2,3,4,5,6,7,8,9,
        0,1,1,1,1,1,1,7,8,8,
        0,1,2,1,1,5,6,7,8,9,
        0,1,2,3,1,5,6,7,8,9,
        0,1,6,1,1,1,6,7,8,9,
        0,1,5,1,1,5,1,7,8,8,
        8,1,1,1,1,1,1,1,8,8,
        7,1,6,1,1,1,6,7,1,6,
        7,1,1,1,1,1,1,7,1,1])]).
interpretation( 10, [number = 11766,seconds = 6], [
    function(^(_,_), [
        0,0,0,0,0,0,0,0,0,0,
        0,1,2,3,4,5,6,7,8,9,
        0,2,2,2,2,2,2,2,8,9,
        0,3,2,3,3,5,7,7,8,9,
        0,4,2,3,4,5,6,7,8,9,
        0,5,2,5,5,5,2,2,8,9,
        0,6,2,7,6,2,6,7,8,9,
        0,7,2,7,7,2,7,7,8,9,
        0,8,8,8,8,8,8,8,8,0,
        0,9,9,9,9,9,9,9,0,9]),
    function(v(_,_), [
        0,1,2,3,4,5,6,7,8,9,
        1,1,1,1,1,1,1,1,1,1,
        2,1,2,3,4,5,6,7,2,2,
        3,1,3,3,4,3,4,3,3,3,
        4,1,4,4,4,4,4,4,4,4,
        5,1,5,3,4,5,4,3,5,5,
        6,1,6,4,4,4,6,6,6,6,
        7,1,7,3,4,3,6,7,7,7,
        8,1,2,3,4,5,6,7,8,2,
        9,1,2,3,4,5,6,7,2,9]),
    function(i(_,_), [
        1,1,1,1,1,1,1,1,1,1,
        0,1,2,3,4,5,6,7,8,9,
        0,1,1,1,1,1,1,1,8,9,
        0,1,2,1,1,5,6,6,8,9,
        0,1,2,3,1,5,6,7,8,9,
        0,1,6,1,1,1,6,6,8,9,
        0,1,5,3,1,5,1,3,8,9,
        0,1,5,1,1,5,1,1,8,9,
        9,1,1,1,1,1,1,1,1,9,
        8,1,1,1,1,1,1,1,8,1])]).
interpretation( 10, [number = 16081,seconds = 9], [
    function(^(_,_), [
        0,0,0,0,0,0,0,0,0,0,
        0,1,2,3,4,5,6,7,8,9,
        0,2,2,2,2,5,7,7,7,7,
        0,3,2,3,3,5,8,7,8,8,
        0,4,2,3,4,5,9,7,8,9,
        0,5,5,5,5,5,0,0,0,0,
        0,6,7,8,9,0,6,7,8,9,
        0,7,7,7,7,0,7,7,7,7,
        0,8,7,8,8,0,8,7,8,8,
        0,9,7,8,9,0,9,7,8,9]),
    function(v(_,_), [
        0,1,2,3,4,5,6,7,8,9,
        1,1,1,1,1,1,1,1,1,1,
        2,1,2,3,4,2,1,2,3,4,
        3,1,3,3,4,3,1,3,3,4,
        4,1,4,4,4,4,1,4,4,4,
        5,1,2,3,4,5,1,2,3,4,
        6,1,1,1,1,1,6,6,6,6,
        7,1,2,3,4,2,6,7,8,9,
        8,1,3,3,4,3,6,8,8,9,
        9,1,4,4,4,4,6,9,9,9]),
    function(i(_,_), [
        1,1,1,1,1,1,1,1,1,1,
        0,1,2,3,4,5,6,7,8,9,
        0,1,1,1,1,5,6,6,6,6,
        0,1,2,1,1,5,6,7,6,6,
        0,1,2,3,1,5,6,7,8,6,
        6,1,1,1,1,1,6,6,6,6,
        5,1,2,3,4,5,1,2,3,4,
        5,1,1,1,1,5,1,1,1,1,
        5,1,2,1,1,5,1,2,1,1,
        5,1,2,3,1,5,1,2,3,1])]).
interpretation( 10, [number = 16648,seconds = 9], [
    function(^(_,_), [
        0,0,0,0,0,0,0,0,0,0,
        0,1,2,3,4,5,6,7,8,9,
        0,2,2,2,2,2,2,2,2,2,
        0,3,2,3,3,3,3,3,3,3,
        0,4,2,3,4,3,3,4,4,3,
        0,5,2,3,3,5,6,6,9,9,
        0,6,2,3,3,6,6,6,3,3,
        0,7,2,3,4,6,6,7,4,3,
        0,8,2,3,4,9,3,4,8,9,
        0,9,2,3,3,9,3,3,9,9]),
    function(v(_,_), [
        0,1,2,3,4,5,6,7,8,9,
        1,1,1,1,1,1,1,1,1,1,
        2,1,2,3,4,5,6,7,8,9,
        3,1,3,3,4,5,6,7,8,9,
        4,1,4,4,4,1,7,7,8,8,
        5,1,5,5,1,5,5,1,1,5,
        6,1,6,6,7,5,6,7,1,5,
        7,1,7,7,7,1,7,7,1,1,
        8,1,8,8,8,1,1,1,8,8,
        9,1,9,9,8,5,5,1,8,9]),
    function(i(_,_), [
        1,1,1,1,1,1,1,1,1,1,
        0,1,2,3,4,5,6,7,8,9,
        0,1,1,1,1,1,1,1,1,1,
        0,1,2,1,1,1,1,1,1,1,
        0,1,2,5,1,5,5,1,1,5,
        0,1,2,4,4,1,7,7,8,8,
        0,1,2,8,8,1,1,1,8,8,
        0,1,2,9,8,5,5,1,8,9,
        0,1,2,6,7,5,6,7,1,5,
        0,1,2,7,7,1,7,7,1,1])]).
interpretation( 10, [number = 16896,seconds = 10], [
    function(^(_,_), [
        0,0,0,0,0,0,0,0,0,0,
        0,1,2,3,4,5,6,7,8,9,
        0,2,2,2,2,2,2,2,8,9,
        0,3,2,3,3,3,6,7,8,9,
        0,4,2,3,4,3,6,7,8,9,
        0,5,2,3,3,5,6,7,8,9,
        0,6,2,6,6,6,6,2,8,9,
        0,7,2,7,7,7,2,7,8,9,
        0,8,8,8,8,8,8,8,8,0,
        0,9,9,9,9,9,9,9,0,9]),
    function(v(_,_), [
        0,1,2,3,4,5,6,7,8,9,
        1,1,1,1,1,1,1,1,1,1,
        2,1,2,3,4,5,6,7,2,2,
        3,1,3,3,4,5,3,3,3,3,
        4,1,4,4,4,1,4,4,4,4,
        5,1,5,5,1,5,5,5,5,5,
        6,1,6,3,4,5,6,3,6,6,
        7,1,7,3,4,5,3,7,7,7,
        8,1,2,3,4,5,6,7,8,2,
        9,1,2,3,4,5,6,7,2,9]),
    function(i(_,_), [
        1,1,1,1,1,1,1,1,1,1,
        0,1,2,3,4,5,6,7,8,9,
        0,1,1,1,1,1,1,1,8,9,
        0,1,2,1,1,1,6,7,8,9,
        0,1,2,5,1,5,6,7,8,9,
        0,1,2,4,4,1,6,7,8,9,
        0,1,7,1,1,1,1,7,8,9,
        0,1,6,1,1,1,6,1,8,9,
        9,1,1,1,1,1,1,1,1,9,
        8,1,1,1,1,1,1,1,8,1])]).
interpretation( 10, [number = 16927,seconds = 10], [
    function(^(_,_), [
        0,0,0,0,0,0,0,0,0,0,
        0,1,2,3,4,5,6,7,8,9,
        0,2,2,2,2,2,2,2,2,2,
        0,3,2,3,3,3,6,6,9,9,
        0,4,2,3,4,3,6,6,8,9,
        0,5,2,3,3,5,6,7,9,9,
        0,6,2,6,6,6,6,6,2,2,
        0,7,2,6,6,7,6,7,2,2,
        0,8,2,9,8,9,2,2,8,9,
        0,9,2,9,9,9,2,2,9,9]),
    function(v(_,_), [
        0,1,2,3,4,5,6,7,8,9,
        1,1,1,1,1,1,1,1,1,1,
        2,1,2,3,4,5,6,7,8,9,
        3,1,3,3,4,5,3,5,4,3,
        4,1,4,4,4,1,4,1,4,4,
        5,1,5,5,1,5,5,5,1,5,
        6,1,6,3,4,5,6,7,4,3,
        7,1,7,5,1,5,7,7,1,5,
        8,1,8,4,4,1,4,1,8,8,
        9,1,9,3,4,5,3,5,8,9]),
    function(i(_,_), [
        1,1,1,1,1,1,1,1,1,1,
        0,1,2,3,4,5,6,7,8,9,
        0,1,1,1,1,1,1,1,1,1,
        0,1,2,1,1,1,7,7,8,8,
        0,1,2,5,1,5,7,7,8,9,
        0,1,2,4,4,1,6,7,8,8,
        0,1,8,1,1,1,1,1,8,8,
        0,1,8,4,4,1,4,1,8,8,
        0,1,7,5,1,5,7,7,1,5,
        0,1,7,1,1,1,7,7,1,1])]).
interpretation( 10, [number = 17196,seconds = 10], [
    function(^(_,_), [
        0,0,0,0,0,0,0,0,0,0,
        0,1,2,3,4,5,6,7,8,9,
        0,2,2,2,2,2,6,8,8,8,
        0,3,2,3,3,3,6,9,8,9,
        0,4,2,3,4,3,6,7,8,9,
        0,5,2,3,3,5,6,9,8,9,
        0,6,6,6,6,6,6,0,0,0,
        0,7,8,9,7,9,0,7,8,9,
        0,8,8,8,8,8,0,8,8,8,
        0,9,8,9,9,9,0,9,8,9]),
    function(v(_,_), [
        0,1,2,3,4,5,6,7,8,9,
        1,1,1,1,1,1,1,1,1,1,
        2,1,2,3,4,5,2,4,2,3,
        3,1,3,3,4,5,3,4,3,3,
        4,1,4,4,4,1,4,4,4,4,
        5,1,5,5,1,5,5,1,5,5,
        6,1,2,3,4,5,6,4,2,3,
        7,1,4,4,4,1,4,7,7,7,
        8,1,2,3,4,5,2,7,8,9,
        9,1,3,3,4,5,3,7,9,9]),
    function(i(_,_), [
        1,1,1,1,1,1,1,1,1,1,
        0,1,2,3,4,5,6,7,8,9,
        0,1,1,1,1,1,6,7,7,7,
        0,1,2,1,1,1,6,7,8,7,
        0,1,2,5,1,5,6,7,8,9,
        0,1,2,4,4,1,6,7,8,7,
        7,1,1,1,1,1,1,7,7,7,
        6,1,2,5,1,5,6,1,2,5,
        6,1,1,1,1,1,6,1,1,1,
        6,1,2,1,1,1,6,1,2,1])]).
interpretation( 10, [number = 34088,seconds = 20], [
    function(^(_,_), [
        0,0,0,0,0,0,0,0,0,0,
        0,1,2,3,4,5,6,7,8,9,
        0,2,2,2,2,2,2,2,2,2,
        0,3,2,3,4,5,6,7,8,9,
        0,4,2,4,4,2,2,4,4,2,
        0,5,2,5,2,5,6,6,9,9,
        0,6,2,6,2,6,6,6,2,2,
        0,7,2,7,4,6,6,7,4,2,
        0,8,2,8,4,9,2,4,8,9,
        0,9,2,9,2,9,2,2,9,9]),
    function(v(_,_), [
        0,1,2,3,4,5,6,7,8,9,
        1,1,1,1,1,1,1,1,1,1,
        2,1,2,3,4,5,6,7,8,9,
        3,1,3,3,3,3,3,3,3,3,
        4,1,4,3,4,3,7,7,8,8,
        5,1,5,3,3,5,5,3,3,5,
        6,1,6,3,7,5,6,7,3,5,
        7,1,7,3,7,3,7,7,3,3,
        8,1,8,3,8,3,3,3,8,8,
        9,1,9,3,8,5,5,3,8,9]),
    function(i(_,_), [
        1,1,1,1,1,1,1,1,1,1,
        0,1,2,3,4,5,6,7,8,9,
        0,1,1,1,1,1,1,1,1,1,
        0,1,2,1,4,5,6,7,8,9,
        0,1,5,1,1,5,5,1,1,5,
        0,1,4,1,4,1,7,7,8,8,
        0,1,8,1,8,1,1,1,8,8,
        0,1,9,1,8,5,5,1,8,9,
        0,1,6,1,7,5,6,7,1,5,
        0,1,7,1,7,1,7,7,1,1])]).
interpretation( 10, [number = 34535,seconds = 21], [
    function(^(_,_), [
        0,0,0,0,0,0,0,0,0,0,
        0,1,2,3,4,5,6,7,8,9,
        0,2,2,2,2,2,6,6,9,9,
        0,3,2,3,4,5,6,7,8,9,
        0,4,2,4,4,2,6,6,8,9,
        0,5,2,5,2,5,6,7,9,9,
        0,6,6,6,6,6,6,6,0,0,
        0,7,6,7,6,7,6,7,0,0,
        0,8,9,8,8,9,0,0,8,9,
        0,9,9,9,9,9,0,0,9,9]),
    function(v(_,_), [
        0,1,2,3,4,5,6,7,8,9,
        1,1,1,1,1,1,1,1,1,1,
        2,1,2,3,4,5,2,5,4,2,
        3,1,3,3,3,3,3,3,3,3,
        4,1,4,3,4,3,4,3,4,4,
        5,1,5,3,3,5,5,5,3,5,
        6,1,2,3,4,5,6,7,4,2,
        7,1,5,3,3,5,7,7,3,5,
        8,1,4,3,4,3,4,3,8,8,
        9,1,2,3,4,5,2,5,8,9]),
    function(i(_,_), [
        1,1,1,1,1,1,1,1,1,1,
        0,1,2,3,4,5,6,7,8,9,
        0,1,1,1,1,1,7,7,8,8,
        0,1,2,1,4,5,6,7,8,9,
        0,1,5,1,1,5,7,7,8,9,
        0,1,4,1,4,1,6,7,8,8,
        8,1,1,1,1,1,1,1,8,8,
        8,1,4,1,4,1,4,1,8,8,
        7,1,5,1,1,5,7,7,1,5,
        7,1,1,1,1,1,7,7,1,1])]).
interpretation( 10, [number = 34829,seconds = 21], [
    function(^(_,_), [
        0,0,0,0,0,0,0,0,0,0,
        0,1,2,3,4,5,6,7,8,9,
        0,2,2,2,2,2,2,7,9,9,
        0,3,2,3,4,6,6,7,8,9,
        0,4,2,4,4,2,2,7,8,9,
        0,5,2,6,2,5,6,7,9,9,
        0,6,2,6,2,6,6,7,9,9,
        0,7,7,7,7,7,7,7,0,0,
        0,8,9,8,8,9,9,0,8,9,
        0,9,9,9,9,9,9,0,9,9]),
    function(v(_,_), [
        0,1,2,3,4,5,6,7,8,9,
        1,1,1,1,1,1,1,1,1,1,
        2,1,2,3,4,5,6,2,4,2,
        3,1,3,3,3,1,3,3,3,3,
        4,1,4,3,4,1,3,4,4,4,
        5,1,5,1,1,5,5,5,1,5,
        6,1,6,3,3,5,6,6,3,6,
        7,1,2,3,4,5,6,7,4,2,
        8,1,4,3,4,1,3,4,8,8,
        9,1,2,3,4,5,6,2,8,9]),
    function(i(_,_), [
        1,1,1,1,1,1,1,1,1,1,
        0,1,2,3,4,5,6,7,8,9,
        0,1,1,1,1,1,1,7,8,8,
        0,1,2,1,4,5,5,7,8,9,
        0,1,5,1,1,5,5,7,8,9,
        0,1,4,3,4,1,3,7,8,8,
        0,1,4,1,4,1,1,7,8,8,
        8,1,1,1,1,1,1,1,8,8,
        7,1,5,1,1,5,5,7,1,5,
        7,1,1,1,1,1,1,7,1,1])]).
interpretation( 10, [number = 34830,seconds = 21], [
    function(^(_,_), [
        0,0,0,0,0,0,0,0,0,0,
        0,1,2,3,4,5,6,7,8,9,
        0,2,2,2,2,2,2,7,9,9,
        0,3,2,3,4,6,6,7,8,9,
        0,4,2,4,4,2,2,7,9,9,
        0,5,2,6,2,5,6,7,8,9,
        0,6,2,6,2,6,6,7,8,9,
        0,7,7,7,7,7,7,7,0,0,
        0,8,9,8,9,8,8,0,8,9,
        0,9,9,9,9,9,9,0,9,9]),
    function(v(_,_), [
        0,1,2,3,4,5,6,7,8,9,
        1,1,1,1,1,1,1,1,1,1,
        2,1,2,3,4,5,6,2,6,2,
        3,1,3,3,3,1,3,3,3,3,
        4,1,4,3,4,1,3,4,3,4,
        5,1,5,1,1,5,5,5,5,5,
        6,1,6,3,3,5,6,6,6,6,
        7,1,2,3,4,5,6,7,6,2,
        8,1,6,3,3,5,6,6,8,8,
        9,1,2,3,4,5,6,2,8,9]),
    function(i(_,_), [
        1,1,1,1,1,1,1,1,1,1,
        0,1,2,3,4,5,6,7,8,9,
        0,1,1,1,1,1,1,7,8,8,
        0,1,2,1,4,5,5,7,8,9,
        0,1,5,1,1,5,5,7,8,8,
        0,1,4,3,4,1,3,7,8,9,
        0,1,4,1,4,1,1,7,8,9,
        8,1,1,1,1,1,1,1,8,8,
        7,1,4,1,4,1,1,7,1,4,
        7,1,1,1,1,1,1,7,1,1])]).
interpretation( 10, [number = 53277,seconds = 33], [
    function(^(_,_), [
        0,0,0,0,0,0,0,0,0,0,
        0,1,2,3,4,5,6,7,8,9,
        0,2,2,2,4,5,6,7,8,9,
        0,3,2,3,4,5,6,7,8,9,
        0,4,4,4,4,0,0,4,4,0,
        0,5,5,5,0,5,6,6,9,9,
        0,6,6,6,0,6,6,6,0,0,
        0,7,7,7,4,6,6,7,4,0,
        0,8,8,8,4,9,0,4,8,9,
        0,9,9,9,0,9,0,0,9,9]),
    function(v(_,_), [
        0,1,2,3,4,5,6,7,8,9,
        1,1,1,1,1,1,1,1,1,1,
        2,1,2,3,2,2,2,2,2,2,
        3,1,3,3,3,3,3,3,3,3,
        4,1,2,3,4,2,7,7,8,8,
        5,1,2,3,2,5,5,2,2,5,
        6,1,2,3,7,5,6,7,2,5,
        7,1,2,3,7,2,7,7,2,2,
        8,1,2,3,8,2,2,2,8,8,
        9,1,2,3,8,5,5,2,8,9]),
    function(i(_,_), [
        1,1,1,1,1,1,1,1,1,1,
        0,1,2,3,4,5,6,7,8,9,
        0,1,1,1,4,5,6,7,8,9,
        0,1,2,1,4,5,6,7,8,9,
        5,1,1,1,1,5,5,1,1,5,
        4,1,1,1,4,1,7,7,8,8,
        8,1,1,1,8,1,1,1,8,8,
        9,1,1,1,8,5,5,1,8,9,
        6,1,1,1,7,5,6,7,1,5,
        7,1,1,1,7,1,7,7,1,1])]).
interpretation( 10, [number = 56590,seconds = 36], [
    function(^(_,_), [
        0,0,0,0,0,0,0,0,0,0,
        0,1,2,3,4,5,6,7,8,9,
        0,2,2,2,2,5,7,7,7,7,
        0,3,2,3,2,5,8,7,8,7,
        0,4,2,2,4,5,9,7,7,9,
        0,5,5,5,5,5,0,0,0,0,
        0,6,7,8,9,0,6,7,8,9,
        0,7,7,7,7,0,7,7,7,7,
        0,8,7,8,7,0,8,7,8,7,
        0,9,7,7,9,0,9,7,7,9]),
    function(v(_,_), [
        0,1,2,3,4,5,6,7,8,9,
        1,1,1,1,1,1,1,1,1,1,
        2,1,2,3,4,2,1,2,3,4,
        3,1,3,3,1,3,1,3,3,1,
        4,1,4,1,4,4,1,4,1,4,
        5,1,2,3,4,5,1,2,3,4,
        6,1,1,1,1,1,6,6,6,6,
        7,1,2,3,4,2,6,7,8,9,
        8,1,3,3,1,3,6,8,8,6,
        9,1,4,1,4,4,6,9,6,9]),
    function(i(_,_), [
        1,1,1,1,1,1,1,1,1,1,
        0,1,2,3,4,5,6,7,8,9,
        0,1,1,1,1,5,6,6,6,6,
        0,1,4,1,4,5,6,9,6,9,
        0,1,3,3,1,5,6,8,8,6,
        6,1,1,1,1,1,6,6,6,6,
        5,1,2,3,4,5,1,2,3,4,
        5,1,1,1,1,5,1,1,1,1,
        5,1,4,1,4,5,1,4,1,4,
        5,1,3,3,1,5,1,3,3,1])]).
interpretation( 10, [number = 113155,seconds = 72], [
    function(^(_,_), [
        0,0,0,0,0,0,0,0,0,0,
        0,1,2,3,4,5,6,7,8,9,
        0,2,2,3,4,5,6,9,8,9,
        0,3,3,3,0,0,3,3,0,3,
        0,4,4,0,4,5,5,8,8,8,
        0,5,5,0,5,5,5,0,0,0,
        0,6,6,3,5,5,6,3,0,3,
        0,7,9,3,8,0,3,7,8,9,
        0,8,8,0,8,0,0,8,8,8,
        0,9,9,3,8,0,3,9,8,9]),
    function(v(_,_), [
        0,1,2,3,4,5,6,7,8,9,
        1,1,1,1,1,1,1,1,1,1,
        2,1,2,2,2,2,2,1,2,2,
        3,1,2,3,2,6,6,7,9,9,
        4,1,2,2,4,4,2,1,4,2,
        5,1,2,6,4,5,6,1,4,2,
        6,1,2,6,2,6,6,1,2,2,
        7,1,1,7,1,1,1,7,7,7,
        8,1,2,9,4,4,2,7,8,9,
        9,1,2,9,2,2,2,7,9,9]),
    function(i(_,_), [
        1,1,1,1,1,1,1,1,1,1,
        0,1,2,3,4,5,6,7,8,9,
        0,1,1,3,4,5,6,7,8,7,
        4,1,1,1,4,4,1,1,4,1,
        3,1,1,3,1,6,6,7,7,7,
        7,1,1,7,1,1,1,7,7,7,
        8,1,1,7,4,4,1,7,8,7,
        5,1,2,6,4,5,6,1,4,2,
        6,1,1,6,1,6,6,1,1,1,
        5,1,1,6,4,5,6,1,4,1])]).
% isofilter: input=118616, kept=47, checks=118569, perms=164844, 46.72 seconds.
