interpretation( 7, [number = 1,seconds = 0], [
    function(^(_,_), [
        0,0,0,0,0,0,0,
        0,1,2,3,4,5,6,
        0,2,2,2,2,2,2,
        0,3,2,3,3,3,3,
        0,4,2,3,4,4,4,
        0,5,2,3,4,5,5,
        0,6,2,3,4,5,6]),
    function(v(_,_), [
        0,1,2,3,4,5,6,
        1,1,1,1,1,1,1,
        2,1,2,3,4,5,6,
        3,1,3,3,4,5,6,
        4,1,4,4,4,5,6,
        5,1,5,5,5,5,6,
        6,1,6,6,6,6,6]),
    function(i(_,_), [
        1,1,1,1,1,1,1,
        0,1,2,3,4,5,6,
        0,1,1,1,1,1,1,
        0,1,2,1,1,1,1,
        0,1,2,3,1,1,1,
        0,1,2,3,4,1,1,
        0,1,2,3,4,5,1])]).
interpretation( 7, [number = 6,seconds = 0], [
    function(^(_,_), [
        0,0,0,0,0,0,0,
        0,1,2,3,4,5,6,
        0,2,2,2,2,2,2,
        0,3,2,3,3,3,3,
        0,4,2,3,4,4,4,
        0,5,2,3,4,5,4,
        0,6,2,3,4,4,6]),
    function(v(_,_), [
        0,1,2,3,4,5,6,
        1,1,1,1,1,1,1,
        2,1,2,3,4,5,6,
        3,1,3,3,4,5,6,
        4,1,4,4,4,5,6,
        5,1,5,5,5,5,1,
        6,1,6,6,6,1,6]),
    function(i(_,_), [
        1,1,1,1,1,1,1,
        0,1,2,3,4,5,6,
        0,1,1,1,1,1,1,
        0,1,2,1,1,1,1,
        0,1,2,3,1,1,1,
        0,1,2,3,6,1,6,
        0,1,2,3,5,5,1])]).
interpretation( 7, [number = 12,seconds = 0], [
    function(^(_,_), [
        0,0,0,0,0,0,0,
        0,1,2,3,4,5,6,
        0,2,2,2,2,2,2,
        0,3,2,3,3,3,3,
        0,4,2,3,4,5,6,
        0,5,2,3,5,5,3,
        0,6,2,3,6,3,6]),
    function(v(_,_), [
        0,1,2,3,4,5,6,
        1,1,1,1,1,1,1,
        2,1,2,3,4,5,6,
        3,1,3,3,4,5,6,
        4,1,4,4,4,4,4,
        5,1,5,5,4,5,4,
        6,1,6,6,4,4,6]),
    function(i(_,_), [
        1,1,1,1,1,1,1,
        0,1,2,3,4,5,6,
        0,1,1,1,1,1,1,
        0,1,2,1,1,1,1,
        0,1,2,3,1,5,6,
        0,1,2,6,1,1,6,
        0,1,2,5,1,5,1])]).
interpretation( 7, [number = 20,seconds = 0], [
    function(^(_,_), [
        0,0,0,0,0,0,0,
        0,1,2,3,4,5,6,
        0,2,2,2,2,2,2,
        0,3,2,3,3,5,6,
        0,4,2,3,4,5,6,
        0,5,2,5,5,5,2,
        0,6,2,6,6,2,6]),
    function(v(_,_), [
        0,1,2,3,4,5,6,
        1,1,1,1,1,1,1,
        2,1,2,3,4,5,6,
        3,1,3,3,4,3,3,
        4,1,4,4,4,4,4,
        5,1,5,3,4,5,3,
        6,1,6,3,4,3,6]),
    function(i(_,_), [
        1,1,1,1,1,1,1,
        0,1,2,3,4,5,6,
        0,1,1,1,1,1,1,
        0,1,2,1,1,5,6,
        0,1,2,3,1,5,6,
        0,1,6,1,1,1,6,
        0,1,5,1,1,5,1])]).
interpretation( 7, [number = 28,seconds = 0], [
    function(^(_,_), [
        0,0,0,0,0,0,0,
        0,1,2,3,4,5,6,
        0,2,2,2,2,5,6,
        0,3,2,3,3,5,6,
        0,4,2,3,4,5,6,
        0,5,5,5,5,5,0,
        0,6,6,6,6,0,6]),
    function(v(_,_), [
        0,1,2,3,4,5,6,
        1,1,1,1,1,1,1,
        2,1,2,3,4,2,2,
        3,1,3,3,4,3,3,
        4,1,4,4,4,4,4,
        5,1,2,3,4,5,2,
        6,1,2,3,4,2,6]),
    function(i(_,_), [
        1,1,1,1,1,1,1,
        0,1,2,3,4,5,6,
        0,1,1,1,1,5,6,
        0,1,2,1,1,5,6,
        0,1,2,3,1,5,6,
        6,1,1,1,1,1,6,
        5,1,1,1,1,5,1])]).
interpretation( 7, [number = 67,seconds = 0], [
    function(^(_,_), [
        0,0,0,0,0,0,0,
        0,1,2,3,4,5,6,
        0,2,2,2,2,2,2,
        0,3,2,3,4,6,6,
        0,4,2,4,4,2,2,
        0,5,2,6,2,5,6,
        0,6,2,6,2,6,6]),
    function(v(_,_), [
        0,1,2,3,4,5,6,
        1,1,1,1,1,1,1,
        2,1,2,3,4,5,6,
        3,1,3,3,3,1,3,
        4,1,4,3,4,1,3,
        5,1,5,1,1,5,5,
        6,1,6,3,3,5,6]),
    function(i(_,_), [
        1,1,1,1,1,1,1,
        0,1,2,3,4,5,6,
        0,1,1,1,1,1,1,
        0,1,2,1,4,5,5,
        0,1,5,1,1,5,5,
        0,1,4,3,4,1,3,
        0,1,4,1,4,1,1])]).
interpretation( 7, [number = 109,seconds = 0], [
    function(^(_,_), [
        0,0,0,0,0,0,0,
        0,1,2,3,4,5,6,
        0,2,2,2,4,6,6,
        0,3,2,3,4,5,6,
        0,4,4,4,4,0,0,
        0,5,6,5,0,5,6,
        0,6,6,6,0,6,6]),
    function(v(_,_), [
        0,1,2,3,4,5,6,
        1,1,1,1,1,1,1,
        2,1,2,3,2,3,2,
        3,1,3,3,3,3,3,
        4,1,2,3,4,3,2,
        5,1,3,3,3,5,5,
        6,1,2,3,2,5,6]),
    function(i(_,_), [
        1,1,1,1,1,1,1,
        0,1,2,3,4,5,6,
        0,1,1,1,4,5,5,
        0,1,2,1,4,5,6,
        5,1,1,1,1,5,5,
        4,1,2,1,4,1,2,
        4,1,1,1,4,1,1])]).
interpretation( 7, [number = 127,seconds = 0], [
    function(^(_,_), [
        0,0,0,0,0,0,0,
        0,1,2,3,4,5,6,
        0,2,2,2,2,5,6,
        0,3,2,3,2,5,6,
        0,4,2,2,4,5,6,
        0,5,5,5,5,5,0,
        0,6,6,6,6,0,6]),
    function(v(_,_), [
        0,1,2,3,4,5,6,
        1,1,1,1,1,1,1,
        2,1,2,3,4,2,2,
        3,1,3,3,1,3,3,
        4,1,4,1,4,4,4,
        5,1,2,3,4,5,2,
        6,1,2,3,4,2,6]),
    function(i(_,_), [
        1,1,1,1,1,1,1,
        0,1,2,3,4,5,6,
        0,1,1,1,1,5,6,
        0,1,4,1,4,5,6,
        0,1,3,3,1,5,6,
        6,1,1,1,1,1,6,
        5,1,1,1,1,5,1])]).
% isofilter: input=305, kept=8, checks=297, perms=329, 0.06 seconds.
