interpretation( 6, [number = 1,seconds = 0], [
    function(^(_,_), [
        0,0,0,0,0,0,
        0,1,2,3,4,5,
        0,2,2,0,0,0,
        0,3,0,3,0,0,
        0,4,0,0,4,0,
        0,5,0,0,0,5]),
    function(v(_,_), [
        0,1,2,3,4,5,
        1,1,1,1,1,1,
        2,1,2,1,1,1,
        3,1,1,3,1,1,
        4,1,1,1,4,1,
        5,1,1,1,1,5]),
    function(i(_,_), [
        1,1,1,1,1,1,
        0,1,2,3,4,5,
        0,1,1,3,4,5,
        0,1,2,1,4,5,
        0,1,2,3,1,5,
        0,1,2,3,4,1])]).
interpretation( 6, [number = 2,seconds = 0], [
    function(^(_,_), [
        0,0,0,0,0,0,
        0,1,2,3,4,5,
        0,2,2,0,0,0,
        0,3,0,3,0,0,
        0,4,0,0,4,4,
        0,5,0,0,4,5]),
    function(v(_,_), [
        0,1,2,3,4,5,
        1,1,1,1,1,1,
        2,1,2,1,1,1,
        3,1,1,3,1,1,
        4,1,1,1,4,5,
        5,1,1,1,5,5]),
    function(i(_,_), [
        1,1,1,1,1,1,
        0,1,2,3,4,5,
        0,1,1,3,4,5,
        0,1,2,1,4,5,
        0,1,2,3,1,1,
        0,1,2,3,4,1])]).
interpretation( 6, [number = 8,seconds = 0], [
    function(^(_,_), [
        0,0,0,0,0,0,
        0,1,2,3,4,5,
        0,2,2,0,0,0,
        0,3,0,3,0,3,
        0,4,0,0,4,4,
        0,5,0,3,4,5]),
    function(v(_,_), [
        0,1,2,3,4,5,
        1,1,1,1,1,1,
        2,1,2,1,1,1,
        3,1,1,3,5,5,
        4,1,1,5,4,5,
        5,1,1,5,5,5]),
    function(i(_,_), [
        1,1,1,1,1,1,
        0,1,2,3,4,5,
        0,1,1,3,4,5,
        0,1,2,1,4,1,
        0,1,2,3,1,1,
        0,1,2,3,4,1])]).
interpretation( 6, [number = 11,seconds = 0], [
    function(^(_,_), [
        0,0,0,0,0,0,
        0,1,2,3,4,5,
        0,2,2,0,0,0,
        0,3,0,3,3,3,
        0,4,0,3,4,3,
        0,5,0,3,3,5]),
    function(v(_,_), [
        0,1,2,3,4,5,
        1,1,1,1,1,1,
        2,1,2,1,1,1,
        3,1,1,3,4,5,
        4,1,1,4,4,1,
        5,1,1,5,1,5]),
    function(i(_,_), [
        1,1,1,1,1,1,
        0,1,2,3,4,5,
        0,1,1,3,4,5,
        0,1,2,1,1,1,
        0,1,2,3,1,5,
        0,1,2,3,4,1])]).
interpretation( 6, [number = 12,seconds = 0], [
    function(^(_,_), [
        0,0,0,0,0,0,
        0,1,2,3,4,5,
        0,2,2,0,0,0,
        0,3,0,3,3,3,
        0,4,0,3,4,4,
        0,5,0,3,4,5]),
    function(v(_,_), [
        0,1,2,3,4,5,
        1,1,1,1,1,1,
        2,1,2,1,1,1,
        3,1,1,3,4,5,
        4,1,1,4,4,5,
        5,1,1,5,5,5]),
    function(i(_,_), [
        1,1,1,1,1,1,
        0,1,2,3,4,5,
        0,1,1,3,4,5,
        0,1,2,1,1,1,
        0,1,2,3,1,1,
        0,1,2,3,4,1])]).
interpretation( 6, [number = 15,seconds = 0], [
    function(^(_,_), [
        0,0,0,0,0,0,
        0,1,2,3,4,5,
        0,2,2,0,0,2,
        0,3,0,3,3,0,
        0,4,0,3,4,0,
        0,5,2,0,0,5]),
    function(v(_,_), [
        0,1,2,3,4,5,
        1,1,1,1,1,1,
        2,1,2,1,1,5,
        3,1,1,3,4,1,
        4,1,1,4,4,1,
        5,1,5,1,1,5]),
    function(i(_,_), [
        1,1,1,1,1,1,
        0,1,2,3,4,5,
        0,1,1,3,4,1,
        0,1,2,1,1,5,
        0,1,2,3,1,5,
        0,1,2,3,4,1])]).
interpretation( 6, [number = 17,seconds = 0], [
    function(^(_,_), [
        0,0,0,0,0,0,
        0,1,2,3,4,5,
        0,2,2,0,0,0,
        0,3,0,3,3,3,
        0,4,0,3,4,3,
        0,5,0,3,3,5]),
    function(v(_,_), [
        0,1,2,3,4,5,
        1,1,1,1,1,1,
        2,1,2,1,1,1,
        3,1,1,3,4,5,
        4,1,1,4,4,1,
        5,1,1,5,1,5]),
    function(i(_,_), [
        1,1,1,1,1,1,
        0,1,2,3,4,5,
        0,1,1,3,4,5,
        0,1,2,1,1,1,
        0,1,2,5,1,5,
        0,1,2,4,4,1])]).
interpretation( 6, [number = 26,seconds = 0], [
    function(^(_,_), [
        0,0,0,0,0,0,
        0,1,2,3,4,5,
        0,2,2,0,0,5,
        0,3,0,3,4,0,
        0,4,0,4,4,0,
        0,5,5,0,0,5]),
    function(v(_,_), [
        0,1,2,3,4,5,
        1,1,1,1,1,1,
        2,1,2,1,1,2,
        3,1,1,3,3,1,
        4,1,1,3,4,1,
        5,1,2,1,1,5]),
    function(i(_,_), [
        1,1,1,1,1,1,
        0,1,2,3,4,5,
        0,1,1,3,4,5,
        0,1,2,1,4,5,
        5,1,2,1,1,5,
        4,1,1,3,4,1])]).
interpretation( 6, [number = 31,seconds = 0], [
    function(^(_,_), [
        0,0,0,0,0,0,
        0,1,2,3,4,5,
        0,2,2,0,0,2,
        0,3,0,3,4,4,
        0,4,0,4,4,4,
        0,5,2,4,4,5]),
    function(v(_,_), [
        0,1,2,3,4,5,
        1,1,1,1,1,1,
        2,1,2,1,5,5,
        3,1,1,3,3,1,
        4,1,5,3,4,5,
        5,1,5,1,5,5]),
    function(i(_,_), [
        1,1,1,1,1,1,
        0,1,2,3,4,5,
        0,1,1,3,3,1,
        0,1,2,1,5,5,
        0,1,2,1,1,1,
        0,1,2,3,3,1])]).
interpretation( 6, [number = 32,seconds = 0], [
    function(^(_,_), [
        0,0,0,0,0,0,
        0,1,2,3,4,5,
        0,2,2,0,0,2,
        0,3,0,3,4,4,
        0,4,0,4,4,4,
        0,5,2,4,4,5]),
    function(v(_,_), [
        0,1,2,3,4,5,
        1,1,1,1,1,1,
        2,1,2,1,5,5,
        3,1,1,3,3,1,
        4,1,5,3,4,5,
        5,1,5,1,5,5]),
    function(i(_,_), [
        1,1,1,1,1,1,
        0,1,2,3,4,5,
        0,1,1,3,4,1,
        0,1,2,1,4,5,
        0,1,2,1,1,1,
        0,1,2,3,4,1])]).
interpretation( 6, [number = 60,seconds = 0], [
    function(^(_,_), [
        0,0,0,0,0,0,
        0,1,2,3,4,5,
        0,2,2,0,4,2,
        0,3,0,3,0,0,
        0,4,4,0,4,4,
        0,5,2,0,4,5]),
    function(v(_,_), [
        0,1,2,3,4,5,
        1,1,1,1,1,1,
        2,1,2,1,2,5,
        3,1,1,3,1,1,
        4,1,2,1,4,5,
        5,1,5,1,5,5]),
    function(i(_,_), [
        1,1,1,1,1,1,
        0,1,2,3,4,5,
        0,1,1,3,4,1,
        4,1,2,1,4,5,
        3,1,1,3,1,1,
        0,1,2,3,4,1])]).
interpretation( 6, [number = 61,seconds = 0], [
    function(^(_,_), [
        0,0,0,0,0,0,
        0,1,2,3,4,5,
        0,2,2,0,4,4,
        0,3,0,3,0,0,
        0,4,4,0,4,4,
        0,5,4,0,4,5]),
    function(v(_,_), [
        0,1,2,3,4,5,
        1,1,1,1,1,1,
        2,1,2,1,2,1,
        3,1,1,3,1,1,
        4,1,2,1,4,5,
        5,1,1,1,5,5]),
    function(i(_,_), [
        1,1,1,1,1,1,
        0,1,2,3,4,5,
        0,1,1,3,4,5,
        4,1,2,1,4,5,
        3,1,1,3,1,1,
        0,1,2,3,4,1])]).
interpretation( 6, [number = 64,seconds = 0], [
    function(^(_,_), [
        0,0,0,0,0,0,
        0,1,2,3,4,5,
        0,2,2,0,4,4,
        0,3,0,3,0,0,
        0,4,4,0,4,4,
        0,5,4,0,4,5]),
    function(v(_,_), [
        0,1,2,3,4,5,
        1,1,1,1,1,1,
        2,1,2,1,2,1,
        3,1,1,3,1,1,
        4,1,2,1,4,5,
        5,1,1,1,5,5]),
    function(i(_,_), [
        1,1,1,1,1,1,
        0,1,2,3,4,5,
        0,1,1,3,5,5,
        4,1,2,1,4,5,
        3,1,1,3,1,1,
        0,1,2,3,2,1])]).
interpretation( 6, [number = 65,seconds = 0], [
    function(^(_,_), [
        0,0,0,0,0,0,
        0,1,2,3,4,5,
        0,2,2,0,4,4,
        0,3,0,3,0,3,
        0,4,4,0,4,4,
        0,5,4,3,4,5]),
    function(v(_,_), [
        0,1,2,3,4,5,
        1,1,1,1,1,1,
        2,1,2,1,2,1,
        3,1,1,3,5,5,
        4,1,2,5,4,5,
        5,1,1,5,5,5]),
    function(i(_,_), [
        1,1,1,1,1,1,
        0,1,2,3,4,5,
        0,1,1,3,4,5,
        4,1,2,1,4,1,
        3,1,1,3,1,1,
        0,1,2,3,4,1])]).
interpretation( 6, [number = 66,seconds = 0], [
    function(^(_,_), [
        0,0,0,0,0,0,
        0,1,2,3,4,5,
        0,2,2,0,2,0,
        0,3,0,3,3,0,
        0,4,2,3,4,5,
        0,5,0,0,5,5]),
    function(v(_,_), [
        0,1,2,3,4,5,
        1,1,1,1,1,1,
        2,1,2,4,4,4,
        3,1,4,3,4,4,
        4,1,4,4,4,4,
        5,1,4,4,4,5]),
    function(i(_,_), [
        1,1,1,1,1,1,
        0,1,2,3,4,5,
        0,1,1,3,1,5,
        0,1,2,1,1,5,
        0,1,2,3,1,5,
        0,1,2,3,1,1])]).
interpretation( 6, [number = 67,seconds = 0], [
    function(^(_,_), [
        0,0,0,0,0,0,
        0,1,2,3,4,5,
        0,2,2,0,2,0,
        0,3,0,3,3,3,
        0,4,2,3,4,5,
        0,5,0,3,5,5]),
    function(v(_,_), [
        0,1,2,3,4,5,
        1,1,1,1,1,1,
        2,1,2,4,4,4,
        3,1,4,3,4,5,
        4,1,4,4,4,4,
        5,1,4,5,4,5]),
    function(i(_,_), [
        1,1,1,1,1,1,
        0,1,2,3,4,5,
        0,1,1,3,1,5,
        0,1,2,1,1,1,
        0,1,2,3,1,5,
        0,1,2,3,1,1])]).
interpretation( 6, [number = 73,seconds = 0], [
    function(^(_,_), [
        0,0,0,0,0,0,
        0,1,2,3,4,5,
        0,2,2,0,2,2,
        0,3,0,3,3,3,
        0,4,2,3,4,4,
        0,5,2,3,4,5]),
    function(v(_,_), [
        0,1,2,3,4,5,
        1,1,1,1,1,1,
        2,1,2,4,4,5,
        3,1,4,3,4,5,
        4,1,4,4,4,5,
        5,1,5,5,5,5]),
    function(i(_,_), [
        1,1,1,1,1,1,
        0,1,2,3,4,5,
        0,1,1,3,1,1,
        0,1,2,1,1,1,
        0,1,2,3,1,1,
        0,1,2,3,4,1])]).
interpretation( 6, [number = 75,seconds = 0], [
    function(^(_,_), [
        0,0,0,0,0,0,
        0,1,2,3,4,5,
        0,2,2,0,2,5,
        0,3,0,3,3,0,
        0,4,2,3,4,5,
        0,5,5,0,5,5]),
    function(v(_,_), [
        0,1,2,3,4,5,
        1,1,1,1,1,1,
        2,1,2,4,4,2,
        3,1,4,3,4,4,
        4,1,4,4,4,4,
        5,1,2,4,4,5]),
    function(i(_,_), [
        1,1,1,1,1,1,
        0,1,2,3,4,5,
        0,1,1,3,1,5,
        5,1,2,1,1,5,
        0,1,2,3,1,5,
        3,1,1,3,1,1])]).
interpretation( 6, [number = 106,seconds = 0], [
    function(^(_,_), [
        0,0,0,0,0,0,
        0,1,2,3,4,5,
        0,2,2,2,2,2,
        0,3,2,3,2,2,
        0,4,2,2,4,2,
        0,5,2,2,2,5]),
    function(v(_,_), [
        0,1,2,3,4,5,
        1,1,1,1,1,1,
        2,1,2,3,4,5,
        3,1,3,3,1,1,
        4,1,4,1,4,1,
        5,1,5,1,1,5]),
    function(i(_,_), [
        1,1,1,1,1,1,
        0,1,2,3,4,5,
        0,1,1,1,1,1,
        0,1,2,1,4,5,
        0,1,2,3,1,5,
        0,1,2,3,4,1])]).
interpretation( 6, [number = 107,seconds = 0], [
    function(^(_,_), [
        0,0,0,0,0,0,
        0,1,2,3,4,5,
        0,2,2,2,2,2,
        0,3,2,3,2,2,
        0,4,2,2,4,4,
        0,5,2,2,4,5]),
    function(v(_,_), [
        0,1,2,3,4,5,
        1,1,1,1,1,1,
        2,1,2,3,4,5,
        3,1,3,3,1,1,
        4,1,4,1,4,5,
        5,1,5,1,5,5]),
    function(i(_,_), [
        1,1,1,1,1,1,
        0,1,2,3,4,5,
        0,1,1,1,1,1,
        0,1,2,1,4,5,
        0,1,2,3,1,1,
        0,1,2,3,4,1])]).
interpretation( 6, [number = 111,seconds = 0], [
    function(^(_,_), [
        0,0,0,0,0,0,
        0,1,2,3,4,5,
        0,2,2,2,2,5,
        0,3,2,3,2,5,
        0,4,2,2,4,5,
        0,5,5,5,5,5]),
    function(v(_,_), [
        0,1,2,3,4,5,
        1,1,1,1,1,1,
        2,1,2,3,4,2,
        3,1,3,3,1,3,
        4,1,4,1,4,4,
        5,1,2,3,4,5]),
    function(i(_,_), [
        1,1,1,1,1,1,
        0,1,2,3,4,5,
        0,1,1,1,1,5,
        0,1,2,1,4,5,
        0,1,2,3,1,5,
        0,1,1,1,1,1])]).
interpretation( 6, [number = 112,seconds = 0], [
    function(^(_,_), [
        0,0,0,0,0,0,
        0,1,2,3,4,5,
        0,2,2,2,2,2,
        0,3,2,3,2,5,
        0,4,2,2,4,2,
        0,5,2,5,2,5]),
    function(v(_,_), [
        0,1,2,3,4,5,
        1,1,1,1,1,1,
        2,1,2,3,4,5,
        3,1,3,3,1,3,
        4,1,4,1,4,1,
        5,1,5,3,1,5]),
    function(i(_,_), [
        1,1,1,1,1,1,
        0,1,2,3,4,5,
        0,1,1,1,1,1,
        0,1,2,1,4,5,
        0,1,5,3,1,5,
        0,1,4,1,4,1])]).
interpretation( 6, [number = 113,seconds = 0], [
    function(^(_,_), [
        0,0,0,0,0,0,
        0,1,2,3,4,5,
        0,2,2,2,2,2,
        0,3,2,3,2,3,
        0,4,2,2,4,4,
        0,5,2,3,4,5]),
    function(v(_,_), [
        0,1,2,3,4,5,
        1,1,1,1,1,1,
        2,1,2,3,4,5,
        3,1,3,3,5,5,
        4,1,4,5,4,5,
        5,1,5,5,5,5]),
    function(i(_,_), [
        1,1,1,1,1,1,
        0,1,2,3,4,5,
        0,1,1,1,1,1,
        0,1,2,1,4,1,
        0,1,2,3,1,1,
        0,1,2,3,4,1])]).
interpretation( 6, [number = 120,seconds = 0], [
    function(^(_,_), [
        0,0,0,0,0,0,
        0,1,2,3,4,5,
        0,2,2,2,2,2,
        0,3,2,3,3,3,
        0,4,2,3,4,4,
        0,5,2,3,4,5]),
    function(v(_,_), [
        0,1,2,3,4,5,
        1,1,1,1,1,1,
        2,1,2,3,4,5,
        3,1,3,3,4,5,
        4,1,4,4,4,5,
        5,1,5,5,5,5]),
    function(i(_,_), [
        1,1,1,1,1,1,
        0,1,2,3,4,5,
        0,1,1,1,1,1,
        0,1,2,1,1,1,
        0,1,2,3,1,1,
        0,1,2,3,4,1])]).
interpretation( 6, [number = 124,seconds = 0], [
    function(^(_,_), [
        0,0,0,0,0,0,
        0,1,2,3,4,5,
        0,2,2,2,2,2,
        0,3,2,3,3,3,
        0,4,2,3,4,3,
        0,5,2,3,3,5]),
    function(v(_,_), [
        0,1,2,3,4,5,
        1,1,1,1,1,1,
        2,1,2,3,4,5,
        3,1,3,3,4,5,
        4,1,4,4,4,1,
        5,1,5,5,1,5]),
    function(i(_,_), [
        1,1,1,1,1,1,
        0,1,2,3,4,5,
        0,1,1,1,1,1,
        0,1,2,1,1,1,
        0,1,2,5,1,5,
        0,1,2,4,4,1])]).
interpretation( 6, [number = 136,seconds = 0], [
    function(^(_,_), [
        0,0,0,0,0,0,
        0,1,2,3,4,5,
        0,2,2,2,2,2,
        0,3,2,3,4,5,
        0,4,2,4,4,2,
        0,5,2,5,2,5]),
    function(v(_,_), [
        0,1,2,3,4,5,
        1,1,1,1,1,1,
        2,1,2,3,4,5,
        3,1,3,3,3,3,
        4,1,4,3,4,3,
        5,1,5,3,3,5]),
    function(i(_,_), [
        1,1,1,1,1,1,
        0,1,2,3,4,5,
        0,1,1,1,1,1,
        0,1,2,1,4,5,
        0,1,5,1,1,5,
        0,1,4,1,4,1])]).
interpretation( 6, [number = 152,seconds = 0], [
    function(^(_,_), [
        0,0,0,0,0,0,
        0,1,2,3,4,5,
        0,2,2,2,4,5,
        0,3,2,3,4,5,
        0,4,4,4,4,0,
        0,5,5,5,0,5]),
    function(v(_,_), [
        0,1,2,3,4,5,
        1,1,1,1,1,1,
        2,1,2,3,2,2,
        3,1,3,3,3,3,
        4,1,2,3,4,2,
        5,1,2,3,2,5]),
    function(i(_,_), [
        1,1,1,1,1,1,
        0,1,2,3,4,5,
        0,1,1,1,4,5,
        0,1,2,1,4,5,
        5,1,1,1,1,5,
        4,1,1,1,4,1])]).
interpretation( 6, [number = 259,seconds = 0], [
    function(^(_,_), [
        0,0,0,0,0,0,
        0,1,2,3,4,5,
        0,2,2,3,5,5,
        0,3,3,3,0,0,
        0,4,5,0,4,5,
        0,5,5,0,5,5]),
    function(v(_,_), [
        0,1,2,3,4,5,
        1,1,1,1,1,1,
        2,1,2,2,1,2,
        3,1,2,3,1,2,
        4,1,1,1,4,4,
        5,1,2,2,4,5]),
    function(i(_,_), [
        1,1,1,1,1,1,
        0,1,2,3,4,5,
        0,1,1,3,4,4,
        4,1,1,1,4,4,
        3,1,2,3,1,2,
        3,1,1,3,1,1])]).
% isofilter: input=312, kept=28, checks=284, perms=320, 0.04 seconds.
