interpretation( 7, [number = 1,seconds = 0], [
    function(^(_,_), [
        0,0,0,0,0,0,0,
        0,1,2,3,4,5,6,
        0,2,2,0,0,0,0,
        0,3,0,3,0,0,0,
        0,4,0,0,4,0,0,
        0,5,0,0,0,5,0,
        0,6,0,0,0,0,6]),
    function(v(_,_), [
        0,1,2,3,4,5,6,
        1,1,1,1,1,1,1,
        2,1,2,1,1,1,1,
        3,1,1,3,1,1,1,
        4,1,1,1,4,1,1,
        5,1,1,1,1,5,1,
        6,1,1,1,1,1,6]),
    function(i(_,_), [
        1,1,1,1,1,1,1,
        0,1,2,3,4,5,6,
        0,1,1,3,4,5,6,
        0,1,2,1,4,5,6,
        0,1,2,3,1,5,6,
        0,1,2,3,4,1,6,
        0,1,2,3,4,5,1])]).
interpretation( 7, [number = 2,seconds = 0], [
    function(^(_,_), [
        0,0,0,0,0,0,0,
        0,1,2,3,4,5,6,
        0,2,2,0,0,0,0,
        0,3,0,3,0,0,0,
        0,4,0,0,4,0,0,
        0,5,0,0,0,5,5,
        0,6,0,0,0,5,6]),
    function(v(_,_), [
        0,1,2,3,4,5,6,
        1,1,1,1,1,1,1,
        2,1,2,1,1,1,1,
        3,1,1,3,1,1,1,
        4,1,1,1,4,1,1,
        5,1,1,1,1,5,6,
        6,1,1,1,1,6,6]),
    function(i(_,_), [
        1,1,1,1,1,1,1,
        0,1,2,3,4,5,6,
        0,1,1,3,4,5,6,
        0,1,2,1,4,5,6,
        0,1,2,3,1,5,6,
        0,1,2,3,4,1,1,
        0,1,2,3,4,5,1])]).
interpretation( 7, [number = 10,seconds = 0], [
    function(^(_,_), [
        0,0,0,0,0,0,0,
        0,1,2,3,4,5,6,
        0,2,2,0,0,0,0,
        0,3,0,3,0,0,0,
        0,4,0,0,4,0,4,
        0,5,0,0,0,5,5,
        0,6,0,0,4,5,6]),
    function(v(_,_), [
        0,1,2,3,4,5,6,
        1,1,1,1,1,1,1,
        2,1,2,1,1,1,1,
        3,1,1,3,1,1,1,
        4,1,1,1,4,6,6,
        5,1,1,1,6,5,6,
        6,1,1,1,6,6,6]),
    function(i(_,_), [
        1,1,1,1,1,1,1,
        0,1,2,3,4,5,6,
        0,1,1,3,4,5,6,
        0,1,2,1,4,5,6,
        0,1,2,3,1,5,1,
        0,1,2,3,4,1,1,
        0,1,2,3,4,5,1])]).
interpretation( 7, [number = 13,seconds = 0], [
    function(^(_,_), [
        0,0,0,0,0,0,0,
        0,1,2,3,4,5,6,
        0,2,2,0,0,0,0,
        0,3,0,3,0,0,0,
        0,4,0,0,4,4,4,
        0,5,0,0,4,5,4,
        0,6,0,0,4,4,6]),
    function(v(_,_), [
        0,1,2,3,4,5,6,
        1,1,1,1,1,1,1,
        2,1,2,1,1,1,1,
        3,1,1,3,1,1,1,
        4,1,1,1,4,5,6,
        5,1,1,1,5,5,1,
        6,1,1,1,6,1,6]),
    function(i(_,_), [
        1,1,1,1,1,1,1,
        0,1,2,3,4,5,6,
        0,1,1,3,4,5,6,
        0,1,2,1,4,5,6,
        0,1,2,3,1,1,1,
        0,1,2,3,4,1,6,
        0,1,2,3,4,5,1])]).
interpretation( 7, [number = 14,seconds = 0], [
    function(^(_,_), [
        0,0,0,0,0,0,0,
        0,1,2,3,4,5,6,
        0,2,2,0,0,0,0,
        0,3,0,3,0,0,0,
        0,4,0,0,4,4,4,
        0,5,0,0,4,5,5,
        0,6,0,0,4,5,6]),
    function(v(_,_), [
        0,1,2,3,4,5,6,
        1,1,1,1,1,1,1,
        2,1,2,1,1,1,1,
        3,1,1,3,1,1,1,
        4,1,1,1,4,5,6,
        5,1,1,1,5,5,6,
        6,1,1,1,6,6,6]),
    function(i(_,_), [
        1,1,1,1,1,1,1,
        0,1,2,3,4,5,6,
        0,1,1,3,4,5,6,
        0,1,2,1,4,5,6,
        0,1,2,3,1,1,1,
        0,1,2,3,4,1,1,
        0,1,2,3,4,5,1])]).
interpretation( 7, [number = 17,seconds = 0], [
    function(^(_,_), [
        0,0,0,0,0,0,0,
        0,1,2,3,4,5,6,
        0,2,2,0,0,0,0,
        0,3,0,3,0,0,3,
        0,4,0,0,4,4,0,
        0,5,0,0,4,5,0,
        0,6,0,3,0,0,6]),
    function(v(_,_), [
        0,1,2,3,4,5,6,
        1,1,1,1,1,1,1,
        2,1,2,1,1,1,1,
        3,1,1,3,1,1,6,
        4,1,1,1,4,5,1,
        5,1,1,1,5,5,1,
        6,1,1,6,1,1,6]),
    function(i(_,_), [
        1,1,1,1,1,1,1,
        0,1,2,3,4,5,6,
        0,1,1,3,4,5,6,
        0,1,2,1,4,5,1,
        0,1,2,3,1,1,6,
        0,1,2,3,4,1,6,
        0,1,2,3,4,5,1])]).
interpretation( 7, [number = 21,seconds = 0], [
    function(^(_,_), [
        0,0,0,0,0,0,0,
        0,1,2,3,4,5,6,
        0,2,2,0,0,0,0,
        0,3,0,3,0,0,0,
        0,4,0,0,4,4,4,
        0,5,0,0,4,5,4,
        0,6,0,0,4,4,6]),
    function(v(_,_), [
        0,1,2,3,4,5,6,
        1,1,1,1,1,1,1,
        2,1,2,1,1,1,1,
        3,1,1,3,1,1,1,
        4,1,1,1,4,5,6,
        5,1,1,1,5,5,1,
        6,1,1,1,6,1,6]),
    function(i(_,_), [
        1,1,1,1,1,1,1,
        0,1,2,3,4,5,6,
        0,1,1,3,4,5,6,
        0,1,2,1,4,5,6,
        0,1,2,3,1,1,1,
        0,1,2,3,6,1,6,
        0,1,2,3,5,5,1])]).
interpretation( 7, [number = 36,seconds = 0], [
    function(^(_,_), [
        0,0,0,0,0,0,0,
        0,1,2,3,4,5,6,
        0,2,2,0,0,0,0,
        0,3,0,3,0,0,3,
        0,4,0,0,4,5,5,
        0,5,0,0,5,5,5,
        0,6,0,3,5,5,6]),
    function(v(_,_), [
        0,1,2,3,4,5,6,
        1,1,1,1,1,1,1,
        2,1,2,1,1,1,1,
        3,1,1,3,1,6,6,
        4,1,1,1,4,4,1,
        5,1,1,6,4,5,6,
        6,1,1,6,1,6,6]),
    function(i(_,_), [
        1,1,1,1,1,1,1,
        0,1,2,3,4,5,6,
        0,1,1,3,4,5,6,
        0,1,2,1,4,4,1,
        0,1,2,3,1,6,6,
        0,1,2,3,1,1,1,
        0,1,2,3,4,4,1])]).
interpretation( 7, [number = 37,seconds = 0], [
    function(^(_,_), [
        0,0,0,0,0,0,0,
        0,1,2,3,4,5,6,
        0,2,2,0,0,0,0,
        0,3,0,3,0,0,3,
        0,4,0,0,4,5,5,
        0,5,0,0,5,5,5,
        0,6,0,3,5,5,6]),
    function(v(_,_), [
        0,1,2,3,4,5,6,
        1,1,1,1,1,1,1,
        2,1,2,1,1,1,1,
        3,1,1,3,1,6,6,
        4,1,1,1,4,4,1,
        5,1,1,6,4,5,6,
        6,1,1,6,1,6,6]),
    function(i(_,_), [
        1,1,1,1,1,1,1,
        0,1,2,3,4,5,6,
        0,1,1,3,4,5,6,
        0,1,2,1,4,5,1,
        0,1,2,3,1,5,6,
        0,1,2,3,1,1,1,
        0,1,2,3,4,5,1])]).
interpretation( 7, [number = 109,seconds = 0], [
    function(^(_,_), [
        0,0,0,0,0,0,0,
        0,1,2,3,4,5,6,
        0,2,2,0,0,0,0,
        0,3,0,3,0,3,0,
        0,4,0,0,4,4,0,
        0,5,0,3,4,5,6,
        0,6,0,0,0,6,6]),
    function(v(_,_), [
        0,1,2,3,4,5,6,
        1,1,1,1,1,1,1,
        2,1,2,1,1,1,1,
        3,1,1,3,5,5,5,
        4,1,1,5,4,5,5,
        5,1,1,5,5,5,5,
        6,1,1,5,5,5,6]),
    function(i(_,_), [
        1,1,1,1,1,1,1,
        0,1,2,3,4,5,6,
        0,1,1,3,4,5,6,
        0,1,2,1,4,1,6,
        0,1,2,3,1,1,6,
        0,1,2,3,4,1,6,
        0,1,2,3,4,1,1])]).
interpretation( 7, [number = 110,seconds = 0], [
    function(^(_,_), [
        0,0,0,0,0,0,0,
        0,1,2,3,4,5,6,
        0,2,2,0,0,0,0,
        0,3,0,3,0,3,0,
        0,4,0,0,4,4,4,
        0,5,0,3,4,5,6,
        0,6,0,0,4,6,6]),
    function(v(_,_), [
        0,1,2,3,4,5,6,
        1,1,1,1,1,1,1,
        2,1,2,1,1,1,1,
        3,1,1,3,5,5,5,
        4,1,1,5,4,5,6,
        5,1,1,5,5,5,5,
        6,1,1,5,6,5,6]),
    function(i(_,_), [
        1,1,1,1,1,1,1,
        0,1,2,3,4,5,6,
        0,1,1,3,4,5,6,
        0,1,2,1,4,1,6,
        0,1,2,3,1,1,1,
        0,1,2,3,4,1,6,
        0,1,2,3,4,1,1])]).
interpretation( 7, [number = 116,seconds = 0], [
    function(^(_,_), [
        0,0,0,0,0,0,0,
        0,1,2,3,4,5,6,
        0,2,2,0,0,0,0,
        0,3,0,3,0,3,3,
        0,4,0,0,4,4,4,
        0,5,0,3,4,5,5,
        0,6,0,3,4,5,6]),
    function(v(_,_), [
        0,1,2,3,4,5,6,
        1,1,1,1,1,1,1,
        2,1,2,1,1,1,1,
        3,1,1,3,5,5,6,
        4,1,1,5,4,5,6,
        5,1,1,5,5,5,6,
        6,1,1,6,6,6,6]),
    function(i(_,_), [
        1,1,1,1,1,1,1,
        0,1,2,3,4,5,6,
        0,1,1,3,4,5,6,
        0,1,2,1,4,1,1,
        0,1,2,3,1,1,1,
        0,1,2,3,4,1,1,
        0,1,2,3,4,5,1])]).
interpretation( 7, [number = 118,seconds = 0], [
    function(^(_,_), [
        0,0,0,0,0,0,0,
        0,1,2,3,4,5,6,
        0,2,2,0,0,0,2,
        0,3,0,3,0,3,0,
        0,4,0,0,4,4,0,
        0,5,0,3,4,5,0,
        0,6,2,0,0,0,6]),
    function(v(_,_), [
        0,1,2,3,4,5,6,
        1,1,1,1,1,1,1,
        2,1,2,1,1,1,6,
        3,1,1,3,5,5,1,
        4,1,1,5,4,5,1,
        5,1,1,5,5,5,1,
        6,1,6,1,1,1,6]),
    function(i(_,_), [
        1,1,1,1,1,1,1,
        0,1,2,3,4,5,6,
        0,1,1,3,4,5,1,
        0,1,2,1,4,1,6,
        0,1,2,3,1,1,6,
        0,1,2,3,4,1,6,
        0,1,2,3,4,5,1])]).
interpretation( 7, [number = 120,seconds = 0], [
    function(^(_,_), [
        0,0,0,0,0,0,0,
        0,1,2,3,4,5,6,
        0,2,2,0,0,6,6,
        0,3,0,3,0,3,0,
        0,4,0,0,4,4,0,
        0,5,6,3,4,5,6,
        0,6,6,0,0,6,6]),
    function(v(_,_), [
        0,1,2,3,4,5,6,
        1,1,1,1,1,1,1,
        2,1,2,1,1,1,2,
        3,1,1,3,5,5,5,
        4,1,1,5,4,5,5,
        5,1,1,5,5,5,5,
        6,1,2,5,5,5,6]),
    function(i(_,_), [
        1,1,1,1,1,1,1,
        0,1,2,3,4,5,6,
        0,1,1,3,4,5,5,
        0,1,2,1,4,1,2,
        0,1,2,3,1,1,2,
        0,1,2,3,4,1,2,
        0,1,1,3,4,1,1])]).
interpretation( 7, [number = 121,seconds = 0], [
    function(^(_,_), [
        0,0,0,0,0,0,0,
        0,1,2,3,4,5,6,
        0,2,2,0,0,6,6,
        0,3,0,3,0,3,0,
        0,4,0,0,4,4,0,
        0,5,6,3,4,5,6,
        0,6,6,0,0,6,6]),
    function(v(_,_), [
        0,1,2,3,4,5,6,
        1,1,1,1,1,1,1,
        2,1,2,1,1,1,2,
        3,1,1,3,5,5,5,
        4,1,1,5,4,5,5,
        5,1,1,5,5,5,5,
        6,1,2,5,5,5,6]),
    function(i(_,_), [
        1,1,1,1,1,1,1,
        0,1,2,3,4,5,6,
        0,1,1,3,4,5,6,
        0,1,2,1,4,1,6,
        0,1,2,3,1,1,6,
        0,1,2,3,4,1,6,
        0,1,1,3,4,1,1])]).
interpretation( 7, [number = 154,seconds = 0], [
    function(^(_,_), [
        0,0,0,0,0,0,0,
        0,1,2,3,4,5,6,
        0,2,2,0,0,0,0,
        0,3,0,3,3,3,3,
        0,4,0,3,4,3,3,
        0,5,0,3,3,5,3,
        0,6,0,3,3,3,6]),
    function(v(_,_), [
        0,1,2,3,4,5,6,
        1,1,1,1,1,1,1,
        2,1,2,1,1,1,1,
        3,1,1,3,4,5,6,
        4,1,1,4,4,1,1,
        5,1,1,5,1,5,1,
        6,1,1,6,1,1,6]),
    function(i(_,_), [
        1,1,1,1,1,1,1,
        0,1,2,3,4,5,6,
        0,1,1,3,4,5,6,
        0,1,2,1,1,1,1,
        0,1,2,3,1,5,6,
        0,1,2,3,4,1,6,
        0,1,2,3,4,5,1])]).
interpretation( 7, [number = 155,seconds = 0], [
    function(^(_,_), [
        0,0,0,0,0,0,0,
        0,1,2,3,4,5,6,
        0,2,2,0,0,0,0,
        0,3,0,3,3,3,3,
        0,4,0,3,4,3,3,
        0,5,0,3,3,5,5,
        0,6,0,3,3,5,6]),
    function(v(_,_), [
        0,1,2,3,4,5,6,
        1,1,1,1,1,1,1,
        2,1,2,1,1,1,1,
        3,1,1,3,4,5,6,
        4,1,1,4,4,1,1,
        5,1,1,5,1,5,6,
        6,1,1,6,1,6,6]),
    function(i(_,_), [
        1,1,1,1,1,1,1,
        0,1,2,3,4,5,6,
        0,1,1,3,4,5,6,
        0,1,2,1,1,1,1,
        0,1,2,3,1,5,6,
        0,1,2,3,4,1,1,
        0,1,2,3,4,5,1])]).
interpretation( 7, [number = 159,seconds = 0], [
    function(^(_,_), [
        0,0,0,0,0,0,0,
        0,1,2,3,4,5,6,
        0,2,2,0,0,0,0,
        0,3,0,3,3,3,6,
        0,4,0,3,4,3,6,
        0,5,0,3,3,5,6,
        0,6,0,6,6,6,6]),
    function(v(_,_), [
        0,1,2,3,4,5,6,
        1,1,1,1,1,1,1,
        2,1,2,1,1,1,1,
        3,1,1,3,4,5,3,
        4,1,1,4,4,1,4,
        5,1,1,5,1,5,5,
        6,1,1,3,4,5,6]),
    function(i(_,_), [
        1,1,1,1,1,1,1,
        0,1,2,3,4,5,6,
        0,1,1,3,4,5,6,
        0,1,2,1,1,1,6,
        0,1,2,3,1,5,6,
        0,1,2,3,4,1,6,
        0,1,2,1,1,1,1])]).
interpretation( 7, [number = 160,seconds = 0], [
    function(^(_,_), [
        0,0,0,0,0,0,0,
        0,1,2,3,4,5,6,
        0,2,2,0,0,0,2,
        0,3,0,3,3,3,0,
        0,4,0,3,4,3,0,
        0,5,0,3,3,5,0,
        0,6,2,0,0,0,6]),
    function(v(_,_), [
        0,1,2,3,4,5,6,
        1,1,1,1,1,1,1,
        2,1,2,1,1,1,6,
        3,1,1,3,4,5,1,
        4,1,1,4,4,1,1,
        5,1,1,5,1,5,1,
        6,1,6,1,1,1,6]),
    function(i(_,_), [
        1,1,1,1,1,1,1,
        0,1,2,3,4,5,6,
        0,1,1,3,4,5,1,
        0,1,2,1,1,1,6,
        0,1,2,3,1,5,6,
        0,1,2,3,4,1,6,
        0,1,2,3,4,5,1])]).
interpretation( 7, [number = 162,seconds = 0], [
    function(^(_,_), [
        0,0,0,0,0,0,0,
        0,1,2,3,4,5,6,
        0,2,2,0,0,0,0,
        0,3,0,3,3,3,3,
        0,4,0,3,4,3,6,
        0,5,0,3,3,5,3,
        0,6,0,3,6,3,6]),
    function(v(_,_), [
        0,1,2,3,4,5,6,
        1,1,1,1,1,1,1,
        2,1,2,1,1,1,1,
        3,1,1,3,4,5,6,
        4,1,1,4,4,1,4,
        5,1,1,5,1,5,1,
        6,1,1,6,4,1,6]),
    function(i(_,_), [
        1,1,1,1,1,1,1,
        0,1,2,3,4,5,6,
        0,1,1,3,4,5,6,
        0,1,2,1,1,1,1,
        0,1,2,3,1,5,6,
        0,1,2,6,4,1,6,
        0,1,2,5,1,5,1])]).
interpretation( 7, [number = 163,seconds = 0], [
    function(^(_,_), [
        0,0,0,0,0,0,0,
        0,1,2,3,4,5,6,
        0,2,2,0,0,0,0,
        0,3,0,3,3,3,3,
        0,4,0,3,4,3,4,
        0,5,0,3,3,5,5,
        0,6,0,3,4,5,6]),
    function(v(_,_), [
        0,1,2,3,4,5,6,
        1,1,1,1,1,1,1,
        2,1,2,1,1,1,1,
        3,1,1,3,4,5,6,
        4,1,1,4,4,6,6,
        5,1,1,5,6,5,6,
        6,1,1,6,6,6,6]),
    function(i(_,_), [
        1,1,1,1,1,1,1,
        0,1,2,3,4,5,6,
        0,1,1,3,4,5,6,
        0,1,2,1,1,1,1,
        0,1,2,3,1,5,1,
        0,1,2,3,4,1,1,
        0,1,2,3,4,5,1])]).
interpretation( 7, [number = 170,seconds = 0], [
    function(^(_,_), [
        0,0,0,0,0,0,0,
        0,1,2,3,4,5,6,
        0,2,2,0,0,0,0,
        0,3,0,3,3,3,3,
        0,4,0,3,4,4,4,
        0,5,0,3,4,5,5,
        0,6,0,3,4,5,6]),
    function(v(_,_), [
        0,1,2,3,4,5,6,
        1,1,1,1,1,1,1,
        2,1,2,1,1,1,1,
        3,1,1,3,4,5,6,
        4,1,1,4,4,5,6,
        5,1,1,5,5,5,6,
        6,1,1,6,6,6,6]),
    function(i(_,_), [
        1,1,1,1,1,1,1,
        0,1,2,3,4,5,6,
        0,1,1,3,4,5,6,
        0,1,2,1,1,1,1,
        0,1,2,3,1,1,1,
        0,1,2,3,4,1,1,
        0,1,2,3,4,5,1])]).
interpretation( 7, [number = 174,seconds = 0], [
    function(^(_,_), [
        0,0,0,0,0,0,0,
        0,1,2,3,4,5,6,
        0,2,2,0,0,0,2,
        0,3,0,3,3,3,0,
        0,4,0,3,4,4,0,
        0,5,0,3,4,5,0,
        0,6,2,0,0,0,6]),
    function(v(_,_), [
        0,1,2,3,4,5,6,
        1,1,1,1,1,1,1,
        2,1,2,1,1,1,6,
        3,1,1,3,4,5,1,
        4,1,1,4,4,5,1,
        5,1,1,5,5,5,1,
        6,1,6,1,1,1,6]),
    function(i(_,_), [
        1,1,1,1,1,1,1,
        0,1,2,3,4,5,6,
        0,1,1,3,4,5,1,
        0,1,2,1,1,1,6,
        0,1,2,3,1,1,6,
        0,1,2,3,4,1,6,
        0,1,2,3,4,5,1])]).
interpretation( 7, [number = 176,seconds = 0], [
    function(^(_,_), [
        0,0,0,0,0,0,0,
        0,1,2,3,4,5,6,
        0,2,2,0,0,0,0,
        0,3,0,3,3,3,3,
        0,4,0,3,4,4,4,
        0,5,0,3,4,5,4,
        0,6,0,3,4,4,6]),
    function(v(_,_), [
        0,1,2,3,4,5,6,
        1,1,1,1,1,1,1,
        2,1,2,1,1,1,1,
        3,1,1,3,4,5,6,
        4,1,1,4,4,5,6,
        5,1,1,5,5,5,1,
        6,1,1,6,6,1,6]),
    function(i(_,_), [
        1,1,1,1,1,1,1,
        0,1,2,3,4,5,6,
        0,1,1,3,4,5,6,
        0,1,2,1,1,1,1,
        0,1,2,3,1,1,1,
        0,1,2,3,6,1,6,
        0,1,2,3,5,5,1])]).
interpretation( 7, [number = 190,seconds = 0], [
    function(^(_,_), [
        0,0,0,0,0,0,0,
        0,1,2,3,4,5,6,
        0,2,2,0,0,0,0,
        0,3,0,3,3,3,3,
        0,4,0,3,4,5,6,
        0,5,0,3,5,5,3,
        0,6,0,3,6,3,6]),
    function(v(_,_), [
        0,1,2,3,4,5,6,
        1,1,1,1,1,1,1,
        2,1,2,1,1,1,1,
        3,1,1,3,4,5,6,
        4,1,1,4,4,4,4,
        5,1,1,5,4,5,4,
        6,1,1,6,4,4,6]),
    function(i(_,_), [
        1,1,1,1,1,1,1,
        0,1,2,3,4,5,6,
        0,1,1,3,4,5,6,
        0,1,2,1,1,1,1,
        0,1,2,3,1,5,6,
        0,1,2,6,1,1,6,
        0,1,2,5,1,5,1])]).
interpretation( 7, [number = 206,seconds = 0], [
    function(^(_,_), [
        0,0,0,0,0,0,0,
        0,1,2,3,4,5,6,
        0,2,2,0,0,0,6,
        0,3,0,3,3,5,0,
        0,4,0,3,4,5,0,
        0,5,0,5,5,5,0,
        0,6,6,0,0,0,6]),
    function(v(_,_), [
        0,1,2,3,4,5,6,
        1,1,1,1,1,1,1,
        2,1,2,1,1,1,2,
        3,1,1,3,4,3,1,
        4,1,1,4,4,4,1,
        5,1,1,3,4,5,1,
        6,1,2,1,1,1,6]),
    function(i(_,_), [
        1,1,1,1,1,1,1,
        0,1,2,3,4,5,6,
        0,1,1,3,4,5,6,
        0,1,2,1,1,5,6,
        0,1,2,3,1,5,6,
        6,1,2,1,1,1,6,
        5,1,1,3,4,5,1])]).
interpretation( 7, [number = 214,seconds = 0], [
    function(^(_,_), [
        0,0,0,0,0,0,0,
        0,1,2,3,4,5,6,
        0,2,2,0,0,0,2,
        0,3,0,3,3,0,0,
        0,4,0,3,4,5,5,
        0,5,0,0,5,5,5,
        0,6,2,0,5,5,6]),
    function(v(_,_), [
        0,1,2,3,4,5,6,
        1,1,1,1,1,1,1,
        2,1,2,1,1,6,6,
        3,1,1,3,4,4,1,
        4,1,1,4,4,4,1,
        5,1,6,4,4,5,6,
        6,1,6,1,1,6,6]),
    function(i(_,_), [
        1,1,1,1,1,1,1,
        0,1,2,3,4,5,6,
        0,1,1,3,4,4,1,
        0,1,2,1,1,6,6,
        0,1,2,3,1,6,6,
        0,1,2,3,1,1,1,
        0,1,2,3,4,4,1])]).
interpretation( 7, [number = 215,seconds = 0], [
    function(^(_,_), [
        0,0,0,0,0,0,0,
        0,1,2,3,4,5,6,
        0,2,2,0,0,0,2,
        0,3,0,3,3,0,0,
        0,4,0,3,4,5,5,
        0,5,0,0,5,5,5,
        0,6,2,0,5,5,6]),
    function(v(_,_), [
        0,1,2,3,4,5,6,
        1,1,1,1,1,1,1,
        2,1,2,1,1,6,6,
        3,1,1,3,4,4,1,
        4,1,1,4,4,4,1,
        5,1,6,4,4,5,6,
        6,1,6,1,1,6,6]),
    function(i(_,_), [
        1,1,1,1,1,1,1,
        0,1,2,3,4,5,6,
        0,1,1,3,4,5,1,
        0,1,2,1,1,5,6,
        0,1,2,3,1,5,6,
        0,1,2,3,1,1,1,
        0,1,2,3,4,5,1])]).
interpretation( 7, [number = 216,seconds = 0], [
    function(^(_,_), [
        0,0,0,0,0,0,0,
        0,1,2,3,4,5,6,
        0,2,2,0,0,0,2,
        0,3,0,3,3,5,5,
        0,4,0,3,4,5,5,
        0,5,0,5,5,5,5,
        0,6,2,5,5,5,6]),
    function(v(_,_), [
        0,1,2,3,4,5,6,
        1,1,1,1,1,1,1,
        2,1,2,1,1,6,6,
        3,1,1,3,4,3,1,
        4,1,1,4,4,4,1,
        5,1,6,3,4,5,6,
        6,1,6,1,1,6,6]),
    function(i(_,_), [
        1,1,1,1,1,1,1,
        0,1,2,3,4,5,6,
        0,1,1,3,4,3,1,
        0,1,2,1,1,6,6,
        0,1,2,3,1,5,6,
        0,1,2,1,1,1,1,
        0,1,2,3,4,3,1])]).
interpretation( 7, [number = 217,seconds = 0], [
    function(^(_,_), [
        0,0,0,0,0,0,0,
        0,1,2,3,4,5,6,
        0,2,2,0,0,0,2,
        0,3,0,3,3,5,5,
        0,4,0,3,4,5,5,
        0,5,0,5,5,5,5,
        0,6,2,5,5,5,6]),
    function(v(_,_), [
        0,1,2,3,4,5,6,
        1,1,1,1,1,1,1,
        2,1,2,1,1,6,6,
        3,1,1,3,4,3,1,
        4,1,1,4,4,4,1,
        5,1,6,3,4,5,6,
        6,1,6,1,1,6,6]),
    function(i(_,_), [
        1,1,1,1,1,1,1,
        0,1,2,3,4,5,6,
        0,1,1,3,4,5,1,
        0,1,2,1,1,5,6,
        0,1,2,3,1,5,6,
        0,1,2,1,1,1,1,
        0,1,2,3,4,5,1])]).
interpretation( 7, [number = 229,seconds = 0], [
    function(^(_,_), [
        0,0,0,0,0,0,0,
        0,1,2,3,4,5,6,
        0,2,2,0,0,2,2,
        0,3,0,3,3,0,0,
        0,4,0,3,4,0,0,
        0,5,2,0,0,5,2,
        0,6,2,0,0,2,6]),
    function(v(_,_), [
        0,1,2,3,4,5,6,
        1,1,1,1,1,1,1,
        2,1,2,1,1,5,6,
        3,1,1,3,4,1,1,
        4,1,1,4,4,1,1,
        5,1,5,1,1,5,1,
        6,1,6,1,1,1,6]),
    function(i(_,_), [
        1,1,1,1,1,1,1,
        0,1,2,3,4,5,6,
        0,1,1,3,4,1,1,
        0,1,2,1,1,5,6,
        0,1,2,3,1,5,6,
        0,1,6,3,4,1,6,
        0,1,5,3,4,5,1])]).
interpretation( 7, [number = 247,seconds = 0], [
    function(^(_,_), [
        0,0,0,0,0,0,0,
        0,1,2,3,4,5,6,
        0,2,2,0,0,5,5,
        0,3,0,3,3,0,3,
        0,4,0,3,4,0,3,
        0,5,5,0,0,5,5,
        0,6,5,3,3,5,6]),
    function(v(_,_), [
        0,1,2,3,4,5,6,
        1,1,1,1,1,1,1,
        2,1,2,1,1,2,1,
        3,1,1,3,4,6,6,
        4,1,1,4,4,1,1,
        5,1,2,6,1,5,6,
        6,1,1,6,1,6,6]),
    function(i(_,_), [
        1,1,1,1,1,1,1,
        0,1,2,3,4,5,6,
        0,1,1,3,4,5,6,
        0,1,2,1,1,5,1,
        0,1,2,3,1,5,6,
        0,1,1,3,4,1,1,
        0,1,2,3,4,5,1])]).
interpretation( 7, [number = 248,seconds = 0], [
    function(^(_,_), [
        0,0,0,0,0,0,0,
        0,1,2,3,4,5,6,
        0,2,2,0,0,5,5,
        0,3,0,3,3,0,3,
        0,4,0,3,4,0,3,
        0,5,5,0,0,5,5,
        0,6,5,3,3,5,6]),
    function(v(_,_), [
        0,1,2,3,4,5,6,
        1,1,1,1,1,1,1,
        2,1,2,1,1,2,1,
        3,1,1,3,4,6,6,
        4,1,1,4,4,1,1,
        5,1,2,6,1,5,6,
        6,1,1,6,1,6,6]),
    function(i(_,_), [
        1,1,1,1,1,1,1,
        0,1,2,3,4,5,6,
        0,1,1,3,4,6,6,
        0,1,2,1,1,2,1,
        0,1,2,3,1,5,6,
        0,1,1,3,4,1,1,
        0,1,2,3,4,2,1])]).
interpretation( 7, [number = 249,seconds = 0], [
    function(^(_,_), [
        0,0,0,0,0,0,0,
        0,1,2,3,4,5,6,
        0,2,2,0,0,5,5,
        0,3,0,3,3,0,3,
        0,4,0,3,4,0,4,
        0,5,5,0,0,5,5,
        0,6,5,3,4,5,6]),
    function(v(_,_), [
        0,1,2,3,4,5,6,
        1,1,1,1,1,1,1,
        2,1,2,1,1,2,1,
        3,1,1,3,4,6,6,
        4,1,1,4,4,6,6,
        5,1,2,6,6,5,6,
        6,1,1,6,6,6,6]),
    function(i(_,_), [
        1,1,1,1,1,1,1,
        0,1,2,3,4,5,6,
        0,1,1,3,4,5,6,
        0,1,2,1,1,5,1,
        0,1,2,3,1,5,1,
        0,1,1,3,4,1,1,
        0,1,2,3,4,5,1])]).
interpretation( 7, [number = 250,seconds = 0], [
    function(^(_,_), [
        0,0,0,0,0,0,0,
        0,1,2,3,4,5,6,
        0,2,2,0,0,5,5,
        0,3,0,3,3,0,3,
        0,4,0,3,4,0,4,
        0,5,5,0,0,5,5,
        0,6,5,3,4,5,6]),
    function(v(_,_), [
        0,1,2,3,4,5,6,
        1,1,1,1,1,1,1,
        2,1,2,1,1,2,1,
        3,1,1,3,4,6,6,
        4,1,1,4,4,6,6,
        5,1,2,6,6,5,6,
        6,1,1,6,6,6,6]),
    function(i(_,_), [
        1,1,1,1,1,1,1,
        0,1,2,3,4,5,6,
        0,1,1,3,4,6,6,
        0,1,2,1,1,2,1,
        0,1,2,3,1,2,1,
        0,1,1,3,4,1,1,
        0,1,2,3,4,2,1])]).
interpretation( 7, [number = 266,seconds = 0], [
    function(^(_,_), [
        0,0,0,0,0,0,0,
        0,1,2,3,4,5,6,
        0,2,2,0,0,6,6,
        0,3,0,3,3,3,0,
        0,4,0,3,4,3,0,
        0,5,6,3,3,5,6,
        0,6,6,0,0,6,6]),
    function(v(_,_), [
        0,1,2,3,4,5,6,
        1,1,1,1,1,1,1,
        2,1,2,1,1,1,2,
        3,1,1,3,4,5,5,
        4,1,1,4,4,1,1,
        5,1,1,5,1,5,5,
        6,1,2,5,1,5,6]),
    function(i(_,_), [
        1,1,1,1,1,1,1,
        0,1,2,3,4,5,6,
        0,1,1,3,4,5,5,
        0,1,2,1,1,1,2,
        0,1,2,5,1,5,6,
        0,1,2,4,4,1,2,
        0,1,1,4,4,1,1])]).
interpretation( 7, [number = 402,seconds = 0], [
    function(^(_,_), [
        0,0,0,0,0,0,0,
        0,1,2,3,4,5,6,
        0,2,2,0,0,5,5,
        0,3,0,3,4,0,0,
        0,4,0,4,4,0,0,
        0,5,5,0,0,5,5,
        0,6,5,0,0,5,6]),
    function(v(_,_), [
        0,1,2,3,4,5,6,
        1,1,1,1,1,1,1,
        2,1,2,1,1,2,1,
        3,1,1,3,3,1,1,
        4,1,1,3,4,1,1,
        5,1,2,1,1,5,6,
        6,1,1,1,1,6,6]),
    function(i(_,_), [
        1,1,1,1,1,1,1,
        0,1,2,3,4,5,6,
        0,1,1,3,4,5,6,
        0,1,2,1,4,5,6,
        5,1,2,1,1,5,6,
        4,1,1,3,4,1,1,
        0,1,2,3,4,5,1])]).
interpretation( 7, [number = 407,seconds = 0], [
    function(^(_,_), [
        0,0,0,0,0,0,0,
        0,1,2,3,4,5,6,
        0,2,2,0,0,5,5,
        0,3,0,3,4,0,0,
        0,4,0,4,4,0,0,
        0,5,5,0,0,5,5,
        0,6,5,0,0,5,6]),
    function(v(_,_), [
        0,1,2,3,4,5,6,
        1,1,1,1,1,1,1,
        2,1,2,1,1,2,1,
        3,1,1,3,3,1,1,
        4,1,1,3,4,1,1,
        5,1,2,1,1,5,6,
        6,1,1,1,1,6,6]),
    function(i(_,_), [
        1,1,1,1,1,1,1,
        0,1,2,3,4,5,6,
        0,1,1,3,4,6,6,
        0,1,2,1,4,5,6,
        5,1,2,1,1,5,6,
        4,1,1,3,4,1,1,
        0,1,2,3,4,2,1])]).
interpretation( 7, [number = 408,seconds = 0], [
    function(^(_,_), [
        0,0,0,0,0,0,0,
        0,1,2,3,4,5,6,
        0,2,2,0,0,5,5,
        0,3,0,3,4,0,4,
        0,4,0,4,4,0,4,
        0,5,5,0,0,5,5,
        0,6,5,4,4,5,6]),
    function(v(_,_), [
        0,1,2,3,4,5,6,
        1,1,1,1,1,1,1,
        2,1,2,1,1,2,1,
        3,1,1,3,3,1,1,
        4,1,1,3,4,6,6,
        5,1,2,1,6,5,6,
        6,1,1,1,6,6,6]),
    function(i(_,_), [
        1,1,1,1,1,1,1,
        0,1,2,3,4,5,6,
        0,1,1,3,4,5,6,
        0,1,2,1,4,5,6,
        5,1,2,1,1,5,1,
        4,1,1,3,4,1,1,
        0,1,2,3,4,5,1])]).
interpretation( 7, [number = 409,seconds = 0], [
    function(^(_,_), [
        0,0,0,0,0,0,0,
        0,1,2,3,4,5,6,
        0,2,2,0,0,5,5,
        0,3,0,3,4,0,3,
        0,4,0,4,4,0,4,
        0,5,5,0,0,5,5,
        0,6,5,3,4,5,6]),
    function(v(_,_), [
        0,1,2,3,4,5,6,
        1,1,1,1,1,1,1,
        2,1,2,1,1,2,1,
        3,1,1,3,3,6,6,
        4,1,1,3,4,6,6,
        5,1,2,6,6,5,6,
        6,1,1,6,6,6,6]),
    function(i(_,_), [
        1,1,1,1,1,1,1,
        0,1,2,3,4,5,6,
        0,1,1,3,4,5,6,
        0,1,2,1,4,5,1,
        5,1,2,1,1,5,1,
        4,1,1,3,4,1,1,
        0,1,2,3,4,5,1])]).
interpretation( 7, [number = 447,seconds = 0], [
    function(^(_,_), [
        0,0,0,0,0,0,0,
        0,1,2,3,4,5,6,
        0,2,2,0,0,0,2,
        0,3,0,3,5,5,5,
        0,4,0,5,4,5,5,
        0,5,0,5,5,5,5,
        0,6,2,5,5,5,6]),
    function(v(_,_), [
        0,1,2,3,4,5,6,
        1,1,1,1,1,1,1,
        2,1,2,1,1,6,6,
        3,1,1,3,1,3,1,
        4,1,1,1,4,4,1,
        5,1,6,3,4,5,6,
        6,1,6,1,1,6,6]),
    function(i(_,_), [
        1,1,1,1,1,1,1,
        0,1,2,3,4,5,6,
        0,1,1,3,4,5,1,
        0,1,2,1,4,5,6,
        0,1,2,3,1,5,6,
        0,1,2,1,1,1,1,
        0,1,2,3,4,5,1])]).
interpretation( 7, [number = 464,seconds = 0], [
    function(^(_,_), [
        0,0,0,0,0,0,0,
        0,1,2,3,4,5,6,
        0,2,2,0,0,2,0,
        0,3,0,3,4,4,6,
        0,4,0,4,4,4,6,
        0,5,2,4,4,5,6,
        0,6,0,6,6,6,6]),
    function(v(_,_), [
        0,1,2,3,4,5,6,
        1,1,1,1,1,1,1,
        2,1,2,1,5,5,5,
        3,1,1,3,3,1,3,
        4,1,5,3,4,5,4,
        5,1,5,1,5,5,5,
        6,1,5,3,4,5,6]),
    function(i(_,_), [
        1,1,1,1,1,1,1,
        0,1,2,3,4,5,6,
        0,1,1,3,3,1,6,
        0,1,2,1,5,5,6,
        0,1,2,1,1,1,6,
        0,1,2,3,3,1,6,
        0,1,2,1,1,1,1])]).
interpretation( 7, [number = 471,seconds = 0], [
    function(^(_,_), [
        0,0,0,0,0,0,0,
        0,1,2,3,4,5,6,
        0,2,2,0,0,2,2,
        0,3,0,3,4,4,4,
        0,4,0,4,4,4,4,
        0,5,2,4,4,5,5,
        0,6,2,4,4,5,6]),
    function(v(_,_), [
        0,1,2,3,4,5,6,
        1,1,1,1,1,1,1,
        2,1,2,1,5,5,6,
        3,1,1,3,3,1,1,
        4,1,5,3,4,5,6,
        5,1,5,1,5,5,6,
        6,1,6,1,6,6,6]),
    function(i(_,_), [
        1,1,1,1,1,1,1,
        0,1,2,3,4,5,6,
        0,1,1,3,3,1,1,
        0,1,2,1,5,5,6,
        0,1,2,1,1,1,1,
        0,1,2,3,3,1,1,
        0,1,2,3,4,5,1])]).
interpretation( 7, [number = 473,seconds = 0], [
    function(^(_,_), [
        0,0,0,0,0,0,0,
        0,1,2,3,4,5,6,
        0,2,2,0,0,2,0,
        0,3,0,3,4,4,6,
        0,4,0,4,4,4,6,
        0,5,2,4,4,5,6,
        0,6,0,6,6,6,6]),
    function(v(_,_), [
        0,1,2,3,4,5,6,
        1,1,1,1,1,1,1,
        2,1,2,1,5,5,5,
        3,1,1,3,3,1,3,
        4,1,5,3,4,5,4,
        5,1,5,1,5,5,5,
        6,1,5,3,4,5,6]),
    function(i(_,_), [
        1,1,1,1,1,1,1,
        0,1,2,3,4,5,6,
        0,1,1,3,4,1,6,
        0,1,2,1,4,5,6,
        0,1,2,1,1,1,6,
        0,1,2,3,4,1,6,
        0,1,2,1,1,1,1])]).
interpretation( 7, [number = 475,seconds = 0], [
    function(^(_,_), [
        0,0,0,0,0,0,0,
        0,1,2,3,4,5,6,
        0,2,2,0,0,2,0,
        0,3,0,3,4,4,4,
        0,4,0,4,4,4,4,
        0,5,2,4,4,5,6,
        0,6,0,4,4,6,6]),
    function(v(_,_), [
        0,1,2,3,4,5,6,
        1,1,1,1,1,1,1,
        2,1,2,1,5,5,5,
        3,1,1,3,3,1,1,
        4,1,5,3,4,5,6,
        5,1,5,1,5,5,5,
        6,1,5,1,6,5,6]),
    function(i(_,_), [
        1,1,1,1,1,1,1,
        0,1,2,3,4,5,6,
        0,1,1,3,4,1,6,
        0,1,2,1,4,5,6,
        0,1,2,1,1,1,1,
        0,1,2,3,4,1,6,
        0,1,2,3,4,1,1])]).
interpretation( 7, [number = 483,seconds = 0], [
    function(^(_,_), [
        0,0,0,0,0,0,0,
        0,1,2,3,4,5,6,
        0,2,2,0,0,2,2,
        0,3,0,3,4,4,4,
        0,4,0,4,4,4,4,
        0,5,2,4,4,5,5,
        0,6,2,4,4,5,6]),
    function(v(_,_), [
        0,1,2,3,4,5,6,
        1,1,1,1,1,1,1,
        2,1,2,1,5,5,6,
        3,1,1,3,3,1,1,
        4,1,5,3,4,5,6,
        5,1,5,1,5,5,6,
        6,1,6,1,6,6,6]),
    function(i(_,_), [
        1,1,1,1,1,1,1,
        0,1,2,3,4,5,6,
        0,1,1,3,4,1,1,
        0,1,2,1,4,5,6,
        0,1,2,1,1,1,1,
        0,1,2,3,4,1,1,
        0,1,2,3,4,5,1])]).
interpretation( 7, [number = 486,seconds = 0], [
    function(^(_,_), [
        0,0,0,0,0,0,0,
        0,1,2,3,4,5,6,
        0,2,2,0,0,2,0,
        0,3,0,3,4,4,4,
        0,4,0,4,4,4,4,
        0,5,2,4,4,5,6,
        0,6,0,4,4,6,6]),
    function(v(_,_), [
        0,1,2,3,4,5,6,
        1,1,1,1,1,1,1,
        2,1,2,1,5,5,5,
        3,1,1,3,3,1,1,
        4,1,5,3,4,5,6,
        5,1,5,1,5,5,5,
        6,1,5,1,6,5,6]),
    function(i(_,_), [
        1,1,1,1,1,1,1,
        0,1,2,3,4,5,6,
        0,1,1,3,4,1,6,
        0,1,2,1,6,5,6,
        0,1,2,1,1,1,1,
        0,1,2,3,4,1,6,
        0,1,2,3,3,1,1])]).
interpretation( 7, [number = 910,seconds = 0], [
    function(^(_,_), [
        0,0,0,0,0,0,0,
        0,1,2,3,4,5,6,
        0,2,2,0,4,2,2,
        0,3,0,3,0,0,0,
        0,4,4,0,4,4,4,
        0,5,2,0,4,5,2,
        0,6,2,0,4,2,6]),
    function(v(_,_), [
        0,1,2,3,4,5,6,
        1,1,1,1,1,1,1,
        2,1,2,1,2,5,6,
        3,1,1,3,1,1,1,
        4,1,2,1,4,5,6,
        5,1,5,1,5,5,1,
        6,1,6,1,6,1,6]),
    function(i(_,_), [
        1,1,1,1,1,1,1,
        0,1,2,3,4,5,6,
        0,1,1,3,4,1,1,
        4,1,2,1,4,5,6,
        3,1,1,3,1,1,1,
        0,1,2,3,4,1,6,
        0,1,2,3,4,5,1])]).
interpretation( 7, [number = 911,seconds = 0], [
    function(^(_,_), [
        0,0,0,0,0,0,0,
        0,1,2,3,4,5,6,
        0,2,2,0,4,2,2,
        0,3,0,3,0,0,0,
        0,4,4,0,4,4,4,
        0,5,2,0,4,5,5,
        0,6,2,0,4,5,6]),
    function(v(_,_), [
        0,1,2,3,4,5,6,
        1,1,1,1,1,1,1,
        2,1,2,1,2,5,6,
        3,1,1,3,1,1,1,
        4,1,2,1,4,5,6,
        5,1,5,1,5,5,6,
        6,1,6,1,6,6,6]),
    function(i(_,_), [
        1,1,1,1,1,1,1,
        0,1,2,3,4,5,6,
        0,1,1,3,4,1,1,
        4,1,2,1,4,5,6,
        3,1,1,3,1,1,1,
        0,1,2,3,4,1,1,
        0,1,2,3,4,5,1])]).
interpretation( 7, [number = 913,seconds = 0], [
    function(^(_,_), [
        0,0,0,0,0,0,0,
        0,1,2,3,4,5,6,
        0,2,2,0,4,2,4,
        0,3,0,3,0,0,0,
        0,4,4,0,4,4,4,
        0,5,2,0,4,5,4,
        0,6,4,0,4,4,6]),
    function(v(_,_), [
        0,1,2,3,4,5,6,
        1,1,1,1,1,1,1,
        2,1,2,1,2,5,1,
        3,1,1,3,1,1,1,
        4,1,2,1,4,5,6,
        5,1,5,1,5,5,1,
        6,1,1,1,6,1,6]),
    function(i(_,_), [
        1,1,1,1,1,1,1,
        0,1,2,3,4,5,6,
        0,1,1,3,4,1,6,
        4,1,2,1,4,5,6,
        3,1,1,3,1,1,1,
        0,1,2,3,4,1,6,
        0,1,2,3,4,5,1])]).
interpretation( 7, [number = 914,seconds = 0], [
    function(^(_,_), [
        0,0,0,0,0,0,0,
        0,1,2,3,4,5,6,
        0,2,2,0,4,2,4,
        0,3,0,3,0,0,0,
        0,4,4,0,4,4,4,
        0,5,2,0,4,5,6,
        0,6,4,0,4,6,6]),
    function(v(_,_), [
        0,1,2,3,4,5,6,
        1,1,1,1,1,1,1,
        2,1,2,1,2,5,5,
        3,1,1,3,1,1,1,
        4,1,2,1,4,5,6,
        5,1,5,1,5,5,5,
        6,1,5,1,6,5,6]),
    function(i(_,_), [
        1,1,1,1,1,1,1,
        0,1,2,3,4,5,6,
        0,1,1,3,4,1,6,
        4,1,2,1,4,5,6,
        3,1,1,3,1,1,1,
        0,1,2,3,4,1,6,
        0,1,2,3,4,1,1])]).
interpretation( 7, [number = 917,seconds = 0], [
    function(^(_,_), [
        0,0,0,0,0,0,0,
        0,1,2,3,4,5,6,
        0,2,2,0,4,2,2,
        0,3,0,3,0,0,0,
        0,4,4,0,4,4,4,
        0,5,2,0,4,5,2,
        0,6,2,0,4,2,6]),
    function(v(_,_), [
        0,1,2,3,4,5,6,
        1,1,1,1,1,1,1,
        2,1,2,1,2,5,6,
        3,1,1,3,1,1,1,
        4,1,2,1,4,5,6,
        5,1,5,1,5,5,1,
        6,1,6,1,6,1,6]),
    function(i(_,_), [
        1,1,1,1,1,1,1,
        0,1,2,3,4,5,6,
        0,1,1,3,4,1,1,
        4,1,2,1,4,5,6,
        3,1,1,3,1,1,1,
        0,1,6,3,4,1,6,
        0,1,5,3,4,5,1])]).
interpretation( 7, [number = 919,seconds = 0], [
    function(^(_,_), [
        0,0,0,0,0,0,0,
        0,1,2,3,4,5,6,
        0,2,2,0,4,4,4,
        0,3,0,3,0,0,0,
        0,4,4,0,4,4,4,
        0,5,4,0,4,5,4,
        0,6,4,0,4,4,6]),
    function(v(_,_), [
        0,1,2,3,4,5,6,
        1,1,1,1,1,1,1,
        2,1,2,1,2,1,1,
        3,1,1,3,1,1,1,
        4,1,2,1,4,5,6,
        5,1,1,1,5,5,1,
        6,1,1,1,6,1,6]),
    function(i(_,_), [
        1,1,1,1,1,1,1,
        0,1,2,3,4,5,6,
        0,1,1,3,4,5,6,
        4,1,2,1,4,5,6,
        3,1,1,3,1,1,1,
        0,1,2,3,4,1,6,
        0,1,2,3,4,5,1])]).
interpretation( 7, [number = 924,seconds = 0], [
    function(^(_,_), [
        0,0,0,0,0,0,0,
        0,1,2,3,4,5,6,
        0,2,2,0,4,4,6,
        0,3,0,3,0,0,0,
        0,4,4,0,4,4,4,
        0,5,4,0,4,5,4,
        0,6,6,0,4,4,6]),
    function(v(_,_), [
        0,1,2,3,4,5,6,
        1,1,1,1,1,1,1,
        2,1,2,1,2,1,2,
        3,1,1,3,1,1,1,
        4,1,2,1,4,5,6,
        5,1,1,1,5,5,1,
        6,1,2,1,6,1,6]),
    function(i(_,_), [
        1,1,1,1,1,1,1,
        0,1,2,3,4,5,6,
        0,1,1,3,4,5,6,
        4,1,2,1,4,5,6,
        3,1,1,3,1,1,1,
        0,1,2,3,6,1,6,
        0,1,1,3,5,5,1])]).
interpretation( 7, [number = 934,seconds = 0], [
    function(^(_,_), [
        0,0,0,0,0,0,0,
        0,1,2,3,4,5,6,
        0,2,2,0,4,5,6,
        0,3,0,3,0,0,0,
        0,4,4,0,4,4,4,
        0,5,5,0,4,5,4,
        0,6,6,0,4,4,6]),
    function(v(_,_), [
        0,1,2,3,4,5,6,
        1,1,1,1,1,1,1,
        2,1,2,1,2,2,2,
        3,1,1,3,1,1,1,
        4,1,2,1,4,5,6,
        5,1,2,1,5,5,2,
        6,1,2,1,6,2,6]),
    function(i(_,_), [
        1,1,1,1,1,1,1,
        0,1,2,3,4,5,6,
        0,1,1,3,4,5,6,
        4,1,2,1,4,5,6,
        3,1,1,3,1,1,1,
        0,1,1,3,6,1,6,
        0,1,1,3,5,5,1])]).
interpretation( 7, [number = 938,seconds = 0], [
    function(^(_,_), [
        0,0,0,0,0,0,0,
        0,1,2,3,4,5,6,
        0,2,2,0,4,5,5,
        0,3,0,3,0,0,3,
        0,4,4,0,4,0,0,
        0,5,5,0,0,5,5,
        0,6,5,3,0,5,6]),
    function(v(_,_), [
        0,1,2,3,4,5,6,
        1,1,1,1,1,1,1,
        2,1,2,1,2,2,1,
        3,1,1,3,1,6,6,
        4,1,2,1,4,2,1,
        5,1,2,6,2,5,6,
        6,1,1,6,1,6,6]),
    function(i(_,_), [
        1,1,1,1,1,1,1,
        0,1,2,3,4,5,6,
        0,1,1,3,4,6,6,
        4,1,2,1,4,2,1,
        3,1,1,3,1,6,6,
        0,1,1,3,4,1,1,
        0,1,2,3,4,2,1])]).
interpretation( 7, [number = 939,seconds = 0], [
    function(^(_,_), [
        0,0,0,0,0,0,0,
        0,1,2,3,4,5,6,
        0,2,2,0,4,5,5,
        0,3,0,3,0,0,3,
        0,4,4,0,4,5,5,
        0,5,5,0,5,5,5,
        0,6,5,3,5,5,6]),
    function(v(_,_), [
        0,1,2,3,4,5,6,
        1,1,1,1,1,1,1,
        2,1,2,1,2,2,1,
        3,1,1,3,1,6,6,
        4,1,2,1,4,4,1,
        5,1,2,6,4,5,6,
        6,1,1,6,1,6,6]),
    function(i(_,_), [
        1,1,1,1,1,1,1,
        0,1,2,3,4,5,6,
        0,1,1,3,4,5,6,
        4,1,2,1,4,4,1,
        3,1,1,3,1,6,6,
        3,1,1,3,1,1,1,
        0,1,2,3,4,4,1])]).
interpretation( 7, [number = 949,seconds = 0], [
    function(^(_,_), [
        0,0,0,0,0,0,0,
        0,1,2,3,4,5,6,
        0,2,2,0,4,0,4,
        0,3,0,3,0,5,5,
        0,4,4,0,4,0,4,
        0,5,0,5,0,5,5,
        0,6,4,5,4,5,6]),
    function(v(_,_), [
        0,1,2,3,4,5,6,
        1,1,1,1,1,1,1,
        2,1,2,1,2,1,1,
        3,1,1,3,1,3,1,
        4,1,2,1,4,6,6,
        5,1,1,3,6,5,6,
        6,1,1,1,6,6,6]),
    function(i(_,_), [
        1,1,1,1,1,1,1,
        0,1,2,3,4,5,6,
        0,1,1,3,4,5,6,
        4,1,2,1,4,6,6,
        3,1,1,3,1,3,1,
        4,1,2,1,4,1,1,
        0,1,2,3,4,3,1])]).
interpretation( 7, [number = 950,seconds = 0], [
    function(^(_,_), [
        0,0,0,0,0,0,0,
        0,1,2,3,4,5,6,
        0,2,2,0,4,0,2,
        0,3,0,3,0,5,5,
        0,4,4,0,4,0,4,
        0,5,0,5,0,5,5,
        0,6,2,5,4,5,6]),
    function(v(_,_), [
        0,1,2,3,4,5,6,
        1,1,1,1,1,1,1,
        2,1,2,1,2,6,6,
        3,1,1,3,1,3,1,
        4,1,2,1,4,6,6,
        5,1,6,3,6,5,6,
        6,1,6,1,6,6,6]),
    function(i(_,_), [
        1,1,1,1,1,1,1,
        0,1,2,3,4,5,6,
        0,1,1,3,4,3,1,
        4,1,2,1,4,6,6,
        3,1,1,3,1,3,1,
        4,1,2,1,4,1,1,
        0,1,2,3,4,3,1])]).
interpretation( 7, [number = 957,seconds = 0], [
    function(^(_,_), [
        0,0,0,0,0,0,0,
        0,1,2,3,4,5,6,
        0,2,2,0,4,4,2,
        0,3,0,3,0,3,0,
        0,4,4,0,4,4,4,
        0,5,4,3,4,5,4,
        0,6,2,0,4,4,6]),
    function(v(_,_), [
        0,1,2,3,4,5,6,
        1,1,1,1,1,1,1,
        2,1,2,1,2,1,6,
        3,1,1,3,5,5,1,
        4,1,2,5,4,5,6,
        5,1,1,5,5,5,1,
        6,1,6,1,6,1,6]),
    function(i(_,_), [
        1,1,1,1,1,1,1,
        0,1,2,3,4,5,6,
        0,1,1,3,4,5,1,
        4,1,2,1,4,1,6,
        3,1,1,3,1,1,1,
        0,1,2,3,4,1,6,
        0,1,2,3,4,5,1])]).
interpretation( 7, [number = 958,seconds = 0], [
    function(^(_,_), [
        0,0,0,0,0,0,0,
        0,1,2,3,4,5,6,
        0,2,2,0,4,4,4,
        0,3,0,3,0,3,0,
        0,4,4,0,4,4,4,
        0,5,4,3,4,5,4,
        0,6,4,0,4,4,6]),
    function(v(_,_), [
        0,1,2,3,4,5,6,
        1,1,1,1,1,1,1,
        2,1,2,1,2,1,1,
        3,1,1,3,5,5,1,
        4,1,2,5,4,5,6,
        5,1,1,5,5,5,1,
        6,1,1,1,6,1,6]),
    function(i(_,_), [
        1,1,1,1,1,1,1,
        0,1,2,3,4,5,6,
        0,1,1,3,4,5,6,
        4,1,2,1,4,1,6,
        3,1,1,3,1,1,1,
        0,1,2,3,4,1,6,
        0,1,2,3,4,5,1])]).
interpretation( 7, [number = 960,seconds = 0], [
    function(^(_,_), [
        0,0,0,0,0,0,0,
        0,1,2,3,4,5,6,
        0,2,2,0,4,4,4,
        0,3,0,3,0,3,0,
        0,4,4,0,4,4,4,
        0,5,4,3,4,5,6,
        0,6,4,0,4,6,6]),
    function(v(_,_), [
        0,1,2,3,4,5,6,
        1,1,1,1,1,1,1,
        2,1,2,1,2,1,1,
        3,1,1,3,5,5,5,
        4,1,2,5,4,5,6,
        5,1,1,5,5,5,5,
        6,1,1,5,6,5,6]),
    function(i(_,_), [
        1,1,1,1,1,1,1,
        0,1,2,3,4,5,6,
        0,1,1,3,4,5,6,
        4,1,2,1,4,1,6,
        3,1,1,3,1,1,1,
        0,1,2,3,4,1,6,
        0,1,2,3,4,1,1])]).
interpretation( 7, [number = 963,seconds = 0], [
    function(^(_,_), [
        0,0,0,0,0,0,0,
        0,1,2,3,4,5,6,
        0,2,2,0,4,4,4,
        0,3,0,3,0,3,3,
        0,4,4,0,4,4,4,
        0,5,4,3,4,5,5,
        0,6,4,3,4,5,6]),
    function(v(_,_), [
        0,1,2,3,4,5,6,
        1,1,1,1,1,1,1,
        2,1,2,1,2,1,1,
        3,1,1,3,5,5,6,
        4,1,2,5,4,5,6,
        5,1,1,5,5,5,6,
        6,1,1,6,6,6,6]),
    function(i(_,_), [
        1,1,1,1,1,1,1,
        0,1,2,3,4,5,6,
        0,1,1,3,4,5,6,
        4,1,2,1,4,1,1,
        3,1,1,3,1,1,1,
        0,1,2,3,4,1,1,
        0,1,2,3,4,5,1])]).
interpretation( 7, [number = 964,seconds = 0], [
    function(^(_,_), [
        0,0,0,0,0,0,0,
        0,1,2,3,4,5,6,
        0,2,2,0,4,4,4,
        0,3,0,3,0,3,0,
        0,4,4,0,4,4,4,
        0,5,4,3,4,5,6,
        0,6,4,0,4,6,6]),
    function(v(_,_), [
        0,1,2,3,4,5,6,
        1,1,1,1,1,1,1,
        2,1,2,1,2,1,1,
        3,1,1,3,5,5,5,
        4,1,2,5,4,5,6,
        5,1,1,5,5,5,5,
        6,1,1,5,6,5,6]),
    function(i(_,_), [
        1,1,1,1,1,1,1,
        0,1,2,3,4,5,6,
        0,1,1,3,6,5,6,
        4,1,2,1,4,1,6,
        3,1,1,3,1,1,1,
        0,1,2,3,4,1,6,
        0,1,2,3,2,1,1])]).
interpretation( 7, [number = 966,seconds = 0], [
    function(^(_,_), [
        0,0,0,0,0,0,0,
        0,1,2,3,4,5,6,
        0,2,2,0,4,6,6,
        0,3,0,3,0,3,0,
        0,4,4,0,4,4,4,
        0,5,6,3,4,5,6,
        0,6,6,0,4,6,6]),
    function(v(_,_), [
        0,1,2,3,4,5,6,
        1,1,1,1,1,1,1,
        2,1,2,1,2,1,2,
        3,1,1,3,5,5,5,
        4,1,2,5,4,5,6,
        5,1,1,5,5,5,5,
        6,1,2,5,6,5,6]),
    function(i(_,_), [
        1,1,1,1,1,1,1,
        0,1,2,3,4,5,6,
        0,1,1,3,4,5,5,
        4,1,2,1,4,1,2,
        3,1,1,3,1,1,1,
        0,1,2,3,4,1,2,
        0,1,1,3,4,1,1])]).
interpretation( 7, [number = 967,seconds = 0], [
    function(^(_,_), [
        0,0,0,0,0,0,0,
        0,1,2,3,4,5,6,
        0,2,2,0,4,6,6,
        0,3,0,3,0,3,0,
        0,4,4,0,4,4,4,
        0,5,6,3,4,5,6,
        0,6,6,0,4,6,6]),
    function(v(_,_), [
        0,1,2,3,4,5,6,
        1,1,1,1,1,1,1,
        2,1,2,1,2,1,2,
        3,1,1,3,5,5,5,
        4,1,2,5,4,5,6,
        5,1,1,5,5,5,5,
        6,1,2,5,6,5,6]),
    function(i(_,_), [
        1,1,1,1,1,1,1,
        0,1,2,3,4,5,6,
        0,1,1,3,4,5,6,
        4,1,2,1,4,1,6,
        3,1,1,3,1,1,1,
        0,1,2,3,4,1,6,
        0,1,1,3,4,1,1])]).
interpretation( 7, [number = 968,seconds = 0], [
    function(^(_,_), [
        0,0,0,0,0,0,0,
        0,1,2,3,4,5,6,
        0,2,2,0,2,0,0,
        0,3,0,3,3,0,0,
        0,4,2,3,4,5,6,
        0,5,0,0,5,5,0,
        0,6,0,0,6,0,6]),
    function(v(_,_), [
        0,1,2,3,4,5,6,
        1,1,1,1,1,1,1,
        2,1,2,4,4,4,4,
        3,1,4,3,4,4,4,
        4,1,4,4,4,4,4,
        5,1,4,4,4,5,4,
        6,1,4,4,4,4,6]),
    function(i(_,_), [
        1,1,1,1,1,1,1,
        0,1,2,3,4,5,6,
        0,1,1,3,1,5,6,
        0,1,2,1,1,5,6,
        0,1,2,3,1,5,6,
        0,1,2,3,1,1,6,
        0,1,2,3,1,5,1])]).
interpretation( 7, [number = 969,seconds = 0], [
    function(^(_,_), [
        0,0,0,0,0,0,0,
        0,1,2,3,4,5,6,
        0,2,2,0,2,0,0,
        0,3,0,3,3,0,0,
        0,4,2,3,4,5,6,
        0,5,0,0,5,5,5,
        0,6,0,0,6,5,6]),
    function(v(_,_), [
        0,1,2,3,4,5,6,
        1,1,1,1,1,1,1,
        2,1,2,4,4,4,4,
        3,1,4,3,4,4,4,
        4,1,4,4,4,4,4,
        5,1,4,4,4,5,6,
        6,1,4,4,4,6,6]),
    function(i(_,_), [
        1,1,1,1,1,1,1,
        0,1,2,3,4,5,6,
        0,1,1,3,1,5,6,
        0,1,2,1,1,5,6,
        0,1,2,3,1,5,6,
        0,1,2,3,1,1,1,
        0,1,2,3,1,5,1])]).
interpretation( 7, [number = 978,seconds = 0], [
    function(^(_,_), [
        0,0,0,0,0,0,0,
        0,1,2,3,4,5,6,
        0,2,2,0,2,0,2,
        0,3,0,3,3,0,3,
        0,4,2,3,4,5,4,
        0,5,0,0,5,5,5,
        0,6,2,3,4,5,6]),
    function(v(_,_), [
        0,1,2,3,4,5,6,
        1,1,1,1,1,1,1,
        2,1,2,4,4,4,6,
        3,1,4,3,4,4,6,
        4,1,4,4,4,4,6,
        5,1,4,4,4,5,6,
        6,1,6,6,6,6,6]),
    function(i(_,_), [
        1,1,1,1,1,1,1,
        0,1,2,3,4,5,6,
        0,1,1,3,1,5,1,
        0,1,2,1,1,5,1,
        0,1,2,3,1,5,1,
        0,1,2,3,1,1,1,
        0,1,2,3,4,5,1])]).
interpretation( 7, [number = 981,seconds = 0], [
    function(^(_,_), [
        0,0,0,0,0,0,0,
        0,1,2,3,4,5,6,
        0,2,2,0,2,0,0,
        0,3,0,3,3,0,3,
        0,4,2,3,4,5,6,
        0,5,0,0,5,5,5,
        0,6,0,3,6,5,6]),
    function(v(_,_), [
        0,1,2,3,4,5,6,
        1,1,1,1,1,1,1,
        2,1,2,4,4,4,4,
        3,1,4,3,4,6,6,
        4,1,4,4,4,4,4,
        5,1,4,6,4,5,6,
        6,1,4,6,4,6,6]),
    function(i(_,_), [
        1,1,1,1,1,1,1,
        0,1,2,3,4,5,6,
        0,1,1,3,1,5,6,
        0,1,2,1,1,5,1,
        0,1,2,3,1,5,6,
        0,1,2,3,1,1,1,
        0,1,2,3,1,5,1])]).
interpretation( 7, [number = 984,seconds = 0], [
    function(^(_,_), [
        0,0,0,0,0,0,0,
        0,1,2,3,4,5,6,
        0,2,2,0,2,0,0,
        0,3,0,3,3,3,3,
        0,4,2,3,4,5,6,
        0,5,0,3,5,5,3,
        0,6,0,3,6,3,6]),
    function(v(_,_), [
        0,1,2,3,4,5,6,
        1,1,1,1,1,1,1,
        2,1,2,4,4,4,4,
        3,1,4,3,4,5,6,
        4,1,4,4,4,4,4,
        5,1,4,5,4,5,4,
        6,1,4,6,4,4,6]),
    function(i(_,_), [
        1,1,1,1,1,1,1,
        0,1,2,3,4,5,6,
        0,1,1,3,1,5,6,
        0,1,2,1,1,1,1,
        0,1,2,3,1,5,6,
        0,1,2,3,1,1,6,
        0,1,2,3,1,5,1])]).
interpretation( 7, [number = 985,seconds = 0], [
    function(^(_,_), [
        0,0,0,0,0,0,0,
        0,1,2,3,4,5,6,
        0,2,2,0,2,0,0,
        0,3,0,3,3,3,3,
        0,4,2,3,4,5,6,
        0,5,0,3,5,5,5,
        0,6,0,3,6,5,6]),
    function(v(_,_), [
        0,1,2,3,4,5,6,
        1,1,1,1,1,1,1,
        2,1,2,4,4,4,4,
        3,1,4,3,4,5,6,
        4,1,4,4,4,4,4,
        5,1,4,5,4,5,6,
        6,1,4,6,4,6,6]),
    function(i(_,_), [
        1,1,1,1,1,1,1,
        0,1,2,3,4,5,6,
        0,1,1,3,1,5,6,
        0,1,2,1,1,1,1,
        0,1,2,3,1,5,6,
        0,1,2,3,1,1,1,
        0,1,2,3,1,5,1])]).
interpretation( 7, [number = 992,seconds = 0], [
    function(^(_,_), [
        0,0,0,0,0,0,0,
        0,1,2,3,4,5,6,
        0,2,2,0,2,0,2,
        0,3,0,3,3,3,0,
        0,4,2,3,4,5,6,
        0,5,0,3,5,5,0,
        0,6,2,0,6,0,6]),
    function(v(_,_), [
        0,1,2,3,4,5,6,
        1,1,1,1,1,1,1,
        2,1,2,4,4,4,6,
        3,1,4,3,4,5,4,
        4,1,4,4,4,4,4,
        5,1,4,5,4,5,4,
        6,1,6,4,4,4,6]),
    function(i(_,_), [
        1,1,1,1,1,1,1,
        0,1,2,3,4,5,6,
        0,1,1,3,1,5,1,
        0,1,2,1,1,1,6,
        0,1,2,3,1,5,6,
        0,1,2,3,1,1,6,
        0,1,2,3,1,5,1])]).
interpretation( 7, [number = 993,seconds = 0], [
    function(^(_,_), [
        0,0,0,0,0,0,0,
        0,1,2,3,4,5,6,
        0,2,2,0,2,0,2,
        0,3,0,3,3,3,3,
        0,4,2,3,4,5,4,
        0,5,0,3,5,5,5,
        0,6,2,3,4,5,6]),
    function(v(_,_), [
        0,1,2,3,4,5,6,
        1,1,1,1,1,1,1,
        2,1,2,4,4,4,6,
        3,1,4,3,4,5,6,
        4,1,4,4,4,4,6,
        5,1,4,5,4,5,6,
        6,1,6,6,6,6,6]),
    function(i(_,_), [
        1,1,1,1,1,1,1,
        0,1,2,3,4,5,6,
        0,1,1,3,1,5,1,
        0,1,2,1,1,1,1,
        0,1,2,3,1,5,1,
        0,1,2,3,1,1,1,
        0,1,2,3,4,5,1])]).
interpretation( 7, [number = 995,seconds = 0], [
    function(^(_,_), [
        0,0,0,0,0,0,0,
        0,1,2,3,4,5,6,
        0,2,2,0,2,0,0,
        0,3,0,3,3,3,3,
        0,4,2,3,4,5,6,
        0,5,0,3,5,5,3,
        0,6,0,3,6,3,6]),
    function(v(_,_), [
        0,1,2,3,4,5,6,
        1,1,1,1,1,1,1,
        2,1,2,4,4,4,4,
        3,1,4,3,4,5,6,
        4,1,4,4,4,4,4,
        5,1,4,5,4,5,4,
        6,1,4,6,4,4,6]),
    function(i(_,_), [
        1,1,1,1,1,1,1,
        0,1,2,3,4,5,6,
        0,1,1,3,1,5,6,
        0,1,2,1,1,1,1,
        0,1,2,3,1,5,6,
        0,1,2,6,1,1,6,
        0,1,2,5,1,5,1])]).
interpretation( 7, [number = 1011,seconds = 0], [
    function(^(_,_), [
        0,0,0,0,0,0,0,
        0,1,2,3,4,5,6,
        0,2,2,0,2,0,6,
        0,3,0,3,3,5,0,
        0,4,2,3,4,5,6,
        0,5,0,5,5,5,0,
        0,6,6,0,6,0,6]),
    function(v(_,_), [
        0,1,2,3,4,5,6,
        1,1,1,1,1,1,1,
        2,1,2,4,4,4,2,
        3,1,4,3,4,3,4,
        4,1,4,4,4,4,4,
        5,1,4,3,4,5,4,
        6,1,2,4,4,4,6]),
    function(i(_,_), [
        1,1,1,1,1,1,1,
        0,1,2,3,4,5,6,
        0,1,1,3,1,5,6,
        0,1,2,1,1,5,6,
        0,1,2,3,1,5,6,
        6,1,2,1,1,1,6,
        5,1,1,3,1,5,1])]).
interpretation( 7, [number = 1017,seconds = 0], [
    function(^(_,_), [
        0,0,0,0,0,0,0,
        0,1,2,3,4,5,6,
        0,2,2,0,2,0,2,
        0,3,0,3,3,5,5,
        0,4,2,3,4,5,6,
        0,5,0,5,5,5,5,
        0,6,2,5,6,5,6]),
    function(v(_,_), [
        0,1,2,3,4,5,6,
        1,1,1,1,1,1,1,
        2,1,2,4,4,6,6,
        3,1,4,3,4,3,4,
        4,1,4,4,4,4,4,
        5,1,6,3,4,5,6,
        6,1,6,4,4,6,6]),
    function(i(_,_), [
        1,1,1,1,1,1,1,
        0,1,2,3,4,5,6,
        0,1,1,3,1,3,1,
        0,1,2,1,1,6,6,
        0,1,2,3,1,5,6,
        0,1,2,1,1,1,1,
        0,1,2,3,1,3,1])]).
interpretation( 7, [number = 1018,seconds = 0], [
    function(^(_,_), [
        0,0,0,0,0,0,0,
        0,1,2,3,4,5,6,
        0,2,2,0,2,0,2,
        0,3,0,3,3,5,5,
        0,4,2,3,4,5,6,
        0,5,0,5,5,5,5,
        0,6,2,5,6,5,6]),
    function(v(_,_), [
        0,1,2,3,4,5,6,
        1,1,1,1,1,1,1,
        2,1,2,4,4,6,6,
        3,1,4,3,4,3,4,
        4,1,4,4,4,4,4,
        5,1,6,3,4,5,6,
        6,1,6,4,4,6,6]),
    function(i(_,_), [
        1,1,1,1,1,1,1,
        0,1,2,3,4,5,6,
        0,1,1,3,1,5,1,
        0,1,2,1,1,5,6,
        0,1,2,3,1,5,6,
        0,1,2,1,1,1,1,
        0,1,2,3,1,5,1])]).
interpretation( 7, [number = 1095,seconds = 0], [
    function(^(_,_), [
        0,0,0,0,0,0,0,
        0,1,2,3,4,5,6,
        0,2,2,0,2,2,2,
        0,3,0,3,3,3,3,
        0,4,2,3,4,4,4,
        0,5,2,3,4,5,4,
        0,6,2,3,4,4,6]),
    function(v(_,_), [
        0,1,2,3,4,5,6,
        1,1,1,1,1,1,1,
        2,1,2,4,4,5,6,
        3,1,4,3,4,5,6,
        4,1,4,4,4,5,6,
        5,1,5,5,5,5,1,
        6,1,6,6,6,1,6]),
    function(i(_,_), [
        1,1,1,1,1,1,1,
        0,1,2,3,4,5,6,
        0,1,1,3,1,1,1,
        0,1,2,1,1,1,1,
        0,1,2,3,1,1,1,
        0,1,2,3,4,1,6,
        0,1,2,3,4,5,1])]).
interpretation( 7, [number = 1096,seconds = 0], [
    function(^(_,_), [
        0,0,0,0,0,0,0,
        0,1,2,3,4,5,6,
        0,2,2,0,2,2,2,
        0,3,0,3,3,3,3,
        0,4,2,3,4,4,4,
        0,5,2,3,4,5,5,
        0,6,2,3,4,5,6]),
    function(v(_,_), [
        0,1,2,3,4,5,6,
        1,1,1,1,1,1,1,
        2,1,2,4,4,5,6,
        3,1,4,3,4,5,6,
        4,1,4,4,4,5,6,
        5,1,5,5,5,5,6,
        6,1,6,6,6,6,6]),
    function(i(_,_), [
        1,1,1,1,1,1,1,
        0,1,2,3,4,5,6,
        0,1,1,3,1,1,1,
        0,1,2,1,1,1,1,
        0,1,2,3,1,1,1,
        0,1,2,3,4,1,1,
        0,1,2,3,4,5,1])]).
interpretation( 7, [number = 1099,seconds = 0], [
    function(^(_,_), [
        0,0,0,0,0,0,0,
        0,1,2,3,4,5,6,
        0,2,2,0,2,2,2,
        0,3,0,3,3,3,3,
        0,4,2,3,4,4,4,
        0,5,2,3,4,5,4,
        0,6,2,3,4,4,6]),
    function(v(_,_), [
        0,1,2,3,4,5,6,
        1,1,1,1,1,1,1,
        2,1,2,4,4,5,6,
        3,1,4,3,4,5,6,
        4,1,4,4,4,5,6,
        5,1,5,5,5,5,1,
        6,1,6,6,6,1,6]),
    function(i(_,_), [
        1,1,1,1,1,1,1,
        0,1,2,3,4,5,6,
        0,1,1,3,1,1,1,
        0,1,2,1,1,1,1,
        0,1,2,3,1,1,1,
        0,1,2,3,6,1,6,
        0,1,2,3,5,5,1])]).
interpretation( 7, [number = 1126,seconds = 0], [
    function(^(_,_), [
        0,0,0,0,0,0,0,
        0,1,2,3,4,5,6,
        0,2,2,0,2,5,2,
        0,3,0,3,3,0,0,
        0,4,2,3,4,5,6,
        0,5,5,0,5,5,5,
        0,6,2,0,6,5,6]),
    function(v(_,_), [
        0,1,2,3,4,5,6,
        1,1,1,1,1,1,1,
        2,1,2,4,4,2,6,
        3,1,4,3,4,4,4,
        4,1,4,4,4,4,4,
        5,1,2,4,4,5,6,
        6,1,6,4,4,6,6]),
    function(i(_,_), [
        1,1,1,1,1,1,1,
        0,1,2,3,4,5,6,
        0,1,1,3,1,5,1,
        5,1,2,1,1,5,6,
        0,1,2,3,1,5,6,
        3,1,1,3,1,1,1,
        0,1,2,3,1,5,1])]).
interpretation( 7, [number = 1127,seconds = 0], [
    function(^(_,_), [
        0,0,0,0,0,0,0,
        0,1,2,3,4,5,6,
        0,2,2,0,2,5,5,
        0,3,0,3,3,0,0,
        0,4,2,3,4,5,6,
        0,5,5,0,5,5,5,
        0,6,5,0,6,5,6]),
    function(v(_,_), [
        0,1,2,3,4,5,6,
        1,1,1,1,1,1,1,
        2,1,2,4,4,2,4,
        3,1,4,3,4,4,4,
        4,1,4,4,4,4,4,
        5,1,2,4,4,5,6,
        6,1,4,4,4,6,6]),
    function(i(_,_), [
        1,1,1,1,1,1,1,
        0,1,2,3,4,5,6,
        0,1,1,3,1,5,6,
        5,1,2,1,1,5,6,
        0,1,2,3,1,5,6,
        3,1,1,3,1,1,1,
        0,1,2,3,1,5,1])]).
interpretation( 7, [number = 1133,seconds = 0], [
    function(^(_,_), [
        0,0,0,0,0,0,0,
        0,1,2,3,4,5,6,
        0,2,2,0,2,5,2,
        0,3,0,3,3,0,3,
        0,4,2,3,4,5,4,
        0,5,5,0,5,5,5,
        0,6,2,3,4,5,6]),
    function(v(_,_), [
        0,1,2,3,4,5,6,
        1,1,1,1,1,1,1,
        2,1,2,4,4,2,6,
        3,1,4,3,4,4,6,
        4,1,4,4,4,4,6,
        5,1,2,4,4,5,6,
        6,1,6,6,6,6,6]),
    function(i(_,_), [
        1,1,1,1,1,1,1,
        0,1,2,3,4,5,6,
        0,1,1,3,1,5,1,
        5,1,2,1,1,5,1,
        0,1,2,3,1,5,1,
        3,1,1,3,1,1,1,
        0,1,2,3,4,5,1])]).
interpretation( 7, [number = 1134,seconds = 0], [
    function(^(_,_), [
        0,0,0,0,0,0,0,
        0,1,2,3,4,5,6,
        0,2,2,0,2,5,5,
        0,3,0,3,3,0,0,
        0,4,2,3,4,5,6,
        0,5,5,0,5,5,5,
        0,6,5,0,6,5,6]),
    function(v(_,_), [
        0,1,2,3,4,5,6,
        1,1,1,1,1,1,1,
        2,1,2,4,4,2,4,
        3,1,4,3,4,4,4,
        4,1,4,4,4,4,4,
        5,1,2,4,4,5,6,
        6,1,4,4,4,6,6]),
    function(i(_,_), [
        1,1,1,1,1,1,1,
        0,1,2,3,4,5,6,
        0,1,1,3,1,6,6,
        5,1,2,1,1,5,6,
        0,1,2,3,1,5,6,
        3,1,1,3,1,1,1,
        0,1,2,3,1,2,1])]).
interpretation( 7, [number = 1136,seconds = 0], [
    function(^(_,_), [
        0,0,0,0,0,0,0,
        0,1,2,3,4,5,6,
        0,2,2,0,2,5,5,
        0,3,0,3,3,0,3,
        0,4,2,3,4,5,6,
        0,5,5,0,5,5,5,
        0,6,5,3,6,5,6]),
    function(v(_,_), [
        0,1,2,3,4,5,6,
        1,1,1,1,1,1,1,
        2,1,2,4,4,2,4,
        3,1,4,3,4,6,6,
        4,1,4,4,4,4,4,
        5,1,2,6,4,5,6,
        6,1,4,6,4,6,6]),
    function(i(_,_), [
        1,1,1,1,1,1,1,
        0,1,2,3,4,5,6,
        0,1,1,3,1,5,6,
        5,1,2,1,1,5,1,
        0,1,2,3,1,5,6,
        3,1,1,3,1,1,1,
        0,1,2,3,1,5,1])]).
interpretation( 7, [number = 1620,seconds = 0], [
    function(^(_,_), [
        0,0,0,0,0,0,0,
        0,1,2,3,4,5,6,
        0,2,2,2,2,2,2,
        0,3,2,3,2,2,2,
        0,4,2,2,4,2,2,
        0,5,2,2,2,5,2,
        0,6,2,2,2,2,6]),
    function(v(_,_), [
        0,1,2,3,4,5,6,
        1,1,1,1,1,1,1,
        2,1,2,3,4,5,6,
        3,1,3,3,1,1,1,
        4,1,4,1,4,1,1,
        5,1,5,1,1,5,1,
        6,1,6,1,1,1,6]),
    function(i(_,_), [
        1,1,1,1,1,1,1,
        0,1,2,3,4,5,6,
        0,1,1,1,1,1,1,
        0,1,2,1,4,5,6,
        0,1,2,3,1,5,6,
        0,1,2,3,4,1,6,
        0,1,2,3,4,5,1])]).
interpretation( 7, [number = 1621,seconds = 0], [
    function(^(_,_), [
        0,0,0,0,0,0,0,
        0,1,2,3,4,5,6,
        0,2,2,2,2,2,2,
        0,3,2,3,2,2,2,
        0,4,2,2,4,2,2,
        0,5,2,2,2,5,5,
        0,6,2,2,2,5,6]),
    function(v(_,_), [
        0,1,2,3,4,5,6,
        1,1,1,1,1,1,1,
        2,1,2,3,4,5,6,
        3,1,3,3,1,1,1,
        4,1,4,1,4,1,1,
        5,1,5,1,1,5,6,
        6,1,6,1,1,6,6]),
    function(i(_,_), [
        1,1,1,1,1,1,1,
        0,1,2,3,4,5,6,
        0,1,1,1,1,1,1,
        0,1,2,1,4,5,6,
        0,1,2,3,1,5,6,
        0,1,2,3,4,1,1,
        0,1,2,3,4,5,1])]).
interpretation( 7, [number = 1627,seconds = 0], [
    function(^(_,_), [
        0,0,0,0,0,0,0,
        0,1,2,3,4,5,6,
        0,2,2,2,2,2,6,
        0,3,2,3,2,2,6,
        0,4,2,2,4,2,6,
        0,5,2,2,2,5,6,
        0,6,6,6,6,6,6]),
    function(v(_,_), [
        0,1,2,3,4,5,6,
        1,1,1,1,1,1,1,
        2,1,2,3,4,5,2,
        3,1,3,3,1,1,3,
        4,1,4,1,4,1,4,
        5,1,5,1,1,5,5,
        6,1,2,3,4,5,6]),
    function(i(_,_), [
        1,1,1,1,1,1,1,
        0,1,2,3,4,5,6,
        0,1,1,1,1,1,6,
        0,1,2,1,4,5,6,
        0,1,2,3,1,5,6,
        0,1,2,3,4,1,6,
        0,1,1,1,1,1,1])]).
interpretation( 7, [number = 1628,seconds = 0], [
    function(^(_,_), [
        0,0,0,0,0,0,0,
        0,1,2,3,4,5,6,
        0,2,2,2,2,2,2,
        0,3,2,3,2,2,2,
        0,4,2,2,4,2,4,
        0,5,2,2,2,5,5,
        0,6,2,2,4,5,6]),
    function(v(_,_), [
        0,1,2,3,4,5,6,
        1,1,1,1,1,1,1,
        2,1,2,3,4,5,6,
        3,1,3,3,1,1,1,
        4,1,4,1,4,6,6,
        5,1,5,1,6,5,6,
        6,1,6,1,6,6,6]),
    function(i(_,_), [
        1,1,1,1,1,1,1,
        0,1,2,3,4,5,6,
        0,1,1,1,1,1,1,
        0,1,2,1,4,5,6,
        0,1,2,3,1,5,1,
        0,1,2,3,4,1,1,
        0,1,2,3,4,5,1])]).
interpretation( 7, [number = 1635,seconds = 0], [
    function(^(_,_), [
        0,0,0,0,0,0,0,
        0,1,2,3,4,5,6,
        0,2,2,2,2,2,2,
        0,3,2,3,2,2,2,
        0,4,2,2,4,4,4,
        0,5,2,2,4,5,4,
        0,6,2,2,4,4,6]),
    function(v(_,_), [
        0,1,2,3,4,5,6,
        1,1,1,1,1,1,1,
        2,1,2,3,4,5,6,
        3,1,3,3,1,1,1,
        4,1,4,1,4,5,6,
        5,1,5,1,5,5,1,
        6,1,6,1,6,1,6]),
    function(i(_,_), [
        1,1,1,1,1,1,1,
        0,1,2,3,4,5,6,
        0,1,1,1,1,1,1,
        0,1,2,1,4,5,6,
        0,1,2,3,1,1,1,
        0,1,2,3,4,1,6,
        0,1,2,3,4,5,1])]).
interpretation( 7, [number = 1636,seconds = 0], [
    function(^(_,_), [
        0,0,0,0,0,0,0,
        0,1,2,3,4,5,6,
        0,2,2,2,2,2,2,
        0,3,2,3,2,2,2,
        0,4,2,2,4,4,4,
        0,5,2,2,4,5,5,
        0,6,2,2,4,5,6]),
    function(v(_,_), [
        0,1,2,3,4,5,6,
        1,1,1,1,1,1,1,
        2,1,2,3,4,5,6,
        3,1,3,3,1,1,1,
        4,1,4,1,4,5,6,
        5,1,5,1,5,5,6,
        6,1,6,1,6,6,6]),
    function(i(_,_), [
        1,1,1,1,1,1,1,
        0,1,2,3,4,5,6,
        0,1,1,1,1,1,1,
        0,1,2,1,4,5,6,
        0,1,2,3,1,1,1,
        0,1,2,3,4,1,1,
        0,1,2,3,4,5,1])]).
interpretation( 7, [number = 1639,seconds = 0], [
    function(^(_,_), [
        0,0,0,0,0,0,0,
        0,1,2,3,4,5,6,
        0,2,2,2,2,2,2,
        0,3,2,3,2,2,3,
        0,4,2,2,4,4,2,
        0,5,2,2,4,5,2,
        0,6,2,3,2,2,6]),
    function(v(_,_), [
        0,1,2,3,4,5,6,
        1,1,1,1,1,1,1,
        2,1,2,3,4,5,6,
        3,1,3,3,1,1,6,
        4,1,4,1,4,5,1,
        5,1,5,1,5,5,1,
        6,1,6,6,1,1,6]),
    function(i(_,_), [
        1,1,1,1,1,1,1,
        0,1,2,3,4,5,6,
        0,1,1,1,1,1,1,
        0,1,2,1,4,5,1,
        0,1,2,3,1,1,6,
        0,1,2,3,4,1,6,
        0,1,2,3,4,5,1])]).
interpretation( 7, [number = 1641,seconds = 0], [
    function(^(_,_), [
        0,0,0,0,0,0,0,
        0,1,2,3,4,5,6,
        0,2,2,2,2,2,6,
        0,3,2,3,2,2,6,
        0,4,2,2,4,4,6,
        0,5,2,2,4,5,6,
        0,6,6,6,6,6,6]),
    function(v(_,_), [
        0,1,2,3,4,5,6,
        1,1,1,1,1,1,1,
        2,1,2,3,4,5,2,
        3,1,3,3,1,1,3,
        4,1,4,1,4,5,4,
        5,1,5,1,5,5,5,
        6,1,2,3,4,5,6]),
    function(i(_,_), [
        1,1,1,1,1,1,1,
        0,1,2,3,4,5,6,
        0,1,1,1,1,1,6,
        0,1,2,1,4,5,6,
        0,1,2,3,1,1,6,
        0,1,2,3,4,1,6,
        0,1,1,1,1,1,1])]).
interpretation( 7, [number = 1642,seconds = 0], [
    function(^(_,_), [
        0,0,0,0,0,0,0,
        0,1,2,3,4,5,6,
        0,2,2,2,2,2,2,
        0,3,2,3,2,2,2,
        0,4,2,2,4,4,4,
        0,5,2,2,4,5,4,
        0,6,2,2,4,4,6]),
    function(v(_,_), [
        0,1,2,3,4,5,6,
        1,1,1,1,1,1,1,
        2,1,2,3,4,5,6,
        3,1,3,3,1,1,1,
        4,1,4,1,4,5,6,
        5,1,5,1,5,5,1,
        6,1,6,1,6,1,6]),
    function(i(_,_), [
        1,1,1,1,1,1,1,
        0,1,2,3,4,5,6,
        0,1,1,1,1,1,1,
        0,1,2,1,4,5,6,
        0,1,2,3,1,1,1,
        0,1,2,3,6,1,6,
        0,1,2,3,5,5,1])]).
interpretation( 7, [number = 1656,seconds = 0], [
    function(^(_,_), [
        0,0,0,0,0,0,0,
        0,1,2,3,4,5,6,
        0,2,2,2,2,2,2,
        0,3,2,3,2,2,6,
        0,4,2,2,4,5,2,
        0,5,2,2,5,5,2,
        0,6,2,6,2,2,6]),
    function(v(_,_), [
        0,1,2,3,4,5,6,
        1,1,1,1,1,1,1,
        2,1,2,3,4,5,6,
        3,1,3,3,1,1,3,
        4,1,4,1,4,4,1,
        5,1,5,1,4,5,1,
        6,1,6,3,1,1,6]),
    function(i(_,_), [
        1,1,1,1,1,1,1,
        0,1,2,3,4,5,6,
        0,1,1,1,1,1,1,
        0,1,2,1,4,5,6,
        0,1,2,3,1,5,6,
        0,1,6,3,1,1,6,
        0,1,5,1,4,5,1])]).
interpretation( 7, [number = 1661,seconds = 0], [
    function(^(_,_), [
        0,0,0,0,0,0,0,
        0,1,2,3,4,5,6,
        0,2,2,2,2,2,2,
        0,3,2,3,2,2,3,
        0,4,2,2,4,5,5,
        0,5,2,2,5,5,5,
        0,6,2,3,5,5,6]),
    function(v(_,_), [
        0,1,2,3,4,5,6,
        1,1,1,1,1,1,1,
        2,1,2,3,4,5,6,
        3,1,3,3,1,6,6,
        4,1,4,1,4,4,1,
        5,1,5,6,4,5,6,
        6,1,6,6,1,6,6]),
    function(i(_,_), [
        1,1,1,1,1,1,1,
        0,1,2,3,4,5,6,
        0,1,1,1,1,1,1,
        0,1,2,1,4,4,1,
        0,1,2,3,1,6,6,
        0,1,2,3,1,1,1,
        0,1,2,3,4,4,1])]).
interpretation( 7, [number = 1662,seconds = 0], [
    function(^(_,_), [
        0,0,0,0,0,0,0,
        0,1,2,3,4,5,6,
        0,2,2,2,2,2,2,
        0,3,2,3,2,2,3,
        0,4,2,2,4,5,5,
        0,5,2,2,5,5,5,
        0,6,2,3,5,5,6]),
    function(v(_,_), [
        0,1,2,3,4,5,6,
        1,1,1,1,1,1,1,
        2,1,2,3,4,5,6,
        3,1,3,3,1,6,6,
        4,1,4,1,4,4,1,
        5,1,5,6,4,5,6,
        6,1,6,6,1,6,6]),
    function(i(_,_), [
        1,1,1,1,1,1,1,
        0,1,2,3,4,5,6,
        0,1,1,1,1,1,1,
        0,1,2,1,4,5,1,
        0,1,2,3,1,5,6,
        0,1,2,3,1,1,1,
        0,1,2,3,4,5,1])]).
interpretation( 7, [number = 1712,seconds = 0], [
    function(^(_,_), [
        0,0,0,0,0,0,0,
        0,1,2,3,4,5,6,
        0,2,2,2,2,5,6,
        0,3,2,3,2,5,6,
        0,4,2,2,4,5,6,
        0,5,5,5,5,5,5,
        0,6,6,6,6,5,6]),
    function(v(_,_), [
        0,1,2,3,4,5,6,
        1,1,1,1,1,1,1,
        2,1,2,3,4,2,2,
        3,1,3,3,1,3,3,
        4,1,4,1,4,4,4,
        5,1,2,3,4,5,6,
        6,1,2,3,4,6,6]),
    function(i(_,_), [
        1,1,1,1,1,1,1,
        0,1,2,3,4,5,6,
        0,1,1,1,1,5,6,
        0,1,2,1,4,5,6,
        0,1,2,3,1,5,6,
        0,1,1,1,1,1,1,
        0,1,1,1,1,5,1])]).
interpretation( 7, [number = 1717,seconds = 0], [
    function(^(_,_), [
        0,0,0,0,0,0,0,
        0,1,2,3,4,5,6,
        0,2,2,2,2,5,6,
        0,3,2,3,2,5,6,
        0,4,2,2,4,5,6,
        0,5,5,5,5,5,0,
        0,6,6,6,6,0,6]),
    function(v(_,_), [
        0,1,2,3,4,5,6,
        1,1,1,1,1,1,1,
        2,1,2,3,4,2,2,
        3,1,3,3,1,3,3,
        4,1,4,1,4,4,4,
        5,1,2,3,4,5,2,
        6,1,2,3,4,2,6]),
    function(i(_,_), [
        1,1,1,1,1,1,1,
        0,1,2,3,4,5,6,
        0,1,1,1,1,5,6,
        0,1,2,1,4,5,6,
        0,1,2,3,1,5,6,
        6,1,1,1,1,1,6,
        5,1,1,1,1,5,1])]).
interpretation( 7, [number = 1718,seconds = 0], [
    function(^(_,_), [
        0,0,0,0,0,0,0,
        0,1,2,3,4,5,6,
        0,2,2,2,2,5,5,
        0,3,2,3,2,5,5,
        0,4,2,2,4,5,5,
        0,5,5,5,5,5,5,
        0,6,5,5,5,5,6]),
    function(v(_,_), [
        0,1,2,3,4,5,6,
        1,1,1,1,1,1,1,
        2,1,2,3,4,2,1,
        3,1,3,3,1,3,1,
        4,1,4,1,4,4,1,
        5,1,2,3,4,5,6,
        6,1,1,1,1,6,6]),
    function(i(_,_), [
        1,1,1,1,1,1,1,
        0,1,2,3,4,5,6,
        0,1,1,1,1,6,6,
        0,1,2,1,4,5,6,
        0,1,2,3,1,5,6,
        0,1,1,1,1,1,1,
        0,1,2,3,4,2,1])]).
interpretation( 7, [number = 1719,seconds = 0], [
    function(^(_,_), [
        0,0,0,0,0,0,0,
        0,1,2,3,4,5,6,
        0,2,2,2,2,5,5,
        0,3,2,3,2,5,5,
        0,4,2,2,4,5,6,
        0,5,5,5,5,5,5,
        0,6,5,5,6,5,6]),
    function(v(_,_), [
        0,1,2,3,4,5,6,
        1,1,1,1,1,1,1,
        2,1,2,3,4,2,4,
        3,1,3,3,1,3,1,
        4,1,4,1,4,4,4,
        5,1,2,3,4,5,6,
        6,1,4,1,4,6,6]),
    function(i(_,_), [
        1,1,1,1,1,1,1,
        0,1,2,3,4,5,6,
        0,1,1,1,1,6,6,
        0,1,2,1,4,5,6,
        0,1,2,3,1,5,6,
        0,1,1,1,1,1,1,
        0,1,2,3,1,2,1])]).
interpretation( 7, [number = 1731,seconds = 0], [
    function(^(_,_), [
        0,0,0,0,0,0,0,
        0,1,2,3,4,5,6,
        0,2,2,2,2,2,2,
        0,3,2,3,2,5,3,
        0,4,2,2,4,2,2,
        0,5,2,5,2,5,5,
        0,6,2,3,2,5,6]),
    function(v(_,_), [
        0,1,2,3,4,5,6,
        1,1,1,1,1,1,1,
        2,1,2,3,4,5,6,
        3,1,3,3,1,3,6,
        4,1,4,1,4,1,1,
        5,1,5,3,1,5,6,
        6,1,6,6,1,6,6]),
    function(i(_,_), [
        1,1,1,1,1,1,1,
        0,1,2,3,4,5,6,
        0,1,1,1,1,1,1,
        0,1,2,1,4,5,1,
        0,1,5,3,1,5,6,
        0,1,4,1,4,1,1,
        0,1,2,3,4,5,1])]).
interpretation( 7, [number = 1735,seconds = 0], [
    function(^(_,_), [
        0,0,0,0,0,0,0,
        0,1,2,3,4,5,6,
        0,2,2,2,2,2,6,
        0,3,2,3,2,5,6,
        0,4,2,2,4,2,6,
        0,5,2,5,2,5,6,
        0,6,6,6,6,6,6]),
    function(v(_,_), [
        0,1,2,3,4,5,6,
        1,1,1,1,1,1,1,
        2,1,2,3,4,5,2,
        3,1,3,3,1,3,3,
        4,1,4,1,4,1,4,
        5,1,5,3,1,5,5,
        6,1,2,3,4,5,6]),
    function(i(_,_), [
        1,1,1,1,1,1,1,
        0,1,2,3,4,5,6,
        0,1,1,1,1,1,6,
        0,1,2,1,4,5,6,
        0,1,5,3,1,5,6,
        0,1,4,1,4,1,6,
        0,1,1,1,1,1,1])]).
interpretation( 7, [number = 1736,seconds = 0], [
    function(^(_,_), [
        0,0,0,0,0,0,0,
        0,1,2,3,4,5,6,
        0,2,2,2,2,2,2,
        0,3,2,3,2,5,5,
        0,4,2,2,4,2,2,
        0,5,2,5,2,5,5,
        0,6,2,5,2,5,6]),
    function(v(_,_), [
        0,1,2,3,4,5,6,
        1,1,1,1,1,1,1,
        2,1,2,3,4,5,6,
        3,1,3,3,1,3,1,
        4,1,4,1,4,1,1,
        5,1,5,3,1,5,6,
        6,1,6,1,1,6,6]),
    function(i(_,_), [
        1,1,1,1,1,1,1,
        0,1,2,3,4,5,6,
        0,1,1,1,1,1,1,
        0,1,2,1,4,6,6,
        0,1,5,3,1,5,6,
        0,1,4,1,4,1,1,
        0,1,2,3,4,3,1])]).
interpretation( 7, [number = 1742,seconds = 0], [
    function(^(_,_), [
        0,0,0,0,0,0,0,
        0,1,2,3,4,5,6,
        0,2,2,2,2,2,2,
        0,3,2,3,2,3,2,
        0,4,2,2,4,4,2,
        0,5,2,3,4,5,6,
        0,6,2,2,2,6,6]),
    function(v(_,_), [
        0,1,2,3,4,5,6,
        1,1,1,1,1,1,1,
        2,1,2,3,4,5,6,
        3,1,3,3,5,5,5,
        4,1,4,5,4,5,5,
        5,1,5,5,5,5,5,
        6,1,6,5,5,5,6]),
    function(i(_,_), [
        1,1,1,1,1,1,1,
        0,1,2,3,4,5,6,
        0,1,1,1,1,1,1,
        0,1,2,1,4,1,6,
        0,1,2,3,1,1,6,
        0,1,2,3,4,1,6,
        0,1,2,3,4,1,1])]).
interpretation( 7, [number = 1743,seconds = 0], [
    function(^(_,_), [
        0,0,0,0,0,0,0,
        0,1,2,3,4,5,6,
        0,2,2,2,2,2,2,
        0,3,2,3,2,3,2,
        0,4,2,2,4,4,4,
        0,5,2,3,4,5,6,
        0,6,2,2,4,6,6]),
    function(v(_,_), [
        0,1,2,3,4,5,6,
        1,1,1,1,1,1,1,
        2,1,2,3,4,5,6,
        3,1,3,3,5,5,5,
        4,1,4,5,4,5,6,
        5,1,5,5,5,5,5,
        6,1,6,5,6,5,6]),
    function(i(_,_), [
        1,1,1,1,1,1,1,
        0,1,2,3,4,5,6,
        0,1,1,1,1,1,1,
        0,1,2,1,4,1,6,
        0,1,2,3,1,1,1,
        0,1,2,3,4,1,6,
        0,1,2,3,4,1,1])]).
interpretation( 7, [number = 1749,seconds = 0], [
    function(^(_,_), [
        0,0,0,0,0,0,0,
        0,1,2,3,4,5,6,
        0,2,2,2,2,2,2,
        0,3,2,3,2,3,3,
        0,4,2,2,4,4,4,
        0,5,2,3,4,5,5,
        0,6,2,3,4,5,6]),
    function(v(_,_), [
        0,1,2,3,4,5,6,
        1,1,1,1,1,1,1,
        2,1,2,3,4,5,6,
        3,1,3,3,5,5,6,
        4,1,4,5,4,5,6,
        5,1,5,5,5,5,6,
        6,1,6,6,6,6,6]),
    function(i(_,_), [
        1,1,1,1,1,1,1,
        0,1,2,3,4,5,6,
        0,1,1,1,1,1,1,
        0,1,2,1,4,1,1,
        0,1,2,3,1,1,1,
        0,1,2,3,4,1,1,
        0,1,2,3,4,5,1])]).
interpretation( 7, [number = 1751,seconds = 0], [
    function(^(_,_), [
        0,0,0,0,0,0,0,
        0,1,2,3,4,5,6,
        0,2,2,2,2,2,6,
        0,3,2,3,2,3,6,
        0,4,2,2,4,4,6,
        0,5,2,3,4,5,6,
        0,6,6,6,6,6,6]),
    function(v(_,_), [
        0,1,2,3,4,5,6,
        1,1,1,1,1,1,1,
        2,1,2,3,4,5,2,
        3,1,3,3,5,5,3,
        4,1,4,5,4,5,4,
        5,1,5,5,5,5,5,
        6,1,2,3,4,5,6]),
    function(i(_,_), [
        1,1,1,1,1,1,1,
        0,1,2,3,4,5,6,
        0,1,1,1,1,1,6,
        0,1,2,1,4,1,6,
        0,1,2,3,1,1,6,
        0,1,2,3,4,1,6,
        0,1,1,1,1,1,1])]).
interpretation( 7, [number = 1752,seconds = 0], [
    function(^(_,_), [
        0,0,0,0,0,0,0,
        0,1,2,3,4,5,6,
        0,2,2,2,2,2,2,
        0,3,2,3,2,3,6,
        0,4,2,2,4,4,2,
        0,5,2,3,4,5,6,
        0,6,2,6,2,6,6]),
    function(v(_,_), [
        0,1,2,3,4,5,6,
        1,1,1,1,1,1,1,
        2,1,2,3,4,5,6,
        3,1,3,3,5,5,3,
        4,1,4,5,4,5,5,
        5,1,5,5,5,5,5,
        6,1,6,3,5,5,6]),
    function(i(_,_), [
        1,1,1,1,1,1,1,
        0,1,2,3,4,5,6,
        0,1,1,1,1,1,1,
        0,1,2,1,4,1,6,
        0,1,6,3,1,1,6,
        0,1,2,3,4,1,6,
        0,1,4,1,4,1,1])]).
interpretation( 7, [number = 1873,seconds = 0], [
    function(^(_,_), [
        0,0,0,0,0,0,0,
        0,1,2,3,4,5,6,
        0,2,2,2,2,2,2,
        0,3,2,3,3,3,3,
        0,4,2,3,4,4,4,
        0,5,2,3,4,5,5,
        0,6,2,3,4,5,6]),
    function(v(_,_), [
        0,1,2,3,4,5,6,
        1,1,1,1,1,1,1,
        2,1,2,3,4,5,6,
        3,1,3,3,4,5,6,
        4,1,4,4,4,5,6,
        5,1,5,5,5,5,6,
        6,1,6,6,6,6,6]),
    function(i(_,_), [
        1,1,1,1,1,1,1,
        0,1,2,3,4,5,6,
        0,1,1,1,1,1,1,
        0,1,2,1,1,1,1,
        0,1,2,3,1,1,1,
        0,1,2,3,4,1,1,
        0,1,2,3,4,5,1])]).
interpretation( 7, [number = 1878,seconds = 0], [
    function(^(_,_), [
        0,0,0,0,0,0,0,
        0,1,2,3,4,5,6,
        0,2,2,2,2,2,2,
        0,3,2,3,3,3,3,
        0,4,2,3,4,4,4,
        0,5,2,3,4,5,4,
        0,6,2,3,4,4,6]),
    function(v(_,_), [
        0,1,2,3,4,5,6,
        1,1,1,1,1,1,1,
        2,1,2,3,4,5,6,
        3,1,3,3,4,5,6,
        4,1,4,4,4,5,6,
        5,1,5,5,5,5,1,
        6,1,6,6,6,1,6]),
    function(i(_,_), [
        1,1,1,1,1,1,1,
        0,1,2,3,4,5,6,
        0,1,1,1,1,1,1,
        0,1,2,1,1,1,1,
        0,1,2,3,1,1,1,
        0,1,2,3,6,1,6,
        0,1,2,3,5,5,1])]).
interpretation( 7, [number = 1895,seconds = 0], [
    function(^(_,_), [
        0,0,0,0,0,0,0,
        0,1,2,3,4,5,6,
        0,2,2,2,2,2,2,
        0,3,2,3,3,3,3,
        0,4,2,3,4,5,6,
        0,5,2,3,5,5,3,
        0,6,2,3,6,3,6]),
    function(v(_,_), [
        0,1,2,3,4,5,6,
        1,1,1,1,1,1,1,
        2,1,2,3,4,5,6,
        3,1,3,3,4,5,6,
        4,1,4,4,4,4,4,
        5,1,5,5,4,5,4,
        6,1,6,6,4,4,6]),
    function(i(_,_), [
        1,1,1,1,1,1,1,
        0,1,2,3,4,5,6,
        0,1,1,1,1,1,1,
        0,1,2,1,1,1,1,
        0,1,2,3,1,5,6,
        0,1,2,6,1,1,6,
        0,1,2,5,1,5,1])]).
interpretation( 7, [number = 1916,seconds = 0], [
    function(^(_,_), [
        0,0,0,0,0,0,0,
        0,1,2,3,4,5,6,
        0,2,2,2,2,2,2,
        0,3,2,3,3,5,6,
        0,4,2,3,4,5,6,
        0,5,2,5,5,5,2,
        0,6,2,6,6,2,6]),
    function(v(_,_), [
        0,1,2,3,4,5,6,
        1,1,1,1,1,1,1,
        2,1,2,3,4,5,6,
        3,1,3,3,4,3,3,
        4,1,4,4,4,4,4,
        5,1,5,3,4,5,3,
        6,1,6,3,4,3,6]),
    function(i(_,_), [
        1,1,1,1,1,1,1,
        0,1,2,3,4,5,6,
        0,1,1,1,1,1,1,
        0,1,2,1,1,5,6,
        0,1,2,3,1,5,6,
        0,1,6,1,1,1,6,
        0,1,5,1,1,5,1])]).
interpretation( 7, [number = 1941,seconds = 0], [
    function(^(_,_), [
        0,0,0,0,0,0,0,
        0,1,2,3,4,5,6,
        0,2,2,2,2,5,6,
        0,3,2,3,3,5,6,
        0,4,2,3,4,5,6,
        0,5,5,5,5,5,0,
        0,6,6,6,6,0,6]),
    function(v(_,_), [
        0,1,2,3,4,5,6,
        1,1,1,1,1,1,1,
        2,1,2,3,4,2,2,
        3,1,3,3,4,3,3,
        4,1,4,4,4,4,4,
        5,1,2,3,4,5,2,
        6,1,2,3,4,2,6]),
    function(i(_,_), [
        1,1,1,1,1,1,1,
        0,1,2,3,4,5,6,
        0,1,1,1,1,5,6,
        0,1,2,1,1,5,6,
        0,1,2,3,1,5,6,
        6,1,1,1,1,1,6,
        5,1,1,1,1,5,1])]).
interpretation( 7, [number = 2181,seconds = 0], [
    function(^(_,_), [
        0,0,0,0,0,0,0,
        0,1,2,3,4,5,6,
        0,2,2,2,2,2,2,
        0,3,2,3,4,6,6,
        0,4,2,4,4,2,2,
        0,5,2,6,2,5,6,
        0,6,2,6,2,6,6]),
    function(v(_,_), [
        0,1,2,3,4,5,6,
        1,1,1,1,1,1,1,
        2,1,2,3,4,5,6,
        3,1,3,3,3,1,3,
        4,1,4,3,4,1,3,
        5,1,5,1,1,5,5,
        6,1,6,3,3,5,6]),
    function(i(_,_), [
        1,1,1,1,1,1,1,
        0,1,2,3,4,5,6,
        0,1,1,1,1,1,1,
        0,1,2,1,4,5,5,
        0,1,5,1,1,5,5,
        0,1,4,3,4,1,3,
        0,1,4,1,4,1,1])]).
interpretation( 7, [number = 2457,seconds = 0], [
    function(^(_,_), [
        0,0,0,0,0,0,0,
        0,1,2,3,4,5,6,
        0,2,2,2,4,6,6,
        0,3,2,3,4,5,6,
        0,4,4,4,4,0,0,
        0,5,6,5,0,5,6,
        0,6,6,6,0,6,6]),
    function(v(_,_), [
        0,1,2,3,4,5,6,
        1,1,1,1,1,1,1,
        2,1,2,3,2,3,2,
        3,1,3,3,3,3,3,
        4,1,2,3,4,3,2,
        5,1,3,3,3,5,5,
        6,1,2,3,2,5,6]),
    function(i(_,_), [
        1,1,1,1,1,1,1,
        0,1,2,3,4,5,6,
        0,1,1,1,4,5,5,
        0,1,2,1,4,5,6,
        5,1,1,1,1,5,5,
        4,1,2,1,4,1,2,
        4,1,1,1,4,1,1])]).
interpretation( 7, [number = 2458,seconds = 0], [
    function(^(_,_), [
        0,0,0,0,0,0,0,
        0,1,2,3,4,5,6,
        0,2,2,2,4,6,6,
        0,3,2,3,4,6,6,
        0,4,4,4,4,0,0,
        0,5,6,6,0,5,6,
        0,6,6,6,0,6,6]),
    function(v(_,_), [
        0,1,2,3,4,5,6,
        1,1,1,1,1,1,1,
        2,1,2,3,2,1,2,
        3,1,3,3,3,1,3,
        4,1,2,3,4,1,2,
        5,1,1,1,1,5,5,
        6,1,2,3,2,5,6]),
    function(i(_,_), [
        1,1,1,1,1,1,1,
        0,1,2,3,4,5,6,
        0,1,1,1,4,5,5,
        0,1,2,1,4,5,6,
        5,1,1,1,1,5,5,
        4,1,2,3,4,1,2,
        4,1,1,1,4,1,1])]).
interpretation( 7, [number = 2641,seconds = 0], [
    function(^(_,_), [
        0,0,0,0,0,0,0,
        0,1,2,3,4,5,6,
        0,2,2,2,2,5,6,
        0,3,2,3,2,5,6,
        0,4,2,2,4,5,6,
        0,5,5,5,5,5,0,
        0,6,6,6,6,0,6]),
    function(v(_,_), [
        0,1,2,3,4,5,6,
        1,1,1,1,1,1,1,
        2,1,2,3,4,2,2,
        3,1,3,3,1,3,3,
        4,1,4,1,4,4,4,
        5,1,2,3,4,5,2,
        6,1,2,3,4,2,6]),
    function(i(_,_), [
        1,1,1,1,1,1,1,
        0,1,2,3,4,5,6,
        0,1,1,1,1,5,6,
        0,1,4,1,4,5,6,
        0,1,3,3,1,5,6,
        6,1,1,1,1,1,6,
        5,1,1,1,1,5,1])]).
interpretation( 7, [number = 4300,seconds = 0], [
    function(^(_,_), [
        0,0,0,0,0,0,0,
        0,1,2,3,4,5,6,
        0,2,2,3,3,6,6,
        0,3,3,3,3,0,0,
        0,4,3,3,4,0,0,
        0,5,6,0,0,5,6,
        0,6,6,0,0,6,6]),
    function(v(_,_), [
        0,1,2,3,4,5,6,
        1,1,1,1,1,1,1,
        2,1,2,2,1,1,2,
        3,1,2,3,4,1,2,
        4,1,1,4,4,1,1,
        5,1,1,1,1,5,5,
        6,1,2,2,1,5,6]),
    function(i(_,_), [
        1,1,1,1,1,1,1,
        0,1,2,3,4,5,6,
        0,1,1,4,4,5,5,
        5,1,1,1,1,5,5,
        6,1,2,2,1,5,6,
        3,1,2,3,4,1,2,
        4,1,1,4,4,1,1])]).
% isofilter: input=4846, kept=120, checks=4726, perms=6574, 0.72 seconds.
