interpretation( 4, [number = 1,seconds = 0], [
    function(^(_,_), [
        0,0,0,0,
        0,1,2,3,
        0,2,2,0,
        0,3,0,3]),
    function(v(_,_), [
        0,1,2,3,
        1,1,1,1,
        2,1,2,1,
        3,1,1,3]),
    function(c(_), [1,0,0,0])]).
interpretation( 4, [number = 2,seconds = 0], [
    function(^(_,_), [
        0,0,0,0,
        0,1,2,3,
        0,2,2,0,
        0,3,0,3]),
    function(v(_,_), [
        0,1,2,3,
        1,1,1,1,
        2,1,2,1,
        3,1,1,3]),
    function(c(_), [1,0,0,3])]).
interpretation( 4, [number = 3,seconds = 0], [
    function(^(_,_), [
        0,0,0,0,
        0,1,2,3,
        0,2,2,2,
        0,3,2,3]),
    function(v(_,_), [
        0,1,2,3,
        1,1,1,1,
        2,1,2,3,
        3,1,3,3]),
    function(c(_), [1,0,0,0])]).
interpretation( 4, [number = 5,seconds = 0], [
    function(^(_,_), [
        0,0,0,0,
        0,1,2,3,
        0,2,2,3,
        0,3,3,3]),
    function(v(_,_), [
        0,1,2,3,
        1,1,1,1,
        2,1,2,2,
        3,1,2,3]),
    function(c(_), [1,0,0,3])]).
interpretation( 4, [number = 7,seconds = 0], [
    function(^(_,_), [
        0,0,0,0,
        0,1,2,3,
        0,2,2,0,
        0,3,0,3]),
    function(v(_,_), [
        0,1,2,3,
        1,1,1,1,
        2,1,2,1,
        3,1,1,3]),
    function(c(_), [1,0,2,3])]).
interpretation( 4, [number = 9,seconds = 0], [
    function(^(_,_), [
        0,0,0,0,
        0,1,2,3,
        0,2,2,3,
        0,3,3,3]),
    function(v(_,_), [
        0,1,2,3,
        1,1,1,1,
        2,1,2,2,
        3,1,2,3]),
    function(c(_), [1,0,2,2])]).
interpretation( 4, [number = 10,seconds = 0], [
    function(^(_,_), [
        0,0,0,0,
        0,1,2,3,
        0,2,2,0,
        0,3,0,3]),
    function(v(_,_), [
        0,1,2,3,
        1,1,1,1,
        2,1,2,1,
        3,1,1,3]),
    function(c(_), [1,0,3,2])]).
interpretation( 4, [number = 11,seconds = 0], [
    function(^(_,_), [
        0,0,0,0,
        0,1,2,3,
        0,2,2,2,
        0,3,2,3]),
    function(v(_,_), [
        0,1,2,3,
        1,1,1,1,
        2,1,2,3,
        3,1,3,3]),
    function(c(_), [1,0,3,2])]).
% isofilter: input=13, kept=8, checks=8, perms=15, 0.00 seconds.
