interpretation( 6, [number = 1,seconds = 0], [
    function(^(_,_), [
        0,0,0,0,0,0,
        0,1,2,3,4,5,
        0,2,2,0,0,0,
        0,3,0,3,0,0,
        0,4,0,0,4,0,
        0,5,0,0,0,5]),
    function(v(_,_), [
        0,1,2,3,4,5,
        1,1,1,1,1,1,
        2,1,2,1,1,1,
        3,1,1,3,1,1,
        4,1,1,1,4,1,
        5,1,1,1,1,5]),
    function(c(_), [1,0,0,0,0,0])]).
interpretation( 6, [number = 2,seconds = 0], [
    function(^(_,_), [
        0,0,0,0,0,0,
        0,1,2,3,4,5,
        0,2,2,0,0,0,
        0,3,0,3,0,0,
        0,4,0,0,4,0,
        0,5,0,0,0,5]),
    function(v(_,_), [
        0,1,2,3,4,5,
        1,1,1,1,1,1,
        2,1,2,1,1,1,
        3,1,1,3,1,1,
        4,1,1,1,4,1,
        5,1,1,1,1,5]),
    function(c(_), [1,0,0,0,0,5])]).
interpretation( 6, [number = 3,seconds = 0], [
    function(^(_,_), [
        0,0,0,0,0,0,
        0,1,2,3,4,5,
        0,2,2,0,0,0,
        0,3,0,3,0,0,
        0,4,0,0,4,4,
        0,5,0,0,4,5]),
    function(v(_,_), [
        0,1,2,3,4,5,
        1,1,1,1,1,1,
        2,1,2,1,1,1,
        3,1,1,3,1,1,
        4,1,1,1,4,5,
        5,1,1,1,5,5]),
    function(c(_), [1,0,0,0,0,0])]).
interpretation( 6, [number = 5,seconds = 0], [
    function(^(_,_), [
        0,0,0,0,0,0,
        0,1,2,3,4,5,
        0,2,2,0,0,0,
        0,3,0,3,0,0,
        0,4,0,0,4,5,
        0,5,0,0,5,5]),
    function(v(_,_), [
        0,1,2,3,4,5,
        1,1,1,1,1,1,
        2,1,2,1,1,1,
        3,1,1,3,1,1,
        4,1,1,1,4,4,
        5,1,1,1,4,5]),
    function(c(_), [1,0,0,0,0,5])]).
interpretation( 6, [number = 13,seconds = 0], [
    function(^(_,_), [
        0,0,0,0,0,0,
        0,1,2,3,4,5,
        0,2,2,0,0,0,
        0,3,0,3,0,0,
        0,4,0,0,4,0,
        0,5,0,0,0,5]),
    function(v(_,_), [
        0,1,2,3,4,5,
        1,1,1,1,1,1,
        2,1,2,1,1,1,
        3,1,1,3,1,1,
        4,1,1,1,4,1,
        5,1,1,1,1,5]),
    function(c(_), [1,0,0,0,4,5])]).
interpretation( 6, [number = 15,seconds = 0], [
    function(^(_,_), [
        0,0,0,0,0,0,
        0,1,2,3,4,5,
        0,2,2,0,0,0,
        0,3,0,3,0,0,
        0,4,0,0,4,5,
        0,5,0,0,5,5]),
    function(v(_,_), [
        0,1,2,3,4,5,
        1,1,1,1,1,1,
        2,1,2,1,1,1,
        3,1,1,3,1,1,
        4,1,1,1,4,4,
        5,1,1,1,4,5]),
    function(c(_), [1,0,0,0,4,4])]).
interpretation( 6, [number = 16,seconds = 0], [
    function(^(_,_), [
        0,0,0,0,0,0,
        0,1,2,3,4,5,
        0,2,2,0,0,0,
        0,3,0,3,0,3,
        0,4,0,0,4,0,
        0,5,0,3,0,5]),
    function(v(_,_), [
        0,1,2,3,4,5,
        1,1,1,1,1,1,
        2,1,2,1,1,1,
        3,1,1,3,1,5,
        4,1,1,1,4,1,
        5,1,1,5,1,5]),
    function(c(_), [1,0,0,0,4,0])]).
interpretation( 6, [number = 18,seconds = 0], [
    function(^(_,_), [
        0,0,0,0,0,0,
        0,1,2,3,4,5,
        0,2,2,0,0,0,
        0,3,0,3,0,5,
        0,4,0,0,4,0,
        0,5,0,5,0,5]),
    function(v(_,_), [
        0,1,2,3,4,5,
        1,1,1,1,1,1,
        2,1,2,1,1,1,
        3,1,1,3,1,3,
        4,1,1,1,4,1,
        5,1,1,3,1,5]),
    function(c(_), [1,0,0,0,4,5])]).
interpretation( 6, [number = 22,seconds = 0], [
    function(^(_,_), [
        0,0,0,0,0,0,
        0,1,2,3,4,5,
        0,2,2,0,0,0,
        0,3,0,3,0,0,
        0,4,0,0,4,0,
        0,5,0,0,0,5]),
    function(v(_,_), [
        0,1,2,3,4,5,
        1,1,1,1,1,1,
        2,1,2,1,1,1,
        3,1,1,3,1,1,
        4,1,1,1,4,1,
        5,1,1,1,1,5]),
    function(c(_), [1,0,0,0,5,4])]).
interpretation( 6, [number = 23,seconds = 0], [
    function(^(_,_), [
        0,0,0,0,0,0,
        0,1,2,3,4,5,
        0,2,2,0,0,0,
        0,3,0,3,0,0,
        0,4,0,0,4,4,
        0,5,0,0,4,5]),
    function(v(_,_), [
        0,1,2,3,4,5,
        1,1,1,1,1,1,
        2,1,2,1,1,1,
        3,1,1,3,1,1,
        4,1,1,1,4,5,
        5,1,1,1,5,5]),
    function(c(_), [1,0,0,0,5,4])]).
interpretation( 6, [number = 25,seconds = 0], [
    function(^(_,_), [
        0,0,0,0,0,0,
        0,1,2,3,4,5,
        0,2,2,0,0,0,
        0,3,0,3,0,5,
        0,4,0,0,4,0,
        0,5,0,5,0,5]),
    function(v(_,_), [
        0,1,2,3,4,5,
        1,1,1,1,1,1,
        2,1,2,1,1,1,
        3,1,1,3,1,3,
        4,1,1,1,4,1,
        5,1,1,3,1,5]),
    function(c(_), [1,0,0,0,5,4])]).
interpretation( 6, [number = 28,seconds = 0], [
    function(^(_,_), [
        0,0,0,0,0,0,
        0,1,2,3,4,5,
        0,2,2,0,0,0,
        0,3,0,3,0,3,
        0,4,0,0,4,4,
        0,5,0,3,4,5]),
    function(v(_,_), [
        0,1,2,3,4,5,
        1,1,1,1,1,1,
        2,1,2,1,1,1,
        3,1,1,3,5,5,
        4,1,1,5,4,5,
        5,1,1,5,5,5]),
    function(c(_), [1,0,0,0,0,0])]).
interpretation( 6, [number = 29,seconds = 0], [
    function(^(_,_), [
        0,0,0,0,0,0,
        0,1,2,3,4,5,
        0,2,2,0,0,0,
        0,3,0,3,0,3,
        0,4,0,0,4,4,
        0,5,0,3,4,5]),
    function(v(_,_), [
        0,1,2,3,4,5,
        1,1,1,1,1,1,
        2,1,2,1,1,1,
        3,1,1,3,5,5,
        4,1,1,5,4,5,
        5,1,1,5,5,5]),
    function(c(_), [1,0,0,0,4,0])]).
interpretation( 6, [number = 34,seconds = 0], [
    function(^(_,_), [
        0,0,0,0,0,0,
        0,1,2,3,4,5,
        0,2,2,0,0,0,
        0,3,0,3,3,3,
        0,4,0,3,4,3,
        0,5,0,3,3,5]),
    function(v(_,_), [
        0,1,2,3,4,5,
        1,1,1,1,1,1,
        2,1,2,1,1,1,
        3,1,1,3,4,5,
        4,1,1,4,4,1,
        5,1,1,5,1,5]),
    function(c(_), [1,0,0,0,0,0])]).
interpretation( 6, [number = 35,seconds = 0], [
    function(^(_,_), [
        0,0,0,0,0,0,
        0,1,2,3,4,5,
        0,2,2,0,0,0,
        0,3,0,3,3,3,
        0,4,0,3,4,4,
        0,5,0,3,4,5]),
    function(v(_,_), [
        0,1,2,3,4,5,
        1,1,1,1,1,1,
        2,1,2,1,1,1,
        3,1,1,3,4,5,
        4,1,1,4,4,5,
        5,1,1,5,5,5]),
    function(c(_), [1,0,0,0,0,0])]).
interpretation( 6, [number = 38,seconds = 0], [
    function(^(_,_), [
        0,0,0,0,0,0,
        0,1,2,3,4,5,
        0,2,2,0,0,0,
        0,3,0,3,3,5,
        0,4,0,3,4,5,
        0,5,0,5,5,5]),
    function(v(_,_), [
        0,1,2,3,4,5,
        1,1,1,1,1,1,
        2,1,2,1,1,1,
        3,1,1,3,4,3,
        4,1,1,4,4,4,
        5,1,1,3,4,5]),
    function(c(_), [1,0,0,0,0,5])]).
interpretation( 6, [number = 39,seconds = 0], [
    function(^(_,_), [
        0,0,0,0,0,0,
        0,1,2,3,4,5,
        0,2,2,0,0,2,
        0,3,0,3,3,0,
        0,4,0,3,4,0,
        0,5,2,0,0,5]),
    function(v(_,_), [
        0,1,2,3,4,5,
        1,1,1,1,1,1,
        2,1,2,1,1,5,
        3,1,1,3,4,1,
        4,1,1,4,4,1,
        5,1,5,1,1,5]),
    function(c(_), [1,0,0,0,0,0])]).
interpretation( 6, [number = 41,seconds = 0], [
    function(^(_,_), [
        0,0,0,0,0,0,
        0,1,2,3,4,5,
        0,2,2,0,0,5,
        0,3,0,3,3,0,
        0,4,0,3,4,0,
        0,5,5,0,0,5]),
    function(v(_,_), [
        0,1,2,3,4,5,
        1,1,1,1,1,1,
        2,1,2,1,1,2,
        3,1,1,3,4,1,
        4,1,1,4,4,1,
        5,1,2,1,1,5]),
    function(c(_), [1,0,0,0,0,5])]).
interpretation( 6, [number = 57,seconds = 0], [
    function(^(_,_), [
        0,0,0,0,0,0,
        0,1,2,3,4,5,
        0,2,2,0,0,0,
        0,3,0,3,4,5,
        0,4,0,4,4,0,
        0,5,0,5,0,5]),
    function(v(_,_), [
        0,1,2,3,4,5,
        1,1,1,1,1,1,
        2,1,2,1,1,1,
        3,1,1,3,3,3,
        4,1,1,3,4,3,
        5,1,1,3,3,5]),
    function(c(_), [1,0,0,0,4,5])]).
interpretation( 6, [number = 59,seconds = 0], [
    function(^(_,_), [
        0,0,0,0,0,0,
        0,1,2,3,4,5,
        0,2,2,0,0,0,
        0,3,0,3,4,4,
        0,4,0,4,4,4,
        0,5,0,4,4,5]),
    function(v(_,_), [
        0,1,2,3,4,5,
        1,1,1,1,1,1,
        2,1,2,1,1,1,
        3,1,1,3,3,1,
        4,1,1,3,4,5,
        5,1,1,1,5,5]),
    function(c(_), [1,0,0,0,4,0])]).
interpretation( 6, [number = 61,seconds = 0], [
    function(^(_,_), [
        0,0,0,0,0,0,
        0,1,2,3,4,5,
        0,2,2,0,0,0,
        0,3,0,3,4,5,
        0,4,0,4,4,5,
        0,5,0,5,5,5]),
    function(v(_,_), [
        0,1,2,3,4,5,
        1,1,1,1,1,1,
        2,1,2,1,1,1,
        3,1,1,3,3,3,
        4,1,1,3,4,4,
        5,1,1,3,4,5]),
    function(c(_), [1,0,0,0,4,4])]).
interpretation( 6, [number = 64,seconds = 0], [
    function(^(_,_), [
        0,0,0,0,0,0,
        0,1,2,3,4,5,
        0,2,2,0,0,5,
        0,3,0,3,4,0,
        0,4,0,4,4,0,
        0,5,5,0,0,5]),
    function(v(_,_), [
        0,1,2,3,4,5,
        1,1,1,1,1,1,
        2,1,2,1,1,2,
        3,1,1,3,3,1,
        4,1,1,3,4,1,
        5,1,2,1,1,5]),
    function(c(_), [1,0,0,0,4,5])]).
interpretation( 6, [number = 66,seconds = 0], [
    function(^(_,_), [
        0,0,0,0,0,0,
        0,1,2,3,4,5,
        0,2,2,0,0,0,
        0,3,0,3,4,5,
        0,4,0,4,4,0,
        0,5,0,5,0,5]),
    function(v(_,_), [
        0,1,2,3,4,5,
        1,1,1,1,1,1,
        2,1,2,1,1,1,
        3,1,1,3,3,3,
        4,1,1,3,4,3,
        5,1,1,3,3,5]),
    function(c(_), [1,0,0,0,5,4])]).
interpretation( 6, [number = 67,seconds = 0], [
    function(^(_,_), [
        0,0,0,0,0,0,
        0,1,2,3,4,5,
        0,2,2,0,0,0,
        0,3,0,3,4,4,
        0,4,0,4,4,4,
        0,5,0,4,4,5]),
    function(v(_,_), [
        0,1,2,3,4,5,
        1,1,1,1,1,1,
        2,1,2,1,1,1,
        3,1,1,3,3,1,
        4,1,1,3,4,5,
        5,1,1,1,5,5]),
    function(c(_), [1,0,0,0,5,4])]).
interpretation( 6, [number = 68,seconds = 0], [
    function(^(_,_), [
        0,0,0,0,0,0,
        0,1,2,3,4,5,
        0,2,2,0,0,0,
        0,3,0,3,4,4,
        0,4,0,4,4,4,
        0,5,0,4,4,5]),
    function(v(_,_), [
        0,1,2,3,4,5,
        1,1,1,1,1,1,
        2,1,2,1,1,1,
        3,1,1,3,3,1,
        4,1,1,3,4,5,
        5,1,1,1,5,5]),
    function(c(_), [1,0,0,0,5,5])]).
interpretation( 6, [number = 69,seconds = 0], [
    function(^(_,_), [
        0,0,0,0,0,0,
        0,1,2,3,4,5,
        0,2,2,0,0,0,
        0,3,0,3,4,5,
        0,4,0,4,4,4,
        0,5,0,5,4,5]),
    function(v(_,_), [
        0,1,2,3,4,5,
        1,1,1,1,1,1,
        2,1,2,1,1,1,
        3,1,1,3,3,3,
        4,1,1,3,4,5,
        5,1,1,3,5,5]),
    function(c(_), [1,0,0,0,5,4])]).
interpretation( 6, [number = 72,seconds = 0], [
    function(^(_,_), [
        0,0,0,0,0,0,
        0,1,2,3,4,5,
        0,2,2,0,0,5,
        0,3,0,3,4,0,
        0,4,0,4,4,0,
        0,5,5,0,0,5]),
    function(v(_,_), [
        0,1,2,3,4,5,
        1,1,1,1,1,1,
        2,1,2,1,1,2,
        3,1,1,3,3,1,
        4,1,1,3,4,1,
        5,1,2,1,1,5]),
    function(c(_), [1,0,0,0,5,4])]).
interpretation( 6, [number = 79,seconds = 0], [
    function(^(_,_), [
        0,0,0,0,0,0,
        0,1,2,3,4,5,
        0,2,2,0,0,2,
        0,3,0,3,4,4,
        0,4,0,4,4,4,
        0,5,2,4,4,5]),
    function(v(_,_), [
        0,1,2,3,4,5,
        1,1,1,1,1,1,
        2,1,2,1,5,5,
        3,1,1,3,3,1,
        4,1,5,3,4,5,
        5,1,5,1,5,5]),
    function(c(_), [1,0,0,0,0,0])]).
interpretation( 6, [number = 80,seconds = 0], [
    function(^(_,_), [
        0,0,0,0,0,0,
        0,1,2,3,4,5,
        0,2,2,0,0,2,
        0,3,0,3,4,4,
        0,4,0,4,4,4,
        0,5,2,4,4,5]),
    function(v(_,_), [
        0,1,2,3,4,5,
        1,1,1,1,1,1,
        2,1,2,1,5,5,
        3,1,1,3,3,1,
        4,1,5,3,4,5,
        5,1,5,1,5,5]),
    function(c(_), [1,0,0,0,4,0])]).
interpretation( 6, [number = 145,seconds = 0], [
    function(^(_,_), [
        0,0,0,0,0,0,
        0,1,2,3,4,5,
        0,2,2,0,0,0,
        0,3,0,3,0,0,
        0,4,0,0,4,0,
        0,5,0,0,0,5]),
    function(v(_,_), [
        0,1,2,3,4,5,
        1,1,1,1,1,1,
        2,1,2,1,1,1,
        3,1,1,3,1,1,
        4,1,1,1,4,1,
        5,1,1,1,1,5]),
    function(c(_), [1,0,0,3,4,5])]).
interpretation( 6, [number = 147,seconds = 0], [
    function(^(_,_), [
        0,0,0,0,0,0,
        0,1,2,3,4,5,
        0,2,2,0,0,0,
        0,3,0,3,0,0,
        0,4,0,0,4,5,
        0,5,0,0,5,5]),
    function(v(_,_), [
        0,1,2,3,4,5,
        1,1,1,1,1,1,
        2,1,2,1,1,1,
        3,1,1,3,1,1,
        4,1,1,1,4,4,
        5,1,1,1,4,5]),
    function(c(_), [1,0,0,3,4,4])]).
interpretation( 6, [number = 150,seconds = 0], [
    function(^(_,_), [
        0,0,0,0,0,0,
        0,1,2,3,4,5,
        0,2,2,0,0,2,
        0,3,0,3,0,0,
        0,4,0,0,4,0,
        0,5,2,0,0,5]),
    function(v(_,_), [
        0,1,2,3,4,5,
        1,1,1,1,1,1,
        2,1,2,1,1,5,
        3,1,1,3,1,1,
        4,1,1,1,4,1,
        5,1,5,1,1,5]),
    function(c(_), [1,0,0,3,4,0])]).
interpretation( 6, [number = 152,seconds = 0], [
    function(^(_,_), [
        0,0,0,0,0,0,
        0,1,2,3,4,5,
        0,2,2,0,0,5,
        0,3,0,3,0,0,
        0,4,0,0,4,0,
        0,5,5,0,0,5]),
    function(v(_,_), [
        0,1,2,3,4,5,
        1,1,1,1,1,1,
        2,1,2,1,1,2,
        3,1,1,3,1,1,
        4,1,1,1,4,1,
        5,1,2,1,1,5]),
    function(c(_), [1,0,0,3,4,5])]).
interpretation( 6, [number = 153,seconds = 0], [
    function(^(_,_), [
        0,0,0,0,0,0,
        0,1,2,3,4,5,
        0,2,2,0,0,0,
        0,3,0,3,0,0,
        0,4,0,0,4,0,
        0,5,0,0,0,5]),
    function(v(_,_), [
        0,1,2,3,4,5,
        1,1,1,1,1,1,
        2,1,2,1,1,1,
        3,1,1,3,1,1,
        4,1,1,1,4,1,
        5,1,1,1,1,5]),
    function(c(_), [1,0,0,3,5,4])]).
interpretation( 6, [number = 154,seconds = 0], [
    function(^(_,_), [
        0,0,0,0,0,0,
        0,1,2,3,4,5,
        0,2,2,0,0,0,
        0,3,0,3,0,0,
        0,4,0,0,4,4,
        0,5,0,0,4,5]),
    function(v(_,_), [
        0,1,2,3,4,5,
        1,1,1,1,1,1,
        2,1,2,1,1,1,
        3,1,1,3,1,1,
        4,1,1,1,4,5,
        5,1,1,1,5,5]),
    function(c(_), [1,0,0,3,5,4])]).
interpretation( 6, [number = 156,seconds = 0], [
    function(^(_,_), [
        0,0,0,0,0,0,
        0,1,2,3,4,5,
        0,2,2,0,0,5,
        0,3,0,3,0,0,
        0,4,0,0,4,0,
        0,5,5,0,0,5]),
    function(v(_,_), [
        0,1,2,3,4,5,
        1,1,1,1,1,1,
        2,1,2,1,1,2,
        3,1,1,3,1,1,
        4,1,1,1,4,1,
        5,1,2,1,1,5]),
    function(c(_), [1,0,0,3,5,4])]).
interpretation( 6, [number = 171,seconds = 0], [
    function(^(_,_), [
        0,0,0,0,0,0,
        0,1,2,3,4,5,
        0,2,2,0,0,0,
        0,3,0,3,3,5,
        0,4,0,3,4,5,
        0,5,0,5,5,5]),
    function(v(_,_), [
        0,1,2,3,4,5,
        1,1,1,1,1,1,
        2,1,2,1,1,1,
        3,1,1,3,4,3,
        4,1,1,4,4,4,
        5,1,1,3,4,5]),
    function(c(_), [1,0,0,3,5,4])]).
interpretation( 6, [number = 174,seconds = 0], [
    function(^(_,_), [
        0,0,0,0,0,0,
        0,1,2,3,4,5,
        0,2,2,0,0,0,
        0,3,0,3,4,5,
        0,4,0,4,4,0,
        0,5,0,5,0,5]),
    function(v(_,_), [
        0,1,2,3,4,5,
        1,1,1,1,1,1,
        2,1,2,1,1,1,
        3,1,1,3,3,3,
        4,1,1,3,4,3,
        5,1,1,3,3,5]),
    function(c(_), [1,0,0,3,3,3])]).
interpretation( 6, [number = 177,seconds = 0], [
    function(^(_,_), [
        0,0,0,0,0,0,
        0,1,2,3,4,5,
        0,2,2,0,0,0,
        0,3,0,3,4,5,
        0,4,0,4,4,4,
        0,5,0,5,4,5]),
    function(v(_,_), [
        0,1,2,3,4,5,
        1,1,1,1,1,1,
        2,1,2,1,1,1,
        3,1,1,3,3,3,
        4,1,1,3,4,5,
        5,1,1,3,5,5]),
    function(c(_), [1,0,0,3,3,3])]).
interpretation( 6, [number = 179,seconds = 0], [
    function(^(_,_), [
        0,0,0,0,0,0,
        0,1,2,3,4,5,
        0,2,2,0,0,2,
        0,3,0,3,4,0,
        0,4,0,4,4,0,
        0,5,2,0,0,5]),
    function(v(_,_), [
        0,1,2,3,4,5,
        1,1,1,1,1,1,
        2,1,2,1,1,5,
        3,1,1,3,3,1,
        4,1,1,3,4,1,
        5,1,5,1,1,5]),
    function(c(_), [1,0,0,3,3,0])]).
interpretation( 6, [number = 181,seconds = 0], [
    function(^(_,_), [
        0,0,0,0,0,0,
        0,1,2,3,4,5,
        0,2,2,0,0,5,
        0,3,0,3,4,0,
        0,4,0,4,4,0,
        0,5,5,0,0,5]),
    function(v(_,_), [
        0,1,2,3,4,5,
        1,1,1,1,1,1,
        2,1,2,1,1,2,
        3,1,1,3,3,1,
        4,1,1,3,4,1,
        5,1,2,1,1,5]),
    function(c(_), [1,0,0,3,3,5])]).
interpretation( 6, [number = 184,seconds = 0], [
    function(^(_,_), [
        0,0,0,0,0,0,
        0,1,2,3,4,5,
        0,2,2,0,0,2,
        0,3,0,3,0,0,
        0,4,0,0,4,4,
        0,5,2,0,4,5]),
    function(v(_,_), [
        0,1,2,3,4,5,
        1,1,1,1,1,1,
        2,1,2,1,5,5,
        3,1,1,3,1,1,
        4,1,5,1,4,5,
        5,1,5,1,5,5]),
    function(c(_), [1,0,0,3,0,0])]).
interpretation( 6, [number = 185,seconds = 0], [
    function(^(_,_), [
        0,0,0,0,0,0,
        0,1,2,3,4,5,
        0,2,2,0,0,2,
        0,3,0,3,0,0,
        0,4,0,0,4,4,
        0,5,2,0,4,5]),
    function(v(_,_), [
        0,1,2,3,4,5,
        1,1,1,1,1,1,
        2,1,2,1,5,5,
        3,1,1,3,1,1,
        4,1,5,1,4,5,
        5,1,5,1,5,5]),
    function(c(_), [1,0,0,3,4,0])]).
interpretation( 6, [number = 186,seconds = 0], [
    function(^(_,_), [
        0,0,0,0,0,0,
        0,1,2,3,4,5,
        0,2,2,0,0,2,
        0,3,0,3,4,4,
        0,4,0,4,4,4,
        0,5,2,4,4,5]),
    function(v(_,_), [
        0,1,2,3,4,5,
        1,1,1,1,1,1,
        2,1,2,1,5,5,
        3,1,1,3,3,1,
        4,1,5,3,4,5,
        5,1,5,1,5,5]),
    function(c(_), [1,0,0,3,3,0])]).
interpretation( 6, [number = 193,seconds = 0], [
    function(^(_,_), [
        0,0,0,0,0,0,
        0,1,2,3,4,5,
        0,2,2,0,2,2,
        0,3,0,3,0,0,
        0,4,2,0,4,2,
        0,5,2,0,2,5]),
    function(v(_,_), [
        0,1,2,3,4,5,
        1,1,1,1,1,1,
        2,1,2,1,4,5,
        3,1,1,3,1,1,
        4,1,4,1,4,1,
        5,1,5,1,1,5]),
    function(c(_), [1,0,0,3,0,0])]).
interpretation( 6, [number = 194,seconds = 0], [
    function(^(_,_), [
        0,0,0,0,0,0,
        0,1,2,3,4,5,
        0,2,2,0,2,2,
        0,3,0,3,0,0,
        0,4,2,0,4,4,
        0,5,2,0,4,5]),
    function(v(_,_), [
        0,1,2,3,4,5,
        1,1,1,1,1,1,
        2,1,2,1,4,5,
        3,1,1,3,1,1,
        4,1,4,1,4,5,
        5,1,5,1,5,5]),
    function(c(_), [1,0,0,3,0,0])]).
interpretation( 6, [number = 197,seconds = 0], [
    function(^(_,_), [
        0,0,0,0,0,0,
        0,1,2,3,4,5,
        0,2,2,0,2,5,
        0,3,0,3,0,0,
        0,4,2,0,4,5,
        0,5,5,0,5,5]),
    function(v(_,_), [
        0,1,2,3,4,5,
        1,1,1,1,1,1,
        2,1,2,1,4,2,
        3,1,1,3,1,1,
        4,1,4,1,4,4,
        5,1,2,1,4,5]),
    function(c(_), [1,0,0,3,0,5])]).
interpretation( 6, [number = 213,seconds = 0], [
    function(^(_,_), [
        0,0,0,0,0,0,
        0,1,2,3,4,5,
        0,2,2,0,4,5,
        0,3,0,3,0,0,
        0,4,4,0,4,0,
        0,5,5,0,0,5]),
    function(v(_,_), [
        0,1,2,3,4,5,
        1,1,1,1,1,1,
        2,1,2,1,2,2,
        3,1,1,3,1,1,
        4,1,2,1,4,2,
        5,1,2,1,2,5]),
    function(c(_), [1,0,0,3,4,5])]).
interpretation( 6, [number = 215,seconds = 0], [
    function(^(_,_), [
        0,0,0,0,0,0,
        0,1,2,3,4,5,
        0,2,2,0,4,4,
        0,3,0,3,0,0,
        0,4,4,0,4,4,
        0,5,4,0,4,5]),
    function(v(_,_), [
        0,1,2,3,4,5,
        1,1,1,1,1,1,
        2,1,2,1,2,1,
        3,1,1,3,1,1,
        4,1,2,1,4,5,
        5,1,1,1,5,5]),
    function(c(_), [1,0,0,3,4,0])]).
interpretation( 6, [number = 217,seconds = 0], [
    function(^(_,_), [
        0,0,0,0,0,0,
        0,1,2,3,4,5,
        0,2,2,0,4,5,
        0,3,0,3,0,0,
        0,4,4,0,4,5,
        0,5,5,0,5,5]),
    function(v(_,_), [
        0,1,2,3,4,5,
        1,1,1,1,1,1,
        2,1,2,1,2,2,
        3,1,1,3,1,1,
        4,1,2,1,4,4,
        5,1,2,1,4,5]),
    function(c(_), [1,0,0,3,4,4])]).
interpretation( 6, [number = 221,seconds = 0], [
    function(^(_,_), [
        0,0,0,0,0,0,
        0,1,2,3,4,5,
        0,2,2,0,4,5,
        0,3,0,3,0,0,
        0,4,4,0,4,0,
        0,5,5,0,0,5]),
    function(v(_,_), [
        0,1,2,3,4,5,
        1,1,1,1,1,1,
        2,1,2,1,2,2,
        3,1,1,3,1,1,
        4,1,2,1,4,2,
        5,1,2,1,2,5]),
    function(c(_), [1,0,0,3,5,4])]).
interpretation( 6, [number = 222,seconds = 0], [
    function(^(_,_), [
        0,0,0,0,0,0,
        0,1,2,3,4,5,
        0,2,2,0,4,4,
        0,3,0,3,0,0,
        0,4,4,0,4,4,
        0,5,4,0,4,5]),
    function(v(_,_), [
        0,1,2,3,4,5,
        1,1,1,1,1,1,
        2,1,2,1,2,1,
        3,1,1,3,1,1,
        4,1,2,1,4,5,
        5,1,1,1,5,5]),
    function(c(_), [1,0,0,3,5,4])]).
interpretation( 6, [number = 223,seconds = 0], [
    function(^(_,_), [
        0,0,0,0,0,0,
        0,1,2,3,4,5,
        0,2,2,0,4,4,
        0,3,0,3,0,0,
        0,4,4,0,4,4,
        0,5,4,0,4,5]),
    function(v(_,_), [
        0,1,2,3,4,5,
        1,1,1,1,1,1,
        2,1,2,1,2,1,
        3,1,1,3,1,1,
        4,1,2,1,4,5,
        5,1,1,1,5,5]),
    function(c(_), [1,0,0,3,5,5])]).
interpretation( 6, [number = 224,seconds = 0], [
    function(^(_,_), [
        0,0,0,0,0,0,
        0,1,2,3,4,5,
        0,2,2,0,4,5,
        0,3,0,3,0,0,
        0,4,4,0,4,4,
        0,5,5,0,4,5]),
    function(v(_,_), [
        0,1,2,3,4,5,
        1,1,1,1,1,1,
        2,1,2,1,2,2,
        3,1,1,3,1,1,
        4,1,2,1,4,5,
        5,1,2,1,5,5]),
    function(c(_), [1,0,0,3,5,4])]).
interpretation( 6, [number = 227,seconds = 0], [
    function(^(_,_), [
        0,0,0,0,0,0,
        0,1,2,3,4,5,
        0,2,2,0,4,4,
        0,3,0,3,0,3,
        0,4,4,0,4,4,
        0,5,4,3,4,5]),
    function(v(_,_), [
        0,1,2,3,4,5,
        1,1,1,1,1,1,
        2,1,2,1,2,1,
        3,1,1,3,5,5,
        4,1,2,5,4,5,
        5,1,1,5,5,5]),
    function(c(_), [1,0,0,3,0,0])]).
interpretation( 6, [number = 228,seconds = 0], [
    function(^(_,_), [
        0,0,0,0,0,0,
        0,1,2,3,4,5,
        0,2,2,0,4,4,
        0,3,0,3,0,3,
        0,4,4,0,4,4,
        0,5,4,3,4,5]),
    function(v(_,_), [
        0,1,2,3,4,5,
        1,1,1,1,1,1,
        2,1,2,1,2,1,
        3,1,1,3,5,5,
        4,1,2,5,4,5,
        5,1,1,5,5,5]),
    function(c(_), [1,0,0,3,4,0])]).
interpretation( 6, [number = 238,seconds = 0], [
    function(^(_,_), [
        0,0,0,0,0,0,
        0,1,2,3,4,5,
        0,2,2,0,0,0,
        0,3,0,3,0,0,
        0,4,0,0,4,5,
        0,5,0,0,5,5]),
    function(v(_,_), [
        0,1,2,3,4,5,
        1,1,1,1,1,1,
        2,1,2,1,1,1,
        3,1,1,3,1,1,
        4,1,1,1,4,4,
        5,1,1,1,4,5]),
    function(c(_), [1,0,0,4,3,3])]).
interpretation( 6, [number = 241,seconds = 0], [
    function(^(_,_), [
        0,0,0,0,0,0,
        0,1,2,3,4,5,
        0,2,2,0,0,2,
        0,3,0,3,0,0,
        0,4,0,0,4,0,
        0,5,2,0,0,5]),
    function(v(_,_), [
        0,1,2,3,4,5,
        1,1,1,1,1,1,
        2,1,2,1,1,5,
        3,1,1,3,1,1,
        4,1,1,1,4,1,
        5,1,5,1,1,5]),
    function(c(_), [1,0,0,4,3,0])]).
interpretation( 6, [number = 243,seconds = 0], [
    function(^(_,_), [
        0,0,0,0,0,0,
        0,1,2,3,4,5,
        0,2,2,0,0,5,
        0,3,0,3,0,0,
        0,4,0,0,4,0,
        0,5,5,0,0,5]),
    function(v(_,_), [
        0,1,2,3,4,5,
        1,1,1,1,1,1,
        2,1,2,1,1,2,
        3,1,1,3,1,1,
        4,1,1,1,4,1,
        5,1,2,1,1,5]),
    function(c(_), [1,0,0,4,3,5])]).
interpretation( 6, [number = 247,seconds = 0], [
    function(^(_,_), [
        0,0,0,0,0,0,
        0,1,2,3,4,5,
        0,2,2,0,0,0,
        0,3,0,3,3,0,
        0,4,0,3,4,5,
        0,5,0,0,5,5]),
    function(v(_,_), [
        0,1,2,3,4,5,
        1,1,1,1,1,1,
        2,1,2,1,1,1,
        3,1,1,3,4,4,
        4,1,1,4,4,4,
        5,1,1,4,4,5]),
    function(c(_), [1,0,0,4,3,3])]).
interpretation( 6, [number = 250,seconds = 0], [
    function(^(_,_), [
        0,0,0,0,0,0,
        0,1,2,3,4,5,
        0,2,2,0,0,0,
        0,3,0,3,3,3,
        0,4,0,3,4,5,
        0,5,0,3,5,5]),
    function(v(_,_), [
        0,1,2,3,4,5,
        1,1,1,1,1,1,
        2,1,2,1,1,1,
        3,1,1,3,4,5,
        4,1,1,4,4,4,
        5,1,1,5,4,5]),
    function(c(_), [1,0,0,4,3,3])]).
interpretation( 6, [number = 252,seconds = 0], [
    function(^(_,_), [
        0,0,0,0,0,0,
        0,1,2,3,4,5,
        0,2,2,0,0,0,
        0,3,0,3,3,5,
        0,4,0,3,4,5,
        0,5,0,5,5,5]),
    function(v(_,_), [
        0,1,2,3,4,5,
        1,1,1,1,1,1,
        2,1,2,1,1,1,
        3,1,1,3,4,3,
        4,1,1,4,4,4,
        5,1,1,3,4,5]),
    function(c(_), [1,0,0,4,3,4])]).
interpretation( 6, [number = 253,seconds = 0], [
    function(^(_,_), [
        0,0,0,0,0,0,
        0,1,2,3,4,5,
        0,2,2,0,0,2,
        0,3,0,3,3,0,
        0,4,0,3,4,0,
        0,5,2,0,0,5]),
    function(v(_,_), [
        0,1,2,3,4,5,
        1,1,1,1,1,1,
        2,1,2,1,1,5,
        3,1,1,3,4,1,
        4,1,1,4,4,1,
        5,1,5,1,1,5]),
    function(c(_), [1,0,0,4,3,0])]).
interpretation( 6, [number = 255,seconds = 0], [
    function(^(_,_), [
        0,0,0,0,0,0,
        0,1,2,3,4,5,
        0,2,2,0,0,5,
        0,3,0,3,3,0,
        0,4,0,3,4,0,
        0,5,5,0,0,5]),
    function(v(_,_), [
        0,1,2,3,4,5,
        1,1,1,1,1,1,
        2,1,2,1,1,2,
        3,1,1,3,4,1,
        4,1,1,4,4,1,
        5,1,2,1,1,5]),
    function(c(_), [1,0,0,4,3,5])]).
interpretation( 6, [number = 267,seconds = 0], [
    function(^(_,_), [
        0,0,0,0,0,0,
        0,1,2,3,4,5,
        0,2,2,0,0,2,
        0,3,0,3,0,0,
        0,4,0,0,4,4,
        0,5,2,0,4,5]),
    function(v(_,_), [
        0,1,2,3,4,5,
        1,1,1,1,1,1,
        2,1,2,1,5,5,
        3,1,1,3,1,1,
        4,1,5,1,4,5,
        5,1,5,1,5,5]),
    function(c(_), [1,0,0,4,3,0])]).
interpretation( 6, [number = 268,seconds = 0], [
    function(^(_,_), [
        0,0,0,0,0,0,
        0,1,2,3,4,5,
        0,2,2,0,0,2,
        0,3,0,3,4,4,
        0,4,0,4,4,4,
        0,5,2,4,4,5]),
    function(v(_,_), [
        0,1,2,3,4,5,
        1,1,1,1,1,1,
        2,1,2,1,5,5,
        3,1,1,3,3,1,
        4,1,5,3,4,5,
        5,1,5,1,5,5]),
    function(c(_), [1,0,0,4,3,0])]).
interpretation( 6, [number = 272,seconds = 0], [
    function(^(_,_), [
        0,0,0,0,0,0,
        0,1,2,3,4,5,
        0,2,2,0,4,5,
        0,3,0,3,0,0,
        0,4,4,0,4,0,
        0,5,5,0,0,5]),
    function(v(_,_), [
        0,1,2,3,4,5,
        1,1,1,1,1,1,
        2,1,2,1,2,2,
        3,1,1,3,1,1,
        4,1,2,1,4,2,
        5,1,2,1,2,5]),
    function(c(_), [1,0,0,4,3,5])]).
interpretation( 6, [number = 273,seconds = 0], [
    function(^(_,_), [
        0,0,0,0,0,0,
        0,1,2,3,4,5,
        0,2,2,0,4,2,
        0,3,0,3,0,0,
        0,4,4,0,4,4,
        0,5,2,0,4,5]),
    function(v(_,_), [
        0,1,2,3,4,5,
        1,1,1,1,1,1,
        2,1,2,1,2,5,
        3,1,1,3,1,1,
        4,1,2,1,4,5,
        5,1,5,1,5,5]),
    function(c(_), [1,0,0,4,3,0])]).
interpretation( 6, [number = 274,seconds = 0], [
    function(^(_,_), [
        0,0,0,0,0,0,
        0,1,2,3,4,5,
        0,2,2,0,4,4,
        0,3,0,3,0,0,
        0,4,4,0,4,4,
        0,5,4,0,4,5]),
    function(v(_,_), [
        0,1,2,3,4,5,
        1,1,1,1,1,1,
        2,1,2,1,2,1,
        3,1,1,3,1,1,
        4,1,2,1,4,5,
        5,1,1,1,5,5]),
    function(c(_), [1,0,0,4,3,0])]).
interpretation( 6, [number = 276,seconds = 0], [
    function(^(_,_), [
        0,0,0,0,0,0,
        0,1,2,3,4,5,
        0,2,2,0,4,5,
        0,3,0,3,0,0,
        0,4,4,0,4,5,
        0,5,5,0,5,5]),
    function(v(_,_), [
        0,1,2,3,4,5,
        1,1,1,1,1,1,
        2,1,2,1,2,2,
        3,1,1,3,1,1,
        4,1,2,1,4,4,
        5,1,2,1,4,5]),
    function(c(_), [1,0,0,4,3,3])]).
interpretation( 6, [number = 278,seconds = 0], [
    function(^(_,_), [
        0,0,0,0,0,0,
        0,1,2,3,4,5,
        0,2,2,0,4,0,
        0,3,0,3,0,5,
        0,4,4,0,4,0,
        0,5,0,5,0,5]),
    function(v(_,_), [
        0,1,2,3,4,5,
        1,1,1,1,1,1,
        2,1,2,1,2,1,
        3,1,1,3,1,3,
        4,1,2,1,4,1,
        5,1,1,3,1,5]),
    function(c(_), [1,0,0,4,3,4])]).
interpretation( 6, [number = 279,seconds = 0], [
    function(^(_,_), [
        0,0,0,0,0,0,
        0,1,2,3,4,5,
        0,2,2,0,4,4,
        0,3,0,3,0,3,
        0,4,4,0,4,4,
        0,5,4,3,4,5]),
    function(v(_,_), [
        0,1,2,3,4,5,
        1,1,1,1,1,1,
        2,1,2,1,2,1,
        3,1,1,3,5,5,
        4,1,2,5,4,5,
        5,1,1,5,5,5]),
    function(c(_), [1,0,0,4,3,0])]).
interpretation( 6, [number = 280,seconds = 0], [
    function(^(_,_), [
        0,0,0,0,0,0,
        0,1,2,3,4,5,
        0,2,2,0,5,5,
        0,3,0,3,0,0,
        0,4,5,0,4,5,
        0,5,5,0,5,5]),
    function(v(_,_), [
        0,1,2,3,4,5,
        1,1,1,1,1,1,
        2,1,2,1,1,2,
        3,1,1,3,1,1,
        4,1,1,1,4,4,
        5,1,2,1,4,5]),
    function(c(_), [1,0,0,4,3,3])]).
interpretation( 6, [number = 281,seconds = 0], [
    function(^(_,_), [
        0,0,0,0,0,0,
        0,1,2,3,4,5,
        0,2,2,0,5,5,
        0,3,0,3,3,0,
        0,4,5,3,4,5,
        0,5,5,0,5,5]),
    function(v(_,_), [
        0,1,2,3,4,5,
        1,1,1,1,1,1,
        2,1,2,1,1,2,
        3,1,1,3,4,4,
        4,1,1,4,4,4,
        5,1,2,4,4,5]),
    function(c(_), [1,0,0,4,3,3])]).
interpretation( 6, [number = 292,seconds = 0], [
    function(^(_,_), [
        0,0,0,0,0,0,
        0,1,2,3,4,5,
        0,2,2,0,5,5,
        0,3,0,3,3,0,
        0,4,5,3,4,5,
        0,5,5,0,5,5]),
    function(v(_,_), [
        0,1,2,3,4,5,
        1,1,1,1,1,1,
        2,1,2,1,1,2,
        3,1,1,3,4,4,
        4,1,1,4,4,4,
        5,1,2,4,4,5]),
    function(c(_), [1,0,0,4,4,4])]).
interpretation( 6, [number = 298,seconds = 0], [
    function(^(_,_), [
        0,0,0,0,0,0,
        0,1,2,3,4,5,
        0,2,2,0,4,4,
        0,3,0,3,0,3,
        0,4,4,0,4,4,
        0,5,4,3,4,5]),
    function(v(_,_), [
        0,1,2,3,4,5,
        1,1,1,1,1,1,
        2,1,2,1,2,1,
        3,1,1,3,5,5,
        4,1,2,5,4,5,
        5,1,1,5,5,5]),
    function(c(_), [1,0,0,4,5,4])]).
interpretation( 6, [number = 302,seconds = 0], [
    function(^(_,_), [
        0,0,0,0,0,0,
        0,1,2,3,4,5,
        0,2,2,0,2,0,
        0,3,0,3,3,0,
        0,4,2,3,4,5,
        0,5,0,0,5,5]),
    function(v(_,_), [
        0,1,2,3,4,5,
        1,1,1,1,1,1,
        2,1,2,4,4,4,
        3,1,4,3,4,4,
        4,1,4,4,4,4,
        5,1,4,4,4,5]),
    function(c(_), [1,0,0,0,0,0])]).
interpretation( 6, [number = 303,seconds = 0], [
    function(^(_,_), [
        0,0,0,0,0,0,
        0,1,2,3,4,5,
        0,2,2,0,2,0,
        0,3,0,3,3,0,
        0,4,2,3,4,5,
        0,5,0,0,5,5]),
    function(v(_,_), [
        0,1,2,3,4,5,
        1,1,1,1,1,1,
        2,1,2,4,4,4,
        3,1,4,3,4,4,
        4,1,4,4,4,4,
        5,1,4,4,4,5]),
    function(c(_), [1,0,0,0,0,5])]).
interpretation( 6, [number = 304,seconds = 0], [
    function(^(_,_), [
        0,0,0,0,0,0,
        0,1,2,3,4,5,
        0,2,2,0,2,0,
        0,3,0,3,3,3,
        0,4,2,3,4,5,
        0,5,0,3,5,5]),
    function(v(_,_), [
        0,1,2,3,4,5,
        1,1,1,1,1,1,
        2,1,2,4,4,4,
        3,1,4,3,4,5,
        4,1,4,4,4,4,
        5,1,4,5,4,5]),
    function(c(_), [1,0,0,0,0,0])]).
interpretation( 6, [number = 306,seconds = 0], [
    function(^(_,_), [
        0,0,0,0,0,0,
        0,1,2,3,4,5,
        0,2,2,0,2,0,
        0,3,0,3,3,5,
        0,4,2,3,4,5,
        0,5,0,5,5,5]),
    function(v(_,_), [
        0,1,2,3,4,5,
        1,1,1,1,1,1,
        2,1,2,4,4,4,
        3,1,4,3,4,3,
        4,1,4,4,4,4,
        5,1,4,3,4,5]),
    function(c(_), [1,0,0,0,0,5])]).
interpretation( 6, [number = 309,seconds = 0], [
    function(^(_,_), [
        0,0,0,0,0,0,
        0,1,2,3,4,5,
        0,2,2,0,2,2,
        0,3,0,3,3,3,
        0,4,2,3,4,4,
        0,5,2,3,4,5]),
    function(v(_,_), [
        0,1,2,3,4,5,
        1,1,1,1,1,1,
        2,1,2,4,4,5,
        3,1,4,3,4,5,
        4,1,4,4,4,5,
        5,1,5,5,5,5]),
    function(c(_), [1,0,0,0,0,0])]).
interpretation( 6, [number = 316,seconds = 0], [
    function(^(_,_), [
        0,0,0,0,0,0,
        0,1,2,3,4,5,
        0,2,2,0,2,0,
        0,3,0,3,3,0,
        0,4,2,3,4,5,
        0,5,0,0,5,5]),
    function(v(_,_), [
        0,1,2,3,4,5,
        1,1,1,1,1,1,
        2,1,2,4,4,4,
        3,1,4,3,4,4,
        4,1,4,4,4,4,
        5,1,4,4,4,5]),
    function(c(_), [1,0,0,3,0,5])]).
interpretation( 6, [number = 318,seconds = 0], [
    function(^(_,_), [
        0,0,0,0,0,0,
        0,1,2,3,4,5,
        0,2,2,0,2,0,
        0,3,0,3,3,5,
        0,4,2,3,4,5,
        0,5,0,5,5,5]),
    function(v(_,_), [
        0,1,2,3,4,5,
        1,1,1,1,1,1,
        2,1,2,4,4,4,
        3,1,4,3,4,3,
        4,1,4,4,4,4,
        5,1,4,3,4,5]),
    function(c(_), [1,0,0,3,0,3])]).
interpretation( 6, [number = 320,seconds = 0], [
    function(^(_,_), [
        0,0,0,0,0,0,
        0,1,2,3,4,5,
        0,2,2,0,2,2,
        0,3,0,3,3,0,
        0,4,2,3,4,5,
        0,5,2,0,5,5]),
    function(v(_,_), [
        0,1,2,3,4,5,
        1,1,1,1,1,1,
        2,1,2,4,4,5,
        3,1,4,3,4,4,
        4,1,4,4,4,4,
        5,1,5,4,4,5]),
    function(c(_), [1,0,0,3,0,0])]).
interpretation( 6, [number = 321,seconds = 0], [
    function(^(_,_), [
        0,0,0,0,0,0,
        0,1,2,3,4,5,
        0,2,2,0,2,2,
        0,3,0,3,3,3,
        0,4,2,3,4,4,
        0,5,2,3,4,5]),
    function(v(_,_), [
        0,1,2,3,4,5,
        1,1,1,1,1,1,
        2,1,2,4,4,5,
        3,1,4,3,4,5,
        4,1,4,4,4,5,
        5,1,5,5,5,5]),
    function(c(_), [1,0,0,3,0,0])]).
interpretation( 6, [number = 323,seconds = 0], [
    function(^(_,_), [
        0,0,0,0,0,0,
        0,1,2,3,4,5,
        0,2,2,0,2,5,
        0,3,0,3,3,0,
        0,4,2,3,4,5,
        0,5,5,0,5,5]),
    function(v(_,_), [
        0,1,2,3,4,5,
        1,1,1,1,1,1,
        2,1,2,4,4,2,
        3,1,4,3,4,4,
        4,1,4,4,4,4,
        5,1,2,4,4,5]),
    function(c(_), [1,0,0,3,0,5])]).
interpretation( 6, [number = 327,seconds = 0], [
    function(^(_,_), [
        0,0,0,0,0,0,
        0,1,2,3,4,5,
        0,2,2,0,2,0,
        0,3,0,3,3,0,
        0,4,2,3,4,5,
        0,5,0,0,5,5]),
    function(v(_,_), [
        0,1,2,3,4,5,
        1,1,1,1,1,1,
        2,1,2,4,4,4,
        3,1,4,3,4,4,
        4,1,4,4,4,4,
        5,1,4,4,4,5]),
    function(c(_), [1,0,0,5,0,3])]).
interpretation( 6, [number = 328,seconds = 0], [
    function(^(_,_), [
        0,0,0,0,0,0,
        0,1,2,3,4,5,
        0,2,2,0,2,0,
        0,3,0,3,3,3,
        0,4,2,3,4,5,
        0,5,0,3,5,5]),
    function(v(_,_), [
        0,1,2,3,4,5,
        1,1,1,1,1,1,
        2,1,2,4,4,4,
        3,1,4,3,4,5,
        4,1,4,4,4,4,
        5,1,4,5,4,5]),
    function(c(_), [1,0,0,5,0,3])]).
interpretation( 6, [number = 331,seconds = 0], [
    function(^(_,_), [
        0,0,0,0,0,0,
        0,1,2,3,4,5,
        0,2,2,0,2,5,
        0,3,0,3,3,0,
        0,4,2,3,4,5,
        0,5,5,0,5,5]),
    function(v(_,_), [
        0,1,2,3,4,5,
        1,1,1,1,1,1,
        2,1,2,4,4,2,
        3,1,4,3,4,4,
        4,1,4,4,4,4,
        5,1,2,4,4,5]),
    function(c(_), [1,0,0,5,0,3])]).
interpretation( 6, [number = 410,seconds = 0], [
    function(^(_,_), [
        0,0,0,0,0,0,
        0,1,2,3,4,5,
        0,2,2,2,2,2,
        0,3,2,3,2,2,
        0,4,2,2,4,2,
        0,5,2,2,2,5]),
    function(v(_,_), [
        0,1,2,3,4,5,
        1,1,1,1,1,1,
        2,1,2,3,4,5,
        3,1,3,3,1,1,
        4,1,4,1,4,1,
        5,1,5,1,1,5]),
    function(c(_), [1,0,0,0,0,0])]).
interpretation( 6, [number = 411,seconds = 0], [
    function(^(_,_), [
        0,0,0,0,0,0,
        0,1,2,3,4,5,
        0,2,2,2,2,2,
        0,3,2,3,2,2,
        0,4,2,2,4,4,
        0,5,2,2,4,5]),
    function(v(_,_), [
        0,1,2,3,4,5,
        1,1,1,1,1,1,
        2,1,2,3,4,5,
        3,1,3,3,1,1,
        4,1,4,1,4,5,
        5,1,5,1,5,5]),
    function(c(_), [1,0,0,0,0,0])]).
interpretation( 6, [number = 415,seconds = 0], [
    function(^(_,_), [
        0,0,0,0,0,0,
        0,1,2,3,4,5,
        0,2,2,2,2,5,
        0,3,2,3,2,5,
        0,4,2,2,4,5,
        0,5,5,5,5,5]),
    function(v(_,_), [
        0,1,2,3,4,5,
        1,1,1,1,1,1,
        2,1,2,3,4,2,
        3,1,3,3,1,3,
        4,1,4,1,4,4,
        5,1,2,3,4,5]),
    function(c(_), [1,0,0,0,0,0])]).
interpretation( 6, [number = 416,seconds = 0], [
    function(^(_,_), [
        0,0,0,0,0,0,
        0,1,2,3,4,5,
        0,2,2,2,2,5,
        0,3,2,3,2,5,
        0,4,2,2,4,5,
        0,5,5,5,5,5]),
    function(v(_,_), [
        0,1,2,3,4,5,
        1,1,1,1,1,1,
        2,1,2,3,4,2,
        3,1,3,3,1,3,
        4,1,4,1,4,4,
        5,1,2,3,4,5]),
    function(c(_), [1,0,0,0,0,5])]).
interpretation( 6, [number = 417,seconds = 0], [
    function(^(_,_), [
        0,0,0,0,0,0,
        0,1,2,3,4,5,
        0,2,2,2,2,2,
        0,3,2,3,2,3,
        0,4,2,2,4,4,
        0,5,2,3,4,5]),
    function(v(_,_), [
        0,1,2,3,4,5,
        1,1,1,1,1,1,
        2,1,2,3,4,5,
        3,1,3,3,5,5,
        4,1,4,5,4,5,
        5,1,5,5,5,5]),
    function(c(_), [1,0,0,0,0,0])]).
interpretation( 6, [number = 427,seconds = 0], [
    function(^(_,_), [
        0,0,0,0,0,0,
        0,1,2,3,4,5,
        0,2,2,2,2,2,
        0,3,2,3,3,3,
        0,4,2,3,4,4,
        0,5,2,3,4,5]),
    function(v(_,_), [
        0,1,2,3,4,5,
        1,1,1,1,1,1,
        2,1,2,3,4,5,
        3,1,3,3,4,5,
        4,1,4,4,4,5,
        5,1,5,5,5,5]),
    function(c(_), [1,0,0,0,0,0])]).
interpretation( 6, [number = 431,seconds = 0], [
    function(^(_,_), [
        0,0,0,0,0,0,
        0,1,2,3,4,5,
        0,2,2,2,2,5,
        0,3,2,3,3,5,
        0,4,2,3,4,5,
        0,5,5,5,5,5]),
    function(v(_,_), [
        0,1,2,3,4,5,
        1,1,1,1,1,1,
        2,1,2,3,4,2,
        3,1,3,3,4,3,
        4,1,4,4,4,4,
        5,1,2,3,4,5]),
    function(c(_), [1,0,0,0,0,5])]).
interpretation( 6, [number = 466,seconds = 0], [
    function(^(_,_), [
        0,0,0,0,0,0,
        0,1,2,3,4,5,
        0,2,2,2,4,5,
        0,3,2,3,4,5,
        0,4,4,4,4,0,
        0,5,5,5,0,5]),
    function(v(_,_), [
        0,1,2,3,4,5,
        1,1,1,1,1,1,
        2,1,2,3,2,2,
        3,1,3,3,3,3,
        4,1,2,3,4,2,
        5,1,2,3,2,5]),
    function(c(_), [1,0,0,0,4,5])]).
interpretation( 6, [number = 470,seconds = 0], [
    function(^(_,_), [
        0,0,0,0,0,0,
        0,1,2,3,4,5,
        0,2,2,2,4,4,
        0,3,2,3,4,4,
        0,4,4,4,4,4,
        0,5,4,4,4,5]),
    function(v(_,_), [
        0,1,2,3,4,5,
        1,1,1,1,1,1,
        2,1,2,3,2,1,
        3,1,3,3,3,1,
        4,1,2,3,4,5,
        5,1,1,1,5,5]),
    function(c(_), [1,0,0,0,4,0])]).
interpretation( 6, [number = 471,seconds = 0], [
    function(^(_,_), [
        0,0,0,0,0,0,
        0,1,2,3,4,5,
        0,2,2,2,4,4,
        0,3,2,3,4,5,
        0,4,4,4,4,4,
        0,5,4,5,4,5]),
    function(v(_,_), [
        0,1,2,3,4,5,
        1,1,1,1,1,1,
        2,1,2,3,2,3,
        3,1,3,3,3,3,
        4,1,2,3,4,5,
        5,1,3,3,5,5]),
    function(c(_), [1,0,0,0,4,0])]).
interpretation( 6, [number = 473,seconds = 0], [
    function(^(_,_), [
        0,0,0,0,0,0,
        0,1,2,3,4,5,
        0,2,2,2,4,5,
        0,3,2,3,4,5,
        0,4,4,4,4,5,
        0,5,5,5,5,5]),
    function(v(_,_), [
        0,1,2,3,4,5,
        1,1,1,1,1,1,
        2,1,2,3,2,2,
        3,1,3,3,3,3,
        4,1,2,3,4,4,
        5,1,2,3,4,5]),
    function(c(_), [1,0,0,0,4,4])]).
interpretation( 6, [number = 476,seconds = 0], [
    function(^(_,_), [
        0,0,0,0,0,0,
        0,1,2,3,4,5,
        0,2,2,2,4,5,
        0,3,2,3,4,5,
        0,4,4,4,4,0,
        0,5,5,5,0,5]),
    function(v(_,_), [
        0,1,2,3,4,5,
        1,1,1,1,1,1,
        2,1,2,3,2,2,
        3,1,3,3,3,3,
        4,1,2,3,4,2,
        5,1,2,3,2,5]),
    function(c(_), [1,0,0,0,5,4])]).
interpretation( 6, [number = 477,seconds = 0], [
    function(^(_,_), [
        0,0,0,0,0,0,
        0,1,2,3,4,5,
        0,2,2,2,4,4,
        0,3,2,3,4,4,
        0,4,4,4,4,4,
        0,5,4,4,4,5]),
    function(v(_,_), [
        0,1,2,3,4,5,
        1,1,1,1,1,1,
        2,1,2,3,2,1,
        3,1,3,3,3,1,
        4,1,2,3,4,5,
        5,1,1,1,5,5]),
    function(c(_), [1,0,0,0,5,4])]).
interpretation( 6, [number = 478,seconds = 0], [
    function(^(_,_), [
        0,0,0,0,0,0,
        0,1,2,3,4,5,
        0,2,2,2,4,4,
        0,3,2,3,4,4,
        0,4,4,4,4,4,
        0,5,4,4,4,5]),
    function(v(_,_), [
        0,1,2,3,4,5,
        1,1,1,1,1,1,
        2,1,2,3,2,1,
        3,1,3,3,3,1,
        4,1,2,3,4,5,
        5,1,1,1,5,5]),
    function(c(_), [1,0,0,0,5,5])]).
interpretation( 6, [number = 479,seconds = 0], [
    function(^(_,_), [
        0,0,0,0,0,0,
        0,1,2,3,4,5,
        0,2,2,2,4,4,
        0,3,2,3,4,5,
        0,4,4,4,4,4,
        0,5,4,5,4,5]),
    function(v(_,_), [
        0,1,2,3,4,5,
        1,1,1,1,1,1,
        2,1,2,3,2,3,
        3,1,3,3,3,3,
        4,1,2,3,4,5,
        5,1,3,3,5,5]),
    function(c(_), [1,0,0,0,5,4])]).
interpretation( 6, [number = 480,seconds = 0], [
    function(^(_,_), [
        0,0,0,0,0,0,
        0,1,2,3,4,5,
        0,2,2,2,4,4,
        0,3,2,3,4,5,
        0,4,4,4,4,4,
        0,5,4,5,4,5]),
    function(v(_,_), [
        0,1,2,3,4,5,
        1,1,1,1,1,1,
        2,1,2,3,2,3,
        3,1,3,3,3,3,
        4,1,2,3,4,5,
        5,1,3,3,5,5]),
    function(c(_), [1,0,0,0,5,5])]).
interpretation( 6, [number = 481,seconds = 0], [
    function(^(_,_), [
        0,0,0,0,0,0,
        0,1,2,3,4,5,
        0,2,2,2,4,5,
        0,3,2,3,4,5,
        0,4,4,4,4,4,
        0,5,5,5,4,5]),
    function(v(_,_), [
        0,1,2,3,4,5,
        1,1,1,1,1,1,
        2,1,2,3,2,2,
        3,1,3,3,3,3,
        4,1,2,3,4,5,
        5,1,2,3,5,5]),
    function(c(_), [1,0,0,0,5,4])]).
interpretation( 6, [number = 698,seconds = 0], [
    function(^(_,_), [
        0,0,0,0,0,0,
        0,1,2,3,4,5,
        0,2,2,3,4,5,
        0,3,3,3,0,0,
        0,4,4,0,4,0,
        0,5,5,0,0,5]),
    function(v(_,_), [
        0,1,2,3,4,5,
        1,1,1,1,1,1,
        2,1,2,2,2,2,
        3,1,2,3,2,2,
        4,1,2,2,4,2,
        5,1,2,2,2,5]),
    function(c(_), [1,0,0,3,4,5])]).
interpretation( 6, [number = 700,seconds = 0], [
    function(^(_,_), [
        0,0,0,0,0,0,
        0,1,2,3,4,5,
        0,2,2,3,4,5,
        0,3,3,3,0,0,
        0,4,4,0,4,5,
        0,5,5,0,5,5]),
    function(v(_,_), [
        0,1,2,3,4,5,
        1,1,1,1,1,1,
        2,1,2,2,2,2,
        3,1,2,3,2,2,
        4,1,2,2,4,4,
        5,1,2,2,4,5]),
    function(c(_), [1,0,0,3,4,4])]).
interpretation( 6, [number = 706,seconds = 0], [
    function(^(_,_), [
        0,0,0,0,0,0,
        0,1,2,3,4,5,
        0,2,2,3,4,4,
        0,3,3,3,0,0,
        0,4,4,0,4,4,
        0,5,4,0,4,5]),
    function(v(_,_), [
        0,1,2,3,4,5,
        1,1,1,1,1,1,
        2,1,2,2,2,1,
        3,1,2,3,2,1,
        4,1,2,2,4,5,
        5,1,1,1,5,5]),
    function(c(_), [1,0,0,3,5,4])]).
interpretation( 6, [number = 707,seconds = 0], [
    function(^(_,_), [
        0,0,0,0,0,0,
        0,1,2,3,4,5,
        0,2,2,3,4,4,
        0,3,3,3,0,0,
        0,4,4,0,4,4,
        0,5,4,0,4,5]),
    function(v(_,_), [
        0,1,2,3,4,5,
        1,1,1,1,1,1,
        2,1,2,2,2,1,
        3,1,2,3,2,1,
        4,1,2,2,4,5,
        5,1,1,1,5,5]),
    function(c(_), [1,0,0,3,5,5])]).
interpretation( 6, [number = 708,seconds = 0], [
    function(^(_,_), [
        0,0,0,0,0,0,
        0,1,2,3,4,5,
        0,2,2,3,4,5,
        0,3,3,3,0,0,
        0,4,4,0,4,0,
        0,5,5,0,0,5]),
    function(v(_,_), [
        0,1,2,3,4,5,
        1,1,1,1,1,1,
        2,1,2,2,2,2,
        3,1,2,3,2,2,
        4,1,2,2,4,2,
        5,1,2,2,2,5]),
    function(c(_), [1,0,0,3,5,4])]).
interpretation( 6, [number = 709,seconds = 0], [
    function(^(_,_), [
        0,0,0,0,0,0,
        0,1,2,3,4,5,
        0,2,2,3,4,5,
        0,3,3,3,0,0,
        0,4,4,0,4,4,
        0,5,5,0,4,5]),
    function(v(_,_), [
        0,1,2,3,4,5,
        1,1,1,1,1,1,
        2,1,2,2,2,2,
        3,1,2,3,2,2,
        4,1,2,2,4,5,
        5,1,2,2,5,5]),
    function(c(_), [1,0,0,3,5,4])]).
interpretation( 6, [number = 738,seconds = 0], [
    function(^(_,_), [
        0,0,0,0,0,0,
        0,1,2,3,4,5,
        0,2,2,3,3,3,
        0,3,3,3,3,3,
        0,4,3,3,4,3,
        0,5,3,3,3,5]),
    function(v(_,_), [
        0,1,2,3,4,5,
        1,1,1,1,1,1,
        2,1,2,2,1,1,
        3,1,2,3,4,5,
        4,1,1,4,4,1,
        5,1,1,5,1,5]),
    function(c(_), [1,0,0,3,0,0])]).
interpretation( 6, [number = 742,seconds = 0], [
    function(^(_,_), [
        0,0,0,0,0,0,
        0,1,2,3,4,5,
        0,2,2,3,3,5,
        0,3,3,3,3,5,
        0,4,3,3,4,5,
        0,5,5,5,5,5]),
    function(v(_,_), [
        0,1,2,3,4,5,
        1,1,1,1,1,1,
        2,1,2,2,1,2,
        3,1,2,3,4,3,
        4,1,1,4,4,4,
        5,1,2,3,4,5]),
    function(c(_), [1,0,0,3,0,3])]).
interpretation( 6, [number = 743,seconds = 0], [
    function(^(_,_), [
        0,0,0,0,0,0,
        0,1,2,3,4,5,
        0,2,2,3,3,5,
        0,3,3,3,3,5,
        0,4,3,3,4,5,
        0,5,5,5,5,5]),
    function(v(_,_), [
        0,1,2,3,4,5,
        1,1,1,1,1,1,
        2,1,2,2,1,2,
        3,1,2,3,4,3,
        4,1,1,4,4,4,
        5,1,2,3,4,5]),
    function(c(_), [1,0,0,3,5,4])]).
interpretation( 6, [number = 758,seconds = 0], [
    function(^(_,_), [
        0,0,0,0,0,0,
        0,1,2,3,4,5,
        0,2,2,3,4,5,
        0,3,3,3,3,5,
        0,4,4,3,4,5,
        0,5,5,5,5,5]),
    function(v(_,_), [
        0,1,2,3,4,5,
        1,1,1,1,1,1,
        2,1,2,2,2,2,
        3,1,2,3,4,3,
        4,1,2,4,4,4,
        5,1,2,3,4,5]),
    function(c(_), [1,0,0,3,5,4])]).
interpretation( 6, [number = 764,seconds = 0], [
    function(^(_,_), [
        0,0,0,0,0,0,
        0,1,2,3,4,5,
        0,2,2,3,4,5,
        0,3,3,3,4,5,
        0,4,4,4,4,0,
        0,5,5,5,0,5]),
    function(v(_,_), [
        0,1,2,3,4,5,
        1,1,1,1,1,1,
        2,1,2,2,2,2,
        3,1,2,3,3,3,
        4,1,2,3,4,3,
        5,1,2,3,3,5]),
    function(c(_), [1,0,0,3,3,3])]).
interpretation( 6, [number = 768,seconds = 0], [
    function(^(_,_), [
        0,0,0,0,0,0,
        0,1,2,3,4,5,
        0,2,2,3,4,4,
        0,3,3,3,4,4,
        0,4,4,4,4,4,
        0,5,4,4,4,5]),
    function(v(_,_), [
        0,1,2,3,4,5,
        1,1,1,1,1,1,
        2,1,2,2,2,1,
        3,1,2,3,3,1,
        4,1,2,3,4,5,
        5,1,1,1,5,5]),
    function(c(_), [1,0,0,3,3,0])]).
interpretation( 6, [number = 770,seconds = 0], [
    function(^(_,_), [
        0,0,0,0,0,0,
        0,1,2,3,4,5,
        0,2,2,3,4,5,
        0,3,3,3,4,5,
        0,4,4,4,4,4,
        0,5,5,5,4,5]),
    function(v(_,_), [
        0,1,2,3,4,5,
        1,1,1,1,1,1,
        2,1,2,2,2,2,
        3,1,2,3,3,3,
        4,1,2,3,4,5,
        5,1,2,3,5,5]),
    function(c(_), [1,0,0,3,3,3])]).
interpretation( 6, [number = 797,seconds = 0], [
    function(^(_,_), [
        0,0,0,0,0,0,
        0,1,2,3,4,5,
        0,2,2,3,4,5,
        0,3,3,3,0,0,
        0,4,4,0,4,5,
        0,5,5,0,5,5]),
    function(v(_,_), [
        0,1,2,3,4,5,
        1,1,1,1,1,1,
        2,1,2,2,2,2,
        3,1,2,3,2,2,
        4,1,2,2,4,4,
        5,1,2,2,4,5]),
    function(c(_), [1,0,0,4,3,3])]).
interpretation( 6, [number = 802,seconds = 0], [
    function(^(_,_), [
        0,0,0,0,0,0,
        0,1,2,3,4,5,
        0,2,2,3,4,3,
        0,3,3,3,0,3,
        0,4,4,0,4,0,
        0,5,3,3,0,5]),
    function(v(_,_), [
        0,1,2,3,4,5,
        1,1,1,1,1,1,
        2,1,2,2,2,1,
        3,1,2,3,2,5,
        4,1,2,2,4,1,
        5,1,1,5,1,5]),
    function(c(_), [1,0,0,4,5,4])]).
interpretation( 6, [number = 805,seconds = 0], [
    function(^(_,_), [
        0,0,0,0,0,0,
        0,1,2,3,4,5,
        0,2,2,3,4,5,
        0,3,3,3,0,3,
        0,4,4,0,4,4,
        0,5,5,3,4,5]),
    function(v(_,_), [
        0,1,2,3,4,5,
        1,1,1,1,1,1,
        2,1,2,2,2,2,
        3,1,2,3,5,5,
        4,1,2,5,4,5,
        5,1,2,5,5,5]),
    function(c(_), [1,0,0,4,5,4])]).
interpretation( 6, [number = 813,seconds = 0], [
    function(^(_,_), [
        0,0,0,0,0,0,
        0,1,2,3,4,5,
        0,2,2,3,3,3,
        0,3,3,3,3,3,
        0,4,3,3,4,3,
        0,5,3,3,3,5]),
    function(v(_,_), [
        0,1,2,3,4,5,
        1,1,1,1,1,1,
        2,1,2,2,1,1,
        3,1,2,3,4,5,
        4,1,1,4,4,1,
        5,1,1,5,1,5]),
    function(c(_), [1,0,0,4,3,0])]).
interpretation( 6, [number = 814,seconds = 0], [
    function(^(_,_), [
        0,0,0,0,0,0,
        0,1,2,3,4,5,
        0,2,2,3,3,3,
        0,3,3,3,3,3,
        0,4,3,3,4,4,
        0,5,3,3,4,5]),
    function(v(_,_), [
        0,1,2,3,4,5,
        1,1,1,1,1,1,
        2,1,2,2,1,1,
        3,1,2,3,4,5,
        4,1,1,4,4,5,
        5,1,1,5,5,5]),
    function(c(_), [1,0,0,4,3,0])]).
interpretation( 6, [number = 815,seconds = 0], [
    function(^(_,_), [
        0,0,0,0,0,0,
        0,1,2,3,4,5,
        0,2,2,3,3,3,
        0,3,3,3,3,3,
        0,4,3,3,4,5,
        0,5,3,3,5,5]),
    function(v(_,_), [
        0,1,2,3,4,5,
        1,1,1,1,1,1,
        2,1,2,2,1,1,
        3,1,2,3,4,5,
        4,1,1,4,4,4,
        5,1,1,5,4,5]),
    function(c(_), [1,0,0,4,3,3])]).
interpretation( 6, [number = 816,seconds = 0], [
    function(^(_,_), [
        0,0,0,0,0,0,
        0,1,2,3,4,5,
        0,2,2,3,3,3,
        0,3,3,3,3,3,
        0,4,3,3,4,5,
        0,5,3,3,5,5]),
    function(v(_,_), [
        0,1,2,3,4,5,
        1,1,1,1,1,1,
        2,1,2,2,1,1,
        3,1,2,3,4,5,
        4,1,1,4,4,4,
        5,1,1,5,4,5]),
    function(c(_), [1,0,0,4,3,5])]).
interpretation( 6, [number = 818,seconds = 0], [
    function(^(_,_), [
        0,0,0,0,0,0,
        0,1,2,3,4,5,
        0,2,2,3,3,5,
        0,3,3,3,3,5,
        0,4,3,3,4,5,
        0,5,5,5,5,5]),
    function(v(_,_), [
        0,1,2,3,4,5,
        1,1,1,1,1,1,
        2,1,2,2,1,2,
        3,1,2,3,4,3,
        4,1,1,4,4,4,
        5,1,2,3,4,5]),
    function(c(_), [1,0,0,4,3,4])]).
interpretation( 6, [number = 825,seconds = 0], [
    function(^(_,_), [
        0,0,0,0,0,0,
        0,1,2,3,4,5,
        0,2,2,3,3,3,
        0,3,3,3,3,3,
        0,4,3,3,4,3,
        0,5,3,3,3,5]),
    function(v(_,_), [
        0,1,2,3,4,5,
        1,1,1,1,1,1,
        2,1,2,2,1,1,
        3,1,2,3,4,5,
        4,1,1,4,4,1,
        5,1,1,5,1,5]),
    function(c(_), [1,0,0,4,4,0])]).
interpretation( 6, [number = 827,seconds = 0], [
    function(^(_,_), [
        0,0,0,0,0,0,
        0,1,2,3,4,5,
        0,2,2,3,3,3,
        0,3,3,3,3,3,
        0,4,3,3,4,5,
        0,5,3,3,5,5]),
    function(v(_,_), [
        0,1,2,3,4,5,
        1,1,1,1,1,1,
        2,1,2,2,1,1,
        3,1,2,3,4,5,
        4,1,1,4,4,4,
        5,1,1,5,4,5]),
    function(c(_), [1,0,0,4,4,4])]).
interpretation( 6, [number = 829,seconds = 0], [
    function(^(_,_), [
        0,0,0,0,0,0,
        0,1,2,3,4,5,
        0,2,2,3,3,5,
        0,3,3,3,3,5,
        0,4,3,3,4,5,
        0,5,5,5,5,5]),
    function(v(_,_), [
        0,1,2,3,4,5,
        1,1,1,1,1,1,
        2,1,2,2,1,2,
        3,1,2,3,4,3,
        4,1,1,4,4,4,
        5,1,2,3,4,5]),
    function(c(_), [1,0,0,4,4,4])]).
interpretation( 6, [number = 830,seconds = 0], [
    function(^(_,_), [
        0,0,0,0,0,0,
        0,1,2,3,4,5,
        0,2,2,3,3,3,
        0,3,3,3,3,3,
        0,4,3,3,4,5,
        0,5,3,3,5,5]),
    function(v(_,_), [
        0,1,2,3,4,5,
        1,1,1,1,1,1,
        2,1,2,2,1,1,
        3,1,2,3,4,5,
        4,1,1,4,4,4,
        5,1,1,5,4,5]),
    function(c(_), [1,0,0,4,5,4])]).
interpretation( 6, [number = 841,seconds = 0], [
    function(^(_,_), [
        0,0,0,0,0,0,
        0,1,2,3,4,5,
        0,2,2,3,4,4,
        0,3,3,3,3,3,
        0,4,4,3,4,4,
        0,5,4,3,4,5]),
    function(v(_,_), [
        0,1,2,3,4,5,
        1,1,1,1,1,1,
        2,1,2,2,2,1,
        3,1,2,3,4,5,
        4,1,2,4,4,5,
        5,1,1,5,5,5]),
    function(c(_), [1,0,0,4,3,0])]).
interpretation( 6, [number = 843,seconds = 0], [
    function(^(_,_), [
        0,0,0,0,0,0,
        0,1,2,3,4,5,
        0,2,2,3,4,5,
        0,3,3,3,3,3,
        0,4,4,3,4,5,
        0,5,5,3,5,5]),
    function(v(_,_), [
        0,1,2,3,4,5,
        1,1,1,1,1,1,
        2,1,2,2,2,2,
        3,1,2,3,4,5,
        4,1,2,4,4,4,
        5,1,2,5,4,5]),
    function(c(_), [1,0,0,4,3,3])]).
interpretation( 6, [number = 845,seconds = 0], [
    function(^(_,_), [
        0,0,0,0,0,0,
        0,1,2,3,4,5,
        0,2,2,3,4,5,
        0,3,3,3,3,5,
        0,4,4,3,4,5,
        0,5,5,5,5,5]),
    function(v(_,_), [
        0,1,2,3,4,5,
        1,1,1,1,1,1,
        2,1,2,2,2,2,
        3,1,2,3,4,3,
        4,1,2,4,4,4,
        5,1,2,3,4,5]),
    function(c(_), [1,0,0,4,3,4])]).
interpretation( 6, [number = 859,seconds = 0], [
    function(^(_,_), [
        0,0,0,0,0,0,
        0,1,2,3,4,5,
        0,2,2,3,5,5,
        0,3,3,3,3,3,
        0,4,5,3,4,5,
        0,5,5,3,5,5]),
    function(v(_,_), [
        0,1,2,3,4,5,
        1,1,1,1,1,1,
        2,1,2,2,1,2,
        3,1,2,3,4,5,
        4,1,1,4,4,4,
        5,1,2,5,4,5]),
    function(c(_), [1,0,0,4,3,3])]).
interpretation( 6, [number = 1061,seconds = 0], [
    function(^(_,_), [
        0,0,0,0,0,0,
        0,1,2,3,4,5,
        0,2,2,0,0,0,
        0,3,0,3,0,0,
        0,4,0,0,4,0,
        0,5,0,0,0,5]),
    function(v(_,_), [
        0,1,2,3,4,5,
        1,1,1,1,1,1,
        2,1,2,1,1,1,
        3,1,1,3,1,1,
        4,1,1,1,4,1,
        5,1,1,1,1,5]),
    function(c(_), [1,0,2,3,4,5])]).
interpretation( 6, [number = 1063,seconds = 0], [
    function(^(_,_), [
        0,0,0,0,0,0,
        0,1,2,3,4,5,
        0,2,2,0,0,0,
        0,3,0,3,0,0,
        0,4,0,0,4,5,
        0,5,0,0,5,5]),
    function(v(_,_), [
        0,1,2,3,4,5,
        1,1,1,1,1,1,
        2,1,2,1,1,1,
        3,1,1,3,1,1,
        4,1,1,1,4,4,
        5,1,1,1,4,5]),
    function(c(_), [1,0,2,3,4,4])]).
interpretation( 6, [number = 1068,seconds = 0], [
    function(^(_,_), [
        0,0,0,0,0,0,
        0,1,2,3,4,5,
        0,2,2,0,0,0,
        0,3,0,3,0,0,
        0,4,0,0,4,0,
        0,5,0,0,0,5]),
    function(v(_,_), [
        0,1,2,3,4,5,
        1,1,1,1,1,1,
        2,1,2,1,1,1,
        3,1,1,3,1,1,
        4,1,1,1,4,1,
        5,1,1,1,1,5]),
    function(c(_), [1,0,2,3,5,4])]).
interpretation( 6, [number = 1069,seconds = 0], [
    function(^(_,_), [
        0,0,0,0,0,0,
        0,1,2,3,4,5,
        0,2,2,0,0,0,
        0,3,0,3,0,0,
        0,4,0,0,4,4,
        0,5,0,0,4,5]),
    function(v(_,_), [
        0,1,2,3,4,5,
        1,1,1,1,1,1,
        2,1,2,1,1,1,
        3,1,1,3,1,1,
        4,1,1,1,4,5,
        5,1,1,1,5,5]),
    function(c(_), [1,0,2,3,5,4])]).
interpretation( 6, [number = 1084,seconds = 0], [
    function(^(_,_), [
        0,0,0,0,0,0,
        0,1,2,3,4,5,
        0,2,2,0,0,0,
        0,3,0,3,3,5,
        0,4,0,3,4,5,
        0,5,0,5,5,5]),
    function(v(_,_), [
        0,1,2,3,4,5,
        1,1,1,1,1,1,
        2,1,2,1,1,1,
        3,1,1,3,4,3,
        4,1,1,4,4,4,
        5,1,1,3,4,5]),
    function(c(_), [1,0,2,3,5,4])]).
interpretation( 6, [number = 1087,seconds = 0], [
    function(^(_,_), [
        0,0,0,0,0,0,
        0,1,2,3,4,5,
        0,2,2,0,0,0,
        0,3,0,3,4,5,
        0,4,0,4,4,0,
        0,5,0,5,0,5]),
    function(v(_,_), [
        0,1,2,3,4,5,
        1,1,1,1,1,1,
        2,1,2,1,1,1,
        3,1,1,3,3,3,
        4,1,1,3,4,3,
        5,1,1,3,3,5]),
    function(c(_), [1,0,2,3,3,3])]).
interpretation( 6, [number = 1090,seconds = 0], [
    function(^(_,_), [
        0,0,0,0,0,0,
        0,1,2,3,4,5,
        0,2,2,0,0,0,
        0,3,0,3,4,5,
        0,4,0,4,4,4,
        0,5,0,5,4,5]),
    function(v(_,_), [
        0,1,2,3,4,5,
        1,1,1,1,1,1,
        2,1,2,1,1,1,
        3,1,1,3,3,3,
        4,1,1,3,4,5,
        5,1,1,3,5,5]),
    function(c(_), [1,0,2,3,3,3])]).
interpretation( 6, [number = 1093,seconds = 0], [
    function(^(_,_), [
        0,0,0,0,0,0,
        0,1,2,3,4,5,
        0,2,2,0,0,5,
        0,3,0,3,4,0,
        0,4,0,4,4,0,
        0,5,5,0,0,5]),
    function(v(_,_), [
        0,1,2,3,4,5,
        1,1,1,1,1,1,
        2,1,2,1,1,2,
        3,1,1,3,3,1,
        4,1,1,3,4,1,
        5,1,2,1,1,5]),
    function(c(_), [1,0,2,3,3,2])]).
interpretation( 6, [number = 1127,seconds = 0], [
    function(^(_,_), [
        0,0,0,0,0,0,
        0,1,2,3,4,5,
        0,2,2,0,0,0,
        0,3,0,3,0,0,
        0,4,0,0,4,5,
        0,5,0,0,5,5]),
    function(v(_,_), [
        0,1,2,3,4,5,
        1,1,1,1,1,1,
        2,1,2,1,1,1,
        3,1,1,3,1,1,
        4,1,1,1,4,4,
        5,1,1,1,4,5]),
    function(c(_), [1,0,2,4,3,3])]).
interpretation( 6, [number = 1131,seconds = 0], [
    function(^(_,_), [
        0,0,0,0,0,0,
        0,1,2,3,4,5,
        0,2,2,0,0,5,
        0,3,0,3,0,0,
        0,4,0,0,4,0,
        0,5,5,0,0,5]),
    function(v(_,_), [
        0,1,2,3,4,5,
        1,1,1,1,1,1,
        2,1,2,1,1,2,
        3,1,1,3,1,1,
        4,1,1,1,4,1,
        5,1,2,1,1,5]),
    function(c(_), [1,0,2,4,3,2])]).
interpretation( 6, [number = 1135,seconds = 0], [
    function(^(_,_), [
        0,0,0,0,0,0,
        0,1,2,3,4,5,
        0,2,2,0,0,0,
        0,3,0,3,3,0,
        0,4,0,3,4,5,
        0,5,0,0,5,5]),
    function(v(_,_), [
        0,1,2,3,4,5,
        1,1,1,1,1,1,
        2,1,2,1,1,1,
        3,1,1,3,4,4,
        4,1,1,4,4,4,
        5,1,1,4,4,5]),
    function(c(_), [1,0,2,4,3,3])]).
interpretation( 6, [number = 1138,seconds = 0], [
    function(^(_,_), [
        0,0,0,0,0,0,
        0,1,2,3,4,5,
        0,2,2,0,0,0,
        0,3,0,3,3,3,
        0,4,0,3,4,5,
        0,5,0,3,5,5]),
    function(v(_,_), [
        0,1,2,3,4,5,
        1,1,1,1,1,1,
        2,1,2,1,1,1,
        3,1,1,3,4,5,
        4,1,1,4,4,4,
        5,1,1,5,4,5]),
    function(c(_), [1,0,2,4,3,3])]).
interpretation( 6, [number = 1140,seconds = 0], [
    function(^(_,_), [
        0,0,0,0,0,0,
        0,1,2,3,4,5,
        0,2,2,0,0,0,
        0,3,0,3,3,5,
        0,4,0,3,4,5,
        0,5,0,5,5,5]),
    function(v(_,_), [
        0,1,2,3,4,5,
        1,1,1,1,1,1,
        2,1,2,1,1,1,
        3,1,1,3,4,3,
        4,1,1,4,4,4,
        5,1,1,3,4,5]),
    function(c(_), [1,0,2,4,3,4])]).
interpretation( 6, [number = 1142,seconds = 0], [
    function(^(_,_), [
        0,0,0,0,0,0,
        0,1,2,3,4,5,
        0,2,2,0,0,5,
        0,3,0,3,3,0,
        0,4,0,3,4,0,
        0,5,5,0,0,5]),
    function(v(_,_), [
        0,1,2,3,4,5,
        1,1,1,1,1,1,
        2,1,2,1,1,2,
        3,1,1,3,4,1,
        4,1,1,4,4,1,
        5,1,2,1,1,5]),
    function(c(_), [1,0,2,4,3,2])]).
interpretation( 6, [number = 1198,seconds = 0], [
    function(^(_,_), [
        0,0,0,0,0,0,
        0,1,2,3,4,5,
        0,2,2,0,2,5,
        0,3,0,3,3,0,
        0,4,2,3,4,5,
        0,5,5,0,5,5]),
    function(v(_,_), [
        0,1,2,3,4,5,
        1,1,1,1,1,1,
        2,1,2,4,4,2,
        3,1,4,3,4,4,
        4,1,4,4,4,4,
        5,1,2,4,4,5]),
    function(c(_), [1,0,2,5,5,4])]).
interpretation( 6, [number = 1326,seconds = 0], [
    function(^(_,_), [
        0,0,0,0,0,0,
        0,1,2,3,4,5,
        0,2,2,2,4,5,
        0,3,2,3,4,5,
        0,4,4,4,4,0,
        0,5,5,5,0,5]),
    function(v(_,_), [
        0,1,2,3,4,5,
        1,1,1,1,1,1,
        2,1,2,3,2,2,
        3,1,3,3,3,3,
        4,1,2,3,4,2,
        5,1,2,3,2,5]),
    function(c(_), [1,0,2,4,3,2])]).
interpretation( 6, [number = 1329,seconds = 0], [
    function(^(_,_), [
        0,0,0,0,0,0,
        0,1,2,3,4,5,
        0,2,2,2,4,2,
        0,3,2,3,4,5,
        0,4,4,4,4,4,
        0,5,2,5,4,5]),
    function(v(_,_), [
        0,1,2,3,4,5,
        1,1,1,1,1,1,
        2,1,2,3,2,5,
        3,1,3,3,3,3,
        4,1,2,3,4,5,
        5,1,5,3,5,5]),
    function(c(_), [1,0,2,4,3,4])]).
interpretation( 6, [number = 1331,seconds = 0], [
    function(^(_,_), [
        0,0,0,0,0,0,
        0,1,2,3,4,5,
        0,2,2,2,4,4,
        0,3,2,3,4,5,
        0,4,4,4,4,4,
        0,5,4,5,4,5]),
    function(v(_,_), [
        0,1,2,3,4,5,
        1,1,1,1,1,1,
        2,1,2,3,2,3,
        3,1,3,3,3,3,
        4,1,2,3,4,5,
        5,1,3,3,5,5]),
    function(c(_), [1,0,2,4,3,4])]).
interpretation( 6, [number = 1332,seconds = 0], [
    function(^(_,_), [
        0,0,0,0,0,0,
        0,1,2,3,4,5,
        0,2,2,2,4,4,
        0,3,2,3,4,5,
        0,4,4,4,4,4,
        0,5,4,5,4,5]),
    function(v(_,_), [
        0,1,2,3,4,5,
        1,1,1,1,1,1,
        2,1,2,3,2,3,
        3,1,3,3,3,3,
        4,1,2,3,4,5,
        5,1,3,3,5,5]),
    function(c(_), [1,0,2,4,3,5])]).
interpretation( 6, [number = 1333,seconds = 0], [
    function(^(_,_), [
        0,0,0,0,0,0,
        0,1,2,3,4,5,
        0,2,2,2,4,5,
        0,3,2,3,4,5,
        0,4,4,4,4,4,
        0,5,5,5,4,5]),
    function(v(_,_), [
        0,1,2,3,4,5,
        1,1,1,1,1,1,
        2,1,2,3,2,2,
        3,1,3,3,3,3,
        4,1,2,3,4,5,
        5,1,2,3,5,5]),
    function(c(_), [1,0,2,4,3,2])]).
interpretation( 6, [number = 1334,seconds = 0], [
    function(^(_,_), [
        0,0,0,0,0,0,
        0,1,2,3,4,5,
        0,2,2,2,4,5,
        0,3,2,3,4,5,
        0,4,4,4,4,5,
        0,5,5,5,5,5]),
    function(v(_,_), [
        0,1,2,3,4,5,
        1,1,1,1,1,1,
        2,1,2,3,2,2,
        3,1,3,3,3,3,
        4,1,2,3,4,4,
        5,1,2,3,4,5]),
    function(c(_), [1,0,2,4,3,3])]).
interpretation( 6, [number = 1366,seconds = 0], [
    function(^(_,_), [
        0,0,0,0,0,0,
        0,1,2,3,4,5,
        0,2,2,3,4,5,
        0,3,3,3,0,0,
        0,4,4,0,4,0,
        0,5,5,0,0,5]),
    function(v(_,_), [
        0,1,2,3,4,5,
        1,1,1,1,1,1,
        2,1,2,2,2,2,
        3,1,2,3,2,2,
        4,1,2,2,4,2,
        5,1,2,2,2,5]),
    function(c(_), [1,0,2,2,2,2])]).
interpretation( 6, [number = 1367,seconds = 0], [
    function(^(_,_), [
        0,0,0,0,0,0,
        0,1,2,3,4,5,
        0,2,2,3,4,5,
        0,3,3,3,0,0,
        0,4,4,0,4,4,
        0,5,5,0,4,5]),
    function(v(_,_), [
        0,1,2,3,4,5,
        1,1,1,1,1,1,
        2,1,2,2,2,2,
        3,1,2,3,2,2,
        4,1,2,2,4,5,
        5,1,2,2,5,5]),
    function(c(_), [1,0,2,2,2,2])]).
interpretation( 6, [number = 1373,seconds = 0], [
    function(^(_,_), [
        0,0,0,0,0,0,
        0,1,2,3,4,5,
        0,2,2,3,4,5,
        0,3,3,3,0,3,
        0,4,4,0,4,4,
        0,5,5,3,4,5]),
    function(v(_,_), [
        0,1,2,3,4,5,
        1,1,1,1,1,1,
        2,1,2,2,2,2,
        3,1,2,3,5,5,
        4,1,2,5,4,5,
        5,1,2,5,5,5]),
    function(c(_), [1,0,2,2,2,2])]).
interpretation( 6, [number = 1407,seconds = 0], [
    function(^(_,_), [
        0,0,0,0,0,0,
        0,1,2,3,4,5,
        0,2,2,3,4,5,
        0,3,3,3,3,3,
        0,4,4,3,4,3,
        0,5,5,3,3,5]),
    function(v(_,_), [
        0,1,2,3,4,5,
        1,1,1,1,1,1,
        2,1,2,2,2,2,
        3,1,2,3,4,5,
        4,1,2,4,4,2,
        5,1,2,5,2,5]),
    function(c(_), [1,0,2,2,2,2])]).
interpretation( 6, [number = 1410,seconds = 0], [
    function(^(_,_), [
        0,0,0,0,0,0,
        0,1,2,3,4,5,
        0,2,2,3,4,5,
        0,3,3,3,3,3,
        0,4,4,3,4,4,
        0,5,5,3,4,5]),
    function(v(_,_), [
        0,1,2,3,4,5,
        1,1,1,1,1,1,
        2,1,2,2,2,2,
        3,1,2,3,4,5,
        4,1,2,4,4,5,
        5,1,2,5,5,5]),
    function(c(_), [1,0,2,2,2,2])]).
interpretation( 6, [number = 1473,seconds = 0], [
    function(^(_,_), [
        0,0,0,0,0,0,
        0,1,2,3,4,5,
        0,2,2,0,0,0,
        0,3,0,3,0,0,
        0,4,0,0,4,0,
        0,5,0,0,0,5]),
    function(v(_,_), [
        0,1,2,3,4,5,
        1,1,1,1,1,1,
        2,1,2,1,1,1,
        3,1,1,3,1,1,
        4,1,1,1,4,1,
        5,1,1,1,1,5]),
    function(c(_), [1,0,3,2,5,4])]).
interpretation( 6, [number = 1474,seconds = 0], [
    function(^(_,_), [
        0,0,0,0,0,0,
        0,1,2,3,4,5,
        0,2,2,0,0,0,
        0,3,0,3,0,0,
        0,4,0,0,4,4,
        0,5,0,0,4,5]),
    function(v(_,_), [
        0,1,2,3,4,5,
        1,1,1,1,1,1,
        2,1,2,1,1,1,
        3,1,1,3,1,1,
        4,1,1,1,4,5,
        5,1,1,1,5,5]),
    function(c(_), [1,0,3,2,5,4])]).
interpretation( 6, [number = 1489,seconds = 0], [
    function(^(_,_), [
        0,0,0,0,0,0,
        0,1,2,3,4,5,
        0,2,2,0,0,5,
        0,3,0,3,3,0,
        0,4,0,3,4,0,
        0,5,5,0,0,5]),
    function(v(_,_), [
        0,1,2,3,4,5,
        1,1,1,1,1,1,
        2,1,2,1,1,2,
        3,1,1,3,4,1,
        4,1,1,4,4,1,
        5,1,2,1,1,5]),
    function(c(_), [1,0,3,2,5,4])]).
interpretation( 6, [number = 1492,seconds = 0], [
    function(^(_,_), [
        0,0,0,0,0,0,
        0,1,2,3,4,5,
        0,2,2,0,0,0,
        0,3,0,3,4,5,
        0,4,0,4,4,0,
        0,5,0,5,0,5]),
    function(v(_,_), [
        0,1,2,3,4,5,
        1,1,1,1,1,1,
        2,1,2,1,1,1,
        3,1,1,3,3,3,
        4,1,1,3,4,3,
        5,1,1,3,3,5]),
    function(c(_), [1,0,3,2,2,2])]).
interpretation( 6, [number = 1495,seconds = 0], [
    function(^(_,_), [
        0,0,0,0,0,0,
        0,1,2,3,4,5,
        0,2,2,0,0,0,
        0,3,0,3,4,5,
        0,4,0,4,4,4,
        0,5,0,5,4,5]),
    function(v(_,_), [
        0,1,2,3,4,5,
        1,1,1,1,1,1,
        2,1,2,1,1,1,
        3,1,1,3,3,3,
        4,1,1,3,4,5,
        5,1,1,3,5,5]),
    function(c(_), [1,0,3,2,2,2])]).
interpretation( 6, [number = 1498,seconds = 0], [
    function(^(_,_), [
        0,0,0,0,0,0,
        0,1,2,3,4,5,
        0,2,2,0,0,5,
        0,3,0,3,4,0,
        0,4,0,4,4,0,
        0,5,5,0,0,5]),
    function(v(_,_), [
        0,1,2,3,4,5,
        1,1,1,1,1,1,
        2,1,2,1,1,2,
        3,1,1,3,3,1,
        4,1,1,3,4,1,
        5,1,2,1,1,5]),
    function(c(_), [1,0,3,2,2,3])]).
interpretation( 6, [number = 1504,seconds = 0], [
    function(^(_,_), [
        0,0,0,0,0,0,
        0,1,2,3,4,5,
        0,2,2,0,0,2,
        0,3,0,3,4,4,
        0,4,0,4,4,4,
        0,5,2,4,4,5]),
    function(v(_,_), [
        0,1,2,3,4,5,
        1,1,1,1,1,1,
        2,1,2,1,5,5,
        3,1,1,3,3,1,
        4,1,5,3,4,5,
        5,1,5,1,5,5]),
    function(c(_), [1,0,3,2,5,4])]).
interpretation( 6, [number = 1566,seconds = 0], [
    function(^(_,_), [
        0,0,0,0,0,0,
        0,1,2,3,4,5,
        0,2,2,2,0,0,
        0,3,2,3,0,0,
        0,4,0,0,4,4,
        0,5,0,0,4,5]),
    function(v(_,_), [
        0,1,2,3,4,5,
        1,1,1,1,1,1,
        2,1,2,3,1,1,
        3,1,3,3,1,1,
        4,1,1,1,4,5,
        5,1,1,1,5,5]),
    function(c(_), [1,0,3,2,5,4])]).
interpretation( 6, [number = 1576,seconds = 0], [
    function(^(_,_), [
        0,0,0,0,0,0,
        0,1,2,3,4,5,
        0,2,2,2,0,0,
        0,3,2,3,4,5,
        0,4,0,4,4,0,
        0,5,0,5,0,5]),
    function(v(_,_), [
        0,1,2,3,4,5,
        1,1,1,1,1,1,
        2,1,2,3,3,3,
        3,1,3,3,3,3,
        4,1,3,3,4,3,
        5,1,3,3,3,5]),
    function(c(_), [1,0,3,2,2,2])]).
interpretation( 6, [number = 1577,seconds = 0], [
    function(^(_,_), [
        0,0,0,0,0,0,
        0,1,2,3,4,5,
        0,2,2,2,0,0,
        0,3,2,3,4,5,
        0,4,0,4,4,4,
        0,5,0,5,4,5]),
    function(v(_,_), [
        0,1,2,3,4,5,
        1,1,1,1,1,1,
        2,1,2,3,3,3,
        3,1,3,3,3,3,
        4,1,3,3,4,5,
        5,1,3,3,5,5]),
    function(c(_), [1,0,3,2,2,2])]).
interpretation( 6, [number = 1580,seconds = 0], [
    function(^(_,_), [
        0,0,0,0,0,0,
        0,1,2,3,4,5,
        0,2,2,2,0,2,
        0,3,2,3,4,5,
        0,4,0,4,4,0,
        0,5,2,5,0,5]),
    function(v(_,_), [
        0,1,2,3,4,5,
        1,1,1,1,1,1,
        2,1,2,3,3,5,
        3,1,3,3,3,3,
        4,1,3,3,4,3,
        5,1,5,3,3,5]),
    function(c(_), [1,0,3,2,2,2])]).
interpretation( 6, [number = 1583,seconds = 0], [
    function(^(_,_), [
        0,0,0,0,0,0,
        0,1,2,3,4,5,
        0,2,2,2,0,5,
        0,3,2,3,4,5,
        0,4,0,4,4,0,
        0,5,5,5,0,5]),
    function(v(_,_), [
        0,1,2,3,4,5,
        1,1,1,1,1,1,
        2,1,2,3,3,2,
        3,1,3,3,3,3,
        4,1,3,3,4,3,
        5,1,2,3,3,5]),
    function(c(_), [1,0,3,2,2,3])]).
interpretation( 6, [number = 1585,seconds = 0], [
    function(^(_,_), [
        0,0,0,0,0,0,
        0,1,2,3,4,5,
        0,2,2,2,0,2,
        0,3,2,3,4,5,
        0,4,0,4,4,4,
        0,5,2,5,4,5]),
    function(v(_,_), [
        0,1,2,3,4,5,
        1,1,1,1,1,1,
        2,1,2,3,5,5,
        3,1,3,3,3,3,
        4,1,5,3,4,5,
        5,1,5,3,5,5]),
    function(c(_), [1,0,3,2,2,2])]).
interpretation( 6, [number = 1615,seconds = 0], [
    function(^(_,_), [
        0,0,0,0,0,0,
        0,1,2,3,4,5,
        0,2,2,2,2,5,
        0,3,2,3,3,5,
        0,4,2,3,4,5,
        0,5,5,5,5,5]),
    function(v(_,_), [
        0,1,2,3,4,5,
        1,1,1,1,1,1,
        2,1,2,3,4,2,
        3,1,3,3,4,3,
        4,1,4,4,4,4,
        5,1,2,3,4,5]),
    function(c(_), [1,0,3,2,5,4])]).
interpretation( 6, [number = 1621,seconds = 0], [
    function(^(_,_), [
        0,0,0,0,0,0,
        0,1,2,3,4,5,
        0,2,2,2,2,2,
        0,3,2,3,4,5,
        0,4,2,4,4,2,
        0,5,2,5,2,5]),
    function(v(_,_), [
        0,1,2,3,4,5,
        1,1,1,1,1,1,
        2,1,2,3,4,5,
        3,1,3,3,3,3,
        4,1,4,3,4,3,
        5,1,5,3,3,5]),
    function(c(_), [1,0,3,2,2,2])]).
interpretation( 6, [number = 1625,seconds = 0], [
    function(^(_,_), [
        0,0,0,0,0,0,
        0,1,2,3,4,5,
        0,2,2,2,2,2,
        0,3,2,3,4,5,
        0,4,2,4,4,4,
        0,5,2,5,4,5]),
    function(v(_,_), [
        0,1,2,3,4,5,
        1,1,1,1,1,1,
        2,1,2,3,4,5,
        3,1,3,3,3,3,
        4,1,4,3,4,5,
        5,1,5,3,5,5]),
    function(c(_), [1,0,3,2,2,2])]).
interpretation( 6, [number = 1628,seconds = 0], [
    function(^(_,_), [
        0,0,0,0,0,0,
        0,1,2,3,4,5,
        0,2,2,2,2,5,
        0,3,2,3,4,5,
        0,4,2,4,4,5,
        0,5,5,5,5,5]),
    function(v(_,_), [
        0,1,2,3,4,5,
        1,1,1,1,1,1,
        2,1,2,3,4,2,
        3,1,3,3,3,3,
        4,1,4,3,4,4,
        5,1,2,3,4,5]),
    function(c(_), [1,0,3,2,2,3])]).
interpretation( 6, [number = 1641,seconds = 0], [
    function(^(_,_), [
        0,0,0,0,0,0,
        0,1,2,3,4,5,
        0,2,2,2,2,2,
        0,3,2,3,4,5,
        0,4,2,4,4,2,
        0,5,2,5,2,5]),
    function(v(_,_), [
        0,1,2,3,4,5,
        1,1,1,1,1,1,
        2,1,2,3,4,5,
        3,1,3,3,3,3,
        4,1,4,3,4,3,
        5,1,5,3,3,5]),
    function(c(_), [1,0,3,2,5,4])]).
interpretation( 6, [number = 1650,seconds = 0], [
    function(^(_,_), [
        0,0,0,0,0,0,
        0,1,2,3,4,5,
        0,2,2,2,4,5,
        0,3,2,3,4,5,
        0,4,4,4,4,0,
        0,5,5,5,0,5]),
    function(v(_,_), [
        0,1,2,3,4,5,
        1,1,1,1,1,1,
        2,1,2,3,2,2,
        3,1,3,3,3,3,
        4,1,2,3,4,2,
        5,1,2,3,2,5]),
    function(c(_), [1,0,3,2,3,3])]).
interpretation( 6, [number = 1656,seconds = 0], [
    function(^(_,_), [
        0,0,0,0,0,0,
        0,1,2,3,4,5,
        0,2,2,2,4,4,
        0,3,2,3,4,5,
        0,4,4,4,4,4,
        0,5,4,5,4,5]),
    function(v(_,_), [
        0,1,2,3,4,5,
        1,1,1,1,1,1,
        2,1,2,3,2,3,
        3,1,3,3,3,3,
        4,1,2,3,4,5,
        5,1,3,3,5,5]),
    function(c(_), [1,0,3,2,3,2])]).
interpretation( 6, [number = 1657,seconds = 0], [
    function(^(_,_), [
        0,0,0,0,0,0,
        0,1,2,3,4,5,
        0,2,2,2,4,5,
        0,3,2,3,4,5,
        0,4,4,4,4,4,
        0,5,5,5,4,5]),
    function(v(_,_), [
        0,1,2,3,4,5,
        1,1,1,1,1,1,
        2,1,2,3,2,2,
        3,1,3,3,3,3,
        4,1,2,3,4,5,
        5,1,2,3,5,5]),
    function(c(_), [1,0,3,2,3,3])]).
% isofilter: input=1921, kept=182, checks=2192, perms=6419, 0.14 seconds.
