interpretation( 5, [number = 1,seconds = 0], [
    function(^(_,_), [
        0,0,0,0,0,
        0,1,2,3,4,
        0,2,2,0,0,
        0,3,0,3,0,
        0,4,0,0,4]),
    function(v(_,_), [
        0,1,2,3,4,
        1,1,1,1,1,
        2,1,2,1,1,
        3,1,1,3,1,
        4,1,1,1,4]),
    function(c(_), [1,0,0,0,0])]).
interpretation( 5, [number = 2,seconds = 0], [
    function(^(_,_), [
        0,0,0,0,0,
        0,1,2,3,4,
        0,2,2,0,0,
        0,3,0,3,0,
        0,4,0,0,4]),
    function(v(_,_), [
        0,1,2,3,4,
        1,1,1,1,1,
        2,1,2,1,1,
        3,1,1,3,1,
        4,1,1,1,4]),
    function(c(_), [1,0,0,0,4])]).
interpretation( 5, [number = 3,seconds = 0], [
    function(^(_,_), [
        0,0,0,0,0,
        0,1,2,3,4,
        0,2,2,0,0,
        0,3,0,3,3,
        0,4,0,3,4]),
    function(v(_,_), [
        0,1,2,3,4,
        1,1,1,1,1,
        2,1,2,1,1,
        3,1,1,3,4,
        4,1,1,4,4]),
    function(c(_), [1,0,0,0,0])]).
interpretation( 5, [number = 5,seconds = 0], [
    function(^(_,_), [
        0,0,0,0,0,
        0,1,2,3,4,
        0,2,2,0,0,
        0,3,0,3,4,
        0,4,0,4,4]),
    function(v(_,_), [
        0,1,2,3,4,
        1,1,1,1,1,
        2,1,2,1,1,
        3,1,1,3,3,
        4,1,1,3,4]),
    function(c(_), [1,0,0,0,4])]).
interpretation( 5, [number = 10,seconds = 0], [
    function(^(_,_), [
        0,0,0,0,0,
        0,1,2,3,4,
        0,2,2,0,0,
        0,3,0,3,0,
        0,4,0,0,4]),
    function(v(_,_), [
        0,1,2,3,4,
        1,1,1,1,1,
        2,1,2,1,1,
        3,1,1,3,1,
        4,1,1,1,4]),
    function(c(_), [1,0,0,3,4])]).
interpretation( 5, [number = 12,seconds = 0], [
    function(^(_,_), [
        0,0,0,0,0,
        0,1,2,3,4,
        0,2,2,0,0,
        0,3,0,3,4,
        0,4,0,4,4]),
    function(v(_,_), [
        0,1,2,3,4,
        1,1,1,1,1,
        2,1,2,1,1,
        3,1,1,3,3,
        4,1,1,3,4]),
    function(c(_), [1,0,0,3,3])]).
interpretation( 5, [number = 13,seconds = 0], [
    function(^(_,_), [
        0,0,0,0,0,
        0,1,2,3,4,
        0,2,2,0,2,
        0,3,0,3,0,
        0,4,2,0,4]),
    function(v(_,_), [
        0,1,2,3,4,
        1,1,1,1,1,
        2,1,2,1,4,
        3,1,1,3,1,
        4,1,4,1,4]),
    function(c(_), [1,0,0,3,0])]).
interpretation( 5, [number = 15,seconds = 0], [
    function(^(_,_), [
        0,0,0,0,0,
        0,1,2,3,4,
        0,2,2,0,4,
        0,3,0,3,0,
        0,4,4,0,4]),
    function(v(_,_), [
        0,1,2,3,4,
        1,1,1,1,1,
        2,1,2,1,2,
        3,1,1,3,1,
        4,1,2,1,4]),
    function(c(_), [1,0,0,3,4])]).
interpretation( 5, [number = 16,seconds = 0], [
    function(^(_,_), [
        0,0,0,0,0,
        0,1,2,3,4,
        0,2,2,0,0,
        0,3,0,3,0,
        0,4,0,0,4]),
    function(v(_,_), [
        0,1,2,3,4,
        1,1,1,1,1,
        2,1,2,1,1,
        3,1,1,3,1,
        4,1,1,1,4]),
    function(c(_), [1,0,0,4,3])]).
interpretation( 5, [number = 17,seconds = 0], [
    function(^(_,_), [
        0,0,0,0,0,
        0,1,2,3,4,
        0,2,2,0,0,
        0,3,0,3,3,
        0,4,0,3,4]),
    function(v(_,_), [
        0,1,2,3,4,
        1,1,1,1,1,
        2,1,2,1,1,
        3,1,1,3,4,
        4,1,1,4,4]),
    function(c(_), [1,0,0,4,3])]).
interpretation( 5, [number = 19,seconds = 0], [
    function(^(_,_), [
        0,0,0,0,0,
        0,1,2,3,4,
        0,2,2,0,4,
        0,3,0,3,0,
        0,4,4,0,4]),
    function(v(_,_), [
        0,1,2,3,4,
        1,1,1,1,1,
        2,1,2,1,2,
        3,1,1,3,1,
        4,1,2,1,4]),
    function(c(_), [1,0,0,4,3])]).
interpretation( 5, [number = 21,seconds = 0], [
    function(^(_,_), [
        0,0,0,0,0,
        0,1,2,3,4,
        0,2,2,0,2,
        0,3,0,3,3,
        0,4,2,3,4]),
    function(v(_,_), [
        0,1,2,3,4,
        1,1,1,1,1,
        2,1,2,4,4,
        3,1,4,3,4,
        4,1,4,4,4]),
    function(c(_), [1,0,0,0,0])]).
interpretation( 5, [number = 22,seconds = 0], [
    function(^(_,_), [
        0,0,0,0,0,
        0,1,2,3,4,
        0,2,2,0,2,
        0,3,0,3,3,
        0,4,2,3,4]),
    function(v(_,_), [
        0,1,2,3,4,
        1,1,1,1,1,
        2,1,2,4,4,
        3,1,4,3,4,
        4,1,4,4,4]),
    function(c(_), [1,0,0,3,0])]).
interpretation( 5, [number = 27,seconds = 0], [
    function(^(_,_), [
        0,0,0,0,0,
        0,1,2,3,4,
        0,2,2,2,2,
        0,3,2,3,2,
        0,4,2,2,4]),
    function(v(_,_), [
        0,1,2,3,4,
        1,1,1,1,1,
        2,1,2,3,4,
        3,1,3,3,1,
        4,1,4,1,4]),
    function(c(_), [1,0,0,0,0])]).
interpretation( 5, [number = 28,seconds = 0], [
    function(^(_,_), [
        0,0,0,0,0,
        0,1,2,3,4,
        0,2,2,2,2,
        0,3,2,3,3,
        0,4,2,3,4]),
    function(v(_,_), [
        0,1,2,3,4,
        1,1,1,1,1,
        2,1,2,3,4,
        3,1,3,3,4,
        4,1,4,4,4]),
    function(c(_), [1,0,0,0,0])]).
interpretation( 5, [number = 31,seconds = 0], [
    function(^(_,_), [
        0,0,0,0,0,
        0,1,2,3,4,
        0,2,2,2,4,
        0,3,2,3,4,
        0,4,4,4,4]),
    function(v(_,_), [
        0,1,2,3,4,
        1,1,1,1,1,
        2,1,2,3,2,
        3,1,3,3,3,
        4,1,2,3,4]),
    function(c(_), [1,0,0,0,4])]).
interpretation( 5, [number = 44,seconds = 0], [
    function(^(_,_), [
        0,0,0,0,0,
        0,1,2,3,4,
        0,2,2,3,4,
        0,3,3,3,0,
        0,4,4,0,4]),
    function(v(_,_), [
        0,1,2,3,4,
        1,1,1,1,1,
        2,1,2,2,2,
        3,1,2,3,2,
        4,1,2,2,4]),
    function(c(_), [1,0,0,3,4])]).
interpretation( 5, [number = 46,seconds = 0], [
    function(^(_,_), [
        0,0,0,0,0,
        0,1,2,3,4,
        0,2,2,3,3,
        0,3,3,3,3,
        0,4,3,3,4]),
    function(v(_,_), [
        0,1,2,3,4,
        1,1,1,1,1,
        2,1,2,2,1,
        3,1,2,3,4,
        4,1,1,4,4]),
    function(c(_), [1,0,0,3,0])]).
interpretation( 5, [number = 48,seconds = 0], [
    function(^(_,_), [
        0,0,0,0,0,
        0,1,2,3,4,
        0,2,2,3,4,
        0,3,3,3,4,
        0,4,4,4,4]),
    function(v(_,_), [
        0,1,2,3,4,
        1,1,1,1,1,
        2,1,2,2,2,
        3,1,2,3,3,
        4,1,2,3,4]),
    function(c(_), [1,0,0,3,3])]).
interpretation( 5, [number = 50,seconds = 0], [
    function(^(_,_), [
        0,0,0,0,0,
        0,1,2,3,4,
        0,2,2,3,4,
        0,3,3,3,0,
        0,4,4,0,4]),
    function(v(_,_), [
        0,1,2,3,4,
        1,1,1,1,1,
        2,1,2,2,2,
        3,1,2,3,2,
        4,1,2,2,4]),
    function(c(_), [1,0,0,4,3])]).
interpretation( 5, [number = 51,seconds = 0], [
    function(^(_,_), [
        0,0,0,0,0,
        0,1,2,3,4,
        0,2,2,3,3,
        0,3,3,3,3,
        0,4,3,3,4]),
    function(v(_,_), [
        0,1,2,3,4,
        1,1,1,1,1,
        2,1,2,2,1,
        3,1,2,3,4,
        4,1,1,4,4]),
    function(c(_), [1,0,0,4,3])]).
interpretation( 5, [number = 52,seconds = 0], [
    function(^(_,_), [
        0,0,0,0,0,
        0,1,2,3,4,
        0,2,2,3,3,
        0,3,3,3,3,
        0,4,3,3,4]),
    function(v(_,_), [
        0,1,2,3,4,
        1,1,1,1,1,
        2,1,2,2,1,
        3,1,2,3,4,
        4,1,1,4,4]),
    function(c(_), [1,0,0,4,4])]).
interpretation( 5, [number = 53,seconds = 0], [
    function(^(_,_), [
        0,0,0,0,0,
        0,1,2,3,4,
        0,2,2,3,4,
        0,3,3,3,3,
        0,4,4,3,4]),
    function(v(_,_), [
        0,1,2,3,4,
        1,1,1,1,1,
        2,1,2,2,2,
        3,1,2,3,4,
        4,1,2,4,4]),
    function(c(_), [1,0,0,4,3])]).
interpretation( 5, [number = 68,seconds = 0], [
    function(^(_,_), [
        0,0,0,0,0,
        0,1,2,3,4,
        0,2,2,0,0,
        0,3,0,3,0,
        0,4,0,0,4]),
    function(v(_,_), [
        0,1,2,3,4,
        1,1,1,1,1,
        2,1,2,1,1,
        3,1,1,3,1,
        4,1,1,1,4]),
    function(c(_), [1,0,2,3,4])]).
interpretation( 5, [number = 70,seconds = 0], [
    function(^(_,_), [
        0,0,0,0,0,
        0,1,2,3,4,
        0,2,2,0,0,
        0,3,0,3,4,
        0,4,0,4,4]),
    function(v(_,_), [
        0,1,2,3,4,
        1,1,1,1,1,
        2,1,2,1,1,
        3,1,1,3,3,
        4,1,1,3,4]),
    function(c(_), [1,0,2,3,3])]).
interpretation( 5, [number = 73,seconds = 0], [
    function(^(_,_), [
        0,0,0,0,0,
        0,1,2,3,4,
        0,2,2,0,0,
        0,3,0,3,0,
        0,4,0,0,4]),
    function(v(_,_), [
        0,1,2,3,4,
        1,1,1,1,1,
        2,1,2,1,1,
        3,1,1,3,1,
        4,1,1,1,4]),
    function(c(_), [1,0,2,4,3])]).
interpretation( 5, [number = 74,seconds = 0], [
    function(^(_,_), [
        0,0,0,0,0,
        0,1,2,3,4,
        0,2,2,0,0,
        0,3,0,3,3,
        0,4,0,3,4]),
    function(v(_,_), [
        0,1,2,3,4,
        1,1,1,1,1,
        2,1,2,1,1,
        3,1,1,3,4,
        4,1,1,4,4]),
    function(c(_), [1,0,2,4,3])]).
interpretation( 5, [number = 87,seconds = 0], [
    function(^(_,_), [
        0,0,0,0,0,
        0,1,2,3,4,
        0,2,2,2,4,
        0,3,2,3,4,
        0,4,4,4,4]),
    function(v(_,_), [
        0,1,2,3,4,
        1,1,1,1,1,
        2,1,2,3,2,
        3,1,3,3,3,
        4,1,2,3,4]),
    function(c(_), [1,0,2,4,3])]).
interpretation( 5, [number = 90,seconds = 0], [
    function(^(_,_), [
        0,0,0,0,0,
        0,1,2,3,4,
        0,2,2,3,4,
        0,3,3,3,0,
        0,4,4,0,4]),
    function(v(_,_), [
        0,1,2,3,4,
        1,1,1,1,1,
        2,1,2,2,2,
        3,1,2,3,2,
        4,1,2,2,4]),
    function(c(_), [1,0,2,2,2])]).
interpretation( 5, [number = 93,seconds = 0], [
    function(^(_,_), [
        0,0,0,0,0,
        0,1,2,3,4,
        0,2,2,3,4,
        0,3,3,3,3,
        0,4,4,3,4]),
    function(v(_,_), [
        0,1,2,3,4,
        1,1,1,1,1,
        2,1,2,2,2,
        3,1,2,3,4,
        4,1,2,4,4]),
    function(c(_), [1,0,2,2,2])]).
interpretation( 5, [number = 100,seconds = 0], [
    function(^(_,_), [
        0,0,0,0,0,
        0,1,2,3,4,
        0,2,2,0,0,
        0,3,0,3,4,
        0,4,0,4,4]),
    function(v(_,_), [
        0,1,2,3,4,
        1,1,1,1,1,
        2,1,2,1,1,
        3,1,1,3,3,
        4,1,1,3,4]),
    function(c(_), [1,0,3,2,2])]).
interpretation( 5, [number = 106,seconds = 0], [
    function(^(_,_), [
        0,0,0,0,0,
        0,1,2,3,4,
        0,2,2,2,0,
        0,3,2,3,4,
        0,4,0,4,4]),
    function(v(_,_), [
        0,1,2,3,4,
        1,1,1,1,1,
        2,1,2,3,3,
        3,1,3,3,3,
        4,1,3,3,4]),
    function(c(_), [1,0,3,2,2])]).
interpretation( 5, [number = 109,seconds = 0], [
    function(^(_,_), [
        0,0,0,0,0,
        0,1,2,3,4,
        0,2,2,2,2,
        0,3,2,3,4,
        0,4,2,4,4]),
    function(v(_,_), [
        0,1,2,3,4,
        1,1,1,1,1,
        2,1,2,3,4,
        3,1,3,3,3,
        4,1,4,3,4]),
    function(c(_), [1,0,3,2,2])]).
interpretation( 5, [number = 111,seconds = 0], [
    function(^(_,_), [
        0,0,0,0,0,
        0,1,2,3,4,
        0,2,2,2,4,
        0,3,2,3,4,
        0,4,4,4,4]),
    function(v(_,_), [
        0,1,2,3,4,
        1,1,1,1,1,
        2,1,2,3,2,
        3,1,3,3,3,
        4,1,2,3,4]),
    function(c(_), [1,0,3,2,3])]).
% isofilter: input=130, kept=34, checks=119, perms=248, 0.01 seconds.
