interpretation( 6, [number = 1,seconds = 0], [
    function(^(_,_), [
        0,0,0,0,0,0,
        0,1,2,3,4,5,
        0,2,2,0,0,0,
        0,3,0,3,0,0,
        0,4,0,0,4,0,
        0,5,0,0,0,5]),
    function(v(_,_), [
        0,1,2,3,4,5,
        1,1,1,1,1,1,
        2,1,2,1,1,1,
        3,1,1,3,1,1,
        4,1,1,1,4,1,
        5,1,1,1,1,5]),
    function(c(_), [1,0,0,0,0,0])]).
interpretation( 6, [number = 2,seconds = 0], [
    function(^(_,_), [
        0,0,0,0,0,0,
        0,1,2,3,4,5,
        0,2,2,0,0,0,
        0,3,0,3,0,0,
        0,4,0,0,4,0,
        0,5,0,0,0,5]),
    function(v(_,_), [
        0,1,2,3,4,5,
        1,1,1,1,1,1,
        2,1,2,1,1,1,
        3,1,1,3,1,1,
        4,1,1,1,4,1,
        5,1,1,1,1,5]),
    function(c(_), [1,0,0,0,0,2])]).
interpretation( 6, [number = 5,seconds = 0], [
    function(^(_,_), [
        0,0,0,0,0,0,
        0,1,2,3,4,5,
        0,2,2,0,0,0,
        0,3,0,3,0,0,
        0,4,0,0,4,4,
        0,5,0,0,4,5]),
    function(v(_,_), [
        0,1,2,3,4,5,
        1,1,1,1,1,1,
        2,1,2,1,1,1,
        3,1,1,3,1,1,
        4,1,1,1,4,5,
        5,1,1,1,5,5]),
    function(c(_), [1,0,0,0,0,0])]).
interpretation( 6, [number = 7,seconds = 0], [
    function(^(_,_), [
        0,0,0,0,0,0,
        0,1,2,3,4,5,
        0,2,2,0,0,0,
        0,3,0,3,0,0,
        0,4,0,0,4,5,
        0,5,0,0,5,5]),
    function(v(_,_), [
        0,1,2,3,4,5,
        1,1,1,1,1,1,
        2,1,2,1,1,1,
        3,1,1,3,1,1,
        4,1,1,1,4,4,
        5,1,1,1,4,5]),
    function(c(_), [1,0,0,0,0,2])]).
interpretation( 6, [number = 17,seconds = 0], [
    function(^(_,_), [
        0,0,0,0,0,0,
        0,1,2,3,4,5,
        0,2,2,0,0,0,
        0,3,0,3,0,3,
        0,4,0,0,4,4,
        0,5,0,3,4,5]),
    function(v(_,_), [
        0,1,2,3,4,5,
        1,1,1,1,1,1,
        2,1,2,1,1,1,
        3,1,1,3,5,5,
        4,1,1,5,4,5,
        5,1,1,5,5,5]),
    function(c(_), [1,0,0,0,0,0])]).
interpretation( 6, [number = 19,seconds = 0], [
    function(^(_,_), [
        0,0,0,0,0,0,
        0,1,2,3,4,5,
        0,2,2,0,0,0,
        0,3,0,3,3,0,
        0,4,0,3,4,0,
        0,5,0,0,0,5]),
    function(v(_,_), [
        0,1,2,3,4,5,
        1,1,1,1,1,1,
        2,1,2,1,1,1,
        3,1,1,3,4,1,
        4,1,1,4,4,1,
        5,1,1,1,1,5]),
    function(c(_), [1,0,0,0,0,2])]).
interpretation( 6, [number = 20,seconds = 0], [
    function(^(_,_), [
        0,0,0,0,0,0,
        0,1,2,3,4,5,
        0,2,2,0,0,0,
        0,3,0,3,3,0,
        0,4,0,3,4,0,
        0,5,0,0,0,5]),
    function(v(_,_), [
        0,1,2,3,4,5,
        1,1,1,1,1,1,
        2,1,2,1,1,1,
        3,1,1,3,4,1,
        4,1,1,4,4,1,
        5,1,1,1,1,5]),
    function(c(_), [1,0,0,0,0,3])]).
interpretation( 6, [number = 21,seconds = 0], [
    function(^(_,_), [
        0,0,0,0,0,0,
        0,1,2,3,4,5,
        0,2,2,0,0,0,
        0,3,0,3,3,0,
        0,4,0,3,4,0,
        0,5,0,0,0,5]),
    function(v(_,_), [
        0,1,2,3,4,5,
        1,1,1,1,1,1,
        2,1,2,1,1,1,
        3,1,1,3,4,1,
        4,1,1,4,4,1,
        5,1,1,1,1,5]),
    function(c(_), [1,0,0,0,0,4])]).
interpretation( 6, [number = 23,seconds = 0], [
    function(^(_,_), [
        0,0,0,0,0,0,
        0,1,2,3,4,5,
        0,2,2,0,0,0,
        0,3,0,3,3,0,
        0,4,0,3,4,5,
        0,5,0,0,5,5]),
    function(v(_,_), [
        0,1,2,3,4,5,
        1,1,1,1,1,1,
        2,1,2,1,1,1,
        3,1,1,3,4,4,
        4,1,1,4,4,4,
        5,1,1,4,4,5]),
    function(c(_), [1,0,0,0,0,2])]).
interpretation( 6, [number = 24,seconds = 0], [
    function(^(_,_), [
        0,0,0,0,0,0,
        0,1,2,3,4,5,
        0,2,2,0,0,0,
        0,3,0,3,3,0,
        0,4,0,3,4,5,
        0,5,0,0,5,5]),
    function(v(_,_), [
        0,1,2,3,4,5,
        1,1,1,1,1,1,
        2,1,2,1,1,1,
        3,1,1,3,4,4,
        4,1,1,4,4,4,
        5,1,1,4,4,5]),
    function(c(_), [1,0,0,0,0,3])]).
interpretation( 6, [number = 25,seconds = 0], [
    function(^(_,_), [
        0,0,0,0,0,0,
        0,1,2,3,4,5,
        0,2,2,0,0,0,
        0,3,0,3,3,3,
        0,4,0,3,4,3,
        0,5,0,3,3,5]),
    function(v(_,_), [
        0,1,2,3,4,5,
        1,1,1,1,1,1,
        2,1,2,1,1,1,
        3,1,1,3,4,5,
        4,1,1,4,4,1,
        5,1,1,5,1,5]),
    function(c(_), [1,0,0,0,0,0])]).
interpretation( 6, [number = 26,seconds = 0], [
    function(^(_,_), [
        0,0,0,0,0,0,
        0,1,2,3,4,5,
        0,2,2,0,0,0,
        0,3,0,3,3,3,
        0,4,0,3,4,4,
        0,5,0,3,4,5]),
    function(v(_,_), [
        0,1,2,3,4,5,
        1,1,1,1,1,1,
        2,1,2,1,1,1,
        3,1,1,3,4,5,
        4,1,1,4,4,5,
        5,1,1,5,5,5]),
    function(c(_), [1,0,0,0,0,0])]).
interpretation( 6, [number = 29,seconds = 0], [
    function(^(_,_), [
        0,0,0,0,0,0,
        0,1,2,3,4,5,
        0,2,2,0,0,0,
        0,3,0,3,3,5,
        0,4,0,3,4,5,
        0,5,0,5,5,5]),
    function(v(_,_), [
        0,1,2,3,4,5,
        1,1,1,1,1,1,
        2,1,2,1,1,1,
        3,1,1,3,4,3,
        4,1,1,4,4,4,
        5,1,1,3,4,5]),
    function(c(_), [1,0,0,0,0,2])]).
interpretation( 6, [number = 30,seconds = 0], [
    function(^(_,_), [
        0,0,0,0,0,0,
        0,1,2,3,4,5,
        0,2,2,0,0,2,
        0,3,0,3,3,0,
        0,4,0,3,4,0,
        0,5,2,0,0,5]),
    function(v(_,_), [
        0,1,2,3,4,5,
        1,1,1,1,1,1,
        2,1,2,1,1,5,
        3,1,1,3,4,1,
        4,1,1,4,4,1,
        5,1,5,1,1,5]),
    function(c(_), [1,0,0,0,0,0])]).
interpretation( 6, [number = 32,seconds = 0], [
    function(^(_,_), [
        0,0,0,0,0,0,
        0,1,2,3,4,5,
        0,2,2,0,0,5,
        0,3,0,3,3,0,
        0,4,0,3,4,0,
        0,5,5,0,0,5]),
    function(v(_,_), [
        0,1,2,3,4,5,
        1,1,1,1,1,1,
        2,1,2,1,1,2,
        3,1,1,3,4,1,
        4,1,1,4,4,1,
        5,1,2,1,1,5]),
    function(c(_), [1,0,0,0,0,3])]).
interpretation( 6, [number = 33,seconds = 0], [
    function(^(_,_), [
        0,0,0,0,0,0,
        0,1,2,3,4,5,
        0,2,2,0,0,5,
        0,3,0,3,3,0,
        0,4,0,3,4,0,
        0,5,5,0,0,5]),
    function(v(_,_), [
        0,1,2,3,4,5,
        1,1,1,1,1,1,
        2,1,2,1,1,2,
        3,1,1,3,4,1,
        4,1,1,4,4,1,
        5,1,2,1,1,5]),
    function(c(_), [1,0,0,0,0,4])]).
interpretation( 6, [number = 51,seconds = 0], [
    function(^(_,_), [
        0,0,0,0,0,0,
        0,1,2,3,4,5,
        0,2,2,0,0,0,
        0,3,0,3,5,5,
        0,4,0,5,4,5,
        0,5,0,5,5,5]),
    function(v(_,_), [
        0,1,2,3,4,5,
        1,1,1,1,1,1,
        2,1,2,1,1,1,
        3,1,1,3,1,3,
        4,1,1,1,4,4,
        5,1,1,3,4,5]),
    function(c(_), [1,0,0,0,0,2])]).
interpretation( 6, [number = 53,seconds = 0], [
    function(^(_,_), [
        0,0,0,0,0,0,
        0,1,2,3,4,5,
        0,2,2,0,0,2,
        0,3,0,3,4,4,
        0,4,0,4,4,4,
        0,5,2,4,4,5]),
    function(v(_,_), [
        0,1,2,3,4,5,
        1,1,1,1,1,1,
        2,1,2,1,5,5,
        3,1,1,3,3,1,
        4,1,5,3,4,5,
        5,1,5,1,5,5]),
    function(c(_), [1,0,0,0,0,0])]).
interpretation( 6, [number = 71,seconds = 0], [
    function(^(_,_), [
        0,0,0,0,0,0,
        0,1,2,3,4,5,
        0,2,2,0,2,0,
        0,3,0,3,5,5,
        0,4,2,5,4,5,
        0,5,0,5,5,5]),
    function(v(_,_), [
        0,1,2,3,4,5,
        1,1,1,1,1,1,
        2,1,2,1,4,4,
        3,1,1,3,1,3,
        4,1,4,1,4,4,
        5,1,4,3,4,5]),
    function(c(_), [1,0,0,0,0,2])]).
interpretation( 6, [number = 94,seconds = 0], [
    function(^(_,_), [
        0,0,0,0,0,0,
        0,1,2,3,4,5,
        0,2,2,0,0,0,
        0,3,0,3,0,0,
        0,4,0,0,4,0,
        0,5,0,0,0,5]),
    function(v(_,_), [
        0,1,2,3,4,5,
        1,1,1,1,1,1,
        2,1,2,1,1,1,
        3,1,1,3,1,1,
        4,1,1,1,4,1,
        5,1,1,1,1,5]),
    function(c(_), [1,0,0,0,2,2])]).
interpretation( 6, [number = 95,seconds = 0], [
    function(^(_,_), [
        0,0,0,0,0,0,
        0,1,2,3,4,5,
        0,2,2,0,0,0,
        0,3,0,3,0,0,
        0,4,0,0,4,0,
        0,5,0,0,0,5]),
    function(v(_,_), [
        0,1,2,3,4,5,
        1,1,1,1,1,1,
        2,1,2,1,1,1,
        3,1,1,3,1,1,
        4,1,1,1,4,1,
        5,1,1,1,1,5]),
    function(c(_), [1,0,0,0,2,3])]).
interpretation( 6, [number = 96,seconds = 0], [
    function(^(_,_), [
        0,0,0,0,0,0,
        0,1,2,3,4,5,
        0,2,2,0,0,0,
        0,3,0,3,0,0,
        0,4,0,0,4,0,
        0,5,0,0,0,5]),
    function(v(_,_), [
        0,1,2,3,4,5,
        1,1,1,1,1,1,
        2,1,2,1,1,1,
        3,1,1,3,1,1,
        4,1,1,1,4,1,
        5,1,1,1,1,5]),
    function(c(_), [1,0,0,0,2,4])]).
interpretation( 6, [number = 98,seconds = 0], [
    function(^(_,_), [
        0,0,0,0,0,0,
        0,1,2,3,4,5,
        0,2,2,0,0,0,
        0,3,0,3,0,0,
        0,4,0,0,4,4,
        0,5,0,0,4,5]),
    function(v(_,_), [
        0,1,2,3,4,5,
        1,1,1,1,1,1,
        2,1,2,1,1,1,
        3,1,1,3,1,1,
        4,1,1,1,4,5,
        5,1,1,1,5,5]),
    function(c(_), [1,0,0,0,2,2])]).
interpretation( 6, [number = 102,seconds = 0], [
    function(^(_,_), [
        0,0,0,0,0,0,
        0,1,2,3,4,5,
        0,2,2,0,0,0,
        0,3,0,3,0,5,
        0,4,0,0,4,0,
        0,5,0,5,0,5]),
    function(v(_,_), [
        0,1,2,3,4,5,
        1,1,1,1,1,1,
        2,1,2,1,1,1,
        3,1,1,3,1,3,
        4,1,1,1,4,1,
        5,1,1,3,1,5]),
    function(c(_), [1,0,0,0,2,2])]).
interpretation( 6, [number = 103,seconds = 0], [
    function(^(_,_), [
        0,0,0,0,0,0,
        0,1,2,3,4,5,
        0,2,2,0,0,0,
        0,3,0,3,0,5,
        0,4,0,0,4,0,
        0,5,0,5,0,5]),
    function(v(_,_), [
        0,1,2,3,4,5,
        1,1,1,1,1,1,
        2,1,2,1,1,1,
        3,1,1,3,1,3,
        4,1,1,1,4,1,
        5,1,1,3,1,5]),
    function(c(_), [1,0,0,0,2,4])]).
interpretation( 6, [number = 106,seconds = 0], [
    function(^(_,_), [
        0,0,0,0,0,0,
        0,1,2,3,4,5,
        0,2,2,0,0,5,
        0,3,0,3,0,0,
        0,4,0,0,4,0,
        0,5,5,0,0,5]),
    function(v(_,_), [
        0,1,2,3,4,5,
        1,1,1,1,1,1,
        2,1,2,1,1,2,
        3,1,1,3,1,1,
        4,1,1,1,4,1,
        5,1,2,1,1,5]),
    function(c(_), [1,0,0,0,2,3])]).
interpretation( 6, [number = 107,seconds = 0], [
    function(^(_,_), [
        0,0,0,0,0,0,
        0,1,2,3,4,5,
        0,2,2,0,0,5,
        0,3,0,3,0,0,
        0,4,0,0,4,0,
        0,5,5,0,0,5]),
    function(v(_,_), [
        0,1,2,3,4,5,
        1,1,1,1,1,1,
        2,1,2,1,1,2,
        3,1,1,3,1,1,
        4,1,1,1,4,1,
        5,1,2,1,1,5]),
    function(c(_), [1,0,0,0,2,4])]).
interpretation( 6, [number = 113,seconds = 0], [
    function(^(_,_), [
        0,0,0,0,0,0,
        0,1,2,3,4,5,
        0,2,2,0,0,0,
        0,3,0,3,4,0,
        0,4,0,4,4,0,
        0,5,0,0,0,5]),
    function(v(_,_), [
        0,1,2,3,4,5,
        1,1,1,1,1,1,
        2,1,2,1,1,1,
        3,1,1,3,3,1,
        4,1,1,3,4,1,
        5,1,1,1,1,5]),
    function(c(_), [1,0,0,0,2,4])]).
interpretation( 6, [number = 115,seconds = 0], [
    function(^(_,_), [
        0,0,0,0,0,0,
        0,1,2,3,4,5,
        0,2,2,0,0,0,
        0,3,0,3,4,5,
        0,4,0,4,4,0,
        0,5,0,5,0,5]),
    function(v(_,_), [
        0,1,2,3,4,5,
        1,1,1,1,1,1,
        2,1,2,1,1,1,
        3,1,1,3,3,3,
        4,1,1,3,4,3,
        5,1,1,3,3,5]),
    function(c(_), [1,0,0,0,2,2])]).
interpretation( 6, [number = 116,seconds = 0], [
    function(^(_,_), [
        0,0,0,0,0,0,
        0,1,2,3,4,5,
        0,2,2,0,0,0,
        0,3,0,3,4,5,
        0,4,0,4,4,0,
        0,5,0,5,0,5]),
    function(v(_,_), [
        0,1,2,3,4,5,
        1,1,1,1,1,1,
        2,1,2,1,1,1,
        3,1,1,3,3,3,
        4,1,1,3,4,3,
        5,1,1,3,3,5]),
    function(c(_), [1,0,0,0,2,4])]).
interpretation( 6, [number = 120,seconds = 0], [
    function(^(_,_), [
        0,0,0,0,0,0,
        0,1,2,3,4,5,
        0,2,2,0,0,0,
        0,3,0,3,4,4,
        0,4,0,4,4,4,
        0,5,0,4,4,5]),
    function(v(_,_), [
        0,1,2,3,4,5,
        1,1,1,1,1,1,
        2,1,2,1,1,1,
        3,1,1,3,3,1,
        4,1,1,3,4,5,
        5,1,1,1,5,5]),
    function(c(_), [1,0,0,0,2,2])]).
interpretation( 6, [number = 121,seconds = 0], [
    function(^(_,_), [
        0,0,0,0,0,0,
        0,1,2,3,4,5,
        0,2,2,0,0,0,
        0,3,0,3,4,5,
        0,4,0,4,4,4,
        0,5,0,5,4,5]),
    function(v(_,_), [
        0,1,2,3,4,5,
        1,1,1,1,1,1,
        2,1,2,1,1,1,
        3,1,1,3,3,3,
        4,1,1,3,4,5,
        5,1,1,3,5,5]),
    function(c(_), [1,0,0,0,2,2])]).
interpretation( 6, [number = 125,seconds = 0], [
    function(^(_,_), [
        0,0,0,0,0,0,
        0,1,2,3,4,5,
        0,2,2,0,0,5,
        0,3,0,3,4,0,
        0,4,0,4,4,0,
        0,5,5,0,0,5]),
    function(v(_,_), [
        0,1,2,3,4,5,
        1,1,1,1,1,1,
        2,1,2,1,1,2,
        3,1,1,3,3,1,
        4,1,1,3,4,1,
        5,1,2,1,1,5]),
    function(c(_), [1,0,0,0,2,3])]).
interpretation( 6, [number = 126,seconds = 0], [
    function(^(_,_), [
        0,0,0,0,0,0,
        0,1,2,3,4,5,
        0,2,2,0,0,5,
        0,3,0,3,4,0,
        0,4,0,4,4,0,
        0,5,5,0,0,5]),
    function(v(_,_), [
        0,1,2,3,4,5,
        1,1,1,1,1,1,
        2,1,2,1,1,2,
        3,1,1,3,3,1,
        4,1,1,3,4,1,
        5,1,2,1,1,5]),
    function(c(_), [1,0,0,0,2,4])]).
interpretation( 6, [number = 168,seconds = 0], [
    function(^(_,_), [
        0,0,0,0,0,0,
        0,1,2,3,4,5,
        0,2,2,0,0,0,
        0,3,0,3,0,0,
        0,4,0,0,4,0,
        0,5,0,0,0,5]),
    function(v(_,_), [
        0,1,2,3,4,5,
        1,1,1,1,1,1,
        2,1,2,1,1,1,
        3,1,1,3,1,1,
        4,1,1,1,4,1,
        5,1,1,1,1,5]),
    function(c(_), [1,0,0,0,5,4])]).
interpretation( 6, [number = 172,seconds = 0], [
    function(^(_,_), [
        0,0,0,0,0,0,
        0,1,2,3,4,5,
        0,2,2,0,0,0,
        0,3,0,3,0,5,
        0,4,0,0,4,0,
        0,5,0,5,0,5]),
    function(v(_,_), [
        0,1,2,3,4,5,
        1,1,1,1,1,1,
        2,1,2,1,1,1,
        3,1,1,3,1,3,
        4,1,1,1,4,1,
        5,1,1,3,1,5]),
    function(c(_), [1,0,0,0,5,4])]).
interpretation( 6, [number = 184,seconds = 0], [
    function(^(_,_), [
        0,0,0,0,0,0,
        0,1,2,3,4,5,
        0,2,2,0,0,5,
        0,3,0,3,4,0,
        0,4,0,4,4,0,
        0,5,5,0,0,5]),
    function(v(_,_), [
        0,1,2,3,4,5,
        1,1,1,1,1,1,
        2,1,2,1,1,2,
        3,1,1,3,3,1,
        4,1,1,3,4,1,
        5,1,2,1,1,5]),
    function(c(_), [1,0,0,0,5,4])]).
interpretation( 6, [number = 187,seconds = 0], [
    function(^(_,_), [
        0,0,0,0,0,0,
        0,1,2,3,4,5,
        0,2,2,0,0,0,
        0,3,0,3,4,5,
        0,4,0,4,4,0,
        0,5,0,5,0,5]),
    function(v(_,_), [
        0,1,2,3,4,5,
        1,1,1,1,1,1,
        2,1,2,1,1,1,
        3,1,1,3,3,3,
        4,1,1,3,4,3,
        5,1,1,3,3,5]),
    function(c(_), [1,0,0,0,5,4])]).
interpretation( 6, [number = 200,seconds = 0], [
    function(^(_,_), [
        0,0,0,0,0,0,
        0,1,2,3,4,5,
        0,2,2,0,2,0,
        0,3,0,3,3,0,
        0,4,2,3,4,0,
        0,5,0,0,0,5]),
    function(v(_,_), [
        0,1,2,3,4,5,
        1,1,1,1,1,1,
        2,1,2,4,4,1,
        3,1,4,3,4,1,
        4,1,4,4,4,1,
        5,1,1,1,1,5]),
    function(c(_), [1,0,0,0,0,2])]).
interpretation( 6, [number = 202,seconds = 0], [
    function(^(_,_), [
        0,0,0,0,0,0,
        0,1,2,3,4,5,
        0,2,2,0,2,0,
        0,3,0,3,3,0,
        0,4,2,3,4,0,
        0,5,0,0,0,5]),
    function(v(_,_), [
        0,1,2,3,4,5,
        1,1,1,1,1,1,
        2,1,2,4,4,1,
        3,1,4,3,4,1,
        4,1,4,4,4,1,
        5,1,1,1,1,5]),
    function(c(_), [1,0,0,0,0,4])]).
interpretation( 6, [number = 204,seconds = 0], [
    function(^(_,_), [
        0,0,0,0,0,0,
        0,1,2,3,4,5,
        0,2,2,0,2,0,
        0,3,0,3,3,0,
        0,4,2,3,4,5,
        0,5,0,0,5,5]),
    function(v(_,_), [
        0,1,2,3,4,5,
        1,1,1,1,1,1,
        2,1,2,4,4,4,
        3,1,4,3,4,4,
        4,1,4,4,4,4,
        5,1,4,4,4,5]),
    function(c(_), [1,0,0,0,0,0])]).
interpretation( 6, [number = 205,seconds = 0], [
    function(^(_,_), [
        0,0,0,0,0,0,
        0,1,2,3,4,5,
        0,2,2,0,2,0,
        0,3,0,3,3,3,
        0,4,2,3,4,5,
        0,5,0,3,5,5]),
    function(v(_,_), [
        0,1,2,3,4,5,
        1,1,1,1,1,1,
        2,1,2,4,4,4,
        3,1,4,3,4,5,
        4,1,4,4,4,4,
        5,1,4,5,4,5]),
    function(c(_), [1,0,0,0,0,0])]).
interpretation( 6, [number = 207,seconds = 0], [
    function(^(_,_), [
        0,0,0,0,0,0,
        0,1,2,3,4,5,
        0,2,2,0,2,0,
        0,3,0,3,3,0,
        0,4,2,3,4,5,
        0,5,0,0,5,5]),
    function(v(_,_), [
        0,1,2,3,4,5,
        1,1,1,1,1,1,
        2,1,2,4,4,4,
        3,1,4,3,4,4,
        4,1,4,4,4,4,
        5,1,4,4,4,5]),
    function(c(_), [1,0,0,0,0,2])]).
interpretation( 6, [number = 208,seconds = 0], [
    function(^(_,_), [
        0,0,0,0,0,0,
        0,1,2,3,4,5,
        0,2,2,0,2,0,
        0,3,0,3,3,5,
        0,4,2,3,4,5,
        0,5,0,5,5,5]),
    function(v(_,_), [
        0,1,2,3,4,5,
        1,1,1,1,1,1,
        2,1,2,4,4,4,
        3,1,4,3,4,3,
        4,1,4,4,4,4,
        5,1,4,3,4,5]),
    function(c(_), [1,0,0,0,0,2])]).
interpretation( 6, [number = 212,seconds = 0], [
    function(^(_,_), [
        0,0,0,0,0,0,
        0,1,2,3,4,5,
        0,2,2,0,2,2,
        0,3,0,3,3,3,
        0,4,2,3,4,4,
        0,5,2,3,4,5]),
    function(v(_,_), [
        0,1,2,3,4,5,
        1,1,1,1,1,1,
        2,1,2,4,4,5,
        3,1,4,3,4,5,
        4,1,4,4,4,5,
        5,1,5,5,5,5]),
    function(c(_), [1,0,0,0,0,0])]).
interpretation( 6, [number = 253,seconds = 0], [
    function(^(_,_), [
        0,0,0,0,0,0,
        0,1,2,3,4,5,
        0,2,2,2,2,0,
        0,3,2,3,2,0,
        0,4,2,2,4,0,
        0,5,0,0,0,5]),
    function(v(_,_), [
        0,1,2,3,4,5,
        1,1,1,1,1,1,
        2,1,2,3,4,1,
        3,1,3,3,1,1,
        4,1,4,1,4,1,
        5,1,1,1,1,5]),
    function(c(_), [1,0,0,0,0,2])]).
interpretation( 6, [number = 254,seconds = 0], [
    function(^(_,_), [
        0,0,0,0,0,0,
        0,1,2,3,4,5,
        0,2,2,2,2,0,
        0,3,2,3,2,0,
        0,4,2,2,4,0,
        0,5,0,0,0,5]),
    function(v(_,_), [
        0,1,2,3,4,5,
        1,1,1,1,1,1,
        2,1,2,3,4,1,
        3,1,3,3,1,1,
        4,1,4,1,4,1,
        5,1,1,1,1,5]),
    function(c(_), [1,0,0,0,0,3])]).
interpretation( 6, [number = 257,seconds = 0], [
    function(^(_,_), [
        0,0,0,0,0,0,
        0,1,2,3,4,5,
        0,2,2,2,2,0,
        0,3,2,3,2,0,
        0,4,2,2,4,5,
        0,5,0,0,5,5]),
    function(v(_,_), [
        0,1,2,3,4,5,
        1,1,1,1,1,1,
        2,1,2,3,4,4,
        3,1,3,3,1,1,
        4,1,4,1,4,4,
        5,1,4,1,4,5]),
    function(c(_), [1,0,0,0,0,2])]).
interpretation( 6, [number = 258,seconds = 0], [
    function(^(_,_), [
        0,0,0,0,0,0,
        0,1,2,3,4,5,
        0,2,2,2,2,0,
        0,3,2,3,2,0,
        0,4,2,2,4,5,
        0,5,0,0,5,5]),
    function(v(_,_), [
        0,1,2,3,4,5,
        1,1,1,1,1,1,
        2,1,2,3,4,4,
        3,1,3,3,1,1,
        4,1,4,1,4,4,
        5,1,4,1,4,5]),
    function(c(_), [1,0,0,0,0,3])]).
interpretation( 6, [number = 262,seconds = 0], [
    function(^(_,_), [
        0,0,0,0,0,0,
        0,1,2,3,4,5,
        0,2,2,2,2,2,
        0,3,2,3,2,2,
        0,4,2,2,4,2,
        0,5,2,2,2,5]),
    function(v(_,_), [
        0,1,2,3,4,5,
        1,1,1,1,1,1,
        2,1,2,3,4,5,
        3,1,3,3,1,1,
        4,1,4,1,4,1,
        5,1,5,1,1,5]),
    function(c(_), [1,0,0,0,0,0])]).
interpretation( 6, [number = 263,seconds = 0], [
    function(^(_,_), [
        0,0,0,0,0,0,
        0,1,2,3,4,5,
        0,2,2,2,2,2,
        0,3,2,3,2,2,
        0,4,2,2,4,4,
        0,5,2,2,4,5]),
    function(v(_,_), [
        0,1,2,3,4,5,
        1,1,1,1,1,1,
        2,1,2,3,4,5,
        3,1,3,3,1,1,
        4,1,4,1,4,5,
        5,1,5,1,5,5]),
    function(c(_), [1,0,0,0,0,0])]).
interpretation( 6, [number = 267,seconds = 0], [
    function(^(_,_), [
        0,0,0,0,0,0,
        0,1,2,3,4,5,
        0,2,2,2,2,5,
        0,3,2,3,2,5,
        0,4,2,2,4,5,
        0,5,5,5,5,5]),
    function(v(_,_), [
        0,1,2,3,4,5,
        1,1,1,1,1,1,
        2,1,2,3,4,2,
        3,1,3,3,1,3,
        4,1,4,1,4,4,
        5,1,2,3,4,5]),
    function(c(_), [1,0,0,0,0,0])]).
interpretation( 6, [number = 268,seconds = 0], [
    function(^(_,_), [
        0,0,0,0,0,0,
        0,1,2,3,4,5,
        0,2,2,2,2,2,
        0,3,2,3,2,3,
        0,4,2,2,4,4,
        0,5,2,3,4,5]),
    function(v(_,_), [
        0,1,2,3,4,5,
        1,1,1,1,1,1,
        2,1,2,3,4,5,
        3,1,3,3,5,5,
        4,1,4,5,4,5,
        5,1,5,5,5,5]),
    function(c(_), [1,0,0,0,0,0])]).
interpretation( 6, [number = 270,seconds = 0], [
    function(^(_,_), [
        0,0,0,0,0,0,
        0,1,2,3,4,5,
        0,2,2,2,2,0,
        0,3,2,3,3,0,
        0,4,2,3,4,0,
        0,5,0,0,0,5]),
    function(v(_,_), [
        0,1,2,3,4,5,
        1,1,1,1,1,1,
        2,1,2,3,4,1,
        3,1,3,3,4,1,
        4,1,4,4,4,1,
        5,1,1,1,1,5]),
    function(c(_), [1,0,0,0,0,2])]).
interpretation( 6, [number = 271,seconds = 0], [
    function(^(_,_), [
        0,0,0,0,0,0,
        0,1,2,3,4,5,
        0,2,2,2,2,0,
        0,3,2,3,3,0,
        0,4,2,3,4,0,
        0,5,0,0,0,5]),
    function(v(_,_), [
        0,1,2,3,4,5,
        1,1,1,1,1,1,
        2,1,2,3,4,1,
        3,1,3,3,4,1,
        4,1,4,4,4,1,
        5,1,1,1,1,5]),
    function(c(_), [1,0,0,0,0,3])]).
interpretation( 6, [number = 272,seconds = 0], [
    function(^(_,_), [
        0,0,0,0,0,0,
        0,1,2,3,4,5,
        0,2,2,2,2,0,
        0,3,2,3,3,0,
        0,4,2,3,4,0,
        0,5,0,0,0,5]),
    function(v(_,_), [
        0,1,2,3,4,5,
        1,1,1,1,1,1,
        2,1,2,3,4,1,
        3,1,3,3,4,1,
        4,1,4,4,4,1,
        5,1,1,1,1,5]),
    function(c(_), [1,0,0,0,0,4])]).
interpretation( 6, [number = 274,seconds = 0], [
    function(^(_,_), [
        0,0,0,0,0,0,
        0,1,2,3,4,5,
        0,2,2,2,2,0,
        0,3,2,3,3,0,
        0,4,2,3,4,5,
        0,5,0,0,5,5]),
    function(v(_,_), [
        0,1,2,3,4,5,
        1,1,1,1,1,1,
        2,1,2,3,4,4,
        3,1,3,3,4,4,
        4,1,4,4,4,4,
        5,1,4,4,4,5]),
    function(c(_), [1,0,0,0,0,2])]).
interpretation( 6, [number = 275,seconds = 0], [
    function(^(_,_), [
        0,0,0,0,0,0,
        0,1,2,3,4,5,
        0,2,2,2,2,0,
        0,3,2,3,3,0,
        0,4,2,3,4,5,
        0,5,0,0,5,5]),
    function(v(_,_), [
        0,1,2,3,4,5,
        1,1,1,1,1,1,
        2,1,2,3,4,4,
        3,1,3,3,4,4,
        4,1,4,4,4,4,
        5,1,4,4,4,5]),
    function(c(_), [1,0,0,0,0,3])]).
interpretation( 6, [number = 277,seconds = 0], [
    function(^(_,_), [
        0,0,0,0,0,0,
        0,1,2,3,4,5,
        0,2,2,2,2,0,
        0,3,2,3,3,5,
        0,4,2,3,4,5,
        0,5,0,5,5,5]),
    function(v(_,_), [
        0,1,2,3,4,5,
        1,1,1,1,1,1,
        2,1,2,3,4,3,
        3,1,3,3,4,3,
        4,1,4,4,4,4,
        5,1,3,3,4,5]),
    function(c(_), [1,0,0,0,0,2])]).
interpretation( 6, [number = 281,seconds = 0], [
    function(^(_,_), [
        0,0,0,0,0,0,
        0,1,2,3,4,5,
        0,2,2,2,2,2,
        0,3,2,3,3,3,
        0,4,2,3,4,4,
        0,5,2,3,4,5]),
    function(v(_,_), [
        0,1,2,3,4,5,
        1,1,1,1,1,1,
        2,1,2,3,4,5,
        3,1,3,3,4,5,
        4,1,4,4,4,5,
        5,1,5,5,5,5]),
    function(c(_), [1,0,0,0,0,0])]).
interpretation( 6, [number = 321,seconds = 0], [
    function(^(_,_), [
        0,0,0,0,0,0,
        0,1,2,3,4,5,
        0,2,2,2,0,0,
        0,3,2,3,0,0,
        0,4,0,0,4,0,
        0,5,0,0,0,5]),
    function(v(_,_), [
        0,1,2,3,4,5,
        1,1,1,1,1,1,
        2,1,2,3,1,1,
        3,1,3,3,1,1,
        4,1,1,1,4,1,
        5,1,1,1,1,5]),
    function(c(_), [1,0,0,0,2,2])]).
interpretation( 6, [number = 322,seconds = 0], [
    function(^(_,_), [
        0,0,0,0,0,0,
        0,1,2,3,4,5,
        0,2,2,2,0,0,
        0,3,2,3,0,0,
        0,4,0,0,4,0,
        0,5,0,0,0,5]),
    function(v(_,_), [
        0,1,2,3,4,5,
        1,1,1,1,1,1,
        2,1,2,3,1,1,
        3,1,3,3,1,1,
        4,1,1,1,4,1,
        5,1,1,1,1,5]),
    function(c(_), [1,0,0,0,2,3])]).
interpretation( 6, [number = 323,seconds = 0], [
    function(^(_,_), [
        0,0,0,0,0,0,
        0,1,2,3,4,5,
        0,2,2,2,0,0,
        0,3,2,3,0,0,
        0,4,0,0,4,0,
        0,5,0,0,0,5]),
    function(v(_,_), [
        0,1,2,3,4,5,
        1,1,1,1,1,1,
        2,1,2,3,1,1,
        3,1,3,3,1,1,
        4,1,1,1,4,1,
        5,1,1,1,1,5]),
    function(c(_), [1,0,0,0,2,4])]).
interpretation( 6, [number = 325,seconds = 0], [
    function(^(_,_), [
        0,0,0,0,0,0,
        0,1,2,3,4,5,
        0,2,2,2,0,0,
        0,3,2,3,0,0,
        0,4,0,0,4,4,
        0,5,0,0,4,5]),
    function(v(_,_), [
        0,1,2,3,4,5,
        1,1,1,1,1,1,
        2,1,2,3,1,1,
        3,1,3,3,1,1,
        4,1,1,1,4,5,
        5,1,1,1,5,5]),
    function(c(_), [1,0,0,0,2,2])]).
interpretation( 6, [number = 327,seconds = 0], [
    function(^(_,_), [
        0,0,0,0,0,0,
        0,1,2,3,4,5,
        0,2,2,2,0,0,
        0,3,2,3,0,0,
        0,4,0,0,4,5,
        0,5,0,0,5,5]),
    function(v(_,_), [
        0,1,2,3,4,5,
        1,1,1,1,1,1,
        2,1,2,3,1,1,
        3,1,3,3,1,1,
        4,1,1,1,4,4,
        5,1,1,1,4,5]),
    function(c(_), [1,0,0,0,2,3])]).
interpretation( 6, [number = 329,seconds = 0], [
    function(^(_,_), [
        0,0,0,0,0,0,
        0,1,2,3,4,5,
        0,2,2,2,0,0,
        0,3,2,3,0,5,
        0,4,0,0,4,0,
        0,5,0,5,0,5]),
    function(v(_,_), [
        0,1,2,3,4,5,
        1,1,1,1,1,1,
        2,1,2,3,1,3,
        3,1,3,3,1,3,
        4,1,1,1,4,1,
        5,1,3,3,1,5]),
    function(c(_), [1,0,0,0,2,2])]).
interpretation( 6, [number = 330,seconds = 0], [
    function(^(_,_), [
        0,0,0,0,0,0,
        0,1,2,3,4,5,
        0,2,2,2,0,0,
        0,3,2,3,0,5,
        0,4,0,0,4,0,
        0,5,0,5,0,5]),
    function(v(_,_), [
        0,1,2,3,4,5,
        1,1,1,1,1,1,
        2,1,2,3,1,3,
        3,1,3,3,1,3,
        4,1,1,1,4,1,
        5,1,3,3,1,5]),
    function(c(_), [1,0,0,0,2,4])]).
interpretation( 6, [number = 335,seconds = 0], [
    function(^(_,_), [
        0,0,0,0,0,0,
        0,1,2,3,4,5,
        0,2,2,2,0,5,
        0,3,2,3,0,5,
        0,4,0,0,4,0,
        0,5,5,5,0,5]),
    function(v(_,_), [
        0,1,2,3,4,5,
        1,1,1,1,1,1,
        2,1,2,3,1,2,
        3,1,3,3,1,3,
        4,1,1,1,4,1,
        5,1,2,3,1,5]),
    function(c(_), [1,0,0,0,2,4])]).
interpretation( 6, [number = 340,seconds = 0], [
    function(^(_,_), [
        0,0,0,0,0,0,
        0,1,2,3,4,5,
        0,2,2,2,0,0,
        0,3,2,3,4,0,
        0,4,0,4,4,0,
        0,5,0,0,0,5]),
    function(v(_,_), [
        0,1,2,3,4,5,
        1,1,1,1,1,1,
        2,1,2,3,3,1,
        3,1,3,3,3,1,
        4,1,3,3,4,1,
        5,1,1,1,1,5]),
    function(c(_), [1,0,0,0,2,3])]).
interpretation( 6, [number = 341,seconds = 0], [
    function(^(_,_), [
        0,0,0,0,0,0,
        0,1,2,3,4,5,
        0,2,2,2,0,0,
        0,3,2,3,4,0,
        0,4,0,4,4,0,
        0,5,0,0,0,5]),
    function(v(_,_), [
        0,1,2,3,4,5,
        1,1,1,1,1,1,
        2,1,2,3,3,1,
        3,1,3,3,3,1,
        4,1,3,3,4,1,
        5,1,1,1,1,5]),
    function(c(_), [1,0,0,0,2,4])]).
interpretation( 6, [number = 343,seconds = 0], [
    function(^(_,_), [
        0,0,0,0,0,0,
        0,1,2,3,4,5,
        0,2,2,2,0,0,
        0,3,2,3,4,4,
        0,4,0,4,4,4,
        0,5,0,4,4,5]),
    function(v(_,_), [
        0,1,2,3,4,5,
        1,1,1,1,1,1,
        2,1,2,3,3,1,
        3,1,3,3,3,1,
        4,1,3,3,4,5,
        5,1,1,1,5,5]),
    function(c(_), [1,0,0,0,2,2])]).
interpretation( 6, [number = 346,seconds = 0], [
    function(^(_,_), [
        0,0,0,0,0,0,
        0,1,2,3,4,5,
        0,2,2,2,0,0,
        0,3,2,3,4,5,
        0,4,0,4,4,0,
        0,5,0,5,0,5]),
    function(v(_,_), [
        0,1,2,3,4,5,
        1,1,1,1,1,1,
        2,1,2,3,3,3,
        3,1,3,3,3,3,
        4,1,3,3,4,3,
        5,1,3,3,3,5]),
    function(c(_), [1,0,0,0,2,2])]).
interpretation( 6, [number = 347,seconds = 0], [
    function(^(_,_), [
        0,0,0,0,0,0,
        0,1,2,3,4,5,
        0,2,2,2,0,0,
        0,3,2,3,4,5,
        0,4,0,4,4,4,
        0,5,0,5,4,5]),
    function(v(_,_), [
        0,1,2,3,4,5,
        1,1,1,1,1,1,
        2,1,2,3,3,3,
        3,1,3,3,3,3,
        4,1,3,3,4,5,
        5,1,3,3,5,5]),
    function(c(_), [1,0,0,0,2,2])]).
interpretation( 6, [number = 349,seconds = 0], [
    function(^(_,_), [
        0,0,0,0,0,0,
        0,1,2,3,4,5,
        0,2,2,2,0,0,
        0,3,2,3,4,5,
        0,4,0,4,4,0,
        0,5,0,5,0,5]),
    function(v(_,_), [
        0,1,2,3,4,5,
        1,1,1,1,1,1,
        2,1,2,3,3,3,
        3,1,3,3,3,3,
        4,1,3,3,4,3,
        5,1,3,3,3,5]),
    function(c(_), [1,0,0,0,2,4])]).
interpretation( 6, [number = 354,seconds = 0], [
    function(^(_,_), [
        0,0,0,0,0,0,
        0,1,2,3,4,5,
        0,2,2,2,0,5,
        0,3,2,3,4,5,
        0,4,0,4,4,0,
        0,5,5,5,0,5]),
    function(v(_,_), [
        0,1,2,3,4,5,
        1,1,1,1,1,1,
        2,1,2,3,3,2,
        3,1,3,3,3,3,
        4,1,3,3,4,3,
        5,1,2,3,3,5]),
    function(c(_), [1,0,0,0,2,4])]).
interpretation( 6, [number = 359,seconds = 0], [
    function(^(_,_), [
        0,0,0,0,0,0,
        0,1,2,3,4,5,
        0,2,2,2,0,0,
        0,3,2,3,0,0,
        0,4,0,0,4,0,
        0,5,0,0,0,5]),
    function(v(_,_), [
        0,1,2,3,4,5,
        1,1,1,1,1,1,
        2,1,2,3,1,1,
        3,1,3,3,1,1,
        4,1,1,1,4,1,
        5,1,1,1,1,5]),
    function(c(_), [1,0,0,0,3,3])]).
interpretation( 6, [number = 360,seconds = 0], [
    function(^(_,_), [
        0,0,0,0,0,0,
        0,1,2,3,4,5,
        0,2,2,2,0,0,
        0,3,2,3,0,0,
        0,4,0,0,4,0,
        0,5,0,0,0,5]),
    function(v(_,_), [
        0,1,2,3,4,5,
        1,1,1,1,1,1,
        2,1,2,3,1,1,
        3,1,3,3,1,1,
        4,1,1,1,4,1,
        5,1,1,1,1,5]),
    function(c(_), [1,0,0,0,3,4])]).
interpretation( 6, [number = 363,seconds = 0], [
    function(^(_,_), [
        0,0,0,0,0,0,
        0,1,2,3,4,5,
        0,2,2,2,0,0,
        0,3,2,3,0,0,
        0,4,0,0,4,4,
        0,5,0,0,4,5]),
    function(v(_,_), [
        0,1,2,3,4,5,
        1,1,1,1,1,1,
        2,1,2,3,1,1,
        3,1,3,3,1,1,
        4,1,1,1,4,5,
        5,1,1,1,5,5]),
    function(c(_), [1,0,0,0,3,3])]).
interpretation( 6, [number = 367,seconds = 0], [
    function(^(_,_), [
        0,0,0,0,0,0,
        0,1,2,3,4,5,
        0,2,2,2,0,0,
        0,3,2,3,0,5,
        0,4,0,0,4,0,
        0,5,0,5,0,5]),
    function(v(_,_), [
        0,1,2,3,4,5,
        1,1,1,1,1,1,
        2,1,2,3,1,3,
        3,1,3,3,1,3,
        4,1,1,1,4,1,
        5,1,3,3,1,5]),
    function(c(_), [1,0,0,0,3,4])]).
interpretation( 6, [number = 372,seconds = 0], [
    function(^(_,_), [
        0,0,0,0,0,0,
        0,1,2,3,4,5,
        0,2,2,2,0,5,
        0,3,2,3,0,5,
        0,4,0,0,4,0,
        0,5,5,5,0,5]),
    function(v(_,_), [
        0,1,2,3,4,5,
        1,1,1,1,1,1,
        2,1,2,3,1,2,
        3,1,3,3,1,3,
        4,1,1,1,4,1,
        5,1,2,3,1,5]),
    function(c(_), [1,0,0,0,3,4])]).
interpretation( 6, [number = 378,seconds = 0], [
    function(^(_,_), [
        0,0,0,0,0,0,
        0,1,2,3,4,5,
        0,2,2,2,0,0,
        0,3,2,3,0,0,
        0,4,0,0,4,0,
        0,5,0,0,0,5]),
    function(v(_,_), [
        0,1,2,3,4,5,
        1,1,1,1,1,1,
        2,1,2,3,1,1,
        3,1,3,3,1,1,
        4,1,1,1,4,1,
        5,1,1,1,1,5]),
    function(c(_), [1,0,0,0,5,4])]).
interpretation( 6, [number = 381,seconds = 0], [
    function(^(_,_), [
        0,0,0,0,0,0,
        0,1,2,3,4,5,
        0,2,2,2,0,0,
        0,3,2,3,0,5,
        0,4,0,0,4,0,
        0,5,0,5,0,5]),
    function(v(_,_), [
        0,1,2,3,4,5,
        1,1,1,1,1,1,
        2,1,2,3,1,3,
        3,1,3,3,1,3,
        4,1,1,1,4,1,
        5,1,3,3,1,5]),
    function(c(_), [1,0,0,0,5,4])]).
interpretation( 6, [number = 386,seconds = 0], [
    function(^(_,_), [
        0,0,0,0,0,0,
        0,1,2,3,4,5,
        0,2,2,2,0,5,
        0,3,2,3,0,5,
        0,4,0,0,4,0,
        0,5,5,5,0,5]),
    function(v(_,_), [
        0,1,2,3,4,5,
        1,1,1,1,1,1,
        2,1,2,3,1,2,
        3,1,3,3,1,3,
        4,1,1,1,4,1,
        5,1,2,3,1,5]),
    function(c(_), [1,0,0,0,5,4])]).
interpretation( 6, [number = 396,seconds = 0], [
    function(^(_,_), [
        0,0,0,0,0,0,
        0,1,2,3,4,5,
        0,2,2,2,0,0,
        0,3,2,3,4,5,
        0,4,0,4,4,0,
        0,5,0,5,0,5]),
    function(v(_,_), [
        0,1,2,3,4,5,
        1,1,1,1,1,1,
        2,1,2,3,3,3,
        3,1,3,3,3,3,
        4,1,3,3,4,3,
        5,1,3,3,3,5]),
    function(c(_), [1,0,0,0,5,4])]).
interpretation( 6, [number = 397,seconds = 0], [
    function(^(_,_), [
        0,0,0,0,0,0,
        0,1,2,3,4,5,
        0,2,2,2,0,5,
        0,3,2,3,4,5,
        0,4,0,4,4,0,
        0,5,5,5,0,5]),
    function(v(_,_), [
        0,1,2,3,4,5,
        1,1,1,1,1,1,
        2,1,2,3,3,2,
        3,1,3,3,3,3,
        4,1,3,3,4,3,
        5,1,2,3,3,5]),
    function(c(_), [1,0,0,0,5,4])]).
interpretation( 6, [number = 406,seconds = 0], [
    function(^(_,_), [
        0,0,0,0,0,0,
        0,1,2,3,4,5,
        0,2,2,2,4,5,
        0,3,2,3,4,5,
        0,4,4,4,4,0,
        0,5,5,5,0,5]),
    function(v(_,_), [
        0,1,2,3,4,5,
        1,1,1,1,1,1,
        2,1,2,3,2,2,
        3,1,3,3,3,3,
        4,1,2,3,4,2,
        5,1,2,3,2,5]),
    function(c(_), [1,0,0,0,5,4])]).
interpretation( 6, [number = 617,seconds = 0], [
    function(^(_,_), [
        0,0,0,0,0,0,
        0,1,2,3,4,5,
        0,2,2,4,4,0,
        0,3,4,3,4,0,
        0,4,4,4,4,0,
        0,5,0,0,0,5]),
    function(v(_,_), [
        0,1,2,3,4,5,
        1,1,1,1,1,1,
        2,1,2,1,2,1,
        3,1,1,3,3,1,
        4,1,2,3,4,1,
        5,1,1,1,1,5]),
    function(c(_), [1,0,0,0,5,2])]).
interpretation( 6, [number = 619,seconds = 0], [
    function(^(_,_), [
        0,0,0,0,0,0,
        0,1,2,3,4,5,
        0,2,2,4,4,0,
        0,3,4,3,4,0,
        0,4,4,4,4,0,
        0,5,0,0,0,5]),
    function(v(_,_), [
        0,1,2,3,4,5,
        1,1,1,1,1,1,
        2,1,2,1,2,1,
        3,1,1,3,3,1,
        4,1,2,3,4,1,
        5,1,1,1,1,5]),
    function(c(_), [1,0,0,0,5,4])]).
interpretation( 6, [number = 621,seconds = 0], [
    function(^(_,_), [
        0,0,0,0,0,0,
        0,1,2,3,4,5,
        0,2,2,4,4,0,
        0,3,4,3,4,5,
        0,4,4,4,4,0,
        0,5,0,5,0,5]),
    function(v(_,_), [
        0,1,2,3,4,5,
        1,1,1,1,1,1,
        2,1,2,1,2,1,
        3,1,1,3,3,3,
        4,1,2,3,4,3,
        5,1,1,3,3,5]),
    function(c(_), [1,0,0,0,5,2])]).
interpretation( 6, [number = 622,seconds = 0], [
    function(^(_,_), [
        0,0,0,0,0,0,
        0,1,2,3,4,5,
        0,2,2,4,4,0,
        0,3,4,3,4,5,
        0,4,4,4,4,0,
        0,5,0,5,0,5]),
    function(v(_,_), [
        0,1,2,3,4,5,
        1,1,1,1,1,1,
        2,1,2,1,2,1,
        3,1,1,3,3,3,
        4,1,2,3,4,3,
        5,1,1,3,3,5]),
    function(c(_), [1,0,0,0,5,4])]).
interpretation( 6, [number = 700,seconds = 0], [
    function(^(_,_), [
        0,0,0,0,0,0,
        0,1,2,3,4,5,
        0,2,2,0,0,0,
        0,3,0,3,0,0,
        0,4,0,0,4,0,
        0,5,0,0,0,5]),
    function(v(_,_), [
        0,1,2,3,4,5,
        1,1,1,1,1,1,
        2,1,2,1,1,1,
        3,1,1,3,1,1,
        4,1,1,1,4,1,
        5,1,1,1,1,5]),
    function(c(_), [1,0,0,2,2,2])]).
interpretation( 6, [number = 701,seconds = 0], [
    function(^(_,_), [
        0,0,0,0,0,0,
        0,1,2,3,4,5,
        0,2,2,0,0,0,
        0,3,0,3,0,0,
        0,4,0,0,4,0,
        0,5,0,0,0,5]),
    function(v(_,_), [
        0,1,2,3,4,5,
        1,1,1,1,1,1,
        2,1,2,1,1,1,
        3,1,1,3,1,1,
        4,1,1,1,4,1,
        5,1,1,1,1,5]),
    function(c(_), [1,0,0,2,2,3])]).
interpretation( 6, [number = 704,seconds = 0], [
    function(^(_,_), [
        0,0,0,0,0,0,
        0,1,2,3,4,5,
        0,2,2,0,0,0,
        0,3,0,3,0,0,
        0,4,0,0,4,4,
        0,5,0,0,4,5]),
    function(v(_,_), [
        0,1,2,3,4,5,
        1,1,1,1,1,1,
        2,1,2,1,1,1,
        3,1,1,3,1,1,
        4,1,1,1,4,5,
        5,1,1,1,5,5]),
    function(c(_), [1,0,0,2,2,2])]).
interpretation( 6, [number = 711,seconds = 0], [
    function(^(_,_), [
        0,0,0,0,0,0,
        0,1,2,3,4,5,
        0,2,2,0,0,5,
        0,3,0,3,0,0,
        0,4,0,0,4,0,
        0,5,5,0,0,5]),
    function(v(_,_), [
        0,1,2,3,4,5,
        1,1,1,1,1,1,
        2,1,2,1,1,2,
        3,1,1,3,1,1,
        4,1,1,1,4,1,
        5,1,2,1,1,5]),
    function(c(_), [1,0,0,2,2,3])]).
interpretation( 6, [number = 714,seconds = 0], [
    function(^(_,_), [
        0,0,0,0,0,0,
        0,1,2,3,4,5,
        0,2,2,0,0,0,
        0,3,0,3,0,3,
        0,4,0,0,4,4,
        0,5,0,3,4,5]),
    function(v(_,_), [
        0,1,2,3,4,5,
        1,1,1,1,1,1,
        2,1,2,1,1,1,
        3,1,1,3,5,5,
        4,1,1,5,4,5,
        5,1,1,5,5,5]),
    function(c(_), [1,0,0,2,2,2])]).
interpretation( 6, [number = 717,seconds = 0], [
    function(^(_,_), [
        0,0,0,0,0,0,
        0,1,2,3,4,5,
        0,2,2,0,0,0,
        0,3,0,3,3,0,
        0,4,0,3,4,0,
        0,5,0,0,0,5]),
    function(v(_,_), [
        0,1,2,3,4,5,
        1,1,1,1,1,1,
        2,1,2,1,1,1,
        3,1,1,3,4,1,
        4,1,1,4,4,1,
        5,1,1,1,1,5]),
    function(c(_), [1,0,0,2,2,3])]).
interpretation( 6, [number = 718,seconds = 0], [
    function(^(_,_), [
        0,0,0,0,0,0,
        0,1,2,3,4,5,
        0,2,2,0,0,0,
        0,3,0,3,3,0,
        0,4,0,3,4,0,
        0,5,0,0,0,5]),
    function(v(_,_), [
        0,1,2,3,4,5,
        1,1,1,1,1,1,
        2,1,2,1,1,1,
        3,1,1,3,4,1,
        4,1,1,4,4,1,
        5,1,1,1,1,5]),
    function(c(_), [1,0,0,2,2,4])]).
interpretation( 6, [number = 722,seconds = 0], [
    function(^(_,_), [
        0,0,0,0,0,0,
        0,1,2,3,4,5,
        0,2,2,0,0,0,
        0,3,0,3,3,3,
        0,4,0,3,4,3,
        0,5,0,3,3,5]),
    function(v(_,_), [
        0,1,2,3,4,5,
        1,1,1,1,1,1,
        2,1,2,1,1,1,
        3,1,1,3,4,5,
        4,1,1,4,4,1,
        5,1,1,5,1,5]),
    function(c(_), [1,0,0,2,2,2])]).
interpretation( 6, [number = 723,seconds = 0], [
    function(^(_,_), [
        0,0,0,0,0,0,
        0,1,2,3,4,5,
        0,2,2,0,0,0,
        0,3,0,3,3,3,
        0,4,0,3,4,4,
        0,5,0,3,4,5]),
    function(v(_,_), [
        0,1,2,3,4,5,
        1,1,1,1,1,1,
        2,1,2,1,1,1,
        3,1,1,3,4,5,
        4,1,1,4,4,5,
        5,1,1,5,5,5]),
    function(c(_), [1,0,0,2,2,2])]).
interpretation( 6, [number = 728,seconds = 0], [
    function(^(_,_), [
        0,0,0,0,0,0,
        0,1,2,3,4,5,
        0,2,2,0,0,5,
        0,3,0,3,3,0,
        0,4,0,3,4,0,
        0,5,5,0,0,5]),
    function(v(_,_), [
        0,1,2,3,4,5,
        1,1,1,1,1,1,
        2,1,2,1,1,2,
        3,1,1,3,4,1,
        4,1,1,4,4,1,
        5,1,2,1,1,5]),
    function(c(_), [1,0,0,2,2,3])]).
interpretation( 6, [number = 729,seconds = 0], [
    function(^(_,_), [
        0,0,0,0,0,0,
        0,1,2,3,4,5,
        0,2,2,0,0,5,
        0,3,0,3,3,0,
        0,4,0,3,4,0,
        0,5,5,0,0,5]),
    function(v(_,_), [
        0,1,2,3,4,5,
        1,1,1,1,1,1,
        2,1,2,1,1,2,
        3,1,1,3,4,1,
        4,1,1,4,4,1,
        5,1,2,1,1,5]),
    function(c(_), [1,0,0,2,2,4])]).
interpretation( 6, [number = 750,seconds = 0], [
    function(^(_,_), [
        0,0,0,0,0,0,
        0,1,2,3,4,5,
        0,2,2,0,0,0,
        0,3,0,3,0,0,
        0,4,0,0,4,0,
        0,5,0,0,0,5]),
    function(v(_,_), [
        0,1,2,3,4,5,
        1,1,1,1,1,1,
        2,1,2,1,1,1,
        3,1,1,3,1,1,
        4,1,1,1,4,1,
        5,1,1,1,1,5]),
    function(c(_), [1,0,0,2,3,3])]).
interpretation( 6, [number = 751,seconds = 0], [
    function(^(_,_), [
        0,0,0,0,0,0,
        0,1,2,3,4,5,
        0,2,2,0,0,0,
        0,3,0,3,0,0,
        0,4,0,0,4,0,
        0,5,0,0,0,5]),
    function(v(_,_), [
        0,1,2,3,4,5,
        1,1,1,1,1,1,
        2,1,2,1,1,1,
        3,1,1,3,1,1,
        4,1,1,1,4,1,
        5,1,1,1,1,5]),
    function(c(_), [1,0,0,2,3,4])]).
interpretation( 6, [number = 753,seconds = 0], [
    function(^(_,_), [
        0,0,0,0,0,0,
        0,1,2,3,4,5,
        0,2,2,0,0,0,
        0,3,0,3,0,0,
        0,4,0,0,4,4,
        0,5,0,0,4,5]),
    function(v(_,_), [
        0,1,2,3,4,5,
        1,1,1,1,1,1,
        2,1,2,1,1,1,
        3,1,1,3,1,1,
        4,1,1,1,4,5,
        5,1,1,1,5,5]),
    function(c(_), [1,0,0,2,3,3])]).
interpretation( 6, [number = 760,seconds = 0], [
    function(^(_,_), [
        0,0,0,0,0,0,
        0,1,2,3,4,5,
        0,2,2,0,0,5,
        0,3,0,3,0,0,
        0,4,0,0,4,0,
        0,5,5,0,0,5]),
    function(v(_,_), [
        0,1,2,3,4,5,
        1,1,1,1,1,1,
        2,1,2,1,1,2,
        3,1,1,3,1,1,
        4,1,1,1,4,1,
        5,1,2,1,1,5]),
    function(c(_), [1,0,0,2,3,3])]).
interpretation( 6, [number = 761,seconds = 0], [
    function(^(_,_), [
        0,0,0,0,0,0,
        0,1,2,3,4,5,
        0,2,2,0,0,5,
        0,3,0,3,0,0,
        0,4,0,0,4,0,
        0,5,5,0,0,5]),
    function(v(_,_), [
        0,1,2,3,4,5,
        1,1,1,1,1,1,
        2,1,2,1,1,2,
        3,1,1,3,1,1,
        4,1,1,1,4,1,
        5,1,2,1,1,5]),
    function(c(_), [1,0,0,2,3,4])]).
interpretation( 6, [number = 767,seconds = 0], [
    function(^(_,_), [
        0,0,0,0,0,0,
        0,1,2,3,4,5,
        0,2,2,0,4,0,
        0,3,0,3,0,0,
        0,4,4,0,4,0,
        0,5,0,0,0,5]),
    function(v(_,_), [
        0,1,2,3,4,5,
        1,1,1,1,1,1,
        2,1,2,1,2,1,
        3,1,1,3,1,1,
        4,1,2,1,4,1,
        5,1,1,1,1,5]),
    function(c(_), [1,0,0,2,3,4])]).
interpretation( 6, [number = 769,seconds = 0], [
    function(^(_,_), [
        0,0,0,0,0,0,
        0,1,2,3,4,5,
        0,2,2,0,4,5,
        0,3,0,3,0,0,
        0,4,4,0,4,0,
        0,5,5,0,0,5]),
    function(v(_,_), [
        0,1,2,3,4,5,
        1,1,1,1,1,1,
        2,1,2,1,2,2,
        3,1,1,3,1,1,
        4,1,2,1,4,2,
        5,1,2,1,2,5]),
    function(c(_), [1,0,0,2,3,3])]).
interpretation( 6, [number = 770,seconds = 0], [
    function(^(_,_), [
        0,0,0,0,0,0,
        0,1,2,3,4,5,
        0,2,2,0,4,5,
        0,3,0,3,0,0,
        0,4,4,0,4,0,
        0,5,5,0,0,5]),
    function(v(_,_), [
        0,1,2,3,4,5,
        1,1,1,1,1,1,
        2,1,2,1,2,2,
        3,1,1,3,1,1,
        4,1,2,1,4,2,
        5,1,2,1,2,5]),
    function(c(_), [1,0,0,2,3,4])]).
interpretation( 6, [number = 774,seconds = 0], [
    function(^(_,_), [
        0,0,0,0,0,0,
        0,1,2,3,4,5,
        0,2,2,0,4,4,
        0,3,0,3,0,0,
        0,4,4,0,4,4,
        0,5,4,0,4,5]),
    function(v(_,_), [
        0,1,2,3,4,5,
        1,1,1,1,1,1,
        2,1,2,1,2,1,
        3,1,1,3,1,1,
        4,1,2,1,4,5,
        5,1,1,1,5,5]),
    function(c(_), [1,0,0,2,3,3])]).
interpretation( 6, [number = 775,seconds = 0], [
    function(^(_,_), [
        0,0,0,0,0,0,
        0,1,2,3,4,5,
        0,2,2,0,4,5,
        0,3,0,3,0,0,
        0,4,4,0,4,4,
        0,5,5,0,4,5]),
    function(v(_,_), [
        0,1,2,3,4,5,
        1,1,1,1,1,1,
        2,1,2,1,2,2,
        3,1,1,3,1,1,
        4,1,2,1,4,5,
        5,1,2,1,5,5]),
    function(c(_), [1,0,0,2,3,3])]).
interpretation( 6, [number = 779,seconds = 0], [
    function(^(_,_), [
        0,0,0,0,0,0,
        0,1,2,3,4,5,
        0,2,2,0,4,0,
        0,3,0,3,0,3,
        0,4,4,0,4,0,
        0,5,0,3,0,5]),
    function(v(_,_), [
        0,1,2,3,4,5,
        1,1,1,1,1,1,
        2,1,2,1,2,1,
        3,1,1,3,1,5,
        4,1,2,1,4,1,
        5,1,1,5,1,5]),
    function(c(_), [1,0,0,2,3,4])]).
interpretation( 6, [number = 786,seconds = 0], [
    function(^(_,_), [
        0,0,0,0,0,0,
        0,1,2,3,4,5,
        0,2,2,0,0,0,
        0,3,0,3,0,0,
        0,4,0,0,4,0,
        0,5,0,0,0,5]),
    function(v(_,_), [
        0,1,2,3,4,5,
        1,1,1,1,1,1,
        2,1,2,1,1,1,
        3,1,1,3,1,1,
        4,1,1,1,4,1,
        5,1,1,1,1,5]),
    function(c(_), [1,0,0,2,5,4])]).
interpretation( 6, [number = 793,seconds = 0], [
    function(^(_,_), [
        0,0,0,0,0,0,
        0,1,2,3,4,5,
        0,2,2,0,0,5,
        0,3,0,3,0,0,
        0,4,0,0,4,0,
        0,5,5,0,0,5]),
    function(v(_,_), [
        0,1,2,3,4,5,
        1,1,1,1,1,1,
        2,1,2,1,1,2,
        3,1,1,3,1,1,
        4,1,1,1,4,1,
        5,1,2,1,1,5]),
    function(c(_), [1,0,0,2,5,4])]).
interpretation( 6, [number = 796,seconds = 0], [
    function(^(_,_), [
        0,0,0,0,0,0,
        0,1,2,3,4,5,
        0,2,2,0,0,5,
        0,3,0,3,3,0,
        0,4,0,3,4,0,
        0,5,5,0,0,5]),
    function(v(_,_), [
        0,1,2,3,4,5,
        1,1,1,1,1,1,
        2,1,2,1,1,2,
        3,1,1,3,4,1,
        4,1,1,4,4,1,
        5,1,2,1,1,5]),
    function(c(_), [1,0,0,2,5,4])]).
interpretation( 6, [number = 808,seconds = 0], [
    function(^(_,_), [
        0,0,0,0,0,0,
        0,1,2,3,4,5,
        0,2,2,0,4,5,
        0,3,0,3,0,0,
        0,4,4,0,4,0,
        0,5,5,0,0,5]),
    function(v(_,_), [
        0,1,2,3,4,5,
        1,1,1,1,1,1,
        2,1,2,1,2,2,
        3,1,1,3,1,1,
        4,1,2,1,4,2,
        5,1,2,1,2,5]),
    function(c(_), [1,0,0,2,5,4])]).
interpretation( 6, [number = 893,seconds = 0], [
    function(^(_,_), [
        0,0,0,0,0,0,
        0,1,2,3,4,5,
        0,2,2,0,0,0,
        0,3,0,3,0,0,
        0,4,0,0,4,0,
        0,5,0,0,0,5]),
    function(v(_,_), [
        0,1,2,3,4,5,
        1,1,1,1,1,1,
        2,1,2,1,1,1,
        3,1,1,3,1,1,
        4,1,1,1,4,1,
        5,1,1,1,1,5]),
    function(c(_), [1,0,0,4,3,3])]).
interpretation( 6, [number = 896,seconds = 0], [
    function(^(_,_), [
        0,0,0,0,0,0,
        0,1,2,3,4,5,
        0,2,2,0,0,0,
        0,3,0,3,0,0,
        0,4,0,0,4,4,
        0,5,0,0,4,5]),
    function(v(_,_), [
        0,1,2,3,4,5,
        1,1,1,1,1,1,
        2,1,2,1,1,1,
        3,1,1,3,1,1,
        4,1,1,1,4,5,
        5,1,1,1,5,5]),
    function(c(_), [1,0,0,4,3,3])]).
interpretation( 6, [number = 897,seconds = 0], [
    function(^(_,_), [
        0,0,0,0,0,0,
        0,1,2,3,4,5,
        0,2,2,0,0,0,
        0,3,0,3,0,0,
        0,4,0,0,4,5,
        0,5,0,0,5,5]),
    function(v(_,_), [
        0,1,2,3,4,5,
        1,1,1,1,1,1,
        2,1,2,1,1,1,
        3,1,1,3,1,1,
        4,1,1,1,4,4,
        5,1,1,1,4,5]),
    function(c(_), [1,0,0,4,3,3])]).
interpretation( 6, [number = 903,seconds = 0], [
    function(^(_,_), [
        0,0,0,0,0,0,
        0,1,2,3,4,5,
        0,2,2,0,0,5,
        0,3,0,3,0,0,
        0,4,0,0,4,0,
        0,5,5,0,0,5]),
    function(v(_,_), [
        0,1,2,3,4,5,
        1,1,1,1,1,1,
        2,1,2,1,1,2,
        3,1,1,3,1,1,
        4,1,1,1,4,1,
        5,1,2,1,1,5]),
    function(c(_), [1,0,0,4,3,3])]).
interpretation( 6, [number = 908,seconds = 0], [
    function(^(_,_), [
        0,0,0,0,0,0,
        0,1,2,3,4,5,
        0,2,2,0,4,0,
        0,3,0,3,0,0,
        0,4,4,0,4,0,
        0,5,0,0,0,5]),
    function(v(_,_), [
        0,1,2,3,4,5,
        1,1,1,1,1,1,
        2,1,2,1,2,1,
        3,1,1,3,1,1,
        4,1,2,1,4,1,
        5,1,1,1,1,5]),
    function(c(_), [1,0,0,4,3,3])]).
interpretation( 6, [number = 909,seconds = 0], [
    function(^(_,_), [
        0,0,0,0,0,0,
        0,1,2,3,4,5,
        0,2,2,0,4,0,
        0,3,0,3,0,0,
        0,4,4,0,4,0,
        0,5,0,0,0,5]),
    function(v(_,_), [
        0,1,2,3,4,5,
        1,1,1,1,1,1,
        2,1,2,1,2,1,
        3,1,1,3,1,1,
        4,1,2,1,4,1,
        5,1,1,1,1,5]),
    function(c(_), [1,0,0,4,3,4])]).
interpretation( 6, [number = 911,seconds = 0], [
    function(^(_,_), [
        0,0,0,0,0,0,
        0,1,2,3,4,5,
        0,2,2,0,4,5,
        0,3,0,3,0,0,
        0,4,4,0,4,0,
        0,5,5,0,0,5]),
    function(v(_,_), [
        0,1,2,3,4,5,
        1,1,1,1,1,1,
        2,1,2,1,2,2,
        3,1,1,3,1,1,
        4,1,2,1,4,2,
        5,1,2,1,2,5]),
    function(c(_), [1,0,0,4,3,3])]).
interpretation( 6, [number = 912,seconds = 0], [
    function(^(_,_), [
        0,0,0,0,0,0,
        0,1,2,3,4,5,
        0,2,2,0,4,5,
        0,3,0,3,0,0,
        0,4,4,0,4,0,
        0,5,5,0,0,5]),
    function(v(_,_), [
        0,1,2,3,4,5,
        1,1,1,1,1,1,
        2,1,2,1,2,2,
        3,1,1,3,1,1,
        4,1,2,1,4,2,
        5,1,2,1,2,5]),
    function(c(_), [1,0,0,4,3,4])]).
interpretation( 6, [number = 916,seconds = 0], [
    function(^(_,_), [
        0,0,0,0,0,0,
        0,1,2,3,4,5,
        0,2,2,0,4,4,
        0,3,0,3,0,0,
        0,4,4,0,4,4,
        0,5,4,0,4,5]),
    function(v(_,_), [
        0,1,2,3,4,5,
        1,1,1,1,1,1,
        2,1,2,1,2,1,
        3,1,1,3,1,1,
        4,1,2,1,4,5,
        5,1,1,1,5,5]),
    function(c(_), [1,0,0,4,3,3])]).
interpretation( 6, [number = 917,seconds = 0], [
    function(^(_,_), [
        0,0,0,0,0,0,
        0,1,2,3,4,5,
        0,2,2,0,4,5,
        0,3,0,3,0,0,
        0,4,4,0,4,4,
        0,5,5,0,4,5]),
    function(v(_,_), [
        0,1,2,3,4,5,
        1,1,1,1,1,1,
        2,1,2,1,2,2,
        3,1,1,3,1,1,
        4,1,2,1,4,5,
        5,1,2,1,5,5]),
    function(c(_), [1,0,0,4,3,3])]).
interpretation( 6, [number = 918,seconds = 0], [
    function(^(_,_), [
        0,0,0,0,0,0,
        0,1,2,3,4,5,
        0,2,2,0,4,5,
        0,3,0,3,0,0,
        0,4,4,0,4,5,
        0,5,5,0,5,5]),
    function(v(_,_), [
        0,1,2,3,4,5,
        1,1,1,1,1,1,
        2,1,2,1,2,2,
        3,1,1,3,1,1,
        4,1,2,1,4,4,
        5,1,2,1,4,5]),
    function(c(_), [1,0,0,4,3,3])]).
interpretation( 6, [number = 920,seconds = 0], [
    function(^(_,_), [
        0,0,0,0,0,0,
        0,1,2,3,4,5,
        0,2,2,0,4,0,
        0,3,0,3,0,3,
        0,4,4,0,4,0,
        0,5,0,3,0,5]),
    function(v(_,_), [
        0,1,2,3,4,5,
        1,1,1,1,1,1,
        2,1,2,1,2,1,
        3,1,1,3,1,5,
        4,1,2,1,4,1,
        5,1,1,5,1,5]),
    function(c(_), [1,0,0,4,3,4])]).
interpretation( 6, [number = 922,seconds = 0], [
    function(^(_,_), [
        0,0,0,0,0,0,
        0,1,2,3,4,5,
        0,2,2,0,4,0,
        0,3,0,3,0,5,
        0,4,4,0,4,0,
        0,5,0,5,0,5]),
    function(v(_,_), [
        0,1,2,3,4,5,
        1,1,1,1,1,1,
        2,1,2,1,2,1,
        3,1,1,3,1,3,
        4,1,2,1,4,1,
        5,1,1,3,1,5]),
    function(c(_), [1,0,0,4,3,4])]).
interpretation( 6, [number = 923,seconds = 0], [
    function(^(_,_), [
        0,0,0,0,0,0,
        0,1,2,3,4,5,
        0,2,2,0,5,5,
        0,3,0,3,0,0,
        0,4,5,0,4,5,
        0,5,5,0,5,5]),
    function(v(_,_), [
        0,1,2,3,4,5,
        1,1,1,1,1,1,
        2,1,2,1,1,2,
        3,1,1,3,1,1,
        4,1,1,1,4,4,
        5,1,2,1,4,5]),
    function(c(_), [1,0,0,4,3,3])]).
interpretation( 6, [number = 926,seconds = 0], [
    function(^(_,_), [
        0,0,0,0,0,0,
        0,1,2,3,4,5,
        0,2,2,0,0,0,
        0,3,0,3,0,0,
        0,4,0,0,4,0,
        0,5,0,0,0,5]),
    function(v(_,_), [
        0,1,2,3,4,5,
        1,1,1,1,1,1,
        2,1,2,1,1,1,
        3,1,1,3,1,1,
        4,1,1,1,4,1,
        5,1,1,1,1,5]),
    function(c(_), [1,0,0,4,5,3])]).
interpretation( 6, [number = 933,seconds = 0], [
    function(^(_,_), [
        0,0,0,0,0,0,
        0,1,2,3,4,5,
        0,2,2,0,0,5,
        0,3,0,3,0,0,
        0,4,0,0,4,0,
        0,5,5,0,0,5]),
    function(v(_,_), [
        0,1,2,3,4,5,
        1,1,1,1,1,1,
        2,1,2,1,1,2,
        3,1,1,3,1,1,
        4,1,1,1,4,1,
        5,1,2,1,1,5]),
    function(c(_), [1,0,0,4,5,3])]).
interpretation( 6, [number = 944,seconds = 0], [
    function(^(_,_), [
        0,0,0,0,0,0,
        0,1,2,3,4,5,
        0,2,2,0,4,5,
        0,3,0,3,0,0,
        0,4,4,0,4,0,
        0,5,5,0,0,5]),
    function(v(_,_), [
        0,1,2,3,4,5,
        1,1,1,1,1,1,
        2,1,2,1,2,2,
        3,1,1,3,1,1,
        4,1,2,1,4,2,
        5,1,2,1,2,5]),
    function(c(_), [1,0,0,4,5,3])]).
interpretation( 6, [number = 945,seconds = 0], [
    function(^(_,_), [
        0,0,0,0,0,0,
        0,1,2,3,4,5,
        0,2,2,0,4,5,
        0,3,0,3,0,0,
        0,4,4,0,4,0,
        0,5,5,0,0,5]),
    function(v(_,_), [
        0,1,2,3,4,5,
        1,1,1,1,1,1,
        2,1,2,1,2,2,
        3,1,1,3,1,1,
        4,1,2,1,4,2,
        5,1,2,1,2,5]),
    function(c(_), [1,0,0,4,5,4])]).
interpretation( 6, [number = 1055,seconds = 0], [
    function(^(_,_), [
        0,0,0,0,0,0,
        0,1,2,3,4,5,
        0,2,2,3,4,4,
        0,3,3,3,0,0,
        0,4,4,0,4,4,
        0,5,4,0,4,5]),
    function(v(_,_), [
        0,1,2,3,4,5,
        1,1,1,1,1,1,
        2,1,2,2,2,1,
        3,1,2,3,2,1,
        4,1,2,2,4,5,
        5,1,1,1,5,5]),
    function(c(_), [1,0,0,4,3,3])]).
interpretation( 6, [number = 1058,seconds = 0], [
    function(^(_,_), [
        0,0,0,0,0,0,
        0,1,2,3,4,5,
        0,2,2,3,4,5,
        0,3,3,3,0,0,
        0,4,4,0,4,0,
        0,5,5,0,0,5]),
    function(v(_,_), [
        0,1,2,3,4,5,
        1,1,1,1,1,1,
        2,1,2,2,2,2,
        3,1,2,3,2,2,
        4,1,2,2,4,2,
        5,1,2,2,2,5]),
    function(c(_), [1,0,0,4,3,3])]).
interpretation( 6, [number = 1059,seconds = 0], [
    function(^(_,_), [
        0,0,0,0,0,0,
        0,1,2,3,4,5,
        0,2,2,3,4,5,
        0,3,3,3,0,0,
        0,4,4,0,4,4,
        0,5,5,0,4,5]),
    function(v(_,_), [
        0,1,2,3,4,5,
        1,1,1,1,1,1,
        2,1,2,2,2,2,
        3,1,2,3,2,2,
        4,1,2,2,4,5,
        5,1,2,2,5,5]),
    function(c(_), [1,0,0,4,3,3])]).
interpretation( 6, [number = 1060,seconds = 0], [
    function(^(_,_), [
        0,0,0,0,0,0,
        0,1,2,3,4,5,
        0,2,2,3,4,5,
        0,3,3,3,0,0,
        0,4,4,0,4,5,
        0,5,5,0,5,5]),
    function(v(_,_), [
        0,1,2,3,4,5,
        1,1,1,1,1,1,
        2,1,2,2,2,2,
        3,1,2,3,2,2,
        4,1,2,2,4,4,
        5,1,2,2,4,5]),
    function(c(_), [1,0,0,4,3,3])]).
interpretation( 6, [number = 1074,seconds = 0], [
    function(^(_,_), [
        0,0,0,0,0,0,
        0,1,2,3,4,5,
        0,2,2,3,4,3,
        0,3,3,3,0,3,
        0,4,4,0,4,0,
        0,5,3,3,0,5]),
    function(v(_,_), [
        0,1,2,3,4,5,
        1,1,1,1,1,1,
        2,1,2,2,2,1,
        3,1,2,3,2,5,
        4,1,2,2,4,1,
        5,1,1,5,1,5]),
    function(c(_), [1,0,0,4,5,4])]).
interpretation( 6, [number = 1077,seconds = 0], [
    function(^(_,_), [
        0,0,0,0,0,0,
        0,1,2,3,4,5,
        0,2,2,3,4,5,
        0,3,3,3,0,0,
        0,4,4,0,4,0,
        0,5,5,0,0,5]),
    function(v(_,_), [
        0,1,2,3,4,5,
        1,1,1,1,1,1,
        2,1,2,2,2,2,
        3,1,2,3,2,2,
        4,1,2,2,4,2,
        5,1,2,2,2,5]),
    function(c(_), [1,0,0,4,5,3])]).
interpretation( 6, [number = 1346,seconds = 0], [
    function(^(_,_), [
        0,0,0,0,0,0,
        0,1,2,3,4,5,
        0,2,2,0,0,0,
        0,3,0,3,0,0,
        0,4,0,0,4,0,
        0,5,0,0,0,5]),
    function(v(_,_), [
        0,1,2,3,4,5,
        1,1,1,1,1,1,
        2,1,2,1,1,1,
        3,1,1,3,1,1,
        4,1,1,1,4,1,
        5,1,1,1,1,5]),
    function(c(_), [1,0,3,2,2,2])]).
interpretation( 6, [number = 1347,seconds = 0], [
    function(^(_,_), [
        0,0,0,0,0,0,
        0,1,2,3,4,5,
        0,2,2,0,0,0,
        0,3,0,3,0,0,
        0,4,0,0,4,0,
        0,5,0,0,0,5]),
    function(v(_,_), [
        0,1,2,3,4,5,
        1,1,1,1,1,1,
        2,1,2,1,1,1,
        3,1,1,3,1,1,
        4,1,1,1,4,1,
        5,1,1,1,1,5]),
    function(c(_), [1,0,3,2,2,3])]).
interpretation( 6, [number = 1348,seconds = 0], [
    function(^(_,_), [
        0,0,0,0,0,0,
        0,1,2,3,4,5,
        0,2,2,0,0,0,
        0,3,0,3,0,0,
        0,4,0,0,4,0,
        0,5,0,0,0,5]),
    function(v(_,_), [
        0,1,2,3,4,5,
        1,1,1,1,1,1,
        2,1,2,1,1,1,
        3,1,1,3,1,1,
        4,1,1,1,4,1,
        5,1,1,1,1,5]),
    function(c(_), [1,0,3,2,2,4])]).
interpretation( 6, [number = 1350,seconds = 0], [
    function(^(_,_), [
        0,0,0,0,0,0,
        0,1,2,3,4,5,
        0,2,2,0,0,0,
        0,3,0,3,0,0,
        0,4,0,0,4,4,
        0,5,0,0,4,5]),
    function(v(_,_), [
        0,1,2,3,4,5,
        1,1,1,1,1,1,
        2,1,2,1,1,1,
        3,1,1,3,1,1,
        4,1,1,1,4,5,
        5,1,1,1,5,5]),
    function(c(_), [1,0,3,2,2,2])]).
interpretation( 6, [number = 1353,seconds = 0], [
    function(^(_,_), [
        0,0,0,0,0,0,
        0,1,2,3,4,5,
        0,2,2,0,0,0,
        0,3,0,3,0,3,
        0,4,0,0,4,0,
        0,5,0,3,0,5]),
    function(v(_,_), [
        0,1,2,3,4,5,
        1,1,1,1,1,1,
        2,1,2,1,1,1,
        3,1,1,3,1,5,
        4,1,1,1,4,1,
        5,1,1,5,1,5]),
    function(c(_), [1,0,3,2,2,2])]).
interpretation( 6, [number = 1354,seconds = 0], [
    function(^(_,_), [
        0,0,0,0,0,0,
        0,1,2,3,4,5,
        0,2,2,0,0,0,
        0,3,0,3,0,5,
        0,4,0,0,4,0,
        0,5,0,5,0,5]),
    function(v(_,_), [
        0,1,2,3,4,5,
        1,1,1,1,1,1,
        2,1,2,1,1,1,
        3,1,1,3,1,3,
        4,1,1,1,4,1,
        5,1,1,3,1,5]),
    function(c(_), [1,0,3,2,2,2])]).
interpretation( 6, [number = 1356,seconds = 0], [
    function(^(_,_), [
        0,0,0,0,0,0,
        0,1,2,3,4,5,
        0,2,2,0,0,2,
        0,3,0,3,0,0,
        0,4,0,0,4,0,
        0,5,2,0,0,5]),
    function(v(_,_), [
        0,1,2,3,4,5,
        1,1,1,1,1,1,
        2,1,2,1,1,5,
        3,1,1,3,1,1,
        4,1,1,1,4,1,
        5,1,5,1,1,5]),
    function(c(_), [1,0,3,2,2,3])]).
interpretation( 6, [number = 1357,seconds = 0], [
    function(^(_,_), [
        0,0,0,0,0,0,
        0,1,2,3,4,5,
        0,2,2,0,0,5,
        0,3,0,3,0,0,
        0,4,0,0,4,0,
        0,5,5,0,0,5]),
    function(v(_,_), [
        0,1,2,3,4,5,
        1,1,1,1,1,1,
        2,1,2,1,1,2,
        3,1,1,3,1,1,
        4,1,1,1,4,1,
        5,1,2,1,1,5]),
    function(c(_), [1,0,3,2,2,3])]).
interpretation( 6, [number = 1359,seconds = 0], [
    function(^(_,_), [
        0,0,0,0,0,0,
        0,1,2,3,4,5,
        0,2,2,0,0,0,
        0,3,0,3,0,3,
        0,4,0,0,4,4,
        0,5,0,3,4,5]),
    function(v(_,_), [
        0,1,2,3,4,5,
        1,1,1,1,1,1,
        2,1,2,1,1,1,
        3,1,1,3,5,5,
        4,1,1,5,4,5,
        5,1,1,5,5,5]),
    function(c(_), [1,0,3,2,2,2])]).
interpretation( 6, [number = 1363,seconds = 0], [
    function(^(_,_), [
        0,0,0,0,0,0,
        0,1,2,3,4,5,
        0,2,2,0,0,0,
        0,3,0,3,3,0,
        0,4,0,3,4,0,
        0,5,0,0,0,5]),
    function(v(_,_), [
        0,1,2,3,4,5,
        1,1,1,1,1,1,
        2,1,2,1,1,1,
        3,1,1,3,4,1,
        4,1,1,4,4,1,
        5,1,1,1,1,5]),
    function(c(_), [1,0,3,2,2,4])]).
interpretation( 6, [number = 1367,seconds = 0], [
    function(^(_,_), [
        0,0,0,0,0,0,
        0,1,2,3,4,5,
        0,2,2,0,0,0,
        0,3,0,3,3,3,
        0,4,0,3,4,3,
        0,5,0,3,3,5]),
    function(v(_,_), [
        0,1,2,3,4,5,
        1,1,1,1,1,1,
        2,1,2,1,1,1,
        3,1,1,3,4,5,
        4,1,1,4,4,1,
        5,1,1,5,1,5]),
    function(c(_), [1,0,3,2,2,2])]).
interpretation( 6, [number = 1368,seconds = 0], [
    function(^(_,_), [
        0,0,0,0,0,0,
        0,1,2,3,4,5,
        0,2,2,0,0,0,
        0,3,0,3,3,3,
        0,4,0,3,4,4,
        0,5,0,3,4,5]),
    function(v(_,_), [
        0,1,2,3,4,5,
        1,1,1,1,1,1,
        2,1,2,1,1,1,
        3,1,1,3,4,5,
        4,1,1,4,4,5,
        5,1,1,5,5,5]),
    function(c(_), [1,0,3,2,2,2])]).
interpretation( 6, [number = 1370,seconds = 0], [
    function(^(_,_), [
        0,0,0,0,0,0,
        0,1,2,3,4,5,
        0,2,2,0,0,0,
        0,3,0,3,3,5,
        0,4,0,3,4,5,
        0,5,0,5,5,5]),
    function(v(_,_), [
        0,1,2,3,4,5,
        1,1,1,1,1,1,
        2,1,2,1,1,1,
        3,1,1,3,4,3,
        4,1,1,4,4,4,
        5,1,1,3,4,5]),
    function(c(_), [1,0,3,2,2,2])]).
interpretation( 6, [number = 1372,seconds = 0], [
    function(^(_,_), [
        0,0,0,0,0,0,
        0,1,2,3,4,5,
        0,2,2,0,0,2,
        0,3,0,3,3,0,
        0,4,0,3,4,0,
        0,5,2,0,0,5]),
    function(v(_,_), [
        0,1,2,3,4,5,
        1,1,1,1,1,1,
        2,1,2,1,1,5,
        3,1,1,3,4,1,
        4,1,1,4,4,1,
        5,1,5,1,1,5]),
    function(c(_), [1,0,3,2,2,3])]).
interpretation( 6, [number = 1373,seconds = 0], [
    function(^(_,_), [
        0,0,0,0,0,0,
        0,1,2,3,4,5,
        0,2,2,0,0,5,
        0,3,0,3,3,0,
        0,4,0,3,4,0,
        0,5,5,0,0,5]),
    function(v(_,_), [
        0,1,2,3,4,5,
        1,1,1,1,1,1,
        2,1,2,1,1,2,
        3,1,1,3,4,1,
        4,1,1,4,4,1,
        5,1,2,1,1,5]),
    function(c(_), [1,0,3,2,2,3])]).
interpretation( 6, [number = 1374,seconds = 0], [
    function(^(_,_), [
        0,0,0,0,0,0,
        0,1,2,3,4,5,
        0,2,2,0,0,5,
        0,3,0,3,3,0,
        0,4,0,3,4,0,
        0,5,5,0,0,5]),
    function(v(_,_), [
        0,1,2,3,4,5,
        1,1,1,1,1,1,
        2,1,2,1,1,2,
        3,1,1,3,4,1,
        4,1,1,4,4,1,
        5,1,2,1,1,5]),
    function(c(_), [1,0,3,2,2,4])]).
interpretation( 6, [number = 1378,seconds = 0], [
    function(^(_,_), [
        0,0,0,0,0,0,
        0,1,2,3,4,5,
        0,2,2,0,0,0,
        0,3,0,3,4,0,
        0,4,0,4,4,0,
        0,5,0,0,0,5]),
    function(v(_,_), [
        0,1,2,3,4,5,
        1,1,1,1,1,1,
        2,1,2,1,1,1,
        3,1,1,3,3,1,
        4,1,1,3,4,1,
        5,1,1,1,1,5]),
    function(c(_), [1,0,3,2,2,4])]).
interpretation( 6, [number = 1379,seconds = 0], [
    function(^(_,_), [
        0,0,0,0,0,0,
        0,1,2,3,4,5,
        0,2,2,0,0,0,
        0,3,0,3,4,5,
        0,4,0,4,4,0,
        0,5,0,5,0,5]),
    function(v(_,_), [
        0,1,2,3,4,5,
        1,1,1,1,1,1,
        2,1,2,1,1,1,
        3,1,1,3,3,3,
        4,1,1,3,4,3,
        5,1,1,3,3,5]),
    function(c(_), [1,0,3,2,2,2])]).
interpretation( 6, [number = 1383,seconds = 0], [
    function(^(_,_), [
        0,0,0,0,0,0,
        0,1,2,3,4,5,
        0,2,2,0,0,0,
        0,3,0,3,4,4,
        0,4,0,4,4,4,
        0,5,0,4,4,5]),
    function(v(_,_), [
        0,1,2,3,4,5,
        1,1,1,1,1,1,
        2,1,2,1,1,1,
        3,1,1,3,3,1,
        4,1,1,3,4,5,
        5,1,1,1,5,5]),
    function(c(_), [1,0,3,2,2,2])]).
interpretation( 6, [number = 1384,seconds = 0], [
    function(^(_,_), [
        0,0,0,0,0,0,
        0,1,2,3,4,5,
        0,2,2,0,0,0,
        0,3,0,3,4,5,
        0,4,0,4,4,4,
        0,5,0,5,4,5]),
    function(v(_,_), [
        0,1,2,3,4,5,
        1,1,1,1,1,1,
        2,1,2,1,1,1,
        3,1,1,3,3,3,
        4,1,1,3,4,5,
        5,1,1,3,5,5]),
    function(c(_), [1,0,3,2,2,2])]).
interpretation( 6, [number = 1388,seconds = 0], [
    function(^(_,_), [
        0,0,0,0,0,0,
        0,1,2,3,4,5,
        0,2,2,0,0,2,
        0,3,0,3,4,0,
        0,4,0,4,4,0,
        0,5,2,0,0,5]),
    function(v(_,_), [
        0,1,2,3,4,5,
        1,1,1,1,1,1,
        2,1,2,1,1,5,
        3,1,1,3,3,1,
        4,1,1,3,4,1,
        5,1,5,1,1,5]),
    function(c(_), [1,0,3,2,2,4])]).
interpretation( 6, [number = 1389,seconds = 0], [
    function(^(_,_), [
        0,0,0,0,0,0,
        0,1,2,3,4,5,
        0,2,2,0,0,5,
        0,3,0,3,4,0,
        0,4,0,4,4,0,
        0,5,5,0,0,5]),
    function(v(_,_), [
        0,1,2,3,4,5,
        1,1,1,1,1,1,
        2,1,2,1,1,2,
        3,1,1,3,3,1,
        4,1,1,3,4,1,
        5,1,2,1,1,5]),
    function(c(_), [1,0,3,2,2,3])]).
interpretation( 6, [number = 1444,seconds = 0], [
    function(^(_,_), [
        0,0,0,0,0,0,
        0,1,2,3,4,5,
        0,2,2,0,0,0,
        0,3,0,3,0,0,
        0,4,0,0,4,0,
        0,5,0,0,0,5]),
    function(v(_,_), [
        0,1,2,3,4,5,
        1,1,1,1,1,1,
        2,1,2,1,1,1,
        3,1,1,3,1,1,
        4,1,1,1,4,1,
        5,1,1,1,1,5]),
    function(c(_), [1,0,3,2,5,4])]).
interpretation( 6, [number = 1452,seconds = 0], [
    function(^(_,_), [
        0,0,0,0,0,0,
        0,1,2,3,4,5,
        0,2,2,0,0,5,
        0,3,0,3,3,0,
        0,4,0,3,4,0,
        0,5,5,0,0,5]),
    function(v(_,_), [
        0,1,2,3,4,5,
        1,1,1,1,1,1,
        2,1,2,1,1,2,
        3,1,1,3,4,1,
        4,1,1,4,4,1,
        5,1,2,1,1,5]),
    function(c(_), [1,0,3,2,5,4])]).
interpretation( 6, [number = 1513,seconds = 0], [
    function(^(_,_), [
        0,0,0,0,0,0,
        0,1,2,3,4,5,
        0,2,2,0,0,0,
        0,3,0,3,0,0,
        0,4,0,0,4,0,
        0,5,0,0,0,5]),
    function(v(_,_), [
        0,1,2,3,4,5,
        1,1,1,1,1,1,
        2,1,2,1,1,1,
        3,1,1,3,1,1,
        4,1,1,1,4,1,
        5,1,1,1,1,5]),
    function(c(_), [1,0,3,4,2,2])]).
interpretation( 6, [number = 1517,seconds = 0], [
    function(^(_,_), [
        0,0,0,0,0,0,
        0,1,2,3,4,5,
        0,2,2,0,0,0,
        0,3,0,3,0,0,
        0,4,0,0,4,4,
        0,5,0,0,4,5]),
    function(v(_,_), [
        0,1,2,3,4,5,
        1,1,1,1,1,1,
        2,1,2,1,1,1,
        3,1,1,3,1,1,
        4,1,1,1,4,5,
        5,1,1,1,5,5]),
    function(c(_), [1,0,3,4,2,2])]).
interpretation( 6, [number = 1518,seconds = 0], [
    function(^(_,_), [
        0,0,0,0,0,0,
        0,1,2,3,4,5,
        0,2,2,0,0,0,
        0,3,0,3,0,0,
        0,4,0,0,4,5,
        0,5,0,0,5,5]),
    function(v(_,_), [
        0,1,2,3,4,5,
        1,1,1,1,1,1,
        2,1,2,1,1,1,
        3,1,1,3,1,1,
        4,1,1,1,4,4,
        5,1,1,1,4,5]),
    function(c(_), [1,0,3,4,2,2])]).
interpretation( 6, [number = 1573,seconds = 0], [
    function(^(_,_), [
        0,0,0,0,0,0,
        0,1,2,3,4,5,
        0,2,2,0,0,0,
        0,3,0,3,0,0,
        0,4,0,0,4,0,
        0,5,0,0,0,5]),
    function(v(_,_), [
        0,1,2,3,4,5,
        1,1,1,1,1,1,
        2,1,2,1,1,1,
        3,1,1,3,1,1,
        4,1,1,1,4,1,
        5,1,1,1,1,5]),
    function(c(_), [1,0,3,4,5,2])]).
% isofilter: input=1600, kept=168, checks=2451, perms=5294, 0.14 seconds.
