interpretation( 5, [number = 1,seconds = 0], [
    function(^(_,_), [
        0,0,0,0,0,
        0,1,2,3,4,
        0,2,2,0,0,
        0,3,0,3,0,
        0,4,0,0,4]),
    function(v(_,_), [
        0,1,2,3,4,
        1,1,1,1,1,
        2,1,2,1,1,
        3,1,1,3,1,
        4,1,1,1,4]),
    function(c(_), [1,0,0,0,0])]).
interpretation( 5, [number = 2,seconds = 0], [
    function(^(_,_), [
        0,0,0,0,0,
        0,1,2,3,4,
        0,2,2,0,0,
        0,3,0,3,3,
        0,4,0,3,4]),
    function(v(_,_), [
        0,1,2,3,4,
        1,1,1,1,1,
        2,1,2,1,1,
        3,1,1,3,4,
        4,1,1,4,4]),
    function(c(_), [1,0,0,0,0])]).
interpretation( 5, [number = 6,seconds = 0], [
    function(^(_,_), [
        0,0,0,0,0,
        0,1,2,3,4,
        0,2,2,0,0,
        0,3,0,3,0,
        0,4,0,0,4]),
    function(v(_,_), [
        0,1,2,3,4,
        1,1,1,1,1,
        2,1,2,1,1,
        3,1,1,3,1,
        4,1,1,1,4]),
    function(c(_), [1,0,0,0,2])]).
interpretation( 5, [number = 7,seconds = 0], [
    function(^(_,_), [
        0,0,0,0,0,
        0,1,2,3,4,
        0,2,2,0,0,
        0,3,0,3,4,
        0,4,0,4,4]),
    function(v(_,_), [
        0,1,2,3,4,
        1,1,1,1,1,
        2,1,2,1,1,
        3,1,1,3,3,
        4,1,1,3,4]),
    function(c(_), [1,0,0,0,2])]).
interpretation( 5, [number = 10,seconds = 0], [
    function(^(_,_), [
        0,0,0,0,0,
        0,1,2,3,4,
        0,2,2,0,2,
        0,3,0,3,3,
        0,4,2,3,4]),
    function(v(_,_), [
        0,1,2,3,4,
        1,1,1,1,1,
        2,1,2,4,4,
        3,1,4,3,4,
        4,1,4,4,4]),
    function(c(_), [1,0,0,0,0])]).
interpretation( 5, [number = 13,seconds = 0], [
    function(^(_,_), [
        0,0,0,0,0,
        0,1,2,3,4,
        0,2,2,2,2,
        0,3,2,3,2,
        0,4,2,2,4]),
    function(v(_,_), [
        0,1,2,3,4,
        1,1,1,1,1,
        2,1,2,3,4,
        3,1,3,3,1,
        4,1,4,1,4]),
    function(c(_), [1,0,0,0,0])]).
interpretation( 5, [number = 14,seconds = 0], [
    function(^(_,_), [
        0,0,0,0,0,
        0,1,2,3,4,
        0,2,2,2,2,
        0,3,2,3,3,
        0,4,2,3,4]),
    function(v(_,_), [
        0,1,2,3,4,
        1,1,1,1,1,
        2,1,2,3,4,
        3,1,3,3,4,
        4,1,4,4,4]),
    function(c(_), [1,0,0,0,0])]).
interpretation( 5, [number = 17,seconds = 0], [
    function(^(_,_), [
        0,0,0,0,0,
        0,1,2,3,4,
        0,2,2,2,0,
        0,3,2,3,0,
        0,4,0,0,4]),
    function(v(_,_), [
        0,1,2,3,4,
        1,1,1,1,1,
        2,1,2,3,1,
        3,1,3,3,1,
        4,1,1,1,4]),
    function(c(_), [1,0,0,0,2])]).
interpretation( 5, [number = 18,seconds = 0], [
    function(^(_,_), [
        0,0,0,0,0,
        0,1,2,3,4,
        0,2,2,2,0,
        0,3,2,3,4,
        0,4,0,4,4]),
    function(v(_,_), [
        0,1,2,3,4,
        1,1,1,1,1,
        2,1,2,3,3,
        3,1,3,3,3,
        4,1,3,3,4]),
    function(c(_), [1,0,0,0,2])]).
interpretation( 5, [number = 19,seconds = 0], [
    function(^(_,_), [
        0,0,0,0,0,
        0,1,2,3,4,
        0,2,2,2,0,
        0,3,2,3,0,
        0,4,0,0,4]),
    function(v(_,_), [
        0,1,2,3,4,
        1,1,1,1,1,
        2,1,2,3,1,
        3,1,3,3,1,
        4,1,1,1,4]),
    function(c(_), [1,0,0,0,3])]).
interpretation( 5, [number = 34,seconds = 0], [
    function(^(_,_), [
        0,0,0,0,0,
        0,1,2,3,4,
        0,2,2,0,0,
        0,3,0,3,0,
        0,4,0,0,4]),
    function(v(_,_), [
        0,1,2,3,4,
        1,1,1,1,1,
        2,1,2,1,1,
        3,1,1,3,1,
        4,1,1,1,4]),
    function(c(_), [1,0,0,2,2])]).
interpretation( 5, [number = 35,seconds = 0], [
    function(^(_,_), [
        0,0,0,0,0,
        0,1,2,3,4,
        0,2,2,0,0,
        0,3,0,3,3,
        0,4,0,3,4]),
    function(v(_,_), [
        0,1,2,3,4,
        1,1,1,1,1,
        2,1,2,1,1,
        3,1,1,3,4,
        4,1,1,4,4]),
    function(c(_), [1,0,0,2,2])]).
interpretation( 5, [number = 37,seconds = 0], [
    function(^(_,_), [
        0,0,0,0,0,
        0,1,2,3,4,
        0,2,2,0,0,
        0,3,0,3,0,
        0,4,0,0,4]),
    function(v(_,_), [
        0,1,2,3,4,
        1,1,1,1,1,
        2,1,2,1,1,
        3,1,1,3,1,
        4,1,1,1,4]),
    function(c(_), [1,0,0,2,3])]).
interpretation( 5, [number = 38,seconds = 0], [
    function(^(_,_), [
        0,0,0,0,0,
        0,1,2,3,4,
        0,2,2,0,4,
        0,3,0,3,0,
        0,4,4,0,4]),
    function(v(_,_), [
        0,1,2,3,4,
        1,1,1,1,1,
        2,1,2,1,2,
        3,1,1,3,1,
        4,1,2,1,4]),
    function(c(_), [1,0,0,2,3])]).
interpretation( 5, [number = 44,seconds = 0], [
    function(^(_,_), [
        0,0,0,0,0,
        0,1,2,3,4,
        0,2,2,0,0,
        0,3,0,3,0,
        0,4,0,0,4]),
    function(v(_,_), [
        0,1,2,3,4,
        1,1,1,1,1,
        2,1,2,1,1,
        3,1,1,3,1,
        4,1,1,1,4]),
    function(c(_), [1,0,0,4,3])]).
interpretation( 5, [number = 45,seconds = 0], [
    function(^(_,_), [
        0,0,0,0,0,
        0,1,2,3,4,
        0,2,2,0,4,
        0,3,0,3,0,
        0,4,4,0,4]),
    function(v(_,_), [
        0,1,2,3,4,
        1,1,1,1,1,
        2,1,2,1,2,
        3,1,1,3,1,
        4,1,2,1,4]),
    function(c(_), [1,0,0,4,3])]).
interpretation( 5, [number = 50,seconds = 0], [
    function(^(_,_), [
        0,0,0,0,0,
        0,1,2,3,4,
        0,2,2,3,4,
        0,3,3,3,0,
        0,4,4,0,4]),
    function(v(_,_), [
        0,1,2,3,4,
        1,1,1,1,1,
        2,1,2,2,2,
        3,1,2,3,2,
        4,1,2,2,4]),
    function(c(_), [1,0,0,4,3])]).
interpretation( 5, [number = 64,seconds = 0], [
    function(^(_,_), [
        0,0,0,0,0,
        0,1,2,3,4,
        0,2,2,0,0,
        0,3,0,3,0,
        0,4,0,0,4]),
    function(v(_,_), [
        0,1,2,3,4,
        1,1,1,1,1,
        2,1,2,1,1,
        3,1,1,3,1,
        4,1,1,1,4]),
    function(c(_), [1,0,3,2,2])]).
interpretation( 5, [number = 65,seconds = 0], [
    function(^(_,_), [
        0,0,0,0,0,
        0,1,2,3,4,
        0,2,2,0,0,
        0,3,0,3,3,
        0,4,0,3,4]),
    function(v(_,_), [
        0,1,2,3,4,
        1,1,1,1,1,
        2,1,2,1,1,
        3,1,1,3,4,
        4,1,1,4,4]),
    function(c(_), [1,0,3,2,2])]).
interpretation( 5, [number = 66,seconds = 0], [
    function(^(_,_), [
        0,0,0,0,0,
        0,1,2,3,4,
        0,2,2,0,0,
        0,3,0,3,4,
        0,4,0,4,4]),
    function(v(_,_), [
        0,1,2,3,4,
        1,1,1,1,1,
        2,1,2,1,1,
        3,1,1,3,3,
        4,1,1,3,4]),
    function(c(_), [1,0,3,2,2])]).
interpretation( 5, [number = 73,seconds = 0], [
    function(^(_,_), [
        0,0,0,0,0,
        0,1,2,3,4,
        0,2,2,0,0,
        0,3,0,3,0,
        0,4,0,0,4]),
    function(v(_,_), [
        0,1,2,3,4,
        1,1,1,1,1,
        2,1,2,1,1,
        3,1,1,3,1,
        4,1,1,1,4]),
    function(c(_), [1,0,3,4,2])]).
% isofilter: input=76, kept=21, checks=69, perms=114, 0.01 seconds.
