interpretation( 4, [number = 1,seconds = 0], [
    function(^(_,_), [
        0,0,0,0,
        0,1,2,3,
        0,2,2,0,
        0,3,0,3]),
    function(v(_,_), [
        0,1,2,3,
        1,1,1,1,
        2,1,2,1,
        3,1,1,3]),
    function(c(_), [0,0,0,0])]).
interpretation( 4, [number = 2,seconds = 0], [
    function(^(_,_), [
        0,0,0,0,
        0,1,2,3,
        0,2,2,2,
        0,3,2,3]),
    function(v(_,_), [
        0,1,2,3,
        1,1,1,1,
        2,1,2,3,
        3,1,3,3]),
    function(c(_), [0,0,0,0])]).
interpretation( 4, [number = 4,seconds = 0], [
    function(^(_,_), [
        0,0,0,0,
        0,1,2,3,
        0,2,2,0,
        0,3,0,3]),
    function(v(_,_), [
        0,1,2,3,
        1,1,1,1,
        2,1,2,1,
        3,1,1,3]),
    function(c(_), [1,0,0,0])]).
interpretation( 4, [number = 5,seconds = 0], [
    function(^(_,_), [
        0,0,0,0,
        0,1,2,3,
        0,2,2,0,
        0,3,0,3]),
    function(v(_,_), [
        0,1,2,3,
        1,1,1,1,
        2,1,2,1,
        3,1,1,3]),
    function(c(_), [1,0,0,1])]).
interpretation( 4, [number = 6,seconds = 0], [
    function(^(_,_), [
        0,0,0,0,
        0,1,2,3,
        0,2,2,0,
        0,3,0,3]),
    function(v(_,_), [
        0,1,2,3,
        1,1,1,1,
        2,1,2,1,
        3,1,1,3]),
    function(c(_), [1,0,0,2])]).
interpretation( 4, [number = 7,seconds = 0], [
    function(^(_,_), [
        0,0,0,0,
        0,1,2,3,
        0,2,2,0,
        0,3,0,3]),
    function(v(_,_), [
        0,1,2,3,
        1,1,1,1,
        2,1,2,1,
        3,1,1,3]),
    function(c(_), [1,0,0,3])]).
interpretation( 4, [number = 8,seconds = 0], [
    function(^(_,_), [
        0,0,0,0,
        0,1,2,3,
        0,2,2,2,
        0,3,2,3]),
    function(v(_,_), [
        0,1,2,3,
        1,1,1,1,
        2,1,2,3,
        3,1,3,3]),
    function(c(_), [1,0,0,0])]).
interpretation( 4, [number = 10,seconds = 0], [
    function(^(_,_), [
        0,0,0,0,
        0,1,2,3,
        0,2,2,3,
        0,3,3,3]),
    function(v(_,_), [
        0,1,2,3,
        1,1,1,1,
        2,1,2,2,
        3,1,2,3]),
    function(c(_), [1,0,0,1])]).
interpretation( 4, [number = 11,seconds = 0], [
    function(^(_,_), [
        0,0,0,0,
        0,1,2,3,
        0,2,2,3,
        0,3,3,3]),
    function(v(_,_), [
        0,1,2,3,
        1,1,1,1,
        2,1,2,2,
        3,1,2,3]),
    function(c(_), [1,0,0,2])]).
interpretation( 4, [number = 12,seconds = 0], [
    function(^(_,_), [
        0,0,0,0,
        0,1,2,3,
        0,2,2,3,
        0,3,3,3]),
    function(v(_,_), [
        0,1,2,3,
        1,1,1,1,
        2,1,2,2,
        3,1,2,3]),
    function(c(_), [1,0,0,3])]).
interpretation( 4, [number = 14,seconds = 0], [
    function(^(_,_), [
        0,0,0,0,
        0,1,2,3,
        0,2,2,0,
        0,3,0,3]),
    function(v(_,_), [
        0,1,2,3,
        1,1,1,1,
        2,1,2,1,
        3,1,1,3]),
    function(c(_), [1,0,1,1])]).
interpretation( 4, [number = 15,seconds = 0], [
    function(^(_,_), [
        0,0,0,0,
        0,1,2,3,
        0,2,2,0,
        0,3,0,3]),
    function(v(_,_), [
        0,1,2,3,
        1,1,1,1,
        2,1,2,1,
        3,1,1,3]),
    function(c(_), [1,0,1,2])]).
interpretation( 4, [number = 16,seconds = 0], [
    function(^(_,_), [
        0,0,0,0,
        0,1,2,3,
        0,2,2,0,
        0,3,0,3]),
    function(v(_,_), [
        0,1,2,3,
        1,1,1,1,
        2,1,2,1,
        3,1,1,3]),
    function(c(_), [1,0,1,3])]).
interpretation( 4, [number = 18,seconds = 0], [
    function(^(_,_), [
        0,0,0,0,
        0,1,2,3,
        0,2,2,2,
        0,3,2,3]),
    function(v(_,_), [
        0,1,2,3,
        1,1,1,1,
        2,1,2,3,
        3,1,3,3]),
    function(c(_), [1,0,1,1])]).
interpretation( 4, [number = 19,seconds = 0], [
    function(^(_,_), [
        0,0,0,0,
        0,1,2,3,
        0,2,2,2,
        0,3,2,3]),
    function(v(_,_), [
        0,1,2,3,
        1,1,1,1,
        2,1,2,3,
        3,1,3,3]),
    function(c(_), [1,0,1,2])]).
interpretation( 4, [number = 20,seconds = 0], [
    function(^(_,_), [
        0,0,0,0,
        0,1,2,3,
        0,2,2,2,
        0,3,2,3]),
    function(v(_,_), [
        0,1,2,3,
        1,1,1,1,
        2,1,2,3,
        3,1,3,3]),
    function(c(_), [1,0,1,3])]).
interpretation( 4, [number = 24,seconds = 0], [
    function(^(_,_), [
        0,0,0,0,
        0,1,2,3,
        0,2,2,0,
        0,3,0,3]),
    function(v(_,_), [
        0,1,2,3,
        1,1,1,1,
        2,1,2,1,
        3,1,1,3]),
    function(c(_), [1,0,2,2])]).
interpretation( 4, [number = 25,seconds = 0], [
    function(^(_,_), [
        0,0,0,0,
        0,1,2,3,
        0,2,2,0,
        0,3,0,3]),
    function(v(_,_), [
        0,1,2,3,
        1,1,1,1,
        2,1,2,1,
        3,1,1,3]),
    function(c(_), [1,0,2,3])]).
interpretation( 4, [number = 27,seconds = 0], [
    function(^(_,_), [
        0,0,0,0,
        0,1,2,3,
        0,2,2,2,
        0,3,2,3]),
    function(v(_,_), [
        0,1,2,3,
        1,1,1,1,
        2,1,2,3,
        3,1,3,3]),
    function(c(_), [1,0,2,2])]).
interpretation( 4, [number = 29,seconds = 0], [
    function(^(_,_), [
        0,0,0,0,
        0,1,2,3,
        0,2,2,3,
        0,3,3,3]),
    function(v(_,_), [
        0,1,2,3,
        1,1,1,1,
        2,1,2,2,
        3,1,2,3]),
    function(c(_), [1,0,2,2])]).
interpretation( 4, [number = 32,seconds = 0], [
    function(^(_,_), [
        0,0,0,0,
        0,1,2,3,
        0,2,2,0,
        0,3,0,3]),
    function(v(_,_), [
        0,1,2,3,
        1,1,1,1,
        2,1,2,1,
        3,1,1,3]),
    function(c(_), [1,0,3,2])]).
interpretation( 4, [number = 35,seconds = 0], [
    function(^(_,_), [
        0,0,0,0,
        0,1,2,3,
        0,2,2,2,
        0,3,2,3]),
    function(v(_,_), [
        0,1,2,3,
        1,1,1,1,
        2,1,2,3,
        3,1,3,3]),
    function(c(_), [1,0,3,2])]).
interpretation( 4, [number = 40,seconds = 0], [
    function(^(_,_), [
        0,0,0,0,
        0,1,2,3,
        0,2,2,0,
        0,3,0,3]),
    function(v(_,_), [
        0,1,2,3,
        1,1,1,1,
        2,1,2,1,
        3,1,1,3]),
    function(c(_), [1,1,1,1])]).
interpretation( 4, [number = 41,seconds = 0], [
    function(^(_,_), [
        0,0,0,0,
        0,1,2,3,
        0,2,2,2,
        0,3,2,3]),
    function(v(_,_), [
        0,1,2,3,
        1,1,1,1,
        2,1,2,3,
        3,1,3,3]),
    function(c(_), [1,1,1,1])]).
interpretation( 4, [number = 43,seconds = 0], [
    function(^(_,_), [
        0,0,0,0,
        0,1,2,3,
        0,2,2,0,
        0,3,0,3]),
    function(v(_,_), [
        0,1,2,3,
        1,1,1,1,
        2,1,2,1,
        3,1,1,3]),
    function(c(_), [1,2,1,1])]).
interpretation( 4, [number = 44,seconds = 0], [
    function(^(_,_), [
        0,0,0,0,
        0,1,2,3,
        0,2,2,2,
        0,3,2,3]),
    function(v(_,_), [
        0,1,2,3,
        1,1,1,1,
        2,1,2,3,
        3,1,3,3]),
    function(c(_), [1,2,1,1])]).
interpretation( 4, [number = 45,seconds = 0], [
    function(^(_,_), [
        0,0,0,0,
        0,1,2,3,
        0,2,2,3,
        0,3,3,3]),
    function(v(_,_), [
        0,1,2,3,
        1,1,1,1,
        2,1,2,2,
        3,1,2,3]),
    function(c(_), [1,2,1,1])]).
interpretation( 4, [number = 46,seconds = 0], [
    function(^(_,_), [
        0,0,0,0,
        0,1,2,3,
        0,2,2,0,
        0,3,0,3]),
    function(v(_,_), [
        0,1,2,3,
        1,1,1,1,
        2,1,2,1,
        3,1,1,3]),
    function(c(_), [1,2,1,2])]).
interpretation( 4, [number = 47,seconds = 0], [
    function(^(_,_), [
        0,0,0,0,
        0,1,2,3,
        0,2,2,2,
        0,3,2,3]),
    function(v(_,_), [
        0,1,2,3,
        1,1,1,1,
        2,1,2,3,
        3,1,3,3]),
    function(c(_), [1,2,1,2])]).
interpretation( 4, [number = 48,seconds = 0], [
    function(^(_,_), [
        0,0,0,0,
        0,1,2,3,
        0,2,2,2,
        0,3,2,3]),
    function(v(_,_), [
        0,1,2,3,
        1,1,1,1,
        2,1,2,3,
        3,1,3,3]),
    function(c(_), [1,2,1,3])]).
interpretation( 4, [number = 49,seconds = 0], [
    function(^(_,_), [
        0,0,0,0,
        0,1,2,3,
        0,2,2,0,
        0,3,0,3]),
    function(v(_,_), [
        0,1,2,3,
        1,1,1,1,
        2,1,2,1,
        3,1,1,3]),
    function(c(_), [1,2,2,1])]).
interpretation( 4, [number = 50,seconds = 0], [
    function(^(_,_), [
        0,0,0,0,
        0,1,2,3,
        0,2,2,3,
        0,3,3,3]),
    function(v(_,_), [
        0,1,2,3,
        1,1,1,1,
        2,1,2,2,
        3,1,2,3]),
    function(c(_), [1,2,2,1])]).
interpretation( 4, [number = 51,seconds = 0], [
    function(^(_,_), [
        0,0,0,0,
        0,1,2,3,
        0,2,2,0,
        0,3,0,3]),
    function(v(_,_), [
        0,1,2,3,
        1,1,1,1,
        2,1,2,1,
        3,1,1,3]),
    function(c(_), [1,2,2,2])]).
interpretation( 4, [number = 52,seconds = 0], [
    function(^(_,_), [
        0,0,0,0,
        0,1,2,3,
        0,2,2,2,
        0,3,2,3]),
    function(v(_,_), [
        0,1,2,3,
        1,1,1,1,
        2,1,2,3,
        3,1,3,3]),
    function(c(_), [1,2,2,2])]).
interpretation( 4, [number = 53,seconds = 0], [
    function(^(_,_), [
        0,0,0,0,
        0,1,2,3,
        0,2,2,3,
        0,3,3,3]),
    function(v(_,_), [
        0,1,2,3,
        1,1,1,1,
        2,1,2,2,
        3,1,2,3]),
    function(c(_), [1,2,2,2])]).
interpretation( 4, [number = 54,seconds = 0], [
    function(^(_,_), [
        0,0,0,0,
        0,1,2,3,
        0,2,2,2,
        0,3,2,3]),
    function(v(_,_), [
        0,1,2,3,
        1,1,1,1,
        2,1,2,3,
        3,1,3,3]),
    function(c(_), [1,2,3,2])]).
interpretation( 4, [number = 55,seconds = 0], [
    function(^(_,_), [
        0,0,0,0,
        0,1,2,3,
        0,2,2,2,
        0,3,2,3]),
    function(v(_,_), [
        0,1,2,3,
        1,1,1,1,
        2,1,2,3,
        3,1,3,3]),
    function(c(_), [1,2,3,3])]).
interpretation( 4, [number = 56,seconds = 0], [
    function(^(_,_), [
        0,0,0,0,
        0,1,2,3,
        0,2,2,0,
        0,3,0,3]),
    function(v(_,_), [
        0,1,2,3,
        1,1,1,1,
        2,1,2,1,
        3,1,1,3]),
    function(c(_), [2,0,0,0])]).
interpretation( 4, [number = 57,seconds = 0], [
    function(^(_,_), [
        0,0,0,0,
        0,1,2,3,
        0,2,2,0,
        0,3,0,3]),
    function(v(_,_), [
        0,1,2,3,
        1,1,1,1,
        2,1,2,1,
        3,1,1,3]),
    function(c(_), [2,0,0,2])]).
interpretation( 4, [number = 58,seconds = 0], [
    function(^(_,_), [
        0,0,0,0,
        0,1,2,3,
        0,2,2,2,
        0,3,2,3]),
    function(v(_,_), [
        0,1,2,3,
        1,1,1,1,
        2,1,2,3,
        3,1,3,3]),
    function(c(_), [2,0,0,0])]).
interpretation( 4, [number = 59,seconds = 0], [
    function(^(_,_), [
        0,0,0,0,
        0,1,2,3,
        0,2,2,3,
        0,3,3,3]),
    function(v(_,_), [
        0,1,2,3,
        1,1,1,1,
        2,1,2,2,
        3,1,2,3]),
    function(c(_), [2,0,0,0])]).
interpretation( 4, [number = 60,seconds = 0], [
    function(^(_,_), [
        0,0,0,0,
        0,1,2,3,
        0,2,2,3,
        0,3,3,3]),
    function(v(_,_), [
        0,1,2,3,
        1,1,1,1,
        2,1,2,2,
        3,1,2,3]),
    function(c(_), [2,0,0,2])]).
interpretation( 4, [number = 61,seconds = 0], [
    function(^(_,_), [
        0,0,0,0,
        0,1,2,3,
        0,2,2,3,
        0,3,3,3]),
    function(v(_,_), [
        0,1,2,3,
        1,1,1,1,
        2,1,2,2,
        3,1,2,3]),
    function(c(_), [2,0,0,3])]).
interpretation( 4, [number = 62,seconds = 0], [
    function(^(_,_), [
        0,0,0,0,
        0,1,2,3,
        0,2,2,0,
        0,3,0,3]),
    function(v(_,_), [
        0,1,2,3,
        1,1,1,1,
        2,1,2,1,
        3,1,1,3]),
    function(c(_), [2,0,2,0])]).
interpretation( 4, [number = 63,seconds = 0], [
    function(^(_,_), [
        0,0,0,0,
        0,1,2,3,
        0,2,2,0,
        0,3,0,3]),
    function(v(_,_), [
        0,1,2,3,
        1,1,1,1,
        2,1,2,1,
        3,1,1,3]),
    function(c(_), [2,0,2,2])]).
interpretation( 4, [number = 64,seconds = 0], [
    function(^(_,_), [
        0,0,0,0,
        0,1,2,3,
        0,2,2,2,
        0,3,2,3]),
    function(v(_,_), [
        0,1,2,3,
        1,1,1,1,
        2,1,2,3,
        3,1,3,3]),
    function(c(_), [2,0,2,0])]).
interpretation( 4, [number = 65,seconds = 0], [
    function(^(_,_), [
        0,0,0,0,
        0,1,2,3,
        0,2,2,2,
        0,3,2,3]),
    function(v(_,_), [
        0,1,2,3,
        1,1,1,1,
        2,1,2,3,
        3,1,3,3]),
    function(c(_), [2,0,2,2])]).
interpretation( 4, [number = 66,seconds = 0], [
    function(^(_,_), [
        0,0,0,0,
        0,1,2,3,
        0,2,2,3,
        0,3,3,3]),
    function(v(_,_), [
        0,1,2,3,
        1,1,1,1,
        2,1,2,2,
        3,1,2,3]),
    function(c(_), [2,0,2,2])]).
interpretation( 4, [number = 67,seconds = 0], [
    function(^(_,_), [
        0,0,0,0,
        0,1,2,3,
        0,2,2,3,
        0,3,3,3]),
    function(v(_,_), [
        0,1,2,3,
        1,1,1,1,
        2,1,2,2,
        3,1,2,3]),
    function(c(_), [2,0,3,2])]).
interpretation( 4, [number = 68,seconds = 0], [
    function(^(_,_), [
        0,0,0,0,
        0,1,2,3,
        0,2,2,3,
        0,3,3,3]),
    function(v(_,_), [
        0,1,2,3,
        1,1,1,1,
        2,1,2,2,
        3,1,2,3]),
    function(c(_), [2,0,3,3])]).
interpretation( 4, [number = 69,seconds = 0], [
    function(^(_,_), [
        0,0,0,0,
        0,1,2,3,
        0,2,2,0,
        0,3,0,3]),
    function(v(_,_), [
        0,1,2,3,
        1,1,1,1,
        2,1,2,1,
        3,1,1,3]),
    function(c(_), [2,2,2,2])]).
interpretation( 4, [number = 70,seconds = 0], [
    function(^(_,_), [
        0,0,0,0,
        0,1,2,3,
        0,2,2,2,
        0,3,2,3]),
    function(v(_,_), [
        0,1,2,3,
        1,1,1,1,
        2,1,2,3,
        3,1,3,3]),
    function(c(_), [2,2,2,2])]).
interpretation( 4, [number = 71,seconds = 0], [
    function(^(_,_), [
        0,0,0,0,
        0,1,2,3,
        0,2,2,3,
        0,3,3,3]),
    function(v(_,_), [
        0,1,2,3,
        1,1,1,1,
        2,1,2,2,
        3,1,2,3]),
    function(c(_), [2,2,2,2])]).
interpretation( 4, [number = 72,seconds = 0], [
    function(^(_,_), [
        0,0,0,0,
        0,1,2,3,
        0,2,2,3,
        0,3,3,3]),
    function(v(_,_), [
        0,1,2,3,
        1,1,1,1,
        2,1,2,2,
        3,1,2,3]),
    function(c(_), [2,3,2,2])]).
interpretation( 4, [number = 73,seconds = 0], [
    function(^(_,_), [
        0,0,0,0,
        0,1,2,3,
        0,2,2,3,
        0,3,3,3]),
    function(v(_,_), [
        0,1,2,3,
        1,1,1,1,
        2,1,2,2,
        3,1,2,3]),
    function(c(_), [2,3,3,2])]).
interpretation( 4, [number = 74,seconds = 0], [
    function(^(_,_), [
        0,0,0,0,
        0,1,2,3,
        0,2,2,3,
        0,3,3,3]),
    function(v(_,_), [
        0,1,2,3,
        1,1,1,1,
        2,1,2,2,
        3,1,2,3]),
    function(c(_), [2,3,3,3])]).
% isofilter: input=74, kept=56, checks=211, perms=451, 0.01 seconds.
