interpretation( 5, [number = 1,seconds = 0], [
    function(^(_,_), [
        0,0,0,0,0,
        0,1,2,3,4,
        0,2,2,0,0,
        0,3,0,3,0,
        0,4,0,0,4]),
    function(v(_,_), [
        0,1,2,3,4,
        1,1,1,1,1,
        2,1,2,1,1,
        3,1,1,3,1,
        4,1,1,1,4]),
    function(i(_,_), [
        1,1,1,1,1,
        0,1,2,3,4,
        0,1,1,3,4,
        0,1,2,1,4,
        0,1,2,3,1])]).
interpretation( 5, [number = 2,seconds = 0], [
    function(^(_,_), [
        0,0,0,0,0,
        0,1,2,3,4,
        0,2,2,0,0,
        0,3,0,3,3,
        0,4,0,3,4]),
    function(v(_,_), [
        0,1,2,3,4,
        1,1,1,1,1,
        2,1,2,1,1,
        3,1,1,3,4,
        4,1,1,4,4]),
    function(i(_,_), [
        1,1,1,1,1,
        0,1,2,3,4,
        0,1,1,3,4,
        0,1,2,1,1,
        0,1,2,3,1])]).
interpretation( 5, [number = 3,seconds = 0], [
    function(^(_,_), [
        0,0,0,0,0,
        0,1,2,3,4,
        0,2,2,0,0,
        0,3,0,3,4,
        0,4,0,4,4]),
    function(v(_,_), [
        0,1,2,3,4,
        1,1,1,1,1,
        2,1,2,1,1,
        3,1,1,3,3,
        4,1,1,3,4]),
    function(i(_,_), [
        1,1,1,1,1,
        0,1,2,3,4,
        0,1,1,3,3,
        0,1,2,1,4,
        0,1,2,1,1])]).
interpretation( 5, [number = 4,seconds = 0], [
    function(^(_,_), [
        0,0,0,0,0,
        0,1,2,3,4,
        0,2,2,0,0,
        0,3,0,3,4,
        0,4,0,4,4]),
    function(v(_,_), [
        0,1,2,3,4,
        1,1,1,1,1,
        2,1,2,1,1,
        3,1,1,3,3,
        4,1,1,3,4]),
    function(i(_,_), [
        1,1,1,1,1,
        0,1,2,3,4,
        0,1,1,3,3,
        0,1,2,1,4,
        2,1,2,1,1])]).
interpretation( 5, [number = 6,seconds = 0], [
    function(^(_,_), [
        0,0,0,0,0,
        0,1,2,3,4,
        0,2,2,0,0,
        0,3,0,3,4,
        0,4,0,4,4]),
    function(v(_,_), [
        0,1,2,3,4,
        1,1,1,1,1,
        2,1,2,1,1,
        3,1,1,3,3,
        4,1,1,3,4]),
    function(i(_,_), [
        1,1,1,1,1,
        0,1,2,3,4,
        0,1,1,3,4,
        0,1,2,1,4,
        2,1,2,1,1])]).
interpretation( 5, [number = 13,seconds = 0], [
    function(^(_,_), [
        0,0,0,0,0,
        0,1,2,3,4,
        0,2,2,0,2,
        0,3,0,3,0,
        0,4,2,0,4]),
    function(v(_,_), [
        0,1,2,3,4,
        1,1,1,1,1,
        2,1,2,1,4,
        3,1,1,3,1,
        4,1,4,1,4]),
    function(i(_,_), [
        1,1,1,1,1,
        0,1,2,3,4,
        0,1,1,3,1,
        2,1,2,1,4,
        0,1,2,3,1])]).
interpretation( 5, [number = 14,seconds = 0], [
    function(^(_,_), [
        0,0,0,0,0,
        0,1,2,3,4,
        0,2,2,0,4,
        0,3,0,3,0,
        0,4,4,0,4]),
    function(v(_,_), [
        0,1,2,3,4,
        1,1,1,1,1,
        2,1,2,1,2,
        3,1,1,3,1,
        4,1,2,1,4]),
    function(i(_,_), [
        1,1,1,1,1,
        0,1,2,3,4,
        0,1,1,3,4,
        2,1,2,1,2,
        0,1,1,3,1])]).
interpretation( 5, [number = 15,seconds = 0], [
    function(^(_,_), [
        0,0,0,0,0,
        0,1,2,3,4,
        0,2,2,0,4,
        0,3,0,3,0,
        0,4,4,0,4]),
    function(v(_,_), [
        0,1,2,3,4,
        1,1,1,1,1,
        2,1,2,1,2,
        3,1,1,3,1,
        4,1,2,1,4]),
    function(i(_,_), [
        1,1,1,1,1,
        0,1,2,3,4,
        0,1,1,3,4,
        2,1,2,1,2,
        3,1,1,3,1])]).
interpretation( 5, [number = 17,seconds = 0], [
    function(^(_,_), [
        0,0,0,0,0,
        0,1,2,3,4,
        0,2,2,0,4,
        0,3,0,3,0,
        0,4,4,0,4]),
    function(v(_,_), [
        0,1,2,3,4,
        1,1,1,1,1,
        2,1,2,1,2,
        3,1,1,3,1,
        4,1,2,1,4]),
    function(i(_,_), [
        1,1,1,1,1,
        0,1,2,3,4,
        0,1,1,3,4,
        4,1,2,1,4,
        3,1,1,3,1])]).
interpretation( 5, [number = 18,seconds = 0], [
    function(^(_,_), [
        0,0,0,0,0,
        0,1,2,3,4,
        0,2,2,0,2,
        0,3,0,3,3,
        0,4,2,3,4]),
    function(v(_,_), [
        0,1,2,3,4,
        1,1,1,1,1,
        2,1,2,4,4,
        3,1,4,3,4,
        4,1,4,4,4]),
    function(i(_,_), [
        1,1,1,1,1,
        0,1,2,3,4,
        0,1,1,3,1,
        0,1,2,1,1,
        0,1,2,3,1])]).
interpretation( 5, [number = 19,seconds = 0], [
    function(^(_,_), [
        0,0,0,0,0,
        0,1,2,3,4,
        0,2,2,0,2,
        0,3,0,3,3,
        0,4,2,3,4]),
    function(v(_,_), [
        0,1,2,3,4,
        1,1,1,1,1,
        2,1,2,4,4,
        3,1,4,3,4,
        4,1,4,4,4]),
    function(i(_,_), [
        1,1,1,1,1,
        0,1,2,3,4,
        0,1,1,3,1,
        2,1,2,1,1,
        0,1,2,3,1])]).
interpretation( 5, [number = 30,seconds = 0], [
    function(^(_,_), [
        0,0,0,0,0,
        0,1,2,3,4,
        0,2,2,2,2,
        0,3,2,3,2,
        0,4,2,2,4]),
    function(v(_,_), [
        0,1,2,3,4,
        1,1,1,1,1,
        2,1,2,3,4,
        3,1,3,3,1,
        4,1,4,1,4]),
    function(i(_,_), [
        1,1,1,1,1,
        0,1,2,3,4,
        0,1,1,1,1,
        0,1,2,1,4,
        0,1,2,3,1])]).
interpretation( 5, [number = 31,seconds = 0], [
    function(^(_,_), [
        0,0,0,0,0,
        0,1,2,3,4,
        0,2,2,2,2,
        0,3,2,3,2,
        0,4,2,2,4]),
    function(v(_,_), [
        0,1,2,3,4,
        1,1,1,1,1,
        2,1,2,3,4,
        3,1,3,3,1,
        4,1,4,1,4]),
    function(i(_,_), [
        1,1,1,1,1,
        0,1,2,3,4,
        0,1,1,1,1,
        0,1,2,1,4,
        0,1,3,3,1])]).
interpretation( 5, [number = 32,seconds = 0], [
    function(^(_,_), [
        0,0,0,0,0,
        0,1,2,3,4,
        0,2,2,2,2,
        0,3,2,3,3,
        0,4,2,3,4]),
    function(v(_,_), [
        0,1,2,3,4,
        1,1,1,1,1,
        2,1,2,3,4,
        3,1,3,3,4,
        4,1,4,4,4]),
    function(i(_,_), [
        1,1,1,1,1,
        0,1,2,3,4,
        0,1,1,1,1,
        0,1,2,1,1,
        0,1,2,3,1])]).
interpretation( 5, [number = 36,seconds = 0], [
    function(^(_,_), [
        0,0,0,0,0,
        0,1,2,3,4,
        0,2,2,2,2,
        0,3,2,3,2,
        0,4,2,2,4]),
    function(v(_,_), [
        0,1,2,3,4,
        1,1,1,1,1,
        2,1,2,3,4,
        3,1,3,3,1,
        4,1,4,1,4]),
    function(i(_,_), [
        1,1,1,1,1,
        0,1,2,3,4,
        0,1,1,1,1,
        0,1,4,1,4,
        0,1,3,3,1])]).
interpretation( 5, [number = 53,seconds = 0], [
    function(^(_,_), [
        0,0,0,0,0,
        0,1,2,3,4,
        0,2,2,3,4,
        0,3,3,3,0,
        0,4,4,0,4]),
    function(v(_,_), [
        0,1,2,3,4,
        1,1,1,1,1,
        2,1,2,2,2,
        3,1,2,3,2,
        4,1,2,2,4]),
    function(i(_,_), [
        1,1,1,1,1,
        0,1,2,3,4,
        0,1,1,3,4,
        4,1,1,1,4,
        3,1,1,3,1])]).
% isofilter: input=69, kept=16, checks=73, perms=90, 0.01 seconds.
