interpretation( 6, [number = 1,seconds = 0], [
    function(^(_,_), [
        0,0,0,0,0,0,
        0,1,2,3,4,5,
        0,2,2,0,0,0,
        0,3,0,3,0,0,
        0,4,0,0,4,0,
        0,5,0,0,0,5]),
    function(v(_,_), [
        0,1,2,3,4,5,
        1,1,1,1,1,1,
        2,1,2,1,1,1,
        3,1,1,3,1,1,
        4,1,1,1,4,1,
        5,1,1,1,1,5]),
    function(i(_,_), [
        1,1,1,1,1,1,
        0,1,2,3,4,5,
        0,1,1,3,4,5,
        0,1,2,1,4,5,
        0,1,2,3,1,5,
        0,1,2,3,4,1])]).
interpretation( 6, [number = 2,seconds = 0], [
    function(^(_,_), [
        0,0,0,0,0,0,
        0,1,2,3,4,5,
        0,2,2,0,0,0,
        0,3,0,3,0,0,
        0,4,0,0,4,4,
        0,5,0,0,4,5]),
    function(v(_,_), [
        0,1,2,3,4,5,
        1,1,1,1,1,1,
        2,1,2,1,1,1,
        3,1,1,3,1,1,
        4,1,1,1,4,5,
        5,1,1,1,5,5]),
    function(i(_,_), [
        1,1,1,1,1,1,
        0,1,2,3,4,5,
        0,1,1,3,4,5,
        0,1,2,1,4,5,
        0,1,2,3,1,1,
        0,1,2,3,4,1])]).
interpretation( 6, [number = 3,seconds = 0], [
    function(^(_,_), [
        0,0,0,0,0,0,
        0,1,2,3,4,5,
        0,2,2,0,0,0,
        0,3,0,3,0,0,
        0,4,0,0,4,5,
        0,5,0,0,5,5]),
    function(v(_,_), [
        0,1,2,3,4,5,
        1,1,1,1,1,1,
        2,1,2,1,1,1,
        3,1,1,3,1,1,
        4,1,1,1,4,4,
        5,1,1,1,4,5]),
    function(i(_,_), [
        1,1,1,1,1,1,
        0,1,2,3,4,5,
        0,1,1,3,4,4,
        0,1,2,1,4,4,
        0,1,2,3,1,5,
        0,1,2,3,1,1])]).
interpretation( 6, [number = 4,seconds = 0], [
    function(^(_,_), [
        0,0,0,0,0,0,
        0,1,2,3,4,5,
        0,2,2,0,0,0,
        0,3,0,3,0,0,
        0,4,0,0,4,5,
        0,5,0,0,5,5]),
    function(v(_,_), [
        0,1,2,3,4,5,
        1,1,1,1,1,1,
        2,1,2,1,1,1,
        3,1,1,3,1,1,
        4,1,1,1,4,4,
        5,1,1,1,4,5]),
    function(i(_,_), [
        1,1,1,1,1,1,
        0,1,2,3,4,5,
        0,1,1,3,4,4,
        0,1,2,1,4,5,
        0,1,2,3,1,5,
        0,1,2,3,1,1])]).
interpretation( 6, [number = 17,seconds = 0], [
    function(^(_,_), [
        0,0,0,0,0,0,
        0,1,2,3,4,5,
        0,2,2,0,0,0,
        0,3,0,3,0,3,
        0,4,0,0,4,4,
        0,5,0,3,4,5]),
    function(v(_,_), [
        0,1,2,3,4,5,
        1,1,1,1,1,1,
        2,1,2,1,1,1,
        3,1,1,3,5,5,
        4,1,1,5,4,5,
        5,1,1,5,5,5]),
    function(i(_,_), [
        1,1,1,1,1,1,
        0,1,2,3,4,5,
        0,1,1,3,4,5,
        0,1,2,1,4,1,
        0,1,2,3,1,1,
        0,1,2,3,4,1])]).
interpretation( 6, [number = 22,seconds = 0], [
    function(^(_,_), [
        0,0,0,0,0,0,
        0,1,2,3,4,5,
        0,2,2,0,0,0,
        0,3,0,3,0,3,
        0,4,0,0,4,4,
        0,5,0,3,4,5]),
    function(v(_,_), [
        0,1,2,3,4,5,
        1,1,1,1,1,1,
        2,1,2,1,1,1,
        3,1,1,3,5,5,
        4,1,1,5,4,5,
        5,1,1,5,5,5]),
    function(i(_,_), [
        1,1,1,1,1,1,
        0,1,2,3,4,5,
        0,1,1,3,5,5,
        0,1,2,1,4,1,
        0,1,2,3,1,1,
        0,1,2,3,4,1])]).
interpretation( 6, [number = 27,seconds = 0], [
    function(^(_,_), [
        0,0,0,0,0,0,
        0,1,2,3,4,5,
        0,2,2,0,0,0,
        0,3,0,3,3,3,
        0,4,0,3,4,3,
        0,5,0,3,3,5]),
    function(v(_,_), [
        0,1,2,3,4,5,
        1,1,1,1,1,1,
        2,1,2,1,1,1,
        3,1,1,3,4,5,
        4,1,1,4,4,1,
        5,1,1,5,1,5]),
    function(i(_,_), [
        1,1,1,1,1,1,
        0,1,2,3,4,5,
        0,1,1,3,4,5,
        0,1,2,1,1,1,
        0,1,2,3,1,5,
        0,1,2,3,4,1])]).
interpretation( 6, [number = 28,seconds = 0], [
    function(^(_,_), [
        0,0,0,0,0,0,
        0,1,2,3,4,5,
        0,2,2,0,0,0,
        0,3,0,3,3,3,
        0,4,0,3,4,3,
        0,5,0,3,3,5]),
    function(v(_,_), [
        0,1,2,3,4,5,
        1,1,1,1,1,1,
        2,1,2,1,1,1,
        3,1,1,3,4,5,
        4,1,1,4,4,1,
        5,1,1,5,1,5]),
    function(i(_,_), [
        1,1,1,1,1,1,
        0,1,2,3,4,5,
        0,1,1,3,4,5,
        0,1,2,1,1,1,
        0,1,2,3,1,5,
        0,1,2,4,4,1])]).
interpretation( 6, [number = 29,seconds = 0], [
    function(^(_,_), [
        0,0,0,0,0,0,
        0,1,2,3,4,5,
        0,2,2,0,0,0,
        0,3,0,3,3,3,
        0,4,0,3,4,4,
        0,5,0,3,4,5]),
    function(v(_,_), [
        0,1,2,3,4,5,
        1,1,1,1,1,1,
        2,1,2,1,1,1,
        3,1,1,3,4,5,
        4,1,1,4,4,5,
        5,1,1,5,5,5]),
    function(i(_,_), [
        1,1,1,1,1,1,
        0,1,2,3,4,5,
        0,1,1,3,4,5,
        0,1,2,1,1,1,
        0,1,2,3,1,1,
        0,1,2,3,4,1])]).
interpretation( 6, [number = 30,seconds = 0], [
    function(^(_,_), [
        0,0,0,0,0,0,
        0,1,2,3,4,5,
        0,2,2,0,0,0,
        0,3,0,3,3,3,
        0,4,0,3,4,5,
        0,5,0,3,5,5]),
    function(v(_,_), [
        0,1,2,3,4,5,
        1,1,1,1,1,1,
        2,1,2,1,1,1,
        3,1,1,3,4,5,
        4,1,1,4,4,4,
        5,1,1,5,4,5]),
    function(i(_,_), [
        1,1,1,1,1,1,
        0,1,2,3,4,5,
        0,1,1,3,4,4,
        0,1,2,1,1,1,
        0,1,2,3,1,5,
        0,1,2,3,1,1])]).
interpretation( 6, [number = 32,seconds = 0], [
    function(^(_,_), [
        0,0,0,0,0,0,
        0,1,2,3,4,5,
        0,2,2,0,0,0,
        0,3,0,3,3,5,
        0,4,0,3,4,5,
        0,5,0,5,5,5]),
    function(v(_,_), [
        0,1,2,3,4,5,
        1,1,1,1,1,1,
        2,1,2,1,1,1,
        3,1,1,3,4,3,
        4,1,1,4,4,4,
        5,1,1,3,4,5]),
    function(i(_,_), [
        1,1,1,1,1,1,
        0,1,2,3,4,5,
        0,1,1,3,4,3,
        0,1,2,1,1,5,
        0,1,2,3,1,5,
        0,1,2,1,1,1])]).
interpretation( 6, [number = 33,seconds = 0], [
    function(^(_,_), [
        0,0,0,0,0,0,
        0,1,2,3,4,5,
        0,2,2,0,0,0,
        0,3,0,3,3,5,
        0,4,0,3,4,5,
        0,5,0,5,5,5]),
    function(v(_,_), [
        0,1,2,3,4,5,
        1,1,1,1,1,1,
        2,1,2,1,1,1,
        3,1,1,3,4,3,
        4,1,1,4,4,4,
        5,1,1,3,4,5]),
    function(i(_,_), [
        1,1,1,1,1,1,
        0,1,2,3,4,5,
        0,1,1,3,4,3,
        0,1,2,1,1,5,
        0,1,2,3,1,5,
        2,1,2,1,1,1])]).
interpretation( 6, [number = 35,seconds = 0], [
    function(^(_,_), [
        0,0,0,0,0,0,
        0,1,2,3,4,5,
        0,2,2,0,0,0,
        0,3,0,3,3,5,
        0,4,0,3,4,5,
        0,5,0,5,5,5]),
    function(v(_,_), [
        0,1,2,3,4,5,
        1,1,1,1,1,1,
        2,1,2,1,1,1,
        3,1,1,3,4,3,
        4,1,1,4,4,4,
        5,1,1,3,4,5]),
    function(i(_,_), [
        1,1,1,1,1,1,
        0,1,2,3,4,5,
        0,1,1,3,4,5,
        0,1,2,1,1,5,
        0,1,2,3,1,5,
        2,1,2,1,1,1])]).
interpretation( 6, [number = 36,seconds = 0], [
    function(^(_,_), [
        0,0,0,0,0,0,
        0,1,2,3,4,5,
        0,2,2,0,0,2,
        0,3,0,3,3,0,
        0,4,0,3,4,0,
        0,5,2,0,0,5]),
    function(v(_,_), [
        0,1,2,3,4,5,
        1,1,1,1,1,1,
        2,1,2,1,1,5,
        3,1,1,3,4,1,
        4,1,1,4,4,1,
        5,1,5,1,1,5]),
    function(i(_,_), [
        1,1,1,1,1,1,
        0,1,2,3,4,5,
        0,1,1,3,4,1,
        0,1,2,1,1,5,
        0,1,2,3,1,5,
        0,1,2,3,4,1])]).
interpretation( 6, [number = 37,seconds = 0], [
    function(^(_,_), [
        0,0,0,0,0,0,
        0,1,2,3,4,5,
        0,2,2,0,0,5,
        0,3,0,3,3,0,
        0,4,0,3,4,0,
        0,5,5,0,0,5]),
    function(v(_,_), [
        0,1,2,3,4,5,
        1,1,1,1,1,1,
        2,1,2,1,1,2,
        3,1,1,3,4,1,
        4,1,1,4,4,1,
        5,1,2,1,1,5]),
    function(i(_,_), [
        1,1,1,1,1,1,
        0,1,2,3,4,5,
        0,1,1,3,4,5,
        0,1,2,1,1,2,
        0,1,2,3,1,2,
        0,1,1,3,4,1])]).
interpretation( 6, [number = 38,seconds = 0], [
    function(^(_,_), [
        0,0,0,0,0,0,
        0,1,2,3,4,5,
        0,2,2,0,0,5,
        0,3,0,3,3,0,
        0,4,0,3,4,0,
        0,5,5,0,0,5]),
    function(v(_,_), [
        0,1,2,3,4,5,
        1,1,1,1,1,1,
        2,1,2,1,1,2,
        3,1,1,3,4,1,
        4,1,1,4,4,1,
        5,1,2,1,1,5]),
    function(i(_,_), [
        1,1,1,1,1,1,
        0,1,2,3,4,5,
        0,1,1,3,4,5,
        0,1,2,1,1,2,
        0,1,2,3,1,2,
        3,1,1,3,4,1])]).
interpretation( 6, [number = 39,seconds = 0], [
    function(^(_,_), [
        0,0,0,0,0,0,
        0,1,2,3,4,5,
        0,2,2,0,0,5,
        0,3,0,3,3,0,
        0,4,0,3,4,0,
        0,5,5,0,0,5]),
    function(v(_,_), [
        0,1,2,3,4,5,
        1,1,1,1,1,1,
        2,1,2,1,1,2,
        3,1,1,3,4,1,
        4,1,1,4,4,1,
        5,1,2,1,1,5]),
    function(i(_,_), [
        1,1,1,1,1,1,
        0,1,2,3,4,5,
        0,1,1,3,4,5,
        0,1,2,1,1,2,
        0,1,2,3,1,5,
        0,1,1,3,4,1])]).
interpretation( 6, [number = 40,seconds = 0], [
    function(^(_,_), [
        0,0,0,0,0,0,
        0,1,2,3,4,5,
        0,2,2,0,0,5,
        0,3,0,3,3,0,
        0,4,0,3,4,0,
        0,5,5,0,0,5]),
    function(v(_,_), [
        0,1,2,3,4,5,
        1,1,1,1,1,1,
        2,1,2,1,1,2,
        3,1,1,3,4,1,
        4,1,1,4,4,1,
        5,1,2,1,1,5]),
    function(i(_,_), [
        1,1,1,1,1,1,
        0,1,2,3,4,5,
        0,1,1,3,4,5,
        0,1,2,1,1,2,
        0,1,2,3,1,5,
        3,1,1,3,4,1])]).
interpretation( 6, [number = 41,seconds = 0], [
    function(^(_,_), [
        0,0,0,0,0,0,
        0,1,2,3,4,5,
        0,2,2,0,0,5,
        0,3,0,3,3,0,
        0,4,0,3,4,0,
        0,5,5,0,0,5]),
    function(v(_,_), [
        0,1,2,3,4,5,
        1,1,1,1,1,1,
        2,1,2,1,1,2,
        3,1,1,3,4,1,
        4,1,1,4,4,1,
        5,1,2,1,1,5]),
    function(i(_,_), [
        1,1,1,1,1,1,
        0,1,2,3,4,5,
        0,1,1,3,4,5,
        0,1,2,1,1,2,
        0,1,2,3,1,2,
        0,1,1,4,4,1])]).
interpretation( 6, [number = 42,seconds = 0], [
    function(^(_,_), [
        0,0,0,0,0,0,
        0,1,2,3,4,5,
        0,2,2,0,0,5,
        0,3,0,3,3,0,
        0,4,0,3,4,0,
        0,5,5,0,0,5]),
    function(v(_,_), [
        0,1,2,3,4,5,
        1,1,1,1,1,1,
        2,1,2,1,1,2,
        3,1,1,3,4,1,
        4,1,1,4,4,1,
        5,1,2,1,1,5]),
    function(i(_,_), [
        1,1,1,1,1,1,
        0,1,2,3,4,5,
        0,1,1,3,4,5,
        0,1,2,1,1,2,
        0,1,2,3,1,2,
        4,1,1,4,4,1])]).
interpretation( 6, [number = 43,seconds = 0], [
    function(^(_,_), [
        0,0,0,0,0,0,
        0,1,2,3,4,5,
        0,2,2,0,0,5,
        0,3,0,3,3,0,
        0,4,0,3,4,0,
        0,5,5,0,0,5]),
    function(v(_,_), [
        0,1,2,3,4,5,
        1,1,1,1,1,1,
        2,1,2,1,1,2,
        3,1,1,3,4,1,
        4,1,1,4,4,1,
        5,1,2,1,1,5]),
    function(i(_,_), [
        1,1,1,1,1,1,
        0,1,2,3,4,5,
        0,1,1,3,4,5,
        0,1,2,1,1,2,
        0,1,2,3,1,5,
        0,1,1,4,4,1])]).
interpretation( 6, [number = 44,seconds = 0], [
    function(^(_,_), [
        0,0,0,0,0,0,
        0,1,2,3,4,5,
        0,2,2,0,0,5,
        0,3,0,3,3,0,
        0,4,0,3,4,0,
        0,5,5,0,0,5]),
    function(v(_,_), [
        0,1,2,3,4,5,
        1,1,1,1,1,1,
        2,1,2,1,1,2,
        3,1,1,3,4,1,
        4,1,1,4,4,1,
        5,1,2,1,1,5]),
    function(i(_,_), [
        1,1,1,1,1,1,
        0,1,2,3,4,5,
        0,1,1,3,4,5,
        0,1,2,1,1,2,
        0,1,2,3,1,5,
        4,1,1,4,4,1])]).
interpretation( 6, [number = 46,seconds = 0], [
    function(^(_,_), [
        0,0,0,0,0,0,
        0,1,2,3,4,5,
        0,2,2,0,0,5,
        0,3,0,3,3,0,
        0,4,0,3,4,0,
        0,5,5,0,0,5]),
    function(v(_,_), [
        0,1,2,3,4,5,
        1,1,1,1,1,1,
        2,1,2,1,1,2,
        3,1,1,3,4,1,
        4,1,1,4,4,1,
        5,1,2,1,1,5]),
    function(i(_,_), [
        1,1,1,1,1,1,
        0,1,2,3,4,5,
        0,1,1,3,4,5,
        0,1,2,1,1,5,
        0,1,2,3,1,5,
        3,1,1,3,4,1])]).
interpretation( 6, [number = 48,seconds = 0], [
    function(^(_,_), [
        0,0,0,0,0,0,
        0,1,2,3,4,5,
        0,2,2,0,0,5,
        0,3,0,3,3,0,
        0,4,0,3,4,0,
        0,5,5,0,0,5]),
    function(v(_,_), [
        0,1,2,3,4,5,
        1,1,1,1,1,1,
        2,1,2,1,1,2,
        3,1,1,3,4,1,
        4,1,1,4,4,1,
        5,1,2,1,1,5]),
    function(i(_,_), [
        1,1,1,1,1,1,
        0,1,2,3,4,5,
        0,1,1,3,4,5,
        0,1,2,1,1,5,
        0,1,2,3,1,5,
        4,1,1,4,4,1])]).
interpretation( 6, [number = 50,seconds = 0], [
    function(^(_,_), [
        0,0,0,0,0,0,
        0,1,2,3,4,5,
        0,2,2,0,0,0,
        0,3,0,3,3,3,
        0,4,0,3,4,3,
        0,5,0,3,3,5]),
    function(v(_,_), [
        0,1,2,3,4,5,
        1,1,1,1,1,1,
        2,1,2,1,1,1,
        3,1,1,3,4,5,
        4,1,1,4,4,1,
        5,1,1,5,1,5]),
    function(i(_,_), [
        1,1,1,1,1,1,
        0,1,2,3,4,5,
        0,1,1,3,4,5,
        0,1,2,1,1,1,
        0,1,2,5,1,5,
        0,1,2,4,4,1])]).
interpretation( 6, [number = 54,seconds = 0], [
    function(^(_,_), [
        0,0,0,0,0,0,
        0,1,2,3,4,5,
        0,2,2,0,0,0,
        0,3,0,3,4,5,
        0,4,0,4,4,0,
        0,5,0,5,0,5]),
    function(v(_,_), [
        0,1,2,3,4,5,
        1,1,1,1,1,1,
        2,1,2,1,1,1,
        3,1,1,3,3,3,
        4,1,1,3,4,3,
        5,1,1,3,3,5]),
    function(i(_,_), [
        1,1,1,1,1,1,
        0,1,2,3,4,5,
        0,1,1,3,3,3,
        0,1,2,1,4,5,
        0,1,2,1,1,5,
        0,1,2,1,4,1])]).
interpretation( 6, [number = 57,seconds = 0], [
    function(^(_,_), [
        0,0,0,0,0,0,
        0,1,2,3,4,5,
        0,2,2,0,0,0,
        0,3,0,3,4,5,
        0,4,0,4,4,4,
        0,5,0,5,4,5]),
    function(v(_,_), [
        0,1,2,3,4,5,
        1,1,1,1,1,1,
        2,1,2,1,1,1,
        3,1,1,3,3,3,
        4,1,1,3,4,5,
        5,1,1,3,5,5]),
    function(i(_,_), [
        1,1,1,1,1,1,
        0,1,2,3,4,5,
        0,1,1,3,3,3,
        0,1,2,1,4,5,
        0,1,2,1,1,1,
        0,1,2,1,4,1])]).
interpretation( 6, [number = 59,seconds = 0], [
    function(^(_,_), [
        0,0,0,0,0,0,
        0,1,2,3,4,5,
        0,2,2,0,0,0,
        0,3,0,3,4,5,
        0,4,0,4,4,5,
        0,5,0,5,5,5]),
    function(v(_,_), [
        0,1,2,3,4,5,
        1,1,1,1,1,1,
        2,1,2,1,1,1,
        3,1,1,3,3,3,
        4,1,1,3,4,4,
        5,1,1,3,4,5]),
    function(i(_,_), [
        1,1,1,1,1,1,
        0,1,2,3,4,5,
        0,1,1,3,3,3,
        0,1,2,1,4,5,
        0,1,2,1,1,5,
        2,1,2,1,1,1])]).
interpretation( 6, [number = 61,seconds = 0], [
    function(^(_,_), [
        0,0,0,0,0,0,
        0,1,2,3,4,5,
        0,2,2,0,0,0,
        0,3,0,3,4,5,
        0,4,0,4,4,5,
        0,5,0,5,5,5]),
    function(v(_,_), [
        0,1,2,3,4,5,
        1,1,1,1,1,1,
        2,1,2,1,1,1,
        3,1,1,3,3,3,
        4,1,1,3,4,4,
        5,1,1,3,4,5]),
    function(i(_,_), [
        1,1,1,1,1,1,
        0,1,2,3,4,5,
        0,1,1,3,3,5,
        0,1,2,1,4,5,
        0,1,2,1,1,5,
        2,1,2,1,1,1])]).
interpretation( 6, [number = 64,seconds = 0], [
    function(^(_,_), [
        0,0,0,0,0,0,
        0,1,2,3,4,5,
        0,2,2,0,0,5,
        0,3,0,3,4,0,
        0,4,0,4,4,0,
        0,5,5,0,0,5]),
    function(v(_,_), [
        0,1,2,3,4,5,
        1,1,1,1,1,1,
        2,1,2,1,1,2,
        3,1,1,3,3,1,
        4,1,1,3,4,1,
        5,1,2,1,1,5]),
    function(i(_,_), [
        1,1,1,1,1,1,
        0,1,2,3,4,5,
        0,1,1,3,3,5,
        0,1,2,1,4,2,
        0,1,2,1,1,2,
        0,1,1,3,3,1])]).
interpretation( 6, [number = 65,seconds = 0], [
    function(^(_,_), [
        0,0,0,0,0,0,
        0,1,2,3,4,5,
        0,2,2,0,0,5,
        0,3,0,3,4,0,
        0,4,0,4,4,0,
        0,5,5,0,0,5]),
    function(v(_,_), [
        0,1,2,3,4,5,
        1,1,1,1,1,1,
        2,1,2,1,1,2,
        3,1,1,3,3,1,
        4,1,1,3,4,1,
        5,1,2,1,1,5]),
    function(i(_,_), [
        1,1,1,1,1,1,
        0,1,2,3,4,5,
        0,1,1,3,3,5,
        0,1,2,1,4,2,
        0,1,2,1,1,2,
        3,1,1,3,3,1])]).
interpretation( 6, [number = 67,seconds = 0], [
    function(^(_,_), [
        0,0,0,0,0,0,
        0,1,2,3,4,5,
        0,2,2,0,0,5,
        0,3,0,3,4,0,
        0,4,0,4,4,0,
        0,5,5,0,0,5]),
    function(v(_,_), [
        0,1,2,3,4,5,
        1,1,1,1,1,1,
        2,1,2,1,1,2,
        3,1,1,3,3,1,
        4,1,1,3,4,1,
        5,1,2,1,1,5]),
    function(i(_,_), [
        1,1,1,1,1,1,
        0,1,2,3,4,5,
        0,1,1,3,3,5,
        0,1,2,1,4,5,
        0,1,2,1,1,2,
        3,1,1,3,3,1])]).
interpretation( 6, [number = 69,seconds = 0], [
    function(^(_,_), [
        0,0,0,0,0,0,
        0,1,2,3,4,5,
        0,2,2,0,0,5,
        0,3,0,3,4,0,
        0,4,0,4,4,0,
        0,5,5,0,0,5]),
    function(v(_,_), [
        0,1,2,3,4,5,
        1,1,1,1,1,1,
        2,1,2,1,1,2,
        3,1,1,3,3,1,
        4,1,1,3,4,1,
        5,1,2,1,1,5]),
    function(i(_,_), [
        1,1,1,1,1,1,
        0,1,2,3,4,5,
        0,1,1,3,3,5,
        0,1,2,1,4,5,
        0,1,2,1,1,5,
        3,1,1,3,3,1])]).
interpretation( 6, [number = 75,seconds = 0], [
    function(^(_,_), [
        0,0,0,0,0,0,
        0,1,2,3,4,5,
        0,2,2,0,0,5,
        0,3,0,3,4,0,
        0,4,0,4,4,0,
        0,5,5,0,0,5]),
    function(v(_,_), [
        0,1,2,3,4,5,
        1,1,1,1,1,1,
        2,1,2,1,1,2,
        3,1,1,3,3,1,
        4,1,1,3,4,1,
        5,1,2,1,1,5]),
    function(i(_,_), [
        1,1,1,1,1,1,
        0,1,2,3,4,5,
        0,1,1,3,3,5,
        0,1,2,1,4,2,
        2,1,2,1,1,2,
        3,1,1,3,3,1])]).
interpretation( 6, [number = 77,seconds = 0], [
    function(^(_,_), [
        0,0,0,0,0,0,
        0,1,2,3,4,5,
        0,2,2,0,0,5,
        0,3,0,3,4,0,
        0,4,0,4,4,0,
        0,5,5,0,0,5]),
    function(v(_,_), [
        0,1,2,3,4,5,
        1,1,1,1,1,1,
        2,1,2,1,1,2,
        3,1,1,3,3,1,
        4,1,1,3,4,1,
        5,1,2,1,1,5]),
    function(i(_,_), [
        1,1,1,1,1,1,
        0,1,2,3,4,5,
        0,1,1,3,3,5,
        0,1,2,1,4,5,
        2,1,2,1,1,2,
        3,1,1,3,3,1])]).
interpretation( 6, [number = 79,seconds = 0], [
    function(^(_,_), [
        0,0,0,0,0,0,
        0,1,2,3,4,5,
        0,2,2,0,0,5,
        0,3,0,3,4,0,
        0,4,0,4,4,0,
        0,5,5,0,0,5]),
    function(v(_,_), [
        0,1,2,3,4,5,
        1,1,1,1,1,1,
        2,1,2,1,1,2,
        3,1,1,3,3,1,
        4,1,1,3,4,1,
        5,1,2,1,1,5]),
    function(i(_,_), [
        1,1,1,1,1,1,
        0,1,2,3,4,5,
        0,1,1,3,3,5,
        0,1,2,1,4,5,
        5,1,2,1,1,5,
        3,1,1,3,3,1])]).
interpretation( 6, [number = 107,seconds = 0], [
    function(^(_,_), [
        0,0,0,0,0,0,
        0,1,2,3,4,5,
        0,2,2,0,0,0,
        0,3,0,3,4,4,
        0,4,0,4,4,4,
        0,5,0,4,4,5]),
    function(v(_,_), [
        0,1,2,3,4,5,
        1,1,1,1,1,1,
        2,1,2,1,1,1,
        3,1,1,3,3,1,
        4,1,1,3,4,5,
        5,1,1,1,5,5]),
    function(i(_,_), [
        1,1,1,1,1,1,
        0,1,2,3,4,5,
        0,1,1,3,4,5,
        0,1,2,1,4,5,
        2,1,2,1,1,1,
        0,1,2,3,3,1])]).
interpretation( 6, [number = 108,seconds = 0], [
    function(^(_,_), [
        0,0,0,0,0,0,
        0,1,2,3,4,5,
        0,2,2,0,0,0,
        0,3,0,3,4,4,
        0,4,0,4,4,4,
        0,5,0,4,4,5]),
    function(v(_,_), [
        0,1,2,3,4,5,
        1,1,1,1,1,1,
        2,1,2,1,1,1,
        3,1,1,3,3,1,
        4,1,1,3,4,5,
        5,1,1,1,5,5]),
    function(i(_,_), [
        1,1,1,1,1,1,
        0,1,2,3,4,5,
        0,1,1,3,4,5,
        0,1,2,1,4,5,
        2,1,2,1,1,1,
        0,1,2,3,4,1])]).
interpretation( 6, [number = 117,seconds = 0], [
    function(^(_,_), [
        0,0,0,0,0,0,
        0,1,2,3,4,5,
        0,2,2,0,0,5,
        0,3,0,3,4,0,
        0,4,0,4,4,0,
        0,5,5,0,0,5]),
    function(v(_,_), [
        0,1,2,3,4,5,
        1,1,1,1,1,1,
        2,1,2,1,1,2,
        3,1,1,3,3,1,
        4,1,1,3,4,1,
        5,1,2,1,1,5]),
    function(i(_,_), [
        1,1,1,1,1,1,
        0,1,2,3,4,5,
        0,1,1,3,4,5,
        0,1,2,1,4,5,
        2,1,2,1,1,2,
        3,1,1,3,3,1])]).
interpretation( 6, [number = 119,seconds = 0], [
    function(^(_,_), [
        0,0,0,0,0,0,
        0,1,2,3,4,5,
        0,2,2,0,0,5,
        0,3,0,3,4,0,
        0,4,0,4,4,0,
        0,5,5,0,0,5]),
    function(v(_,_), [
        0,1,2,3,4,5,
        1,1,1,1,1,1,
        2,1,2,1,1,2,
        3,1,1,3,3,1,
        4,1,1,3,4,1,
        5,1,2,1,1,5]),
    function(i(_,_), [
        1,1,1,1,1,1,
        0,1,2,3,4,5,
        0,1,1,3,4,5,
        0,1,2,1,4,5,
        2,1,2,1,1,2,
        4,1,1,3,4,1])]).
interpretation( 6, [number = 123,seconds = 0], [
    function(^(_,_), [
        0,0,0,0,0,0,
        0,1,2,3,4,5,
        0,2,2,0,0,5,
        0,3,0,3,4,0,
        0,4,0,4,4,0,
        0,5,5,0,0,5]),
    function(v(_,_), [
        0,1,2,3,4,5,
        1,1,1,1,1,1,
        2,1,2,1,1,2,
        3,1,1,3,3,1,
        4,1,1,3,4,1,
        5,1,2,1,1,5]),
    function(i(_,_), [
        1,1,1,1,1,1,
        0,1,2,3,4,5,
        0,1,1,3,4,5,
        0,1,2,1,4,5,
        5,1,2,1,1,5,
        4,1,1,3,4,1])]).
interpretation( 6, [number = 125,seconds = 0], [
    function(^(_,_), [
        0,0,0,0,0,0,
        0,1,2,3,4,5,
        0,2,2,0,0,0,
        0,3,0,3,4,4,
        0,4,0,4,4,4,
        0,5,0,4,4,5]),
    function(v(_,_), [
        0,1,2,3,4,5,
        1,1,1,1,1,1,
        2,1,2,1,1,1,
        3,1,1,3,3,1,
        4,1,1,3,4,5,
        5,1,1,1,5,5]),
    function(i(_,_), [
        1,1,1,1,1,1,
        0,1,2,3,4,5,
        0,1,1,3,4,5,
        0,1,2,1,5,5,
        2,1,2,1,1,1,
        0,1,2,3,3,1])]).
interpretation( 6, [number = 140,seconds = 0], [
    function(^(_,_), [
        0,0,0,0,0,0,
        0,1,2,3,4,5,
        0,2,2,0,0,2,
        0,3,0,3,4,4,
        0,4,0,4,4,4,
        0,5,2,4,4,5]),
    function(v(_,_), [
        0,1,2,3,4,5,
        1,1,1,1,1,1,
        2,1,2,1,5,5,
        3,1,1,3,3,1,
        4,1,5,3,4,5,
        5,1,5,1,5,5]),
    function(i(_,_), [
        1,1,1,1,1,1,
        0,1,2,3,4,5,
        0,1,1,3,3,1,
        0,1,2,1,4,5,
        0,1,2,1,1,1,
        0,1,2,3,3,1])]).
interpretation( 6, [number = 141,seconds = 0], [
    function(^(_,_), [
        0,0,0,0,0,0,
        0,1,2,3,4,5,
        0,2,2,0,0,2,
        0,3,0,3,4,4,
        0,4,0,4,4,4,
        0,5,2,4,4,5]),
    function(v(_,_), [
        0,1,2,3,4,5,
        1,1,1,1,1,1,
        2,1,2,1,5,5,
        3,1,1,3,3,1,
        4,1,5,3,4,5,
        5,1,5,1,5,5]),
    function(i(_,_), [
        1,1,1,1,1,1,
        0,1,2,3,4,5,
        0,1,1,3,3,1,
        0,1,2,1,4,5,
        2,1,2,1,1,1,
        0,1,2,3,3,1])]).
interpretation( 6, [number = 142,seconds = 0], [
    function(^(_,_), [
        0,0,0,0,0,0,
        0,1,2,3,4,5,
        0,2,2,0,0,2,
        0,3,0,3,4,4,
        0,4,0,4,4,4,
        0,5,2,4,4,5]),
    function(v(_,_), [
        0,1,2,3,4,5,
        1,1,1,1,1,1,
        2,1,2,1,5,5,
        3,1,1,3,3,1,
        4,1,5,3,4,5,
        5,1,5,1,5,5]),
    function(i(_,_), [
        1,1,1,1,1,1,
        0,1,2,3,4,5,
        0,1,1,3,3,1,
        0,1,2,1,4,5,
        0,1,2,1,1,1,
        0,1,2,3,4,1])]).
interpretation( 6, [number = 143,seconds = 0], [
    function(^(_,_), [
        0,0,0,0,0,0,
        0,1,2,3,4,5,
        0,2,2,0,0,2,
        0,3,0,3,4,4,
        0,4,0,4,4,4,
        0,5,2,4,4,5]),
    function(v(_,_), [
        0,1,2,3,4,5,
        1,1,1,1,1,1,
        2,1,2,1,5,5,
        3,1,1,3,3,1,
        4,1,5,3,4,5,
        5,1,5,1,5,5]),
    function(i(_,_), [
        1,1,1,1,1,1,
        0,1,2,3,4,5,
        0,1,1,3,3,1,
        0,1,2,1,4,5,
        2,1,2,1,1,1,
        0,1,2,3,4,1])]).
interpretation( 6, [number = 144,seconds = 0], [
    function(^(_,_), [
        0,0,0,0,0,0,
        0,1,2,3,4,5,
        0,2,2,0,0,2,
        0,3,0,3,4,4,
        0,4,0,4,4,4,
        0,5,2,4,4,5]),
    function(v(_,_), [
        0,1,2,3,4,5,
        1,1,1,1,1,1,
        2,1,2,1,5,5,
        3,1,1,3,3,1,
        4,1,5,3,4,5,
        5,1,5,1,5,5]),
    function(i(_,_), [
        1,1,1,1,1,1,
        0,1,2,3,4,5,
        0,1,1,3,3,1,
        0,1,2,1,5,5,
        0,1,2,1,1,1,
        0,1,2,3,3,1])]).
interpretation( 6, [number = 145,seconds = 0], [
    function(^(_,_), [
        0,0,0,0,0,0,
        0,1,2,3,4,5,
        0,2,2,0,0,2,
        0,3,0,3,4,4,
        0,4,0,4,4,4,
        0,5,2,4,4,5]),
    function(v(_,_), [
        0,1,2,3,4,5,
        1,1,1,1,1,1,
        2,1,2,1,5,5,
        3,1,1,3,3,1,
        4,1,5,3,4,5,
        5,1,5,1,5,5]),
    function(i(_,_), [
        1,1,1,1,1,1,
        0,1,2,3,4,5,
        0,1,1,3,3,1,
        0,1,2,1,5,5,
        2,1,2,1,1,1,
        0,1,2,3,3,1])]).
interpretation( 6, [number = 146,seconds = 0], [
    function(^(_,_), [
        0,0,0,0,0,0,
        0,1,2,3,4,5,
        0,2,2,0,0,2,
        0,3,0,3,4,4,
        0,4,0,4,4,4,
        0,5,2,4,4,5]),
    function(v(_,_), [
        0,1,2,3,4,5,
        1,1,1,1,1,1,
        2,1,2,1,5,5,
        3,1,1,3,3,1,
        4,1,5,3,4,5,
        5,1,5,1,5,5]),
    function(i(_,_), [
        1,1,1,1,1,1,
        0,1,2,3,4,5,
        0,1,1,3,3,1,
        0,1,2,1,5,5,
        0,1,2,1,1,1,
        0,1,2,3,4,1])]).
interpretation( 6, [number = 147,seconds = 0], [
    function(^(_,_), [
        0,0,0,0,0,0,
        0,1,2,3,4,5,
        0,2,2,0,0,2,
        0,3,0,3,4,4,
        0,4,0,4,4,4,
        0,5,2,4,4,5]),
    function(v(_,_), [
        0,1,2,3,4,5,
        1,1,1,1,1,1,
        2,1,2,1,5,5,
        3,1,1,3,3,1,
        4,1,5,3,4,5,
        5,1,5,1,5,5]),
    function(i(_,_), [
        1,1,1,1,1,1,
        0,1,2,3,4,5,
        0,1,1,3,3,1,
        0,1,2,1,5,5,
        2,1,2,1,1,1,
        0,1,2,3,4,1])]).
interpretation( 6, [number = 148,seconds = 0], [
    function(^(_,_), [
        0,0,0,0,0,0,
        0,1,2,3,4,5,
        0,2,2,0,0,2,
        0,3,0,3,4,4,
        0,4,0,4,4,4,
        0,5,2,4,4,5]),
    function(v(_,_), [
        0,1,2,3,4,5,
        1,1,1,1,1,1,
        2,1,2,1,5,5,
        3,1,1,3,3,1,
        4,1,5,3,4,5,
        5,1,5,1,5,5]),
    function(i(_,_), [
        1,1,1,1,1,1,
        0,1,2,3,4,5,
        0,1,1,3,4,1,
        0,1,2,1,4,5,
        0,1,2,1,1,1,
        0,1,2,3,4,1])]).
interpretation( 6, [number = 149,seconds = 0], [
    function(^(_,_), [
        0,0,0,0,0,0,
        0,1,2,3,4,5,
        0,2,2,0,0,2,
        0,3,0,3,4,4,
        0,4,0,4,4,4,
        0,5,2,4,4,5]),
    function(v(_,_), [
        0,1,2,3,4,5,
        1,1,1,1,1,1,
        2,1,2,1,5,5,
        3,1,1,3,3,1,
        4,1,5,3,4,5,
        5,1,5,1,5,5]),
    function(i(_,_), [
        1,1,1,1,1,1,
        0,1,2,3,4,5,
        0,1,1,3,4,1,
        0,1,2,1,4,5,
        2,1,2,1,1,1,
        0,1,2,3,4,1])]).
interpretation( 6, [number = 150,seconds = 0], [
    function(^(_,_), [
        0,0,0,0,0,0,
        0,1,2,3,4,5,
        0,2,2,0,0,2,
        0,3,0,3,4,4,
        0,4,0,4,4,4,
        0,5,2,4,4,5]),
    function(v(_,_), [
        0,1,2,3,4,5,
        1,1,1,1,1,1,
        2,1,2,1,5,5,
        3,1,1,3,3,1,
        4,1,5,3,4,5,
        5,1,5,1,5,5]),
    function(i(_,_), [
        1,1,1,1,1,1,
        0,1,2,3,4,5,
        0,1,1,3,4,1,
        0,1,2,1,5,5,
        0,1,2,1,1,1,
        0,1,2,3,4,1])]).
interpretation( 6, [number = 151,seconds = 0], [
    function(^(_,_), [
        0,0,0,0,0,0,
        0,1,2,3,4,5,
        0,2,2,0,0,2,
        0,3,0,3,4,4,
        0,4,0,4,4,4,
        0,5,2,4,4,5]),
    function(v(_,_), [
        0,1,2,3,4,5,
        1,1,1,1,1,1,
        2,1,2,1,5,5,
        3,1,1,3,3,1,
        4,1,5,3,4,5,
        5,1,5,1,5,5]),
    function(i(_,_), [
        1,1,1,1,1,1,
        0,1,2,3,4,5,
        0,1,1,3,4,1,
        0,1,2,1,5,5,
        2,1,2,1,1,1,
        0,1,2,3,4,1])]).
interpretation( 6, [number = 333,seconds = 0], [
    function(^(_,_), [
        0,0,0,0,0,0,
        0,1,2,3,4,5,
        0,2,2,0,0,2,
        0,3,0,3,0,0,
        0,4,0,0,4,4,
        0,5,2,0,4,5]),
    function(v(_,_), [
        0,1,2,3,4,5,
        1,1,1,1,1,1,
        2,1,2,1,5,5,
        3,1,1,3,1,1,
        4,1,5,1,4,5,
        5,1,5,1,5,5]),
    function(i(_,_), [
        1,1,1,1,1,1,
        0,1,2,3,4,5,
        0,1,1,3,4,1,
        2,1,2,1,5,5,
        0,1,2,3,1,1,
        0,1,2,3,4,1])]).
interpretation( 6, [number = 334,seconds = 0], [
    function(^(_,_), [
        0,0,0,0,0,0,
        0,1,2,3,4,5,
        0,2,2,0,0,2,
        0,3,0,3,4,4,
        0,4,0,4,4,4,
        0,5,2,4,4,5]),
    function(v(_,_), [
        0,1,2,3,4,5,
        1,1,1,1,1,1,
        2,1,2,1,5,5,
        3,1,1,3,3,1,
        4,1,5,3,4,5,
        5,1,5,1,5,5]),
    function(i(_,_), [
        1,1,1,1,1,1,
        0,1,2,3,4,5,
        0,1,1,3,3,1,
        2,1,2,1,5,5,
        2,1,2,1,1,1,
        0,1,2,3,3,1])]).
interpretation( 6, [number = 335,seconds = 0], [
    function(^(_,_), [
        0,0,0,0,0,0,
        0,1,2,3,4,5,
        0,2,2,0,0,2,
        0,3,0,3,4,4,
        0,4,0,4,4,4,
        0,5,2,4,4,5]),
    function(v(_,_), [
        0,1,2,3,4,5,
        1,1,1,1,1,1,
        2,1,2,1,5,5,
        3,1,1,3,3,1,
        4,1,5,3,4,5,
        5,1,5,1,5,5]),
    function(i(_,_), [
        1,1,1,1,1,1,
        0,1,2,3,4,5,
        0,1,1,3,3,1,
        2,1,2,1,5,5,
        2,1,2,1,1,1,
        0,1,2,3,4,1])]).
interpretation( 6, [number = 336,seconds = 0], [
    function(^(_,_), [
        0,0,0,0,0,0,
        0,1,2,3,4,5,
        0,2,2,0,0,2,
        0,3,0,3,4,4,
        0,4,0,4,4,4,
        0,5,2,4,4,5]),
    function(v(_,_), [
        0,1,2,3,4,5,
        1,1,1,1,1,1,
        2,1,2,1,5,5,
        3,1,1,3,3,1,
        4,1,5,3,4,5,
        5,1,5,1,5,5]),
    function(i(_,_), [
        1,1,1,1,1,1,
        0,1,2,3,4,5,
        0,1,1,3,4,1,
        2,1,2,1,5,5,
        2,1,2,1,1,1,
        0,1,2,3,4,1])]).
interpretation( 6, [number = 339,seconds = 0], [
    function(^(_,_), [
        0,0,0,0,0,0,
        0,1,2,3,4,5,
        0,2,2,0,2,2,
        0,3,0,3,0,0,
        0,4,2,0,4,2,
        0,5,2,0,2,5]),
    function(v(_,_), [
        0,1,2,3,4,5,
        1,1,1,1,1,1,
        2,1,2,1,4,5,
        3,1,1,3,1,1,
        4,1,4,1,4,1,
        5,1,5,1,1,5]),
    function(i(_,_), [
        1,1,1,1,1,1,
        0,1,2,3,4,5,
        0,1,1,3,1,1,
        2,1,2,1,4,5,
        0,1,2,3,1,5,
        0,1,2,3,4,1])]).
interpretation( 6, [number = 340,seconds = 0], [
    function(^(_,_), [
        0,0,0,0,0,0,
        0,1,2,3,4,5,
        0,2,2,0,2,2,
        0,3,0,3,0,0,
        0,4,2,0,4,2,
        0,5,2,0,2,5]),
    function(v(_,_), [
        0,1,2,3,4,5,
        1,1,1,1,1,1,
        2,1,2,1,4,5,
        3,1,1,3,1,1,
        4,1,4,1,4,1,
        5,1,5,1,1,5]),
    function(i(_,_), [
        1,1,1,1,1,1,
        0,1,2,3,4,5,
        0,1,1,3,1,1,
        2,1,2,1,4,5,
        0,1,2,3,1,5,
        0,1,4,3,4,1])]).
interpretation( 6, [number = 341,seconds = 0], [
    function(^(_,_), [
        0,0,0,0,0,0,
        0,1,2,3,4,5,
        0,2,2,0,2,2,
        0,3,0,3,0,0,
        0,4,2,0,4,4,
        0,5,2,0,4,5]),
    function(v(_,_), [
        0,1,2,3,4,5,
        1,1,1,1,1,1,
        2,1,2,1,4,5,
        3,1,1,3,1,1,
        4,1,4,1,4,5,
        5,1,5,1,5,5]),
    function(i(_,_), [
        1,1,1,1,1,1,
        0,1,2,3,4,5,
        0,1,1,3,1,1,
        2,1,2,1,4,5,
        0,1,2,3,1,1,
        0,1,2,3,4,1])]).
interpretation( 6, [number = 342,seconds = 0], [
    function(^(_,_), [
        0,0,0,0,0,0,
        0,1,2,3,4,5,
        0,2,2,0,2,2,
        0,3,0,3,0,0,
        0,4,2,0,4,5,
        0,5,2,0,5,5]),
    function(v(_,_), [
        0,1,2,3,4,5,
        1,1,1,1,1,1,
        2,1,2,1,4,5,
        3,1,1,3,1,1,
        4,1,4,1,4,4,
        5,1,5,1,4,5]),
    function(i(_,_), [
        1,1,1,1,1,1,
        0,1,2,3,4,5,
        0,1,1,3,1,1,
        2,1,2,1,4,4,
        0,1,2,3,1,5,
        0,1,2,3,1,1])]).
interpretation( 6, [number = 344,seconds = 0], [
    function(^(_,_), [
        0,0,0,0,0,0,
        0,1,2,3,4,5,
        0,2,2,0,2,5,
        0,3,0,3,0,0,
        0,4,2,0,4,5,
        0,5,5,0,5,5]),
    function(v(_,_), [
        0,1,2,3,4,5,
        1,1,1,1,1,1,
        2,1,2,1,4,2,
        3,1,1,3,1,1,
        4,1,4,1,4,4,
        5,1,2,1,4,5]),
    function(i(_,_), [
        1,1,1,1,1,1,
        0,1,2,3,4,5,
        0,1,1,3,1,5,
        2,1,2,1,4,2,
        0,1,2,3,1,5,
        0,1,1,3,1,1])]).
interpretation( 6, [number = 345,seconds = 0], [
    function(^(_,_), [
        0,0,0,0,0,0,
        0,1,2,3,4,5,
        0,2,2,0,2,5,
        0,3,0,3,0,0,
        0,4,2,0,4,5,
        0,5,5,0,5,5]),
    function(v(_,_), [
        0,1,2,3,4,5,
        1,1,1,1,1,1,
        2,1,2,1,4,2,
        3,1,1,3,1,1,
        4,1,4,1,4,4,
        5,1,2,1,4,5]),
    function(i(_,_), [
        1,1,1,1,1,1,
        0,1,2,3,4,5,
        0,1,1,3,1,5,
        2,1,2,1,4,2,
        0,1,2,3,1,5,
        3,1,1,3,1,1])]).
interpretation( 6, [number = 347,seconds = 0], [
    function(^(_,_), [
        0,0,0,0,0,0,
        0,1,2,3,4,5,
        0,2,2,0,2,2,
        0,3,0,3,0,0,
        0,4,2,0,4,2,
        0,5,2,0,2,5]),
    function(v(_,_), [
        0,1,2,3,4,5,
        1,1,1,1,1,1,
        2,1,2,1,4,5,
        3,1,1,3,1,1,
        4,1,4,1,4,1,
        5,1,5,1,1,5]),
    function(i(_,_), [
        1,1,1,1,1,1,
        0,1,2,3,4,5,
        0,1,1,3,1,1,
        2,1,2,1,4,5,
        0,1,5,3,1,5,
        0,1,4,3,4,1])]).
interpretation( 6, [number = 352,seconds = 0], [
    function(^(_,_), [
        0,0,0,0,0,0,
        0,1,2,3,4,5,
        0,2,2,0,4,5,
        0,3,0,3,0,0,
        0,4,4,0,4,0,
        0,5,5,0,0,5]),
    function(v(_,_), [
        0,1,2,3,4,5,
        1,1,1,1,1,1,
        2,1,2,1,2,2,
        3,1,1,3,1,1,
        4,1,2,1,4,2,
        5,1,2,1,2,5]),
    function(i(_,_), [
        1,1,1,1,1,1,
        0,1,2,3,4,5,
        0,1,1,3,4,5,
        2,1,2,1,2,2,
        0,1,1,3,1,5,
        0,1,1,3,4,1])]).
interpretation( 6, [number = 354,seconds = 0], [
    function(^(_,_), [
        0,0,0,0,0,0,
        0,1,2,3,4,5,
        0,2,2,0,4,5,
        0,3,0,3,0,0,
        0,4,4,0,4,4,
        0,5,5,0,4,5]),
    function(v(_,_), [
        0,1,2,3,4,5,
        1,1,1,1,1,1,
        2,1,2,1,2,2,
        3,1,1,3,1,1,
        4,1,2,1,4,5,
        5,1,2,1,5,5]),
    function(i(_,_), [
        1,1,1,1,1,1,
        0,1,2,3,4,5,
        0,1,1,3,4,5,
        2,1,2,1,2,2,
        0,1,1,3,1,1,
        0,1,1,3,4,1])]).
interpretation( 6, [number = 356,seconds = 0], [
    function(^(_,_), [
        0,0,0,0,0,0,
        0,1,2,3,4,5,
        0,2,2,0,4,5,
        0,3,0,3,0,0,
        0,4,4,0,4,5,
        0,5,5,0,5,5]),
    function(v(_,_), [
        0,1,2,3,4,5,
        1,1,1,1,1,1,
        2,1,2,1,2,2,
        3,1,1,3,1,1,
        4,1,2,1,4,4,
        5,1,2,1,4,5]),
    function(i(_,_), [
        1,1,1,1,1,1,
        0,1,2,3,4,5,
        0,1,1,3,4,5,
        2,1,2,1,2,2,
        0,1,1,3,1,5,
        3,1,1,3,1,1])]).
interpretation( 6, [number = 367,seconds = 0], [
    function(^(_,_), [
        0,0,0,0,0,0,
        0,1,2,3,4,5,
        0,2,2,0,4,4,
        0,3,0,3,0,3,
        0,4,4,0,4,4,
        0,5,4,3,4,5]),
    function(v(_,_), [
        0,1,2,3,4,5,
        1,1,1,1,1,1,
        2,1,2,1,2,1,
        3,1,1,3,5,5,
        4,1,2,5,4,5,
        5,1,1,5,5,5]),
    function(i(_,_), [
        1,1,1,1,1,1,
        0,1,2,3,4,5,
        0,1,1,3,4,5,
        2,1,2,1,2,1,
        0,1,1,3,1,1,
        0,1,2,3,2,1])]).
interpretation( 6, [number = 368,seconds = 0], [
    function(^(_,_), [
        0,0,0,0,0,0,
        0,1,2,3,4,5,
        0,2,2,0,4,4,
        0,3,0,3,0,3,
        0,4,4,0,4,4,
        0,5,4,3,4,5]),
    function(v(_,_), [
        0,1,2,3,4,5,
        1,1,1,1,1,1,
        2,1,2,1,2,1,
        3,1,1,3,5,5,
        4,1,2,5,4,5,
        5,1,1,5,5,5]),
    function(i(_,_), [
        1,1,1,1,1,1,
        0,1,2,3,4,5,
        0,1,1,3,4,5,
        2,1,2,1,2,1,
        3,1,1,3,1,1,
        0,1,2,3,2,1])]).
interpretation( 6, [number = 369,seconds = 0], [
    function(^(_,_), [
        0,0,0,0,0,0,
        0,1,2,3,4,5,
        0,2,2,0,4,4,
        0,3,0,3,0,3,
        0,4,4,0,4,4,
        0,5,4,3,4,5]),
    function(v(_,_), [
        0,1,2,3,4,5,
        1,1,1,1,1,1,
        2,1,2,1,2,1,
        3,1,1,3,5,5,
        4,1,2,5,4,5,
        5,1,1,5,5,5]),
    function(i(_,_), [
        1,1,1,1,1,1,
        0,1,2,3,4,5,
        0,1,1,3,4,5,
        2,1,2,1,2,1,
        0,1,1,3,1,1,
        0,1,2,3,4,1])]).
interpretation( 6, [number = 370,seconds = 0], [
    function(^(_,_), [
        0,0,0,0,0,0,
        0,1,2,3,4,5,
        0,2,2,0,4,4,
        0,3,0,3,0,3,
        0,4,4,0,4,4,
        0,5,4,3,4,5]),
    function(v(_,_), [
        0,1,2,3,4,5,
        1,1,1,1,1,1,
        2,1,2,1,2,1,
        3,1,1,3,5,5,
        4,1,2,5,4,5,
        5,1,1,5,5,5]),
    function(i(_,_), [
        1,1,1,1,1,1,
        0,1,2,3,4,5,
        0,1,1,3,4,5,
        2,1,2,1,2,1,
        3,1,1,3,1,1,
        0,1,2,3,4,1])]).
interpretation( 6, [number = 371,seconds = 0], [
    function(^(_,_), [
        0,0,0,0,0,0,
        0,1,2,3,4,5,
        0,2,2,0,4,4,
        0,3,0,3,0,3,
        0,4,4,0,4,4,
        0,5,4,3,4,5]),
    function(v(_,_), [
        0,1,2,3,4,5,
        1,1,1,1,1,1,
        2,1,2,1,2,1,
        3,1,1,3,5,5,
        4,1,2,5,4,5,
        5,1,1,5,5,5]),
    function(i(_,_), [
        1,1,1,1,1,1,
        0,1,2,3,4,5,
        0,1,1,3,5,5,
        2,1,2,1,2,1,
        0,1,1,3,1,1,
        0,1,2,3,2,1])]).
interpretation( 6, [number = 372,seconds = 0], [
    function(^(_,_), [
        0,0,0,0,0,0,
        0,1,2,3,4,5,
        0,2,2,0,4,4,
        0,3,0,3,0,3,
        0,4,4,0,4,4,
        0,5,4,3,4,5]),
    function(v(_,_), [
        0,1,2,3,4,5,
        1,1,1,1,1,1,
        2,1,2,1,2,1,
        3,1,1,3,5,5,
        4,1,2,5,4,5,
        5,1,1,5,5,5]),
    function(i(_,_), [
        1,1,1,1,1,1,
        0,1,2,3,4,5,
        0,1,1,3,5,5,
        2,1,2,1,2,1,
        3,1,1,3,1,1,
        0,1,2,3,2,1])]).
interpretation( 6, [number = 373,seconds = 0], [
    function(^(_,_), [
        0,0,0,0,0,0,
        0,1,2,3,4,5,
        0,2,2,0,4,4,
        0,3,0,3,0,3,
        0,4,4,0,4,4,
        0,5,4,3,4,5]),
    function(v(_,_), [
        0,1,2,3,4,5,
        1,1,1,1,1,1,
        2,1,2,1,2,1,
        3,1,1,3,5,5,
        4,1,2,5,4,5,
        5,1,1,5,5,5]),
    function(i(_,_), [
        1,1,1,1,1,1,
        0,1,2,3,4,5,
        0,1,1,3,5,5,
        2,1,2,1,2,1,
        0,1,1,3,1,1,
        0,1,2,3,4,1])]).
interpretation( 6, [number = 374,seconds = 0], [
    function(^(_,_), [
        0,0,0,0,0,0,
        0,1,2,3,4,5,
        0,2,2,0,4,4,
        0,3,0,3,0,3,
        0,4,4,0,4,4,
        0,5,4,3,4,5]),
    function(v(_,_), [
        0,1,2,3,4,5,
        1,1,1,1,1,1,
        2,1,2,1,2,1,
        3,1,1,3,5,5,
        4,1,2,5,4,5,
        5,1,1,5,5,5]),
    function(i(_,_), [
        1,1,1,1,1,1,
        0,1,2,3,4,5,
        0,1,1,3,5,5,
        2,1,2,1,2,1,
        3,1,1,3,1,1,
        0,1,2,3,4,1])]).
interpretation( 6, [number = 392,seconds = 0], [
    function(^(_,_), [
        0,0,0,0,0,0,
        0,1,2,3,4,5,
        0,2,2,0,4,2,
        0,3,0,3,0,0,
        0,4,4,0,4,4,
        0,5,2,0,4,5]),
    function(v(_,_), [
        0,1,2,3,4,5,
        1,1,1,1,1,1,
        2,1,2,1,2,5,
        3,1,1,3,1,1,
        4,1,2,1,4,5,
        5,1,5,1,5,5]),
    function(i(_,_), [
        1,1,1,1,1,1,
        0,1,2,3,4,5,
        0,1,1,3,4,1,
        4,1,2,1,4,5,
        3,1,1,3,1,1,
        0,1,2,3,4,1])]).
interpretation( 6, [number = 393,seconds = 0], [
    function(^(_,_), [
        0,0,0,0,0,0,
        0,1,2,3,4,5,
        0,2,2,0,4,4,
        0,3,0,3,0,0,
        0,4,4,0,4,4,
        0,5,4,0,4,5]),
    function(v(_,_), [
        0,1,2,3,4,5,
        1,1,1,1,1,1,
        2,1,2,1,2,1,
        3,1,1,3,1,1,
        4,1,2,1,4,5,
        5,1,1,1,5,5]),
    function(i(_,_), [
        1,1,1,1,1,1,
        0,1,2,3,4,5,
        0,1,1,3,4,5,
        4,1,2,1,4,5,
        3,1,1,3,1,1,
        0,1,2,3,2,1])]).
interpretation( 6, [number = 394,seconds = 0], [
    function(^(_,_), [
        0,0,0,0,0,0,
        0,1,2,3,4,5,
        0,2,2,0,4,4,
        0,3,0,3,0,0,
        0,4,4,0,4,4,
        0,5,4,0,4,5]),
    function(v(_,_), [
        0,1,2,3,4,5,
        1,1,1,1,1,1,
        2,1,2,1,2,1,
        3,1,1,3,1,1,
        4,1,2,1,4,5,
        5,1,1,1,5,5]),
    function(i(_,_), [
        1,1,1,1,1,1,
        0,1,2,3,4,5,
        0,1,1,3,4,5,
        4,1,2,1,4,5,
        3,1,1,3,1,1,
        0,1,2,3,4,1])]).
interpretation( 6, [number = 395,seconds = 0], [
    function(^(_,_), [
        0,0,0,0,0,0,
        0,1,2,3,4,5,
        0,2,2,0,4,5,
        0,3,0,3,0,0,
        0,4,4,0,4,4,
        0,5,5,0,4,5]),
    function(v(_,_), [
        0,1,2,3,4,5,
        1,1,1,1,1,1,
        2,1,2,1,2,2,
        3,1,1,3,1,1,
        4,1,2,1,4,5,
        5,1,2,1,5,5]),
    function(i(_,_), [
        1,1,1,1,1,1,
        0,1,2,3,4,5,
        0,1,1,3,4,5,
        4,1,2,1,4,2,
        3,1,1,3,1,1,
        0,1,1,3,4,1])]).
interpretation( 6, [number = 399,seconds = 0], [
    function(^(_,_), [
        0,0,0,0,0,0,
        0,1,2,3,4,5,
        0,2,2,0,4,4,
        0,3,0,3,0,0,
        0,4,4,0,4,4,
        0,5,4,0,4,5]),
    function(v(_,_), [
        0,1,2,3,4,5,
        1,1,1,1,1,1,
        2,1,2,1,2,1,
        3,1,1,3,1,1,
        4,1,2,1,4,5,
        5,1,1,1,5,5]),
    function(i(_,_), [
        1,1,1,1,1,1,
        0,1,2,3,4,5,
        0,1,1,3,5,5,
        4,1,2,1,4,5,
        3,1,1,3,1,1,
        0,1,2,3,2,1])]).
interpretation( 6, [number = 404,seconds = 0], [
    function(^(_,_), [
        0,0,0,0,0,0,
        0,1,2,3,4,5,
        0,2,2,0,4,4,
        0,3,0,3,0,3,
        0,4,4,0,4,4,
        0,5,4,3,4,5]),
    function(v(_,_), [
        0,1,2,3,4,5,
        1,1,1,1,1,1,
        2,1,2,1,2,1,
        3,1,1,3,5,5,
        4,1,2,5,4,5,
        5,1,1,5,5,5]),
    function(i(_,_), [
        1,1,1,1,1,1,
        0,1,2,3,4,5,
        0,1,1,3,4,5,
        4,1,2,1,4,1,
        0,1,1,3,1,1,
        0,1,2,3,4,1])]).
interpretation( 6, [number = 405,seconds = 0], [
    function(^(_,_), [
        0,0,0,0,0,0,
        0,1,2,3,4,5,
        0,2,2,0,4,4,
        0,3,0,3,0,3,
        0,4,4,0,4,4,
        0,5,4,3,4,5]),
    function(v(_,_), [
        0,1,2,3,4,5,
        1,1,1,1,1,1,
        2,1,2,1,2,1,
        3,1,1,3,5,5,
        4,1,2,5,4,5,
        5,1,1,5,5,5]),
    function(i(_,_), [
        1,1,1,1,1,1,
        0,1,2,3,4,5,
        0,1,1,3,4,5,
        4,1,2,1,4,1,
        3,1,1,3,1,1,
        0,1,2,3,4,1])]).
interpretation( 6, [number = 406,seconds = 0], [
    function(^(_,_), [
        0,0,0,0,0,0,
        0,1,2,3,4,5,
        0,2,2,0,4,4,
        0,3,0,3,0,3,
        0,4,4,0,4,4,
        0,5,4,3,4,5]),
    function(v(_,_), [
        0,1,2,3,4,5,
        1,1,1,1,1,1,
        2,1,2,1,2,1,
        3,1,1,3,5,5,
        4,1,2,5,4,5,
        5,1,1,5,5,5]),
    function(i(_,_), [
        1,1,1,1,1,1,
        0,1,2,3,4,5,
        0,1,1,3,5,5,
        4,1,2,1,4,1,
        0,1,1,3,1,1,
        0,1,2,3,4,1])]).
interpretation( 6, [number = 407,seconds = 0], [
    function(^(_,_), [
        0,0,0,0,0,0,
        0,1,2,3,4,5,
        0,2,2,0,4,4,
        0,3,0,3,0,3,
        0,4,4,0,4,4,
        0,5,4,3,4,5]),
    function(v(_,_), [
        0,1,2,3,4,5,
        1,1,1,1,1,1,
        2,1,2,1,2,1,
        3,1,1,3,5,5,
        4,1,2,5,4,5,
        5,1,1,5,5,5]),
    function(i(_,_), [
        1,1,1,1,1,1,
        0,1,2,3,4,5,
        0,1,1,3,5,5,
        4,1,2,1,4,1,
        3,1,1,3,1,1,
        0,1,2,3,4,1])]).
interpretation( 6, [number = 408,seconds = 0], [
    function(^(_,_), [
        0,0,0,0,0,0,
        0,1,2,3,4,5,
        0,2,2,0,2,0,
        0,3,0,3,3,0,
        0,4,2,3,4,5,
        0,5,0,0,5,5]),
    function(v(_,_), [
        0,1,2,3,4,5,
        1,1,1,1,1,1,
        2,1,2,4,4,4,
        3,1,4,3,4,4,
        4,1,4,4,4,4,
        5,1,4,4,4,5]),
    function(i(_,_), [
        1,1,1,1,1,1,
        0,1,2,3,4,5,
        0,1,1,3,1,5,
        0,1,2,1,1,5,
        0,1,2,3,1,5,
        0,1,2,3,1,1])]).
interpretation( 6, [number = 409,seconds = 0], [
    function(^(_,_), [
        0,0,0,0,0,0,
        0,1,2,3,4,5,
        0,2,2,0,2,0,
        0,3,0,3,3,3,
        0,4,2,3,4,5,
        0,5,0,3,5,5]),
    function(v(_,_), [
        0,1,2,3,4,5,
        1,1,1,1,1,1,
        2,1,2,4,4,4,
        3,1,4,3,4,5,
        4,1,4,4,4,4,
        5,1,4,5,4,5]),
    function(i(_,_), [
        1,1,1,1,1,1,
        0,1,2,3,4,5,
        0,1,1,3,1,5,
        0,1,2,1,1,1,
        0,1,2,3,1,5,
        0,1,2,3,1,1])]).
interpretation( 6, [number = 410,seconds = 0], [
    function(^(_,_), [
        0,0,0,0,0,0,
        0,1,2,3,4,5,
        0,2,2,0,2,0,
        0,3,0,3,3,5,
        0,4,2,3,4,5,
        0,5,0,5,5,5]),
    function(v(_,_), [
        0,1,2,3,4,5,
        1,1,1,1,1,1,
        2,1,2,4,4,4,
        3,1,4,3,4,3,
        4,1,4,4,4,4,
        5,1,4,3,4,5]),
    function(i(_,_), [
        1,1,1,1,1,1,
        0,1,2,3,4,5,
        0,1,1,3,1,3,
        0,1,2,1,1,5,
        0,1,2,3,1,5,
        0,1,2,1,1,1])]).
interpretation( 6, [number = 411,seconds = 0], [
    function(^(_,_), [
        0,0,0,0,0,0,
        0,1,2,3,4,5,
        0,2,2,0,2,0,
        0,3,0,3,3,5,
        0,4,2,3,4,5,
        0,5,0,5,5,5]),
    function(v(_,_), [
        0,1,2,3,4,5,
        1,1,1,1,1,1,
        2,1,2,4,4,4,
        3,1,4,3,4,3,
        4,1,4,4,4,4,
        5,1,4,3,4,5]),
    function(i(_,_), [
        1,1,1,1,1,1,
        0,1,2,3,4,5,
        0,1,1,3,1,3,
        0,1,2,1,1,5,
        0,1,2,3,1,5,
        2,1,2,1,1,1])]).
interpretation( 6, [number = 413,seconds = 0], [
    function(^(_,_), [
        0,0,0,0,0,0,
        0,1,2,3,4,5,
        0,2,2,0,2,0,
        0,3,0,3,3,5,
        0,4,2,3,4,5,
        0,5,0,5,5,5]),
    function(v(_,_), [
        0,1,2,3,4,5,
        1,1,1,1,1,1,
        2,1,2,4,4,4,
        3,1,4,3,4,3,
        4,1,4,4,4,4,
        5,1,4,3,4,5]),
    function(i(_,_), [
        1,1,1,1,1,1,
        0,1,2,3,4,5,
        0,1,1,3,1,5,
        0,1,2,1,1,5,
        0,1,2,3,1,5,
        2,1,2,1,1,1])]).
interpretation( 6, [number = 426,seconds = 0], [
    function(^(_,_), [
        0,0,0,0,0,0,
        0,1,2,3,4,5,
        0,2,2,0,2,2,
        0,3,0,3,3,3,
        0,4,2,3,4,4,
        0,5,2,3,4,5]),
    function(v(_,_), [
        0,1,2,3,4,5,
        1,1,1,1,1,1,
        2,1,2,4,4,5,
        3,1,4,3,4,5,
        4,1,4,4,4,5,
        5,1,5,5,5,5]),
    function(i(_,_), [
        1,1,1,1,1,1,
        0,1,2,3,4,5,
        0,1,1,3,1,1,
        0,1,2,1,1,1,
        0,1,2,3,1,1,
        0,1,2,3,4,1])]).
interpretation( 6, [number = 437,seconds = 0], [
    function(^(_,_), [
        0,0,0,0,0,0,
        0,1,2,3,4,5,
        0,2,2,0,2,2,
        0,3,0,3,3,0,
        0,4,2,3,4,5,
        0,5,2,0,5,5]),
    function(v(_,_), [
        0,1,2,3,4,5,
        1,1,1,1,1,1,
        2,1,2,4,4,5,
        3,1,4,3,4,4,
        4,1,4,4,4,4,
        5,1,5,4,4,5]),
    function(i(_,_), [
        1,1,1,1,1,1,
        0,1,2,3,4,5,
        0,1,1,3,1,1,
        2,1,2,1,1,5,
        0,1,2,3,1,5,
        0,1,2,3,1,1])]).
interpretation( 6, [number = 438,seconds = 0], [
    function(^(_,_), [
        0,0,0,0,0,0,
        0,1,2,3,4,5,
        0,2,2,0,2,2,
        0,3,0,3,3,3,
        0,4,2,3,4,4,
        0,5,2,3,4,5]),
    function(v(_,_), [
        0,1,2,3,4,5,
        1,1,1,1,1,1,
        2,1,2,4,4,5,
        3,1,4,3,4,5,
        4,1,4,4,4,5,
        5,1,5,5,5,5]),
    function(i(_,_), [
        1,1,1,1,1,1,
        0,1,2,3,4,5,
        0,1,1,3,1,1,
        2,1,2,1,1,1,
        0,1,2,3,1,1,
        0,1,2,3,4,1])]).
interpretation( 6, [number = 439,seconds = 0], [
    function(^(_,_), [
        0,0,0,0,0,0,
        0,1,2,3,4,5,
        0,2,2,0,2,5,
        0,3,0,3,3,0,
        0,4,2,3,4,5,
        0,5,5,0,5,5]),
    function(v(_,_), [
        0,1,2,3,4,5,
        1,1,1,1,1,1,
        2,1,2,4,4,2,
        3,1,4,3,4,4,
        4,1,4,4,4,4,
        5,1,2,4,4,5]),
    function(i(_,_), [
        1,1,1,1,1,1,
        0,1,2,3,4,5,
        0,1,1,3,1,5,
        2,1,2,1,1,2,
        0,1,2,3,1,5,
        0,1,1,3,1,1])]).
interpretation( 6, [number = 440,seconds = 0], [
    function(^(_,_), [
        0,0,0,0,0,0,
        0,1,2,3,4,5,
        0,2,2,0,2,5,
        0,3,0,3,3,0,
        0,4,2,3,4,5,
        0,5,5,0,5,5]),
    function(v(_,_), [
        0,1,2,3,4,5,
        1,1,1,1,1,1,
        2,1,2,4,4,2,
        3,1,4,3,4,4,
        4,1,4,4,4,4,
        5,1,2,4,4,5]),
    function(i(_,_), [
        1,1,1,1,1,1,
        0,1,2,3,4,5,
        0,1,1,3,1,5,
        2,1,2,1,1,2,
        0,1,2,3,1,5,
        3,1,1,3,1,1])]).
interpretation( 6, [number = 442,seconds = 0], [
    function(^(_,_), [
        0,0,0,0,0,0,
        0,1,2,3,4,5,
        0,2,2,0,2,5,
        0,3,0,3,3,0,
        0,4,2,3,4,5,
        0,5,5,0,5,5]),
    function(v(_,_), [
        0,1,2,3,4,5,
        1,1,1,1,1,1,
        2,1,2,4,4,2,
        3,1,4,3,4,4,
        4,1,4,4,4,4,
        5,1,2,4,4,5]),
    function(i(_,_), [
        1,1,1,1,1,1,
        0,1,2,3,4,5,
        0,1,1,3,1,5,
        5,1,2,1,1,5,
        0,1,2,3,1,5,
        3,1,1,3,1,1])]).
interpretation( 6, [number = 702,seconds = 0], [
    function(^(_,_), [
        0,0,0,0,0,0,
        0,1,2,3,4,5,
        0,2,2,2,2,2,
        0,3,2,3,2,2,
        0,4,2,2,4,2,
        0,5,2,2,2,5]),
    function(v(_,_), [
        0,1,2,3,4,5,
        1,1,1,1,1,1,
        2,1,2,3,4,5,
        3,1,3,3,1,1,
        4,1,4,1,4,1,
        5,1,5,1,1,5]),
    function(i(_,_), [
        1,1,1,1,1,1,
        0,1,2,3,4,5,
        0,1,1,1,1,1,
        0,1,2,1,4,5,
        0,1,2,3,1,5,
        0,1,2,3,4,1])]).
interpretation( 6, [number = 703,seconds = 0], [
    function(^(_,_), [
        0,0,0,0,0,0,
        0,1,2,3,4,5,
        0,2,2,2,2,2,
        0,3,2,3,2,2,
        0,4,2,2,4,4,
        0,5,2,2,4,5]),
    function(v(_,_), [
        0,1,2,3,4,5,
        1,1,1,1,1,1,
        2,1,2,3,4,5,
        3,1,3,3,1,1,
        4,1,4,1,4,5,
        5,1,5,1,5,5]),
    function(i(_,_), [
        1,1,1,1,1,1,
        0,1,2,3,4,5,
        0,1,1,1,1,1,
        0,1,2,1,4,5,
        0,1,2,3,1,1,
        0,1,2,3,4,1])]).
interpretation( 6, [number = 704,seconds = 0], [
    function(^(_,_), [
        0,0,0,0,0,0,
        0,1,2,3,4,5,
        0,2,2,2,2,2,
        0,3,2,3,2,2,
        0,4,2,2,4,5,
        0,5,2,2,5,5]),
    function(v(_,_), [
        0,1,2,3,4,5,
        1,1,1,1,1,1,
        2,1,2,3,4,5,
        3,1,3,3,1,1,
        4,1,4,1,4,4,
        5,1,5,1,4,5]),
    function(i(_,_), [
        1,1,1,1,1,1,
        0,1,2,3,4,5,
        0,1,1,1,1,1,
        0,1,2,1,4,4,
        0,1,2,3,1,5,
        0,1,2,3,1,1])]).
interpretation( 6, [number = 705,seconds = 0], [
    function(^(_,_), [
        0,0,0,0,0,0,
        0,1,2,3,4,5,
        0,2,2,2,2,2,
        0,3,2,3,2,2,
        0,4,2,2,4,5,
        0,5,2,2,5,5]),
    function(v(_,_), [
        0,1,2,3,4,5,
        1,1,1,1,1,1,
        2,1,2,3,4,5,
        3,1,3,3,1,1,
        4,1,4,1,4,4,
        5,1,5,1,4,5]),
    function(i(_,_), [
        1,1,1,1,1,1,
        0,1,2,3,4,5,
        0,1,1,1,1,1,
        0,1,2,1,4,4,
        0,1,2,3,1,5,
        0,1,3,3,1,1])]).
interpretation( 6, [number = 707,seconds = 0], [
    function(^(_,_), [
        0,0,0,0,0,0,
        0,1,2,3,4,5,
        0,2,2,2,2,2,
        0,3,2,3,2,2,
        0,4,2,2,4,5,
        0,5,2,2,5,5]),
    function(v(_,_), [
        0,1,2,3,4,5,
        1,1,1,1,1,1,
        2,1,2,3,4,5,
        3,1,3,3,1,1,
        4,1,4,1,4,4,
        5,1,5,1,4,5]),
    function(i(_,_), [
        1,1,1,1,1,1,
        0,1,2,3,4,5,
        0,1,1,1,1,1,
        0,1,2,1,4,5,
        0,1,2,3,1,5,
        0,1,3,3,1,1])]).
interpretation( 6, [number = 713,seconds = 0], [
    function(^(_,_), [
        0,0,0,0,0,0,
        0,1,2,3,4,5,
        0,2,2,2,2,5,
        0,3,2,3,2,5,
        0,4,2,2,4,5,
        0,5,5,5,5,5]),
    function(v(_,_), [
        0,1,2,3,4,5,
        1,1,1,1,1,1,
        2,1,2,3,4,2,
        3,1,3,3,1,3,
        4,1,4,1,4,4,
        5,1,2,3,4,5]),
    function(i(_,_), [
        1,1,1,1,1,1,
        0,1,2,3,4,5,
        0,1,1,1,1,5,
        0,1,2,1,4,5,
        0,1,2,3,1,5,
        0,1,1,1,1,1])]).
interpretation( 6, [number = 723,seconds = 0], [
    function(^(_,_), [
        0,0,0,0,0,0,
        0,1,2,3,4,5,
        0,2,2,2,2,2,
        0,3,2,3,2,3,
        0,4,2,2,4,2,
        0,5,2,3,2,5]),
    function(v(_,_), [
        0,1,2,3,4,5,
        1,1,1,1,1,1,
        2,1,2,3,4,5,
        3,1,3,3,1,5,
        4,1,4,1,4,1,
        5,1,5,5,1,5]),
    function(i(_,_), [
        1,1,1,1,1,1,
        0,1,2,3,4,5,
        0,1,1,1,1,1,
        0,1,2,1,4,1,
        0,1,3,3,1,5,
        0,1,2,3,4,1])]).
interpretation( 6, [number = 724,seconds = 0], [
    function(^(_,_), [
        0,0,0,0,0,0,
        0,1,2,3,4,5,
        0,2,2,2,2,2,
        0,3,2,3,2,5,
        0,4,2,2,4,2,
        0,5,2,5,2,5]),
    function(v(_,_), [
        0,1,2,3,4,5,
        1,1,1,1,1,1,
        2,1,2,3,4,5,
        3,1,3,3,1,3,
        4,1,4,1,4,1,
        5,1,5,3,1,5]),
    function(i(_,_), [
        1,1,1,1,1,1,
        0,1,2,3,4,5,
        0,1,1,1,1,1,
        0,1,2,1,4,5,
        0,1,3,3,1,3,
        0,1,2,1,4,1])]).
interpretation( 6, [number = 725,seconds = 0], [
    function(^(_,_), [
        0,0,0,0,0,0,
        0,1,2,3,4,5,
        0,2,2,2,2,2,
        0,3,2,3,2,5,
        0,4,2,2,4,2,
        0,5,2,5,2,5]),
    function(v(_,_), [
        0,1,2,3,4,5,
        1,1,1,1,1,1,
        2,1,2,3,4,5,
        3,1,3,3,1,3,
        4,1,4,1,4,1,
        5,1,5,3,1,5]),
    function(i(_,_), [
        1,1,1,1,1,1,
        0,1,2,3,4,5,
        0,1,1,1,1,1,
        0,1,2,1,4,5,
        0,1,3,3,1,3,
        0,1,4,1,4,1])]).
interpretation( 6, [number = 726,seconds = 0], [
    function(^(_,_), [
        0,0,0,0,0,0,
        0,1,2,3,4,5,
        0,2,2,2,2,5,
        0,3,2,3,2,5,
        0,4,2,2,4,5,
        0,5,5,5,5,5]),
    function(v(_,_), [
        0,1,2,3,4,5,
        1,1,1,1,1,1,
        2,1,2,3,4,2,
        3,1,3,3,1,3,
        4,1,4,1,4,4,
        5,1,2,3,4,5]),
    function(i(_,_), [
        1,1,1,1,1,1,
        0,1,2,3,4,5,
        0,1,1,1,1,5,
        0,1,2,1,4,5,
        0,1,3,3,1,5,
        0,1,1,1,1,1])]).
interpretation( 6, [number = 728,seconds = 0], [
    function(^(_,_), [
        0,0,0,0,0,0,
        0,1,2,3,4,5,
        0,2,2,2,2,2,
        0,3,2,3,2,5,
        0,4,2,2,4,2,
        0,5,2,5,2,5]),
    function(v(_,_), [
        0,1,2,3,4,5,
        1,1,1,1,1,1,
        2,1,2,3,4,5,
        3,1,3,3,1,3,
        4,1,4,1,4,1,
        5,1,5,3,1,5]),
    function(i(_,_), [
        1,1,1,1,1,1,
        0,1,2,3,4,5,
        0,1,1,1,1,1,
        0,1,2,1,4,5,
        0,1,5,3,1,5,
        0,1,4,1,4,1])]).
interpretation( 6, [number = 729,seconds = 0], [
    function(^(_,_), [
        0,0,0,0,0,0,
        0,1,2,3,4,5,
        0,2,2,2,2,2,
        0,3,2,3,2,3,
        0,4,2,2,4,4,
        0,5,2,3,4,5]),
    function(v(_,_), [
        0,1,2,3,4,5,
        1,1,1,1,1,1,
        2,1,2,3,4,5,
        3,1,3,3,5,5,
        4,1,4,5,4,5,
        5,1,5,5,5,5]),
    function(i(_,_), [
        1,1,1,1,1,1,
        0,1,2,3,4,5,
        0,1,1,1,1,1,
        0,1,2,1,4,1,
        0,1,2,3,1,1,
        0,1,2,3,4,1])]).
interpretation( 6, [number = 730,seconds = 0], [
    function(^(_,_), [
        0,0,0,0,0,0,
        0,1,2,3,4,5,
        0,2,2,2,2,2,
        0,3,2,3,2,3,
        0,4,2,2,4,4,
        0,5,2,3,4,5]),
    function(v(_,_), [
        0,1,2,3,4,5,
        1,1,1,1,1,1,
        2,1,2,3,4,5,
        3,1,3,3,5,5,
        4,1,4,5,4,5,
        5,1,5,5,5,5]),
    function(i(_,_), [
        1,1,1,1,1,1,
        0,1,2,3,4,5,
        0,1,1,1,1,1,
        0,1,2,1,4,1,
        0,1,3,3,1,1,
        0,1,2,3,4,1])]).
interpretation( 6, [number = 757,seconds = 0], [
    function(^(_,_), [
        0,0,0,0,0,0,
        0,1,2,3,4,5,
        0,2,2,2,2,2,
        0,3,2,3,3,3,
        0,4,2,3,4,4,
        0,5,2,3,4,5]),
    function(v(_,_), [
        0,1,2,3,4,5,
        1,1,1,1,1,1,
        2,1,2,3,4,5,
        3,1,3,3,4,5,
        4,1,4,4,4,5,
        5,1,5,5,5,5]),
    function(i(_,_), [
        1,1,1,1,1,1,
        0,1,2,3,4,5,
        0,1,1,1,1,1,
        0,1,2,1,1,1,
        0,1,2,3,1,1,
        0,1,2,3,4,1])]).
interpretation( 6, [number = 762,seconds = 0], [
    function(^(_,_), [
        0,0,0,0,0,0,
        0,1,2,3,4,5,
        0,2,2,2,2,2,
        0,3,2,3,3,3,
        0,4,2,3,4,3,
        0,5,2,3,3,5]),
    function(v(_,_), [
        0,1,2,3,4,5,
        1,1,1,1,1,1,
        2,1,2,3,4,5,
        3,1,3,3,4,5,
        4,1,4,4,4,1,
        5,1,5,5,1,5]),
    function(i(_,_), [
        1,1,1,1,1,1,
        0,1,2,3,4,5,
        0,1,1,1,1,1,
        0,1,2,1,1,1,
        0,1,2,5,1,5,
        0,1,2,4,4,1])]).
interpretation( 6, [number = 794,seconds = 0], [
    function(^(_,_), [
        0,0,0,0,0,0,
        0,1,2,3,4,5,
        0,2,2,2,2,2,
        0,3,2,3,4,5,
        0,4,2,4,4,2,
        0,5,2,5,2,5]),
    function(v(_,_), [
        0,1,2,3,4,5,
        1,1,1,1,1,1,
        2,1,2,3,4,5,
        3,1,3,3,3,3,
        4,1,4,3,4,3,
        5,1,5,3,3,5]),
    function(i(_,_), [
        1,1,1,1,1,1,
        0,1,2,3,4,5,
        0,1,1,1,1,1,
        0,1,2,1,4,5,
        0,1,5,1,1,5,
        0,1,4,1,4,1])]).
interpretation( 6, [number = 840,seconds = 0], [
    function(^(_,_), [
        0,0,0,0,0,0,
        0,1,2,3,4,5,
        0,2,2,2,4,5,
        0,3,2,3,4,5,
        0,4,4,4,4,0,
        0,5,5,5,0,5]),
    function(v(_,_), [
        0,1,2,3,4,5,
        1,1,1,1,1,1,
        2,1,2,3,2,2,
        3,1,3,3,3,3,
        4,1,2,3,4,2,
        5,1,2,3,2,5]),
    function(i(_,_), [
        1,1,1,1,1,1,
        0,1,2,3,4,5,
        0,1,1,1,4,5,
        0,1,2,1,4,5,
        5,1,1,1,1,5,
        4,1,1,1,4,1])]).
interpretation( 6, [number = 1275,seconds = 0], [
    function(^(_,_), [
        0,0,0,0,0,0,
        0,1,2,3,4,5,
        0,2,2,3,4,4,
        0,3,3,3,0,0,
        0,4,4,0,4,4,
        0,5,4,0,4,5]),
    function(v(_,_), [
        0,1,2,3,4,5,
        1,1,1,1,1,1,
        2,1,2,2,2,1,
        3,1,2,3,2,1,
        4,1,2,2,4,5,
        5,1,1,1,5,5]),
    function(i(_,_), [
        1,1,1,1,1,1,
        0,1,2,3,4,5,
        0,1,1,3,4,5,
        4,1,1,1,4,5,
        3,1,1,3,1,1,
        3,1,2,3,2,1])]).
interpretation( 6, [number = 1285,seconds = 0], [
    function(^(_,_), [
        0,0,0,0,0,0,
        0,1,2,3,4,5,
        0,2,2,3,4,3,
        0,3,3,3,0,3,
        0,4,4,0,4,0,
        0,5,3,3,0,5]),
    function(v(_,_), [
        0,1,2,3,4,5,
        1,1,1,1,1,1,
        2,1,2,2,2,1,
        3,1,2,3,2,5,
        4,1,2,2,4,1,
        5,1,1,5,1,5]),
    function(i(_,_), [
        1,1,1,1,1,1,
        0,1,2,3,4,5,
        0,1,1,3,4,5,
        4,1,1,1,4,1,
        5,1,1,5,1,5,
        4,1,2,2,4,1])]).
interpretation( 6, [number = 1294,seconds = 0], [
    function(^(_,_), [
        0,0,0,0,0,0,
        0,1,2,3,4,5,
        0,2,2,3,5,5,
        0,3,3,3,0,0,
        0,4,5,0,4,5,
        0,5,5,0,5,5]),
    function(v(_,_), [
        0,1,2,3,4,5,
        1,1,1,1,1,1,
        2,1,2,2,1,2,
        3,1,2,3,1,2,
        4,1,1,1,4,4,
        5,1,2,2,4,5]),
    function(i(_,_), [
        1,1,1,1,1,1,
        0,1,2,3,4,5,
        0,1,1,3,4,4,
        4,1,1,1,4,4,
        3,1,2,3,1,2,
        3,1,1,3,1,1])]).
% isofilter: input=1593, kept=116, checks=2495, perms=3408, 0.16 seconds.
