interpretation( 4, [number = 1,seconds = 0], [
    function(^(_,_), [
        0,0,0,0,
        0,1,2,3,
        0,2,2,0,
        0,3,0,3]),
    function(v(_,_), [
        0,1,2,3,
        1,1,1,1,
        2,1,2,1,
        3,1,1,3]),
    function(i(_,_), [
        0,1,1,1,
        0,1,2,3,
        0,1,1,1,
        0,1,1,1])]).
interpretation( 4, [number = 2,seconds = 0], [
    function(^(_,_), [
        0,0,0,0,
        0,1,2,3,
        0,2,2,0,
        0,3,0,3]),
    function(v(_,_), [
        0,1,2,3,
        1,1,1,1,
        2,1,2,1,
        3,1,1,3]),
    function(i(_,_), [
        0,1,1,1,
        0,1,2,3,
        0,1,1,1,
        0,1,1,3])]).
interpretation( 4, [number = 3,seconds = 0], [
    function(^(_,_), [
        0,0,0,0,
        0,1,2,3,
        0,2,2,0,
        0,3,0,3]),
    function(v(_,_), [
        0,1,2,3,
        1,1,1,1,
        2,1,2,1,
        3,1,1,3]),
    function(i(_,_), [
        0,1,1,1,
        0,1,2,3,
        0,1,1,1,
        0,1,2,1])]).
interpretation( 4, [number = 4,seconds = 0], [
    function(^(_,_), [
        0,0,0,0,
        0,1,2,3,
        0,2,2,0,
        0,3,0,3]),
    function(v(_,_), [
        0,1,2,3,
        1,1,1,1,
        2,1,2,1,
        3,1,1,3]),
    function(i(_,_), [
        0,1,1,1,
        0,1,2,3,
        0,1,1,1,
        0,1,2,3])]).
interpretation( 4, [number = 6,seconds = 0], [
    function(^(_,_), [
        0,0,0,0,
        0,1,2,3,
        0,2,2,0,
        0,3,0,3]),
    function(v(_,_), [
        0,1,2,3,
        1,1,1,1,
        2,1,2,1,
        3,1,1,3]),
    function(i(_,_), [
        0,1,1,1,
        0,1,2,3,
        0,1,1,3,
        0,1,1,3])]).
interpretation( 4, [number = 7,seconds = 0], [
    function(^(_,_), [
        0,0,0,0,
        0,1,2,3,
        0,2,2,0,
        0,3,0,3]),
    function(v(_,_), [
        0,1,2,3,
        1,1,1,1,
        2,1,2,1,
        3,1,1,3]),
    function(i(_,_), [
        0,1,1,1,
        0,1,2,3,
        0,1,1,3,
        0,1,2,1])]).
interpretation( 4, [number = 8,seconds = 0], [
    function(^(_,_), [
        0,0,0,0,
        0,1,2,3,
        0,2,2,0,
        0,3,0,3]),
    function(v(_,_), [
        0,1,2,3,
        1,1,1,1,
        2,1,2,1,
        3,1,1,3]),
    function(i(_,_), [
        0,1,1,1,
        0,1,2,3,
        0,1,1,3,
        0,1,2,3])]).
interpretation( 4, [number = 9,seconds = 0], [
    function(^(_,_), [
        0,0,0,0,
        0,1,2,3,
        0,2,2,0,
        0,3,0,3]),
    function(v(_,_), [
        0,1,2,3,
        1,1,1,1,
        2,1,2,1,
        3,1,1,3]),
    function(i(_,_), [
        0,1,1,3,
        0,1,2,3,
        0,1,1,3,
        0,1,1,3])]).
interpretation( 4, [number = 10,seconds = 0], [
    function(^(_,_), [
        0,0,0,0,
        0,1,2,3,
        0,2,2,0,
        0,3,0,3]),
    function(v(_,_), [
        0,1,2,3,
        1,1,1,1,
        2,1,2,1,
        3,1,1,3]),
    function(i(_,_), [
        0,1,1,3,
        0,1,2,3,
        0,1,1,3,
        0,1,2,3])]).
interpretation( 4, [number = 11,seconds = 0], [
    function(^(_,_), [
        0,0,0,0,
        0,1,2,3,
        0,2,2,2,
        0,3,2,3]),
    function(v(_,_), [
        0,1,2,3,
        1,1,1,1,
        2,1,2,3,
        3,1,3,3]),
    function(i(_,_), [
        0,1,1,1,
        0,1,2,3,
        0,1,1,1,
        0,1,1,1])]).
interpretation( 4, [number = 12,seconds = 0], [
    function(^(_,_), [
        0,0,0,0,
        0,1,2,3,
        0,2,2,2,
        0,3,2,3]),
    function(v(_,_), [
        0,1,2,3,
        1,1,1,1,
        2,1,2,3,
        3,1,3,3]),
    function(i(_,_), [
        0,1,1,1,
        0,1,2,3,
        0,1,1,1,
        0,1,2,1])]).
interpretation( 4, [number = 13,seconds = 0], [
    function(^(_,_), [
        0,0,0,0,
        0,1,2,3,
        0,2,2,2,
        0,3,2,3]),
    function(v(_,_), [
        0,1,2,3,
        1,1,1,1,
        2,1,2,3,
        3,1,3,3]),
    function(i(_,_), [
        0,1,1,1,
        0,1,2,3,
        0,1,1,1,
        0,1,2,3])]).
interpretation( 4, [number = 14,seconds = 0], [
    function(^(_,_), [
        0,0,0,0,
        0,1,2,3,
        0,2,2,2,
        0,3,2,3]),
    function(v(_,_), [
        0,1,2,3,
        1,1,1,1,
        2,1,2,3,
        3,1,3,3]),
    function(i(_,_), [
        0,1,1,1,
        0,1,2,3,
        0,1,1,1,
        0,1,3,3])]).
interpretation( 4, [number = 17,seconds = 0], [
    function(^(_,_), [
        0,0,0,0,
        0,1,2,3,
        0,2,2,3,
        0,3,3,3]),
    function(v(_,_), [
        0,1,2,3,
        1,1,1,1,
        2,1,2,2,
        3,1,2,3]),
    function(i(_,_), [
        0,1,1,1,
        0,1,2,3,
        0,1,1,3,
        0,1,1,3])]).
interpretation( 4, [number = 18,seconds = 0], [
    function(^(_,_), [
        0,0,0,0,
        0,1,2,3,
        0,2,2,3,
        0,3,3,3]),
    function(v(_,_), [
        0,1,2,3,
        1,1,1,1,
        2,1,2,2,
        3,1,2,3]),
    function(i(_,_), [
        0,1,1,3,
        0,1,2,3,
        0,1,1,3,
        0,1,1,3])]).
interpretation( 4, [number = 20,seconds = 0], [
    function(^(_,_), [
        0,0,0,0,
        0,1,2,3,
        0,2,2,0,
        0,3,0,3]),
    function(v(_,_), [
        0,1,2,3,
        1,1,1,1,
        2,1,2,1,
        3,1,1,3]),
    function(i(_,_), [
        0,1,1,1,
        0,1,2,3,
        0,1,2,1,
        0,1,1,3])]).
interpretation( 4, [number = 22,seconds = 0], [
    function(^(_,_), [
        0,0,0,0,
        0,1,2,3,
        0,2,2,0,
        0,3,0,3]),
    function(v(_,_), [
        0,1,2,3,
        1,1,1,1,
        2,1,2,1,
        3,1,1,3]),
    function(i(_,_), [
        0,1,1,1,
        0,1,2,3,
        0,1,2,1,
        0,1,2,3])]).
interpretation( 4, [number = 26,seconds = 0], [
    function(^(_,_), [
        0,0,0,0,
        0,1,2,3,
        0,2,2,0,
        0,3,0,3]),
    function(v(_,_), [
        0,1,2,3,
        1,1,1,1,
        2,1,2,1,
        3,1,1,3]),
    function(i(_,_), [
        0,1,1,1,
        0,1,2,3,
        0,1,2,3,
        0,1,2,3])]).
interpretation( 4, [number = 27,seconds = 0], [
    function(^(_,_), [
        0,0,0,0,
        0,1,2,3,
        0,2,2,0,
        0,3,0,3]),
    function(v(_,_), [
        0,1,2,3,
        1,1,1,1,
        2,1,2,1,
        3,1,1,3]),
    function(i(_,_), [
        0,1,1,3,
        0,1,2,3,
        0,1,2,3,
        0,1,1,3])]).
interpretation( 4, [number = 28,seconds = 0], [
    function(^(_,_), [
        0,0,0,0,
        0,1,2,3,
        0,2,2,0,
        0,3,0,3]),
    function(v(_,_), [
        0,1,2,3,
        1,1,1,1,
        2,1,2,1,
        3,1,1,3]),
    function(i(_,_), [
        0,1,1,3,
        0,1,2,3,
        0,1,2,3,
        0,1,2,3])]).
interpretation( 4, [number = 30,seconds = 0], [
    function(^(_,_), [
        0,0,0,0,
        0,1,2,3,
        0,2,2,2,
        0,3,2,3]),
    function(v(_,_), [
        0,1,2,3,
        1,1,1,1,
        2,1,2,3,
        3,1,3,3]),
    function(i(_,_), [
        0,1,1,1,
        0,1,2,3,
        0,1,2,1,
        0,1,2,3])]).
interpretation( 4, [number = 31,seconds = 0], [
    function(^(_,_), [
        0,0,0,0,
        0,1,2,3,
        0,2,2,2,
        0,3,2,3]),
    function(v(_,_), [
        0,1,2,3,
        1,1,1,1,
        2,1,2,3,
        3,1,3,3]),
    function(i(_,_), [
        0,1,1,1,
        0,1,2,3,
        0,1,2,3,
        0,1,2,3])]).
interpretation( 4, [number = 35,seconds = 0], [
    function(^(_,_), [
        0,0,0,0,
        0,1,2,3,
        0,2,2,3,
        0,3,3,3]),
    function(v(_,_), [
        0,1,2,3,
        1,1,1,1,
        2,1,2,2,
        3,1,2,3]),
    function(i(_,_), [
        0,1,1,3,
        0,1,2,3,
        0,1,2,3,
        0,1,1,3])]).
interpretation( 4, [number = 36,seconds = 0], [
    function(^(_,_), [
        0,0,0,0,
        0,1,2,3,
        0,2,2,3,
        0,3,3,3]),
    function(v(_,_), [
        0,1,2,3,
        1,1,1,1,
        2,1,2,2,
        3,1,2,3]),
    function(i(_,_), [
        0,1,1,1,
        0,1,2,3,
        0,1,2,2,
        0,1,2,2])]).
interpretation( 4, [number = 37,seconds = 0], [
    function(^(_,_), [
        0,0,0,0,
        0,1,2,3,
        0,2,2,3,
        0,3,3,3]),
    function(v(_,_), [
        0,1,2,3,
        1,1,1,1,
        2,1,2,2,
        3,1,2,3]),
    function(i(_,_), [
        0,1,1,1,
        0,1,2,3,
        0,1,2,3,
        0,1,2,2])]).
interpretation( 4, [number = 39,seconds = 0], [
    function(^(_,_), [
        0,0,0,0,
        0,1,2,3,
        0,2,2,3,
        0,3,3,3]),
    function(v(_,_), [
        0,1,2,3,
        1,1,1,1,
        2,1,2,2,
        3,1,2,3]),
    function(i(_,_), [
        0,1,1,3,
        0,1,2,3,
        0,1,2,3,
        0,1,2,3])]).
interpretation( 4, [number = 46,seconds = 0], [
    function(^(_,_), [
        0,0,0,0,
        0,1,2,3,
        0,2,2,0,
        0,3,0,3]),
    function(v(_,_), [
        0,1,2,3,
        1,1,1,1,
        2,1,2,1,
        3,1,1,3]),
    function(i(_,_), [
        0,1,2,3,
        0,1,2,3,
        0,1,2,3,
        0,1,2,3])]).
interpretation( 4, [number = 50,seconds = 0], [
    function(^(_,_), [
        0,0,0,0,
        0,1,2,3,
        0,2,2,2,
        0,3,2,3]),
    function(v(_,_), [
        0,1,2,3,
        1,1,1,1,
        2,1,2,3,
        3,1,3,3]),
    function(i(_,_), [
        0,1,2,3,
        0,1,2,3,
        0,1,2,3,
        0,1,2,3])]).
interpretation( 4, [number = 51,seconds = 0], [
    function(^(_,_), [
        0,0,0,0,
        0,1,2,3,
        0,2,2,3,
        0,3,3,3]),
    function(v(_,_), [
        0,1,2,3,
        1,1,1,1,
        2,1,2,2,
        3,1,2,3]),
    function(i(_,_), [
        0,1,2,2,
        0,1,2,3,
        0,1,2,2,
        0,1,2,2])]).
interpretation( 4, [number = 52,seconds = 0], [
    function(^(_,_), [
        0,0,0,0,
        0,1,2,3,
        0,2,2,3,
        0,3,3,3]),
    function(v(_,_), [
        0,1,2,3,
        1,1,1,1,
        2,1,2,2,
        3,1,2,3]),
    function(i(_,_), [
        0,1,2,2,
        0,1,2,3,
        0,1,2,3,
        0,1,2,2])]).
interpretation( 4, [number = 53,seconds = 0], [
    function(^(_,_), [
        0,0,0,0,
        0,1,2,3,
        0,2,2,3,
        0,3,3,3]),
    function(v(_,_), [
        0,1,2,3,
        1,1,1,1,
        2,1,2,2,
        3,1,2,3]),
    function(i(_,_), [
        0,1,2,2,
        0,1,2,3,
        0,1,2,3,
        0,1,2,3])]).
interpretation( 4, [number = 58,seconds = 0], [
    function(^(_,_), [
        0,0,0,0,
        0,1,2,3,
        0,2,2,0,
        0,3,0,3]),
    function(v(_,_), [
        0,1,2,3,
        1,1,1,1,
        2,1,2,1,
        3,1,1,3]),
    function(i(_,_), [
        1,1,1,1,
        0,1,2,3,
        0,1,1,1,
        0,1,1,1])]).
interpretation( 4, [number = 59,seconds = 0], [
    function(^(_,_), [
        0,0,0,0,
        0,1,2,3,
        0,2,2,0,
        0,3,0,3]),
    function(v(_,_), [
        0,1,2,3,
        1,1,1,1,
        2,1,2,1,
        3,1,1,3]),
    function(i(_,_), [
        1,1,1,1,
        0,1,2,3,
        0,1,1,1,
        1,1,1,1])]).
interpretation( 4, [number = 60,seconds = 0], [
    function(^(_,_), [
        0,0,0,0,
        0,1,2,3,
        0,2,2,0,
        0,3,0,3]),
    function(v(_,_), [
        0,1,2,3,
        1,1,1,1,
        2,1,2,1,
        3,1,1,3]),
    function(i(_,_), [
        1,1,1,1,
        0,1,2,3,
        0,1,1,1,
        0,1,1,3])]).
interpretation( 4, [number = 61,seconds = 0], [
    function(^(_,_), [
        0,0,0,0,
        0,1,2,3,
        0,2,2,0,
        0,3,0,3]),
    function(v(_,_), [
        0,1,2,3,
        1,1,1,1,
        2,1,2,1,
        3,1,1,3]),
    function(i(_,_), [
        1,1,1,1,
        0,1,2,3,
        0,1,1,1,
        3,1,1,3])]).
interpretation( 4, [number = 62,seconds = 0], [
    function(^(_,_), [
        0,0,0,0,
        0,1,2,3,
        0,2,2,0,
        0,3,0,3]),
    function(v(_,_), [
        0,1,2,3,
        1,1,1,1,
        2,1,2,1,
        3,1,1,3]),
    function(i(_,_), [
        1,1,1,1,
        0,1,2,3,
        0,1,1,1,
        0,1,2,1])]).
interpretation( 4, [number = 63,seconds = 0], [
    function(^(_,_), [
        0,0,0,0,
        0,1,2,3,
        0,2,2,0,
        0,3,0,3]),
    function(v(_,_), [
        0,1,2,3,
        1,1,1,1,
        2,1,2,1,
        3,1,1,3]),
    function(i(_,_), [
        1,1,1,1,
        0,1,2,3,
        0,1,1,1,
        2,1,2,1])]).
interpretation( 4, [number = 64,seconds = 0], [
    function(^(_,_), [
        0,0,0,0,
        0,1,2,3,
        0,2,2,0,
        0,3,0,3]),
    function(v(_,_), [
        0,1,2,3,
        1,1,1,1,
        2,1,2,1,
        3,1,1,3]),
    function(i(_,_), [
        1,1,1,1,
        0,1,2,3,
        0,1,1,1,
        0,1,2,3])]).
interpretation( 4, [number = 66,seconds = 0], [
    function(^(_,_), [
        0,0,0,0,
        0,1,2,3,
        0,2,2,0,
        0,3,0,3]),
    function(v(_,_), [
        0,1,2,3,
        1,1,1,1,
        2,1,2,1,
        3,1,1,3]),
    function(i(_,_), [
        1,1,1,1,
        0,1,2,3,
        0,1,1,3,
        1,1,1,1])]).
interpretation( 4, [number = 67,seconds = 0], [
    function(^(_,_), [
        0,0,0,0,
        0,1,2,3,
        0,2,2,0,
        0,3,0,3]),
    function(v(_,_), [
        0,1,2,3,
        1,1,1,1,
        2,1,2,1,
        3,1,1,3]),
    function(i(_,_), [
        1,1,1,1,
        0,1,2,3,
        0,1,1,3,
        0,1,1,3])]).
interpretation( 4, [number = 68,seconds = 0], [
    function(^(_,_), [
        0,0,0,0,
        0,1,2,3,
        0,2,2,0,
        0,3,0,3]),
    function(v(_,_), [
        0,1,2,3,
        1,1,1,1,
        2,1,2,1,
        3,1,1,3]),
    function(i(_,_), [
        1,1,1,1,
        0,1,2,3,
        0,1,1,3,
        3,1,1,3])]).
interpretation( 4, [number = 69,seconds = 0], [
    function(^(_,_), [
        0,0,0,0,
        0,1,2,3,
        0,2,2,0,
        0,3,0,3]),
    function(v(_,_), [
        0,1,2,3,
        1,1,1,1,
        2,1,2,1,
        3,1,1,3]),
    function(i(_,_), [
        1,1,1,1,
        0,1,2,3,
        0,1,1,3,
        0,1,2,1])]).
interpretation( 4, [number = 70,seconds = 0], [
    function(^(_,_), [
        0,0,0,0,
        0,1,2,3,
        0,2,2,0,
        0,3,0,3]),
    function(v(_,_), [
        0,1,2,3,
        1,1,1,1,
        2,1,2,1,
        3,1,1,3]),
    function(i(_,_), [
        1,1,1,1,
        0,1,2,3,
        0,1,1,3,
        2,1,2,1])]).
interpretation( 4, [number = 71,seconds = 0], [
    function(^(_,_), [
        0,0,0,0,
        0,1,2,3,
        0,2,2,0,
        0,3,0,3]),
    function(v(_,_), [
        0,1,2,3,
        1,1,1,1,
        2,1,2,1,
        3,1,1,3]),
    function(i(_,_), [
        1,1,1,1,
        0,1,2,3,
        0,1,1,3,
        0,1,2,3])]).
interpretation( 4, [number = 72,seconds = 0], [
    function(^(_,_), [
        0,0,0,0,
        0,1,2,3,
        0,2,2,2,
        0,3,2,3]),
    function(v(_,_), [
        0,1,2,3,
        1,1,1,1,
        2,1,2,3,
        3,1,3,3]),
    function(i(_,_), [
        1,1,1,1,
        0,1,2,3,
        0,1,1,1,
        0,1,1,1])]).
interpretation( 4, [number = 73,seconds = 0], [
    function(^(_,_), [
        0,0,0,0,
        0,1,2,3,
        0,2,2,2,
        0,3,2,3]),
    function(v(_,_), [
        0,1,2,3,
        1,1,1,1,
        2,1,2,3,
        3,1,3,3]),
    function(i(_,_), [
        1,1,1,1,
        0,1,2,3,
        0,1,1,1,
        0,1,2,1])]).
interpretation( 4, [number = 74,seconds = 0], [
    function(^(_,_), [
        0,0,0,0,
        0,1,2,3,
        0,2,2,2,
        0,3,2,3]),
    function(v(_,_), [
        0,1,2,3,
        1,1,1,1,
        2,1,2,3,
        3,1,3,3]),
    function(i(_,_), [
        1,1,1,1,
        0,1,2,3,
        0,1,1,1,
        0,1,2,3])]).
interpretation( 4, [number = 75,seconds = 0], [
    function(^(_,_), [
        0,0,0,0,
        0,1,2,3,
        0,2,2,2,
        0,3,2,3]),
    function(v(_,_), [
        0,1,2,3,
        1,1,1,1,
        2,1,2,3,
        3,1,3,3]),
    function(i(_,_), [
        1,1,1,1,
        0,1,2,3,
        0,1,1,1,
        0,1,3,3])]).
interpretation( 4, [number = 77,seconds = 0], [
    function(^(_,_), [
        0,0,0,0,
        0,1,2,3,
        0,2,2,3,
        0,3,3,3]),
    function(v(_,_), [
        0,1,2,3,
        1,1,1,1,
        2,1,2,2,
        3,1,2,3]),
    function(i(_,_), [
        1,1,1,1,
        0,1,2,3,
        0,1,1,1,
        1,1,1,1])]).
interpretation( 4, [number = 79,seconds = 0], [
    function(^(_,_), [
        0,0,0,0,
        0,1,2,3,
        0,2,2,3,
        0,3,3,3]),
    function(v(_,_), [
        0,1,2,3,
        1,1,1,1,
        2,1,2,2,
        3,1,2,3]),
    function(i(_,_), [
        1,1,1,1,
        0,1,2,3,
        0,1,1,3,
        1,1,1,1])]).
interpretation( 4, [number = 80,seconds = 0], [
    function(^(_,_), [
        0,0,0,0,
        0,1,2,3,
        0,2,2,3,
        0,3,3,3]),
    function(v(_,_), [
        0,1,2,3,
        1,1,1,1,
        2,1,2,2,
        3,1,2,3]),
    function(i(_,_), [
        1,1,1,1,
        0,1,2,3,
        0,1,1,3,
        0,1,1,3])]).
interpretation( 4, [number = 81,seconds = 0], [
    function(^(_,_), [
        0,0,0,0,
        0,1,2,3,
        0,2,2,3,
        0,3,3,3]),
    function(v(_,_), [
        0,1,2,3,
        1,1,1,1,
        2,1,2,2,
        3,1,2,3]),
    function(i(_,_), [
        1,1,1,1,
        0,1,2,3,
        0,1,1,3,
        3,1,1,3])]).
interpretation( 4, [number = 83,seconds = 0], [
    function(^(_,_), [
        0,0,0,0,
        0,1,2,3,
        0,2,2,0,
        0,3,0,3]),
    function(v(_,_), [
        0,1,2,3,
        1,1,1,1,
        2,1,2,1,
        3,1,1,3]),
    function(i(_,_), [
        1,1,1,1,
        0,1,2,3,
        1,1,1,1,
        1,1,1,1])]).
interpretation( 4, [number = 84,seconds = 0], [
    function(^(_,_), [
        0,0,0,0,
        0,1,2,3,
        0,2,2,0,
        0,3,0,3]),
    function(v(_,_), [
        0,1,2,3,
        1,1,1,1,
        2,1,2,1,
        3,1,1,3]),
    function(i(_,_), [
        1,1,1,1,
        0,1,2,3,
        1,1,1,1,
        0,1,1,3])]).
interpretation( 4, [number = 85,seconds = 0], [
    function(^(_,_), [
        0,0,0,0,
        0,1,2,3,
        0,2,2,0,
        0,3,0,3]),
    function(v(_,_), [
        0,1,2,3,
        1,1,1,1,
        2,1,2,1,
        3,1,1,3]),
    function(i(_,_), [
        1,1,1,1,
        0,1,2,3,
        1,1,1,1,
        3,1,1,3])]).
interpretation( 4, [number = 87,seconds = 0], [
    function(^(_,_), [
        0,0,0,0,
        0,1,2,3,
        0,2,2,0,
        0,3,0,3]),
    function(v(_,_), [
        0,1,2,3,
        1,1,1,1,
        2,1,2,1,
        3,1,1,3]),
    function(i(_,_), [
        1,1,1,1,
        0,1,2,3,
        1,1,1,1,
        2,1,2,1])]).
interpretation( 4, [number = 88,seconds = 0], [
    function(^(_,_), [
        0,0,0,0,
        0,1,2,3,
        0,2,2,0,
        0,3,0,3]),
    function(v(_,_), [
        0,1,2,3,
        1,1,1,1,
        2,1,2,1,
        3,1,1,3]),
    function(i(_,_), [
        1,1,1,1,
        0,1,2,3,
        1,1,1,1,
        0,1,2,3])]).
interpretation( 4, [number = 90,seconds = 0], [
    function(^(_,_), [
        0,0,0,0,
        0,1,2,3,
        0,2,2,2,
        0,3,2,3]),
    function(v(_,_), [
        0,1,2,3,
        1,1,1,1,
        2,1,2,3,
        3,1,3,3]),
    function(i(_,_), [
        1,1,1,1,
        0,1,2,3,
        1,1,1,1,
        1,1,1,1])]).
interpretation( 4, [number = 92,seconds = 0], [
    function(^(_,_), [
        0,0,0,0,
        0,1,2,3,
        0,2,2,2,
        0,3,2,3]),
    function(v(_,_), [
        0,1,2,3,
        1,1,1,1,
        2,1,2,3,
        3,1,3,3]),
    function(i(_,_), [
        1,1,1,1,
        0,1,2,3,
        1,1,1,1,
        2,1,2,1])]).
interpretation( 4, [number = 93,seconds = 0], [
    function(^(_,_), [
        0,0,0,0,
        0,1,2,3,
        0,2,2,2,
        0,3,2,3]),
    function(v(_,_), [
        0,1,2,3,
        1,1,1,1,
        2,1,2,3,
        3,1,3,3]),
    function(i(_,_), [
        1,1,1,1,
        0,1,2,3,
        1,1,1,1,
        0,1,2,3])]).
interpretation( 4, [number = 94,seconds = 0], [
    function(^(_,_), [
        0,0,0,0,
        0,1,2,3,
        0,2,2,2,
        0,3,2,3]),
    function(v(_,_), [
        0,1,2,3,
        1,1,1,1,
        2,1,2,3,
        3,1,3,3]),
    function(i(_,_), [
        1,1,1,1,
        0,1,2,3,
        1,1,1,1,
        2,1,2,3])]).
interpretation( 4, [number = 95,seconds = 0], [
    function(^(_,_), [
        0,0,0,0,
        0,1,2,3,
        0,2,2,2,
        0,3,2,3]),
    function(v(_,_), [
        0,1,2,3,
        1,1,1,1,
        2,1,2,3,
        3,1,3,3]),
    function(i(_,_), [
        1,1,1,1,
        0,1,2,3,
        1,1,1,1,
        0,1,3,3])]).
interpretation( 4, [number = 96,seconds = 0], [
    function(^(_,_), [
        0,0,0,0,
        0,1,2,3,
        0,2,2,2,
        0,3,2,3]),
    function(v(_,_), [
        0,1,2,3,
        1,1,1,1,
        2,1,2,3,
        3,1,3,3]),
    function(i(_,_), [
        1,1,1,1,
        0,1,2,3,
        1,1,1,1,
        3,1,3,3])]).
interpretation( 4, [number = 100,seconds = 0], [
    function(^(_,_), [
        0,0,0,0,
        0,1,2,3,
        0,2,2,0,
        0,3,0,3]),
    function(v(_,_), [
        0,1,2,3,
        1,1,1,1,
        2,1,2,1,
        3,1,1,3]),
    function(i(_,_), [
        1,1,1,1,
        0,1,2,3,
        3,1,1,3,
        0,1,1,3])]).
interpretation( 4, [number = 101,seconds = 0], [
    function(^(_,_), [
        0,0,0,0,
        0,1,2,3,
        0,2,2,0,
        0,3,0,3]),
    function(v(_,_), [
        0,1,2,3,
        1,1,1,1,
        2,1,2,1,
        3,1,1,3]),
    function(i(_,_), [
        1,1,1,1,
        0,1,2,3,
        3,1,1,3,
        3,1,1,3])]).
interpretation( 4, [number = 103,seconds = 0], [
    function(^(_,_), [
        0,0,0,0,
        0,1,2,3,
        0,2,2,0,
        0,3,0,3]),
    function(v(_,_), [
        0,1,2,3,
        1,1,1,1,
        2,1,2,1,
        3,1,1,3]),
    function(i(_,_), [
        1,1,1,1,
        0,1,2,3,
        3,1,1,3,
        2,1,2,1])]).
interpretation( 4, [number = 104,seconds = 0], [
    function(^(_,_), [
        0,0,0,0,
        0,1,2,3,
        0,2,2,0,
        0,3,0,3]),
    function(v(_,_), [
        0,1,2,3,
        1,1,1,1,
        2,1,2,1,
        3,1,1,3]),
    function(i(_,_), [
        1,1,1,1,
        0,1,2,3,
        3,1,1,3,
        0,1,2,3])]).
interpretation( 4, [number = 106,seconds = 0], [
    function(^(_,_), [
        0,0,0,0,
        0,1,2,3,
        0,2,2,3,
        0,3,3,3]),
    function(v(_,_), [
        0,1,2,3,
        1,1,1,1,
        2,1,2,2,
        3,1,2,3]),
    function(i(_,_), [
        1,1,1,1,
        0,1,2,3,
        3,1,1,3,
        3,1,1,3])]).
interpretation( 4, [number = 109,seconds = 0], [
    function(^(_,_), [
        0,0,0,0,
        0,1,2,3,
        0,2,2,0,
        0,3,0,3]),
    function(v(_,_), [
        0,1,2,3,
        1,1,1,1,
        2,1,2,1,
        3,1,1,3]),
    function(i(_,_), [
        1,1,1,1,
        0,1,2,3,
        0,1,2,1,
        0,1,1,3])]).
interpretation( 4, [number = 110,seconds = 0], [
    function(^(_,_), [
        0,0,0,0,
        0,1,2,3,
        0,2,2,0,
        0,3,0,3]),
    function(v(_,_), [
        0,1,2,3,
        1,1,1,1,
        2,1,2,1,
        3,1,1,3]),
    function(i(_,_), [
        1,1,1,1,
        0,1,2,3,
        0,1,2,1,
        3,1,1,3])]).
interpretation( 4, [number = 113,seconds = 0], [
    function(^(_,_), [
        0,0,0,0,
        0,1,2,3,
        0,2,2,0,
        0,3,0,3]),
    function(v(_,_), [
        0,1,2,3,
        1,1,1,1,
        2,1,2,1,
        3,1,1,3]),
    function(i(_,_), [
        1,1,1,1,
        0,1,2,3,
        0,1,2,1,
        0,1,2,3])]).
interpretation( 4, [number = 117,seconds = 0], [
    function(^(_,_), [
        0,0,0,0,
        0,1,2,3,
        0,2,2,0,
        0,3,0,3]),
    function(v(_,_), [
        0,1,2,3,
        1,1,1,1,
        2,1,2,1,
        3,1,1,3]),
    function(i(_,_), [
        1,1,1,1,
        0,1,2,3,
        0,1,2,3,
        3,1,1,3])]).
interpretation( 4, [number = 120,seconds = 0], [
    function(^(_,_), [
        0,0,0,0,
        0,1,2,3,
        0,2,2,0,
        0,3,0,3]),
    function(v(_,_), [
        0,1,2,3,
        1,1,1,1,
        2,1,2,1,
        3,1,1,3]),
    function(i(_,_), [
        1,1,1,1,
        0,1,2,3,
        0,1,2,3,
        0,1,2,3])]).
interpretation( 4, [number = 122,seconds = 0], [
    function(^(_,_), [
        0,0,0,0,
        0,1,2,3,
        0,2,2,2,
        0,3,2,3]),
    function(v(_,_), [
        0,1,2,3,
        1,1,1,1,
        2,1,2,3,
        3,1,3,3]),
    function(i(_,_), [
        1,1,1,1,
        0,1,2,3,
        0,1,2,1,
        0,1,2,3])]).
interpretation( 4, [number = 123,seconds = 0], [
    function(^(_,_), [
        0,0,0,0,
        0,1,2,3,
        0,2,2,2,
        0,3,2,3]),
    function(v(_,_), [
        0,1,2,3,
        1,1,1,1,
        2,1,2,3,
        3,1,3,3]),
    function(i(_,_), [
        1,1,1,1,
        0,1,2,3,
        0,1,2,3,
        0,1,2,3])]).
interpretation( 4, [number = 129,seconds = 0], [
    function(^(_,_), [
        0,0,0,0,
        0,1,2,3,
        0,2,2,3,
        0,3,3,3]),
    function(v(_,_), [
        0,1,2,3,
        1,1,1,1,
        2,1,2,2,
        3,1,2,3]),
    function(i(_,_), [
        1,1,1,1,
        0,1,2,3,
        0,1,2,3,
        3,1,1,3])]).
interpretation( 4, [number = 130,seconds = 0], [
    function(^(_,_), [
        0,0,0,0,
        0,1,2,3,
        0,2,2,3,
        0,3,3,3]),
    function(v(_,_), [
        0,1,2,3,
        1,1,1,1,
        2,1,2,2,
        3,1,2,3]),
    function(i(_,_), [
        1,1,1,1,
        0,1,2,3,
        0,1,2,2,
        0,1,2,2])]).
interpretation( 4, [number = 131,seconds = 0], [
    function(^(_,_), [
        0,0,0,0,
        0,1,2,3,
        0,2,2,3,
        0,3,3,3]),
    function(v(_,_), [
        0,1,2,3,
        1,1,1,1,
        2,1,2,2,
        3,1,2,3]),
    function(i(_,_), [
        1,1,1,1,
        0,1,2,3,
        0,1,2,2,
        2,1,2,2])]).
interpretation( 4, [number = 132,seconds = 0], [
    function(^(_,_), [
        0,0,0,0,
        0,1,2,3,
        0,2,2,3,
        0,3,3,3]),
    function(v(_,_), [
        0,1,2,3,
        1,1,1,1,
        2,1,2,2,
        3,1,2,3]),
    function(i(_,_), [
        1,1,1,1,
        0,1,2,3,
        0,1,2,3,
        0,1,2,2])]).
interpretation( 4, [number = 133,seconds = 0], [
    function(^(_,_), [
        0,0,0,0,
        0,1,2,3,
        0,2,2,3,
        0,3,3,3]),
    function(v(_,_), [
        0,1,2,3,
        1,1,1,1,
        2,1,2,2,
        3,1,2,3]),
    function(i(_,_), [
        1,1,1,1,
        0,1,2,3,
        0,1,2,3,
        2,1,2,2])]).
interpretation( 4, [number = 135,seconds = 0], [
    function(^(_,_), [
        0,0,0,0,
        0,1,2,3,
        0,2,2,3,
        0,3,3,3]),
    function(v(_,_), [
        0,1,2,3,
        1,1,1,1,
        2,1,2,2,
        3,1,2,3]),
    function(i(_,_), [
        1,1,1,1,
        0,1,2,3,
        0,1,2,3,
        3,1,2,3])]).
interpretation( 4, [number = 139,seconds = 0], [
    function(^(_,_), [
        0,0,0,0,
        0,1,2,3,
        0,2,2,0,
        0,3,0,3]),
    function(v(_,_), [
        0,1,2,3,
        1,1,1,1,
        2,1,2,1,
        3,1,1,3]),
    function(i(_,_), [
        1,1,1,1,
        0,1,2,3,
        2,1,2,1,
        3,1,1,3])]).
interpretation( 4, [number = 146,seconds = 0], [
    function(^(_,_), [
        0,0,0,0,
        0,1,2,3,
        0,2,2,2,
        0,3,2,3]),
    function(v(_,_), [
        0,1,2,3,
        1,1,1,1,
        2,1,2,3,
        3,1,3,3]),
    function(i(_,_), [
        1,1,1,1,
        0,1,2,3,
        2,1,2,1,
        2,1,2,3])]).
interpretation( 4, [number = 148,seconds = 0], [
    function(^(_,_), [
        0,0,0,0,
        0,1,2,3,
        0,2,2,2,
        0,3,2,3]),
    function(v(_,_), [
        0,1,2,3,
        1,1,1,1,
        2,1,2,3,
        3,1,3,3]),
    function(i(_,_), [
        1,1,1,1,
        0,1,2,3,
        2,1,2,3,
        2,1,2,3])]).
interpretation( 4, [number = 150,seconds = 0], [
    function(^(_,_), [
        0,0,0,0,
        0,1,2,3,
        0,2,2,3,
        0,3,3,3]),
    function(v(_,_), [
        0,1,2,3,
        1,1,1,1,
        2,1,2,2,
        3,1,2,3]),
    function(i(_,_), [
        1,1,1,1,
        0,1,2,3,
        2,1,2,2,
        2,1,2,2])]).
interpretation( 4, [number = 153,seconds = 0], [
    function(^(_,_), [
        0,0,0,0,
        0,1,2,3,
        0,2,2,3,
        0,3,3,3]),
    function(v(_,_), [
        0,1,2,3,
        1,1,1,1,
        2,1,2,2,
        3,1,2,3]),
    function(i(_,_), [
        1,1,1,1,
        0,1,2,3,
        3,1,2,3,
        2,1,2,2])]).
interpretation( 4, [number = 161,seconds = 0], [
    function(^(_,_), [
        0,0,0,0,
        0,1,2,3,
        0,2,2,0,
        0,3,0,3]),
    function(v(_,_), [
        0,1,2,3,
        1,1,1,1,
        2,1,2,1,
        3,1,1,3]),
    function(i(_,_), [
        2,1,2,1,
        0,1,2,3,
        0,1,2,1,
        0,1,2,1])]).
interpretation( 4, [number = 162,seconds = 0], [
    function(^(_,_), [
        0,0,0,0,
        0,1,2,3,
        0,2,2,0,
        0,3,0,3]),
    function(v(_,_), [
        0,1,2,3,
        1,1,1,1,
        2,1,2,1,
        3,1,1,3]),
    function(i(_,_), [
        2,1,2,1,
        0,1,2,3,
        0,1,2,1,
        2,1,2,1])]).
interpretation( 4, [number = 163,seconds = 0], [
    function(^(_,_), [
        0,0,0,0,
        0,1,2,3,
        0,2,2,0,
        0,3,0,3]),
    function(v(_,_), [
        0,1,2,3,
        1,1,1,1,
        2,1,2,1,
        3,1,1,3]),
    function(i(_,_), [
        2,1,2,1,
        0,1,2,3,
        0,1,2,1,
        0,1,2,3])]).
interpretation( 4, [number = 164,seconds = 0], [
    function(^(_,_), [
        0,0,0,0,
        0,1,2,3,
        0,2,2,0,
        0,3,0,3]),
    function(v(_,_), [
        0,1,2,3,
        1,1,1,1,
        2,1,2,1,
        3,1,1,3]),
    function(i(_,_), [
        2,1,2,1,
        0,1,2,3,
        0,1,2,3,
        0,1,2,1])]).
interpretation( 4, [number = 165,seconds = 0], [
    function(^(_,_), [
        0,0,0,0,
        0,1,2,3,
        0,2,2,0,
        0,3,0,3]),
    function(v(_,_), [
        0,1,2,3,
        1,1,1,1,
        2,1,2,1,
        3,1,1,3]),
    function(i(_,_), [
        2,1,2,1,
        0,1,2,3,
        0,1,2,3,
        2,1,2,1])]).
interpretation( 4, [number = 166,seconds = 0], [
    function(^(_,_), [
        0,0,0,0,
        0,1,2,3,
        0,2,2,0,
        0,3,0,3]),
    function(v(_,_), [
        0,1,2,3,
        1,1,1,1,
        2,1,2,1,
        3,1,1,3]),
    function(i(_,_), [
        2,1,2,1,
        0,1,2,3,
        0,1,2,3,
        0,1,2,3])]).
interpretation( 4, [number = 167,seconds = 0], [
    function(^(_,_), [
        0,0,0,0,
        0,1,2,3,
        0,2,2,2,
        0,3,2,3]),
    function(v(_,_), [
        0,1,2,3,
        1,1,1,1,
        2,1,2,3,
        3,1,3,3]),
    function(i(_,_), [
        2,1,2,1,
        0,1,2,3,
        0,1,2,1,
        0,1,2,1])]).
interpretation( 4, [number = 168,seconds = 0], [
    function(^(_,_), [
        0,0,0,0,
        0,1,2,3,
        0,2,2,2,
        0,3,2,3]),
    function(v(_,_), [
        0,1,2,3,
        1,1,1,1,
        2,1,2,3,
        3,1,3,3]),
    function(i(_,_), [
        2,1,2,1,
        0,1,2,3,
        0,1,2,1,
        0,1,2,3])]).
interpretation( 4, [number = 169,seconds = 0], [
    function(^(_,_), [
        0,0,0,0,
        0,1,2,3,
        0,2,2,2,
        0,3,2,3]),
    function(v(_,_), [
        0,1,2,3,
        1,1,1,1,
        2,1,2,3,
        3,1,3,3]),
    function(i(_,_), [
        2,1,2,1,
        0,1,2,3,
        0,1,2,3,
        0,1,2,3])]).
interpretation( 4, [number = 170,seconds = 0], [
    function(^(_,_), [
        0,0,0,0,
        0,1,2,3,
        0,2,2,2,
        0,3,2,3]),
    function(v(_,_), [
        0,1,2,3,
        1,1,1,1,
        2,1,2,3,
        3,1,3,3]),
    function(i(_,_), [
        2,1,2,3,
        0,1,2,3,
        0,1,2,3,
        0,1,2,3])]).
interpretation( 4, [number = 171,seconds = 0], [
    function(^(_,_), [
        0,0,0,0,
        0,1,2,3,
        0,2,2,3,
        0,3,3,3]),
    function(v(_,_), [
        0,1,2,3,
        1,1,1,1,
        2,1,2,2,
        3,1,2,3]),
    function(i(_,_), [
        2,1,2,2,
        0,1,2,3,
        0,1,2,2,
        0,1,2,2])]).
interpretation( 4, [number = 172,seconds = 0], [
    function(^(_,_), [
        0,0,0,0,
        0,1,2,3,
        0,2,2,3,
        0,3,3,3]),
    function(v(_,_), [
        0,1,2,3,
        1,1,1,1,
        2,1,2,2,
        3,1,2,3]),
    function(i(_,_), [
        2,1,2,2,
        0,1,2,3,
        0,1,2,2,
        2,1,2,2])]).
interpretation( 4, [number = 173,seconds = 0], [
    function(^(_,_), [
        0,0,0,0,
        0,1,2,3,
        0,2,2,3,
        0,3,3,3]),
    function(v(_,_), [
        0,1,2,3,
        1,1,1,1,
        2,1,2,2,
        3,1,2,3]),
    function(i(_,_), [
        2,1,2,2,
        0,1,2,3,
        0,1,2,3,
        0,1,2,2])]).
interpretation( 4, [number = 174,seconds = 0], [
    function(^(_,_), [
        0,0,0,0,
        0,1,2,3,
        0,2,2,3,
        0,3,3,3]),
    function(v(_,_), [
        0,1,2,3,
        1,1,1,1,
        2,1,2,2,
        3,1,2,3]),
    function(i(_,_), [
        2,1,2,2,
        0,1,2,3,
        0,1,2,3,
        2,1,2,2])]).
interpretation( 4, [number = 175,seconds = 0], [
    function(^(_,_), [
        0,0,0,0,
        0,1,2,3,
        0,2,2,3,
        0,3,3,3]),
    function(v(_,_), [
        0,1,2,3,
        1,1,1,1,
        2,1,2,2,
        3,1,2,3]),
    function(i(_,_), [
        2,1,2,2,
        0,1,2,3,
        0,1,2,3,
        0,1,2,3])]).
interpretation( 4, [number = 176,seconds = 0], [
    function(^(_,_), [
        0,0,0,0,
        0,1,2,3,
        0,2,2,3,
        0,3,3,3]),
    function(v(_,_), [
        0,1,2,3,
        1,1,1,1,
        2,1,2,2,
        3,1,2,3]),
    function(i(_,_), [
        2,1,2,2,
        0,1,2,3,
        0,1,2,3,
        3,1,2,3])]).
interpretation( 4, [number = 177,seconds = 0], [
    function(^(_,_), [
        0,0,0,0,
        0,1,2,3,
        0,2,2,0,
        0,3,0,3]),
    function(v(_,_), [
        0,1,2,3,
        1,1,1,1,
        2,1,2,1,
        3,1,1,3]),
    function(i(_,_), [
        2,1,2,1,
        0,1,2,3,
        2,1,2,1,
        0,1,2,1])]).
interpretation( 4, [number = 178,seconds = 0], [
    function(^(_,_), [
        0,0,0,0,
        0,1,2,3,
        0,2,2,0,
        0,3,0,3]),
    function(v(_,_), [
        0,1,2,3,
        1,1,1,1,
        2,1,2,1,
        3,1,1,3]),
    function(i(_,_), [
        2,1,2,1,
        0,1,2,3,
        2,1,2,1,
        2,1,2,1])]).
interpretation( 4, [number = 179,seconds = 0], [
    function(^(_,_), [
        0,0,0,0,
        0,1,2,3,
        0,2,2,0,
        0,3,0,3]),
    function(v(_,_), [
        0,1,2,3,
        1,1,1,1,
        2,1,2,1,
        3,1,1,3]),
    function(i(_,_), [
        2,1,2,1,
        0,1,2,3,
        2,1,2,1,
        0,1,2,3])]).
interpretation( 4, [number = 180,seconds = 0], [
    function(^(_,_), [
        0,0,0,0,
        0,1,2,3,
        0,2,2,2,
        0,3,2,3]),
    function(v(_,_), [
        0,1,2,3,
        1,1,1,1,
        2,1,2,3,
        3,1,3,3]),
    function(i(_,_), [
        2,1,2,1,
        0,1,2,3,
        2,1,2,1,
        0,1,2,1])]).
interpretation( 4, [number = 181,seconds = 0], [
    function(^(_,_), [
        0,0,0,0,
        0,1,2,3,
        0,2,2,2,
        0,3,2,3]),
    function(v(_,_), [
        0,1,2,3,
        1,1,1,1,
        2,1,2,3,
        3,1,3,3]),
    function(i(_,_), [
        2,1,2,1,
        0,1,2,3,
        2,1,2,1,
        2,1,2,1])]).
interpretation( 4, [number = 182,seconds = 0], [
    function(^(_,_), [
        0,0,0,0,
        0,1,2,3,
        0,2,2,2,
        0,3,2,3]),
    function(v(_,_), [
        0,1,2,3,
        1,1,1,1,
        2,1,2,3,
        3,1,3,3]),
    function(i(_,_), [
        2,1,2,1,
        0,1,2,3,
        2,1,2,1,
        0,1,2,3])]).
interpretation( 4, [number = 183,seconds = 0], [
    function(^(_,_), [
        0,0,0,0,
        0,1,2,3,
        0,2,2,2,
        0,3,2,3]),
    function(v(_,_), [
        0,1,2,3,
        1,1,1,1,
        2,1,2,3,
        3,1,3,3]),
    function(i(_,_), [
        2,1,2,1,
        0,1,2,3,
        2,1,2,1,
        2,1,2,3])]).
interpretation( 4, [number = 184,seconds = 0], [
    function(^(_,_), [
        0,0,0,0,
        0,1,2,3,
        0,2,2,2,
        0,3,2,3]),
    function(v(_,_), [
        0,1,2,3,
        1,1,1,1,
        2,1,2,3,
        3,1,3,3]),
    function(i(_,_), [
        2,1,2,1,
        0,1,2,3,
        2,1,2,3,
        0,1,2,3])]).
interpretation( 4, [number = 185,seconds = 0], [
    function(^(_,_), [
        0,0,0,0,
        0,1,2,3,
        0,2,2,2,
        0,3,2,3]),
    function(v(_,_), [
        0,1,2,3,
        1,1,1,1,
        2,1,2,3,
        3,1,3,3]),
    function(i(_,_), [
        2,1,2,1,
        0,1,2,3,
        2,1,2,3,
        2,1,2,3])]).
interpretation( 4, [number = 186,seconds = 0], [
    function(^(_,_), [
        0,0,0,0,
        0,1,2,3,
        0,2,2,2,
        0,3,2,3]),
    function(v(_,_), [
        0,1,2,3,
        1,1,1,1,
        2,1,2,3,
        3,1,3,3]),
    function(i(_,_), [
        2,1,2,3,
        0,1,2,3,
        2,1,2,3,
        0,1,2,3])]).
interpretation( 4, [number = 187,seconds = 0], [
    function(^(_,_), [
        0,0,0,0,
        0,1,2,3,
        0,2,2,2,
        0,3,2,3]),
    function(v(_,_), [
        0,1,2,3,
        1,1,1,1,
        2,1,2,3,
        3,1,3,3]),
    function(i(_,_), [
        2,1,2,3,
        0,1,2,3,
        2,1,2,3,
        2,1,2,3])]).
interpretation( 4, [number = 188,seconds = 0], [
    function(^(_,_), [
        0,0,0,0,
        0,1,2,3,
        0,2,2,3,
        0,3,3,3]),
    function(v(_,_), [
        0,1,2,3,
        1,1,1,1,
        2,1,2,2,
        3,1,2,3]),
    function(i(_,_), [
        2,1,2,2,
        0,1,2,3,
        2,1,2,2,
        2,1,2,2])]).
interpretation( 4, [number = 189,seconds = 0], [
    function(^(_,_), [
        0,0,0,0,
        0,1,2,3,
        0,2,2,3,
        0,3,3,3]),
    function(v(_,_), [
        0,1,2,3,
        1,1,1,1,
        2,1,2,2,
        3,1,2,3]),
    function(i(_,_), [
        2,1,2,2,
        0,1,2,3,
        3,1,2,3,
        2,1,2,2])]).
interpretation( 4, [number = 190,seconds = 0], [
    function(^(_,_), [
        0,0,0,0,
        0,1,2,3,
        0,2,2,3,
        0,3,3,3]),
    function(v(_,_), [
        0,1,2,3,
        1,1,1,1,
        2,1,2,2,
        3,1,2,3]),
    function(i(_,_), [
        2,1,2,2,
        0,1,2,3,
        3,1,2,3,
        3,1,2,3])]).
% isofilter: input=190, kept=116, checks=201, perms=269, 0.01 seconds.
